[ 2017-04-17T17:22:04+08:00 ] ::1 /index.php
INFO: [ app_begin ] --START--
INFO: Run Behavior\ReadHtmlCache [ RunTime:0.000000s ]
INFO: [ app_begin ] --END-- [ RunTime:0.000000s ]
NOTIC: [2] mysqli::mysqli(): (HY000/1049): Unknown database 'furnitureshop' D:\WWW\WWW\furnitureshop\ThinkPHP\Library\Think\Db\Driver\Mysqli.class.php 第 44 行.
ERR: Unknown database 'furnitureshop'

[ 2017-04-17T17:23:45+08:00 ] ::1 /index.php
INFO: [ app_begin ] --START--
INFO: Run Behavior\ReadHtmlCache [ RunTime:0.001000s ]
INFO: [ app_begin ] --END-- [ RunTime:0.001000s ]
SQL: SHOW COLUMNS FROM `ln_member` [ RunTime:0.001000s ]
SQL: SELECT `disabled` FROM `ln_member` WHERE ( `id` = '2' ) LIMIT 1   [ RunTime:0.002000s ]
SQL: SHOW COLUMNS FROM `ln_config` [ RunTime:0.002000s ]
SQL: SELECT `type`,`name`,`value` FROM `ln_config` WHERE ( `status` = 0 )  [ RunTime:0.002000s ]
NOTIC: [2048] Declaration of Admin\Model\MemberModel::_after_insert() should be compatible with Think\Model::_after_insert($data, $options) D:\WWW\WWW\furnitureshop\Application\Admin\Model\MemberModel.class.php 第 124 行.
SQL: SHOW COLUMNS FROM `ln_member` [ RunTime:0.002000s ]
SQL: SELECT `menu_ids` FROM `ln_member` WHERE ( id=2 ) LIMIT 1   [ RunTime:0.001000s ]
SQL: SHOW COLUMNS FROM `ln_menu` [ RunTime:0.002000s ]
SQL: SELECT * FROM `ln_menu` WHERE ( `id` IN ('16','422','428','402','403','441','443','444','405','445','446','406','447','448','449','407','453','454','408','455','456','409','450','451','452','418','457','458','410','411','459','460','461','507','508','420','462','463','464','510','414','465','425','466','467','426','512','468','68','226','492','493','494','502','504') ) AND ( `display` = 1 ) ORDER BY sort asc  [ RunTime:0.002000s ]
INFO: [ view_parse ] --START--
INFO: [ template_filter ] --START--
INFO: Run Behavior\ContentReplace [ RunTime:0.000000s ]
INFO: [ template_filter ] --END-- [ RunTime:0.000000s ]
INFO: Run Behavior\ParseTemplate [ RunTime:0.006000s ]
INFO: [ view_parse ] --END-- [ RunTime:0.006000s ]
INFO: [ view_filter ] --START--
INFO: Run Behavior\WriteHtmlCache [ RunTime:0.000000s ]
INFO: [ view_filter ] --END-- [ RunTime:0.000000s ]
INFO: [ app_end ] --START--
INFO: Run Behavior\ShowPageTrace [ RunTime:0.000000s ]
INFO: [ app_end ] --END-- [ RunTime:0.000000s ]

[ 2017-04-17T17:23:45+08:00 ] ::1 /index.php/Admin/Index/welcome
INFO: [ app_begin ] --START--
INFO: Run Behavior\ReadHtmlCache [ RunTime:0.000000s ]
INFO: [ app_begin ] --END-- [ RunTime:0.001000s ]
SQL: SHOW COLUMNS FROM `ln_member` [ RunTime:0.003000s ]
SQL: SELECT `disabled` FROM `ln_member` WHERE ( `id` = '2' ) LIMIT 1   [ RunTime:0.002000s ]
INFO: [ app_end ] --START--
INFO: Run Behavior\ShowPageTrace [ RunTime:0.000000s ]
INFO: [ app_end ] --END-- [ RunTime:0.000000s ]

[ 2017-04-17T17:23:48+08:00 ] ::1 /index.php/Admin/Member/adminSetting
INFO: [ app_begin ] --START--
INFO: Run Behavior\ReadHtmlCache [ RunTime:0.001000s ]
INFO: [ app_begin ] --END-- [ RunTime:0.001000s ]
SQL: SHOW COLUMNS FROM `ln_member` [ RunTime:0.003000s ]
SQL: SELECT `disabled` FROM `ln_member` WHERE ( `id` = '2' ) LIMIT 1   [ RunTime:0.002000s ]
NOTIC: [2048] Declaration of Admin\Model\MemberModel::_after_insert() should be compatible with Think\Model::_after_insert($data, $options) D:\WWW\WWW\furnitureshop\Application\Admin\Model\MemberModel.class.php 第 124 行.
SQL: SHOW COLUMNS FROM `ln_member` [ RunTime:0.002000s ]
SQL: SELECT `menu_ids` FROM `ln_member` WHERE ( id=2 ) LIMIT 1   [ RunTime:0.001000s ]
SQL: SHOW COLUMNS FROM `ln_menu` [ RunTime:0.002000s ]
SQL: SELECT COUNT(*) AS tp_count FROM `ln_menu` WHERE ( `id` IN ('16','422','428','402','403','441','443','444','405','445','446','406','447','448','449','407','453','454','408','455','456','409','450','451','452','418','457','458','410','411','459','460','461','507','508','420','462','463','464','510','414','465','425','466','467','426','512','468','68','226','492','493','494','502','504') ) AND ( `display` = 1 ) AND ( `url` = 'Admin/Member/adminsetting' ) LIMIT 1   [ RunTime:0.001000s ]
SQL: SHOW COLUMNS FROM `ln_data_access` [ RunTime:0.001000s ]
SQL: SELECT `machine_code_num` FROM `ln_data_access` WHERE ( `member_id` = 2 ) LIMIT 1   [ RunTime:0.001000s ]
SQL: SHOW COLUMNS FROM `ln_prompt_language` [ RunTime:0.001000s ]
SQL: SELECT promptlanguage.content FROM ln_prompt_language promptlanguage INNER JOIN ln_menu as menu ON promptlanguage.menu_id = menu.id  WHERE ( menu.url = 'Admin/Member/adminsetting' ) LIMIT 1   [ RunTime:0.001000s ]
SQL: SELECT `id`,`type`,`user_name` FROM `ln_member` WHERE ( id=2 ) LIMIT 1   [ RunTime:0.001000s ]
SQL: SHOW COLUMNS FROM `ln_member_attribute_value` [ RunTime:0.001000s ]
SQL: SELECT `attribute_id`,`attr_value` FROM `ln_member_attribute_value` WHERE ( member_id=2 )  [ RunTime:0.002000s ]
SQL: SHOW COLUMNS FROM `ln_member_attribute` [ RunTime:0.001000s ]
SQL: SELECT `id`,`attr_mode`,`attr_name`,`attr_type`,`attr_value`,`attr_sort`,`is_edit`,`arrt_control`,`attr_require`,`attr_status` FROM `ln_member_attribute` WHERE ( `attr_status` = 0 ) AND ( `is_edit` = 1 ) AND ( `attr_mode` IN (0,2) ) ORDER BY attr_sort desc  [ RunTime:0.001000s ]
SQL: SHOW COLUMNS FROM `ln_member_machine_code` [ RunTime:0.002000s ]
SQL: SELECT `id`,`member_id`,`machine_code`,`token` FROM `ln_member_machine_code` WHERE ( member_id=2 ) LIMIT 10   [ RunTime:0.002000s ]
SQL: SELECT promptlanguage.content FROM ln_prompt_language promptlanguage INNER JOIN ln_menu as menu ON promptlanguage.menu_id = menu.id  WHERE ( menu.url = 'Admin/Member/adminsetting' ) LIMIT 1   [ RunTime:0.002000s ]
INFO: [ view_parse ] --START--
INFO: [ template_filter ] --START--
INFO: Run Behavior\ContentReplace [ RunTime:0.000000s ]
INFO: [ template_filter ] --END-- [ RunTime:0.000000s ]
NOTIC: [8] Undefined variable: meta_title D:\WWW\WWW\furnitureshop\Runtime\Cache\Admin\5347ff4fe16492dd5564b28dca6e7d05.php 第 5 行.
NOTIC: [8] Use of undefined constant id - assumed 'id' D:\WWW\WWW\furnitureshop\Runtime\Cache\Admin\5347ff4fe16492dd5564b28dca6e7d05.php 第 252 行.
INFO: Run Behavior\ParseTemplate [ RunTime:0.010000s ]
INFO: [ view_parse ] --END-- [ RunTime:0.010000s ]
INFO: [ view_filter ] --START--
INFO: Run Behavior\WriteHtmlCache [ RunTime:0.001000s ]
INFO: [ view_filter ] --END-- [ RunTime:0.001000s ]
INFO: [ app_end ] --START--
INFO: Run Behavior\ShowPageTrace [ RunTime:0.001000s ]
INFO: [ app_end ] --END-- [ RunTime:0.001000s ]

