[ 2017-05-15T09:24:03+08:00 ] ::1 /
INFO: [ app_begin ] --START--
INFO: Run Behavior\ReadHtmlCache [ RunTime:0.068000s ]
INFO: [ app_begin ] --END-- [ RunTime:0.339000s ]

[ 2017-05-15T09:24:04+08:00 ] ::1 /index.php/Admin/Public/login
INFO: [ app_begin ] --START--
INFO: Run Behavior\ReadHtmlCache [ RunTime:0.001000s ]
INFO: [ app_begin ] --END-- [ RunTime:0.001000s ]
INFO: [ view_parse ] --START--
INFO: [ template_filter ] --START--
INFO: Run Behavior\ContentReplace [ RunTime:0.000000s ]
INFO: [ template_filter ] --END-- [ RunTime:0.000000s ]
INFO: Run Behavior\ParseTemplate [ RunTime:0.054000s ]
INFO: [ view_parse ] --END-- [ RunTime:0.054000s ]
INFO: [ view_filter ] --START--
INFO: Run Behavior\WriteHtmlCache [ RunTime:0.003000s ]
INFO: [ view_filter ] --END-- [ RunTime:0.003000s ]
INFO: [ app_end ] --START--
INFO: Run Behavior\ShowPageTrace [ RunTime:0.009000s ]
INFO: [ app_end ] --END-- [ RunTime:0.009000s ]

[ 2017-05-15T09:24:04+08:00 ] ::1 /index.php/Admin/Public/verify
INFO: [ app_begin ] --START--
INFO: Run Behavior\ReadHtmlCache [ RunTime:0.001000s ]
INFO: [ app_begin ] --END-- [ RunTime:0.001000s ]
INFO: [ app_end ] --START--
INFO: Run Behavior\ShowPageTrace [ RunTime:0.001000s ]
INFO: [ app_end ] --END-- [ RunTime:0.001000s ]

[ 2017-05-15T09:32:23+08:00 ] ::1 /index.php/Admin/Public/doLogin
INFO: [ app_begin ] --START--
INFO: Run Behavior\ReadHtmlCache [ RunTime:0.000000s ]
INFO: [ app_begin ] --END-- [ RunTime:0.000000s ]
SQL: SHOW COLUMNS FROM `ln_member` [ RunTime:0.000000s ]
SQL: SELECT `disabled` FROM `ln_member` WHERE ( `user_name` = 'admin' ) LIMIT 1   [ RunTime:0.000000s ]
SQL: SHOW COLUMNS FROM `ln_member` [ RunTime:0.000000s ]
SQL: SELECT `id`,`user_name`,`password`,`type` FROM `ln_member` WHERE ( `status` = 0 ) AND ( user_name="admin" ) LIMIT 1   [ RunTime:0.000000s ]
NOTIC: [8] Undefined index: disabled D:\WWW\WWW\furnitureshop\Application\Common\Model\MemberModel.class.php 第 52 行.
SQL: SHOW COLUMNS FROM `ln_member_attribute_value` [ RunTime:0.000000s ]
SQL: SELECT COUNT(*) AS tp_count FROM `ln_member_attribute_value` WHERE ( `member_id` = 1 ) AND ( `attribute_id` = 26 ) LIMIT 1   [ RunTime:0.000000s ]
SQL: UPDATE `ln_member_attribute_value` SET `attr_value`=1494811943,`attribute_id`=26 WHERE ( `member_id` = 1 ) AND ( `attribute_id` = 26 ) [ RunTime:0.031200s ]
SQL: SELECT COUNT(*) AS tp_count FROM `ln_member_attribute_value` WHERE ( `member_id` = 1 ) AND ( `attribute_id` = 25 ) LIMIT 1   [ RunTime:0.000000s ]
SQL: UPDATE `ln_member_attribute_value` SET `attr_value`='0.0.0.0',`attribute_id`=25 WHERE ( `member_id` = 1 ) AND ( `attribute_id` = 25 ) [ RunTime:0.046800s ]
SQL: SHOW COLUMNS FROM `ln_admin_log` [ RunTime:0.000000s ]
NOTIC: [2] call_user_func_array() expects parameter 1 to be a valid callback, function 'number' not found or invalid function name D:\WWW\WWW\furnitureshop\ThinkPHP\Library\Think\Model.class.php 第 1102 行.
SQL: INSERT INTO `ln_admin_log` (`log_type`,`log_info`,`log_url`,`log_status`,`member_id`,`log_time`) VALUES (3,'用户登录后台。',0,0,1,1494811943) [ RunTime:0.015600s ]

[ 2017-05-15T09:32:23+08:00 ] ::1 /index.php/Admin/Index/index
INFO: [ app_begin ] --START--
INFO: Run Behavior\ReadHtmlCache [ RunTime:0.000000s ]
INFO: [ app_begin ] --END-- [ RunTime:0.000000s ]
SQL: SHOW COLUMNS FROM `ln_member` [ RunTime:0.000000s ]
SQL: SELECT `disabled` FROM `ln_member` WHERE ( `id` = '1' ) LIMIT 1   [ RunTime:0.000000s ]
SQL: SHOW COLUMNS FROM `ln_menu` [ RunTime:0.000000s ]
SQL: SELECT * FROM `ln_menu` WHERE ( `display` = 1 ) ORDER BY sort asc  [ RunTime:0.000000s ]
INFO: [ view_parse ] --START--
INFO: [ template_filter ] --START--
INFO: Run Behavior\ContentReplace [ RunTime:0.000000s ]
INFO: [ template_filter ] --END-- [ RunTime:0.000000s ]
INFO: Run Behavior\ParseTemplate [ RunTime:0.015600s ]
INFO: [ view_parse ] --END-- [ RunTime:0.015600s ]
INFO: [ view_filter ] --START--
INFO: Run Behavior\WriteHtmlCache [ RunTime:0.000000s ]
INFO: [ view_filter ] --END-- [ RunTime:0.000000s ]
INFO: [ app_end ] --START--
INFO: Run Behavior\ShowPageTrace [ RunTime:0.000000s ]
INFO: [ app_end ] --END-- [ RunTime:0.000000s ]

[ 2017-05-15T09:32:23+08:00 ] ::1 /index.php/Admin/Index/welcome
INFO: [ app_begin ] --START--
INFO: Run Behavior\ReadHtmlCache [ RunTime:0.000000s ]
INFO: [ app_begin ] --END-- [ RunTime:0.000000s ]
SQL: SHOW COLUMNS FROM `ln_member` [ RunTime:0.000000s ]
SQL: SELECT `disabled` FROM `ln_member` WHERE ( `id` = '1' ) LIMIT 1   [ RunTime:0.000000s ]
INFO: [ app_end ] --START--
INFO: Run Behavior\ShowPageTrace [ RunTime:0.000000s ]
INFO: [ app_end ] --END-- [ RunTime:0.000000s ]

[ 2017-05-15T09:32:28+08:00 ] ::1 /index.php/Admin/Member/adminSetting
INFO: [ app_begin ] --START--
INFO: Run Behavior\ReadHtmlCache [ RunTime:0.000000s ]
INFO: [ app_begin ] --END-- [ RunTime:0.000000s ]
SQL: SHOW COLUMNS FROM `ln_member` [ RunTime:0.000000s ]
SQL: SELECT `disabled` FROM `ln_member` WHERE ( `id` = '1' ) LIMIT 1   [ RunTime:0.000000s ]
SQL: SHOW COLUMNS FROM `ln_data_access` [ RunTime:0.000000s ]
SQL: SELECT `machine_code_num` FROM `ln_data_access` WHERE ( `member_id` = 1 ) LIMIT 1   [ RunTime:0.000000s ]
SQL: SHOW COLUMNS FROM `ln_prompt_language` [ RunTime:0.000000s ]
SQL: SELECT promptlanguage.content FROM ln_prompt_language promptlanguage INNER JOIN ln_menu as menu ON promptlanguage.menu_id = menu.id  WHERE ( menu.url = 'Admin/Member/adminsetting' ) LIMIT 1   [ RunTime:0.015600s ]
SQL: SELECT `id`,`type`,`user_name` FROM `ln_member` WHERE ( id=1 ) LIMIT 1   [ RunTime:0.000000s ]
SQL: SHOW COLUMNS FROM `ln_member_attribute_value` [ RunTime:0.000000s ]
SQL: SELECT `attribute_id`,`attr_value` FROM `ln_member_attribute_value` WHERE ( member_id=1 )  [ RunTime:0.000000s ]
SQL: SHOW COLUMNS FROM `ln_member_attribute` [ RunTime:0.000000s ]
SQL: SELECT `id`,`attr_mode`,`attr_name`,`attr_type`,`attr_value`,`attr_sort`,`is_edit`,`arrt_control`,`attr_require`,`attr_status` FROM `ln_member_attribute` WHERE ( `attr_status` = 0 ) AND ( `is_edit` = 1 ) AND ( `attr_mode` IN (1,2) ) ORDER BY attr_sort desc  [ RunTime:0.000000s ]
SQL: SHOW COLUMNS FROM `ln_member_machine_code` [ RunTime:0.000000s ]
SQL: SELECT `id`,`member_id`,`machine_code`,`token` FROM `ln_member_machine_code` WHERE ( member_id=1 )  [ RunTime:0.000000s ]
SQL: SELECT promptlanguage.content FROM ln_prompt_language promptlanguage INNER JOIN ln_menu as menu ON promptlanguage.menu_id = menu.id  WHERE ( menu.url = 'Admin/Member/adminsetting' ) LIMIT 1   [ RunTime:0.000000s ]
INFO: [ view_parse ] --START--
INFO: [ template_filter ] --START--
INFO: Run Behavior\ContentReplace [ RunTime:0.000000s ]
INFO: [ template_filter ] --END-- [ RunTime:0.000000s ]
NOTIC: [8] Undefined variable: meta_title D:\WWW\WWW\furnitureshop\Runtime\Cache\Admin\5347ff4fe16492dd5564b28dca6e7d05.php 第 5 行.
NOTIC: [8] Undefined index: user_attr_value D:\WWW\WWW\furnitureshop\Runtime\Cache\Admin\5347ff4fe16492dd5564b28dca6e7d05.php 第 88 行.
NOTIC: [8] Undefined offset: 1 D:\WWW\WWW\furnitureshop\Runtime\Cache\Admin\5347ff4fe16492dd5564b28dca6e7d05.php 第 106 行.
NOTIC: [8] Use of undefined constant id - assumed 'id' D:\WWW\WWW\furnitureshop\Runtime\Cache\Admin\5347ff4fe16492dd5564b28dca6e7d05.php 第 258 行.
INFO: Run Behavior\ParseTemplate [ RunTime:0.015600s ]
INFO: [ view_parse ] --END-- [ RunTime:0.015600s ]
INFO: [ view_filter ] --START--
INFO: Run Behavior\WriteHtmlCache [ RunTime:0.000000s ]
INFO: [ view_filter ] --END-- [ RunTime:0.000000s ]
INFO: [ app_end ] --START--
INFO: Run Behavior\ShowPageTrace [ RunTime:0.000000s ]
INFO: [ app_end ] --END-- [ RunTime:0.000000s ]

[ 2017-05-15T09:32:32+08:00 ] ::1 /index.php/Admin/Public/logout
INFO: [ app_begin ] --START--
INFO: Run Behavior\ReadHtmlCache [ RunTime:0.000000s ]
INFO: [ app_begin ] --END-- [ RunTime:0.015600s ]

[ 2017-05-15T09:32:32+08:00 ] ::1 /index.php/Admin/Public/login
INFO: [ app_begin ] --START--
INFO: Run Behavior\ReadHtmlCache [ RunTime:0.000000s ]
INFO: [ app_begin ] --END-- [ RunTime:0.000000s ]
INFO: [ view_parse ] --START--
INFO: [ template_filter ] --START--
INFO: Run Behavior\ContentReplace [ RunTime:0.000000s ]
INFO: [ template_filter ] --END-- [ RunTime:0.000000s ]
INFO: Run Behavior\ParseTemplate [ RunTime:0.000000s ]
INFO: [ view_parse ] --END-- [ RunTime:0.000000s ]
INFO: [ view_filter ] --START--
INFO: Run Behavior\WriteHtmlCache [ RunTime:0.000000s ]
INFO: [ view_filter ] --END-- [ RunTime:0.000000s ]
INFO: [ app_end ] --START--
INFO: Run Behavior\ShowPageTrace [ RunTime:0.000000s ]
INFO: [ app_end ] --END-- [ RunTime:0.000000s ]

[ 2017-05-15T09:32:32+08:00 ] ::1 /index.php/Admin/Public/verify
INFO: [ app_begin ] --START--
INFO: Run Behavior\ReadHtmlCache [ RunTime:0.015600s ]
INFO: [ app_begin ] --END-- [ RunTime:0.015600s ]
INFO: [ app_end ] --START--
INFO: Run Behavior\ShowPageTrace [ RunTime:0.000000s ]
INFO: [ app_end ] --END-- [ RunTime:0.000000s ]

[ 2017-05-15T09:32:37+08:00 ] ::1 /index.php/Admin/Public/doLogin
INFO: [ app_begin ] --START--
INFO: Run Behavior\ReadHtmlCache [ RunTime:0.000000s ]
INFO: [ app_begin ] --END-- [ RunTime:0.000000s ]
SQL: SHOW COLUMNS FROM `ln_member` [ RunTime:0.000000s ]
SQL: SELECT `disabled` FROM `ln_member` WHERE ( `user_name` = 'Danno' ) LIMIT 1   [ RunTime:0.000000s ]
SQL: SHOW COLUMNS FROM `ln_member` [ RunTime:0.000000s ]
SQL: SELECT `id`,`user_name`,`password`,`type` FROM `ln_member` WHERE ( `status` = 0 ) AND ( user_name="Danno" ) LIMIT 1   [ RunTime:0.000000s ]
NOTIC: [8] Undefined index: disabled D:\WWW\WWW\furnitureshop\Application\Common\Model\MemberModel.class.php 第 52 行.
SQL: SHOW COLUMNS FROM `ln_member_attribute_value` [ RunTime:0.000000s ]
SQL: SELECT COUNT(*) AS tp_count FROM `ln_member_attribute_value` WHERE ( `member_id` = 2 ) AND ( `attribute_id` = 26 ) LIMIT 1   [ RunTime:0.000000s ]
SQL: UPDATE `ln_member_attribute_value` SET `attr_value`=1494811957,`attribute_id`=26 WHERE ( `member_id` = 2 ) AND ( `attribute_id` = 26 ) [ RunTime:0.062400s ]
SQL: SELECT COUNT(*) AS tp_count FROM `ln_member_attribute_value` WHERE ( `member_id` = 2 ) AND ( `attribute_id` = 25 ) LIMIT 1   [ RunTime:0.000000s ]
SQL: UPDATE `ln_member_attribute_value` SET `attr_value`='0.0.0.0',`attribute_id`=25 WHERE ( `member_id` = 2 ) AND ( `attribute_id` = 25 ) [ RunTime:0.031200s ]
SQL: SHOW COLUMNS FROM `ln_admin_log` [ RunTime:0.000000s ]
NOTIC: [2] call_user_func_array() expects parameter 1 to be a valid callback, function 'number' not found or invalid function name D:\WWW\WWW\furnitureshop\ThinkPHP\Library\Think\Model.class.php 第 1102 行.
SQL: INSERT INTO `ln_admin_log` (`log_type`,`log_info`,`log_url`,`log_status`,`member_id`,`log_time`) VALUES (3,'用户登录后台。',0,0,2,1494811957) [ RunTime:0.015600s ]

[ 2017-05-15T09:32:37+08:00 ] ::1 /index.php/Admin/Index/index
INFO: [ app_begin ] --START--
INFO: Run Behavior\ReadHtmlCache [ RunTime:0.015600s ]
INFO: [ app_begin ] --END-- [ RunTime:0.015600s ]
SQL: SHOW COLUMNS FROM `ln_member` [ RunTime:0.000000s ]
SQL: SELECT `disabled` FROM `ln_member` WHERE ( `id` = '2' ) LIMIT 1   [ RunTime:0.000000s ]
NOTIC: [2048] Declaration of Admin\Model\MemberModel::_after_insert() should be compatible with Think\Model::_after_insert($data, $options) D:\WWW\WWW\furnitureshop\Application\Admin\Model\MemberModel.class.php 第 124 行.
SQL: SHOW COLUMNS FROM `ln_member` [ RunTime:0.000000s ]
SQL: SELECT `menu_ids` FROM `ln_member` WHERE ( id=2 ) LIMIT 1   [ RunTime:0.000000s ]
SQL: SHOW COLUMNS FROM `ln_menu` [ RunTime:0.015600s ]
SQL: SELECT * FROM `ln_menu` WHERE ( `id` IN ('16','422','428','402','403','441','443','444','405','445','446','406','447','448','449','407','453','454','408','455','456','409','450','451','452','418','457','458','410','411','459','460','461','507','508','420','513','514','462','463','464','510','414','465','425','466','467','426','512','468','68','226','492','493','494','502','504','511','517') ) AND ( `display` = 1 ) ORDER BY sort asc  [ RunTime:0.000000s ]
INFO: [ view_parse ] --START--
INFO: [ template_filter ] --START--
INFO: Run Behavior\ContentReplace [ RunTime:0.000000s ]
INFO: [ template_filter ] --END-- [ RunTime:0.000000s ]
INFO: Run Behavior\ParseTemplate [ RunTime:0.000000s ]
INFO: [ view_parse ] --END-- [ RunTime:0.000000s ]
INFO: [ view_filter ] --START--
INFO: Run Behavior\WriteHtmlCache [ RunTime:0.000000s ]
INFO: [ view_filter ] --END-- [ RunTime:0.000000s ]
INFO: [ app_end ] --START--
INFO: Run Behavior\ShowPageTrace [ RunTime:0.000000s ]
INFO: [ app_end ] --END-- [ RunTime:0.000000s ]

[ 2017-05-15T09:32:37+08:00 ] ::1 /index.php/Admin/Index/welcome
INFO: [ app_begin ] --START--
INFO: Run Behavior\ReadHtmlCache [ RunTime:0.000000s ]
INFO: [ app_begin ] --END-- [ RunTime:0.000000s ]
SQL: SHOW COLUMNS FROM `ln_member` [ RunTime:0.000000s ]
SQL: SELECT `disabled` FROM `ln_member` WHERE ( `id` = '2' ) LIMIT 1   [ RunTime:0.000000s ]
INFO: [ app_end ] --START--
INFO: Run Behavior\ShowPageTrace [ RunTime:0.000000s ]
INFO: [ app_end ] --END-- [ RunTime:0.000000s ]

[ 2017-05-15T09:35:48+08:00 ] ::1 /index.php/Admin/Member/adminSetting
INFO: [ app_begin ] --START--
INFO: Run Behavior\ReadHtmlCache [ RunTime:0.000000s ]
INFO: [ app_begin ] --END-- [ RunTime:0.000000s ]
SQL: SHOW COLUMNS FROM `ln_member` [ RunTime:0.000000s ]
SQL: SELECT `disabled` FROM `ln_member` WHERE ( `id` = '2' ) LIMIT 1   [ RunTime:0.000000s ]
NOTIC: [2048] Declaration of Admin\Model\MemberModel::_after_insert() should be compatible with Think\Model::_after_insert($data, $options) D:\WWW\WWW\furnitureshop\Application\Admin\Model\MemberModel.class.php 第 124 行.
SQL: SHOW COLUMNS FROM `ln_member` [ RunTime:0.000000s ]
SQL: SELECT `menu_ids` FROM `ln_member` WHERE ( id=2 ) LIMIT 1   [ RunTime:0.000000s ]
SQL: SHOW COLUMNS FROM `ln_menu` [ RunTime:0.015600s ]
SQL: SELECT COUNT(*) AS tp_count FROM `ln_menu` WHERE ( `id` IN ('16','422','428','402','403','441','443','444','405','445','446','406','447','448','449','407','453','454','408','455','456','409','450','451','452','418','457','458','410','411','459','460','461','507','508','420','513','514','462','463','464','510','414','465','425','466','467','426','512','468','68','226','492','493','494','502','504','511','517') ) AND ( `display` = 1 ) AND ( `url` = 'Admin/Member/adminsetting' ) LIMIT 1   [ RunTime:0.000000s ]
SQL: SHOW COLUMNS FROM `ln_data_access` [ RunTime:0.000000s ]
SQL: SELECT `machine_code_num` FROM `ln_data_access` WHERE ( `member_id` = 2 ) LIMIT 1   [ RunTime:0.000000s ]
SQL: SHOW COLUMNS FROM `ln_prompt_language` [ RunTime:0.000000s ]
SQL: SELECT promptlanguage.content FROM ln_prompt_language promptlanguage INNER JOIN ln_menu as menu ON promptlanguage.menu_id = menu.id  WHERE ( menu.url = 'Admin/Member/adminsetting' ) LIMIT 1   [ RunTime:0.000000s ]
SQL: SELECT `id`,`type`,`user_name` FROM `ln_member` WHERE ( id=2 ) LIMIT 1   [ RunTime:0.000000s ]
SQL: SHOW COLUMNS FROM `ln_member_attribute_value` [ RunTime:0.000000s ]
SQL: SELECT `attribute_id`,`attr_value` FROM `ln_member_attribute_value` WHERE ( member_id=2 )  [ RunTime:0.000000s ]
SQL: SHOW COLUMNS FROM `ln_member_attribute` [ RunTime:0.015600s ]
SQL: SELECT `id`,`attr_mode`,`attr_name`,`attr_type`,`attr_value`,`attr_sort`,`is_edit`,`arrt_control`,`attr_require`,`attr_status` FROM `ln_member_attribute` WHERE ( `attr_status` = 0 ) AND ( `is_edit` = 1 ) AND ( `attr_mode` IN (0,2) ) ORDER BY attr_sort desc  [ RunTime:0.000000s ]
SQL: SHOW COLUMNS FROM `ln_member_machine_code` [ RunTime:0.000000s ]
SQL: SELECT `id`,`member_id`,`machine_code`,`token` FROM `ln_member_machine_code` WHERE ( member_id=2 ) LIMIT 10   [ RunTime:0.000000s ]
SQL: SELECT promptlanguage.content FROM ln_prompt_language promptlanguage INNER JOIN ln_menu as menu ON promptlanguage.menu_id = menu.id  WHERE ( menu.url = 'Admin/Member/adminsetting' ) LIMIT 1   [ RunTime:0.000000s ]
INFO: [ view_parse ] --START--
INFO: [ template_filter ] --START--
INFO: Run Behavior\ContentReplace [ RunTime:0.000000s ]
INFO: [ template_filter ] --END-- [ RunTime:0.000000s ]
NOTIC: [8] Undefined variable: meta_title D:\WWW\WWW\furnitureshop\Runtime\Cache\Admin\5347ff4fe16492dd5564b28dca6e7d05.php 第 5 行.
NOTIC: [8] Use of undefined constant id - assumed 'id' D:\WWW\WWW\furnitureshop\Runtime\Cache\Admin\5347ff4fe16492dd5564b28dca6e7d05.php 第 258 行.
INFO: Run Behavior\ParseTemplate [ RunTime:0.015600s ]
INFO: [ view_parse ] --END-- [ RunTime:0.015600s ]
INFO: [ view_filter ] --START--
INFO: Run Behavior\WriteHtmlCache [ RunTime:0.000000s ]
INFO: [ view_filter ] --END-- [ RunTime:0.000000s ]
INFO: [ app_end ] --START--
INFO: Run Behavior\ShowPageTrace [ RunTime:0.000000s ]
INFO: [ app_end ] --END-- [ RunTime:0.000000s ]

[ 2017-05-15T09:36:28+08:00 ] ::1 /index.php/Admin/Member/adminSetting
INFO: [ app_begin ] --START--
INFO: Run Behavior\ReadHtmlCache [ RunTime:0.000000s ]
INFO: [ app_begin ] --END-- [ RunTime:0.000000s ]
SQL: SHOW COLUMNS FROM `ln_member` [ RunTime:0.000000s ]
SQL: SELECT `disabled` FROM `ln_member` WHERE ( `id` = '2' ) LIMIT 1   [ RunTime:0.000000s ]
NOTIC: [2048] Declaration of Admin\Model\MemberModel::_after_insert() should be compatible with Think\Model::_after_insert($data, $options) D:\WWW\WWW\furnitureshop\Application\Admin\Model\MemberModel.class.php 第 124 行.
SQL: SHOW COLUMNS FROM `ln_member` [ RunTime:0.000000s ]
SQL: SELECT `menu_ids` FROM `ln_member` WHERE ( id=2 ) LIMIT 1   [ RunTime:0.000000s ]
SQL: SHOW COLUMNS FROM `ln_menu` [ RunTime:0.000000s ]
SQL: SELECT COUNT(*) AS tp_count FROM `ln_menu` WHERE ( `id` IN ('16','422','428','402','403','441','443','444','405','445','446','406','447','448','449','407','453','454','408','455','456','409','450','451','452','418','457','458','410','411','459','460','461','507','508','420','513','514','462','463','464','510','414','465','425','466','467','426','512','468','68','226','492','493','494','502','504','511','517') ) AND ( `display` = 1 ) AND ( `url` = 'Admin/Member/adminsetting' ) LIMIT 1   [ RunTime:0.000000s ]
SQL: SHOW COLUMNS FROM `ln_data_access` [ RunTime:0.000000s ]
SQL: SELECT `machine_code_num` FROM `ln_data_access` WHERE ( `member_id` = 2 ) LIMIT 1   [ RunTime:0.000000s ]
SQL: SHOW COLUMNS FROM `ln_prompt_language` [ RunTime:0.000000s ]
SQL: SELECT promptlanguage.content FROM ln_prompt_language promptlanguage INNER JOIN ln_menu as menu ON promptlanguage.menu_id = menu.id  WHERE ( menu.url = 'Admin/Member/adminsetting' ) LIMIT 1   [ RunTime:0.000000s ]
SQL: SELECT `id`,`type`,`user_name` FROM `ln_member` WHERE ( id=2 ) LIMIT 1   [ RunTime:0.000000s ]
SQL: SHOW COLUMNS FROM `ln_member_attribute_value` [ RunTime:0.000000s ]
SQL: SELECT `attribute_id`,`attr_value` FROM `ln_member_attribute_value` WHERE ( member_id=2 )  [ RunTime:0.000000s ]
SQL: SHOW COLUMNS FROM `ln_member_attribute` [ RunTime:0.015600s ]
SQL: SELECT `id`,`attr_mode`,`attr_name`,`attr_type`,`attr_value`,`attr_sort`,`is_edit`,`arrt_control`,`attr_require`,`attr_status` FROM `ln_member_attribute` WHERE ( `attr_status` = 0 ) AND ( `is_edit` = 1 ) AND ( `attr_mode` IN (0,2) ) ORDER BY attr_sort desc  [ RunTime:0.000000s ]
SQL: SHOW COLUMNS FROM `ln_member_machine_code` [ RunTime:0.000000s ]
SQL: SELECT `id`,`member_id`,`machine_code`,`token` FROM `ln_member_machine_code` WHERE ( member_id=2 ) LIMIT 10   [ RunTime:0.000000s ]
SQL: SELECT promptlanguage.content FROM ln_prompt_language promptlanguage INNER JOIN ln_menu as menu ON promptlanguage.menu_id = menu.id  WHERE ( menu.url = 'Admin/Member/adminsetting' ) LIMIT 1   [ RunTime:0.000000s ]
INFO: [ view_parse ] --START--
INFO: [ template_filter ] --START--
INFO: Run Behavior\ContentReplace [ RunTime:0.000000s ]
INFO: [ template_filter ] --END-- [ RunTime:0.000000s ]
NOTIC: [8] Undefined variable: meta_title D:\WWW\WWW\furnitureshop\Runtime\Cache\Admin\5347ff4fe16492dd5564b28dca6e7d05.php 第 5 行.
NOTIC: [8] Use of undefined constant id - assumed 'id' D:\WWW\WWW\furnitureshop\Runtime\Cache\Admin\5347ff4fe16492dd5564b28dca6e7d05.php 第 258 行.
INFO: Run Behavior\ParseTemplate [ RunTime:0.015600s ]
INFO: [ view_parse ] --END-- [ RunTime:0.015600s ]
INFO: [ view_filter ] --START--
INFO: Run Behavior\WriteHtmlCache [ RunTime:0.000000s ]
INFO: [ view_filter ] --END-- [ RunTime:0.000000s ]
INFO: [ app_end ] --START--
INFO: Run Behavior\ShowPageTrace [ RunTime:0.000000s ]
INFO: [ app_end ] --END-- [ RunTime:0.000000s ]

[ 2017-05-15T11:45:59+08:00 ] ::1 /index.php/Member/MobileApi/getMobileCode
INFO: [ app_begin ] --START--
INFO: Run Behavior\ReadHtmlCache [ RunTime:0.001000s ]
INFO: [ app_begin ] --END-- [ RunTime:0.001000s ]
ERR: 无法加载控制器:MobileApi

[ 2017-05-15T11:58:18+08:00 ] ::1 /index.php/Upgrade/UpgradeTypeApi/getType
INFO: [ app_begin ] --START--
INFO: Run Behavior\ReadHtmlCache [ RunTime:0.000000s ]
INFO: [ app_begin ] --END-- [ RunTime:0.001000s ]
SQL: SHOW COLUMNS FROM `ln_member_machine_code` [ RunTime:0.002000s ]
SQL: SELECT `member_id` FROM `ln_member_machine_code` WHERE ( `machine_code` = '' ) LIMIT 1   [ RunTime:0.001000s ]
SQL: SHOW COLUMNS FROM `ln_upgrade_detail` [ RunTime:0.002000s ]
SQL: SELECT * FROM `ln_upgrade_detail` WHERE ( `member_id` = null ) ORDER BY id desc LIMIT 1   [ RunTime:0.001000s ]
SQL: SHOW COLUMNS FROM `ln_upgrade` [ RunTime:0.002000s ]
SQL: SELECT `file_path`,`version` FROM `ln_upgrade` WHERE ( `id` = null ) AND ( `type` = 2 )  [ RunTime:0.001000s ]

[ 2017-05-15T13:41:58+08:00 ] ::1 /index.php/Upgrade/UpgradeTypeApi/getType
INFO: [ app_begin ] --START--
INFO: Run Behavior\ReadHtmlCache [ RunTime:0.000000s ]
INFO: [ app_begin ] --END-- [ RunTime:0.001000s ]
SQL: SHOW COLUMNS FROM `ln_member_machine_code` [ RunTime:0.003000s ]
SQL: SELECT `member_id` FROM `ln_member_machine_code` WHERE ( `machine_code` = '' )  [ RunTime:0.002000s ]
SQL: SHOW COLUMNS FROM `ln_upgrade_detail` [ RunTime:0.002000s ]
SQL: SELECT * FROM `ln_upgrade_detail` WHERE ( `member_id` = null ) ORDER BY id desc  [ RunTime:0.001000s ]
SQL: SHOW COLUMNS FROM `ln_upgrade` [ RunTime:0.002000s ]
SQL: SELECT `file_path`,`version` FROM `ln_upgrade` WHERE ( `id` = null ) AND ( `type` = 2 )  [ RunTime:0.002000s ]

[ 2017-05-15T13:41:59+08:00 ] ::1 /index.php/Upgrade/UpgradeTypeApi/getType
INFO: [ app_begin ] --START--
INFO: Run Behavior\ReadHtmlCache [ RunTime:0.000000s ]
INFO: [ app_begin ] --END-- [ RunTime:0.001000s ]
SQL: SHOW COLUMNS FROM `ln_member_machine_code` [ RunTime:0.002000s ]
SQL: SELECT `member_id` FROM `ln_member_machine_code` WHERE ( `machine_code` = '' )  [ RunTime:0.002000s ]
SQL: SHOW COLUMNS FROM `ln_upgrade_detail` [ RunTime:0.001000s ]
SQL: SELECT * FROM `ln_upgrade_detail` WHERE ( `member_id` = null ) ORDER BY id desc  [ RunTime:0.001000s ]
SQL: SHOW COLUMNS FROM `ln_upgrade` [ RunTime:0.002000s ]
SQL: SELECT `file_path`,`version` FROM `ln_upgrade` WHERE ( `id` = null ) AND ( `type` = 2 )  [ RunTime:0.001000s ]

[ 2017-05-15T13:42:09+08:00 ] ::1 /index.php/Upgrade/UpgradeTypeApi/getType
INFO: [ app_begin ] --START--
INFO: Run Behavior\ReadHtmlCache [ RunTime:0.001000s ]
INFO: [ app_begin ] --END-- [ RunTime:0.001000s ]
SQL: SHOW COLUMNS FROM `ln_member_machine_code` [ RunTime:0.001000s ]
SQL: SELECT `member_id` FROM `ln_member_machine_code` WHERE ( `machine_code` = '' )  [ RunTime:0.001000s ]
SQL: SHOW COLUMNS FROM `ln_upgrade_detail` [ RunTime:0.001000s ]
SQL: SELECT * FROM `ln_upgrade_detail` WHERE ( `member_id` = null ) ORDER BY id desc  [ RunTime:0.001000s ]
SQL: SHOW COLUMNS FROM `ln_upgrade` [ RunTime:0.002000s ]
SQL: SELECT `file_path`,`version` FROM `ln_upgrade` WHERE ( `id` = null ) AND ( `type` = 2 )  [ RunTime:0.001000s ]

[ 2017-05-15T13:45:09+08:00 ] ::1 /index.php/Upgrade/UpgradeTypeApi/getType
INFO: [ app_begin ] --START--
INFO: Run Behavior\ReadHtmlCache [ RunTime:0.001000s ]
INFO: [ app_begin ] --END-- [ RunTime:0.001000s ]
SQL: SHOW COLUMNS FROM `ln_member_machine_code` [ RunTime:0.002000s ]
SQL: SELECT `member_id` FROM `ln_member_machine_code` WHERE ( `machine_code` = '' )  [ RunTime:0.001000s ]
SQL: SHOW COLUMNS FROM `ln_upgrade_detail` [ RunTime:0.002000s ]
SQL: SELECT * FROM `ln_upgrade_detail` WHERE ( `member_id` = null ) ORDER BY id desc  [ RunTime:0.001000s ]
SQL: SHOW COLUMNS FROM `ln_upgrade` [ RunTime:0.002000s ]
NOTIC: [2] implode(): Invalid arguments passed D:\WWW\WWW\furnitureshop\ThinkPHP\Library\Think\Db.class.php 第 498 行.
SQL: SELECT `file_path`,`version` FROM `ln_upgrade` WHERE ( `id` IN () ) AND ( `type` = 2 )  [ RunTime:0.002000s ]
ERR: 1064:You have an error in your SQL syntax; check the manual that corresponds to your MySQL server version for the right syntax to use near ') ) AND ( `type` = 2 )' at line 1
 [ SQL语句 ] : SELECT `file_path`,`version` FROM `ln_upgrade` WHERE ( `id` IN () ) AND ( `type` = 2 ) 

[ 2017-05-15T13:45:10+08:00 ] ::1 /index.php/Upgrade/UpgradeTypeApi/getType
INFO: [ app_begin ] --START--
INFO: Run Behavior\ReadHtmlCache [ RunTime:0.000000s ]
INFO: [ app_begin ] --END-- [ RunTime:0.000000s ]
SQL: SHOW COLUMNS FROM `ln_member_machine_code` [ RunTime:0.002000s ]
SQL: SELECT `member_id` FROM `ln_member_machine_code` WHERE ( `machine_code` = '' )  [ RunTime:0.002000s ]
SQL: SHOW COLUMNS FROM `ln_upgrade_detail` [ RunTime:0.001000s ]
SQL: SELECT * FROM `ln_upgrade_detail` WHERE ( `member_id` = null ) ORDER BY id desc  [ RunTime:0.002000s ]
SQL: SHOW COLUMNS FROM `ln_upgrade` [ RunTime:0.002000s ]
NOTIC: [2] implode(): Invalid arguments passed D:\WWW\WWW\furnitureshop\ThinkPHP\Library\Think\Db.class.php 第 498 行.
SQL: SELECT `file_path`,`version` FROM `ln_upgrade` WHERE ( `id` IN () ) AND ( `type` = 2 )  [ RunTime:0.001000s ]
ERR: 1064:You have an error in your SQL syntax; check the manual that corresponds to your MySQL server version for the right syntax to use near ') ) AND ( `type` = 2 )' at line 1
 [ SQL语句 ] : SELECT `file_path`,`version` FROM `ln_upgrade` WHERE ( `id` IN () ) AND ( `type` = 2 ) 

[ 2017-05-15T13:46:02+08:00 ] ::1 /index.php/Upgrade/UpgradeTypeApi/getType
INFO: [ app_begin ] --START--
INFO: Run Behavior\ReadHtmlCache [ RunTime:0.001000s ]
INFO: [ app_begin ] --END-- [ RunTime:0.001000s ]
SQL: SHOW COLUMNS FROM `ln_member_machine_code` [ RunTime:0.002000s ]
SQL: SELECT `member_id` FROM `ln_member_machine_code` WHERE ( `machine_code` = '' )  [ RunTime:0.002000s ]
SQL: SHOW COLUMNS FROM `ln_upgrade_detail` [ RunTime:0.001000s ]
SQL: SELECT * FROM `ln_upgrade_detail` WHERE ( `member_id` = null ) ORDER BY id desc  [ RunTime:0.001000s ]

[ 2017-05-15T13:46:26+08:00 ] ::1 /index.php/Upgrade/UpgradeTypeApi/getType
INFO: [ app_begin ] --START--
INFO: Run Behavior\ReadHtmlCache [ RunTime:0.000000s ]
INFO: [ app_begin ] --END-- [ RunTime:0.000000s ]

[ 2017-05-15T13:46:52+08:00 ] ::1 /index.php/Upgrade/UpgradeTypeApi/getType
INFO: [ app_begin ] --START--
INFO: Run Behavior\ReadHtmlCache [ RunTime:0.000000s ]
INFO: [ app_begin ] --END-- [ RunTime:0.001000s ]

[ 2017-05-15T13:47:16+08:00 ] ::1 /index.php/Upgrade/UpgradeTypeApi/getType
INFO: [ app_begin ] --START--
INFO: Run Behavior\ReadHtmlCache [ RunTime:0.001000s ]
INFO: [ app_begin ] --END-- [ RunTime:0.001000s ]

[ 2017-05-15T13:47:30+08:00 ] ::1 /index.php/Upgrade/UpgradeTypeApi/getType
INFO: [ app_begin ] --START--
INFO: Run Behavior\ReadHtmlCache [ RunTime:0.000000s ]
INFO: [ app_begin ] --END-- [ RunTime:0.000000s ]

[ 2017-05-15T13:47:34+08:00 ] ::1 /index.php/Upgrade/UpgradeTypeApi/getType
INFO: [ app_begin ] --START--
INFO: Run Behavior\ReadHtmlCache [ RunTime:0.000000s ]
INFO: [ app_begin ] --END-- [ RunTime:0.000000s ]

[ 2017-05-15T13:48:12+08:00 ] ::1 /index.php/Upgrade/UpgradeTypeApi/getType
INFO: [ app_begin ] --START--
INFO: Run Behavior\ReadHtmlCache [ RunTime:0.000000s ]
INFO: [ app_begin ] --END-- [ RunTime:0.001000s ]

[ 2017-05-15T13:48:35+08:00 ] ::1 /index.php/Upgrade/UpgradeTypeApi/getType
INFO: [ app_begin ] --START--
INFO: Run Behavior\ReadHtmlCache [ RunTime:0.001000s ]
INFO: [ app_begin ] --END-- [ RunTime:0.001000s ]

[ 2017-05-15T13:48:42+08:00 ] ::1 /index.php/Upgrade/UpgradeTypeApi/getType
INFO: [ app_begin ] --START--
INFO: Run Behavior\ReadHtmlCache [ RunTime:0.001000s ]
INFO: [ app_begin ] --END-- [ RunTime:0.001000s ]

[ 2017-05-15T13:48:48+08:00 ] ::1 /index.php/Upgrade/UpgradeTypeApi/getType
INFO: [ app_begin ] --START--
INFO: Run Behavior\ReadHtmlCache [ RunTime:0.000000s ]
INFO: [ app_begin ] --END-- [ RunTime:0.000000s ]
SQL: SHOW COLUMNS FROM `ln_member_machine_code` [ RunTime:0.002000s ]
SQL: SELECT `member_id` FROM `ln_member_machine_code` WHERE ( `machine_code` = '54d71d6cd61438ce' )  [ RunTime:0.001000s ]
NOTIC: [8] Undefined index: member_id D:\WWW\WWW\furnitureshop\Application\Upgrade\Controller\UpgradeTypeApiController.class.php 第 18 行.
SQL: SHOW COLUMNS FROM `ln_upgrade_detail` [ RunTime:0.001000s ]
SQL: SELECT * FROM `ln_upgrade_detail` WHERE ( `member_id` = null ) ORDER BY id desc  [ RunTime:0.002000s ]

[ 2017-05-15T13:49:13+08:00 ] ::1 /index.php/Upgrade/UpgradeTypeApi/getType
INFO: [ app_begin ] --START--
INFO: Run Behavior\ReadHtmlCache [ RunTime:0.000000s ]
INFO: [ app_begin ] --END-- [ RunTime:0.000000s ]
SQL: SHOW COLUMNS FROM `ln_member_machine_code` [ RunTime:0.002000s ]
SQL: SELECT `member_id` FROM `ln_member_machine_code` WHERE ( `machine_code` = '54d71d6cd61438ce' )  [ RunTime:0.001000s ]

[ 2017-05-15T13:49:30+08:00 ] ::1 /index.php/Upgrade/UpgradeTypeApi/getType
INFO: [ app_begin ] --START--
INFO: Run Behavior\ReadHtmlCache [ RunTime:0.001000s ]
INFO: [ app_begin ] --END-- [ RunTime:0.001000s ]
SQL: SHOW COLUMNS FROM `ln_member_machine_code` [ RunTime:0.001000s ]
SQL: SELECT `member_id` FROM `ln_member_machine_code` WHERE ( `machine_code` = '54d71d6cd61438ce' )  [ RunTime:0.002000s ]
NOTIC: [8] Undefined index: member_id D:\WWW\WWW\furnitureshop\Application\Upgrade\Controller\UpgradeTypeApiController.class.php 第 19 行.
SQL: SHOW COLUMNS FROM `ln_upgrade_detail` [ RunTime:0.001000s ]
SQL: SELECT * FROM `ln_upgrade_detail` WHERE ( `member_id` = null ) ORDER BY id desc  [ RunTime:0.002000s ]

[ 2017-05-15T13:49:55+08:00 ] ::1 /index.php/Upgrade/UpgradeTypeApi/getType
INFO: [ app_begin ] --START--
INFO: Run Behavior\ReadHtmlCache [ RunTime:0.000000s ]
INFO: [ app_begin ] --END-- [ RunTime:0.000000s ]
SQL: SHOW COLUMNS FROM `ln_member_machine_code` [ RunTime:0.002000s ]
SQL: SELECT `member_id` FROM `ln_member_machine_code` WHERE ( `machine_code` = '54d71d6cd61438ce' )  [ RunTime:0.001000s ]
NOTIC: [8] Undefined index: member_id D:\WWW\WWW\furnitureshop\Application\Upgrade\Controller\UpgradeTypeApiController.class.php 第 19 行.
SQL: SHOW COLUMNS FROM `ln_upgrade_detail` [ RunTime:0.002000s ]
SQL: SELECT * FROM `ln_upgrade_detail` WHERE ( `member_id` = null ) ORDER BY id desc  [ RunTime:0.002000s ]

[ 2017-05-15T13:50:10+08:00 ] ::1 /index.php/Upgrade/UpgradeTypeApi/getType
INFO: [ app_begin ] --START--
INFO: Run Behavior\ReadHtmlCache [ RunTime:0.001000s ]
INFO: [ app_begin ] --END-- [ RunTime:0.001000s ]
SQL: SHOW COLUMNS FROM `ln_member_machine_code` [ RunTime:0.001000s ]
SQL: SELECT `member_id` FROM `ln_member_machine_code` WHERE ( `machine_code` = '54d71d6cd61438ce' )  [ RunTime:0.001000s ]

[ 2017-05-15T13:50:27+08:00 ] ::1 /index.php/Upgrade/UpgradeTypeApi/getType
INFO: [ app_begin ] --START--
INFO: Run Behavior\ReadHtmlCache [ RunTime:0.000000s ]
INFO: [ app_begin ] --END-- [ RunTime:0.000000s ]
SQL: SHOW COLUMNS FROM `ln_member_machine_code` [ RunTime:0.001000s ]
SQL: SELECT `member_id` FROM `ln_member_machine_code` WHERE ( `machine_code` = '54d71d6cd61438ce' ) LIMIT 1   [ RunTime:0.002000s ]

[ 2017-05-15T13:50:43+08:00 ] ::1 /index.php/Upgrade/UpgradeTypeApi/getType
INFO: [ app_begin ] --START--
INFO: Run Behavior\ReadHtmlCache [ RunTime:0.000000s ]
INFO: [ app_begin ] --END-- [ RunTime:0.001000s ]
SQL: SHOW COLUMNS FROM `ln_member_machine_code` [ RunTime:0.001000s ]
SQL: SELECT `member_id` FROM `ln_member_machine_code` WHERE ( `machine_code` = '54d71d6cd61438ce' ) LIMIT 1   [ RunTime:0.002000s ]
SQL: SHOW COLUMNS FROM `ln_upgrade_detail` [ RunTime:0.001000s ]
SQL: SELECT * FROM `ln_upgrade_detail` WHERE ( `member_id` = '2' ) ORDER BY id desc LIMIT 1   [ RunTime:0.002000s ]

[ 2017-05-15T13:50:55+08:00 ] ::1 /index.php/Upgrade/UpgradeTypeApi/getType
INFO: [ app_begin ] --START--
INFO: Run Behavior\ReadHtmlCache [ RunTime:0.000000s ]
INFO: [ app_begin ] --END-- [ RunTime:0.000000s ]
SQL: SHOW COLUMNS FROM `ln_member_machine_code` [ RunTime:0.002000s ]
SQL: SELECT `member_id` FROM `ln_member_machine_code` WHERE ( `machine_code` = '54d71d6cd61438ce' ) LIMIT 1   [ RunTime:0.001000s ]
SQL: SHOW COLUMNS FROM `ln_upgrade_detail` [ RunTime:0.003000s ]
SQL: SELECT * FROM `ln_upgrade_detail` WHERE ( `member_id` = '2' ) ORDER BY id desc LIMIT 1   [ RunTime:0.001000s ]
SQL: SHOW COLUMNS FROM `ln_upgrade` [ RunTime:0.002000s ]
SQL: SELECT `file_path`,`version` FROM `ln_upgrade` WHERE ( `id` IN ('8') ) AND ( `type` = 2 )  [ RunTime:0.002000s ]

[ 2017-05-15T13:51:15+08:00 ] ::1 /index.php/Upgrade/UpgradeTypeApi/getType
INFO: [ app_begin ] --START--
INFO: Run Behavior\ReadHtmlCache [ RunTime:0.001000s ]
INFO: [ app_begin ] --END-- [ RunTime:0.001000s ]
SQL: SHOW COLUMNS FROM `ln_member_machine_code` [ RunTime:0.002000s ]
SQL: SELECT `member_id` FROM `ln_member_machine_code` WHERE ( `machine_code` = '54d71d6cd61438ce' ) LIMIT 1   [ RunTime:0.001000s ]
SQL: SHOW COLUMNS FROM `ln_upgrade_detail` [ RunTime:0.002000s ]
SQL: SELECT * FROM `ln_upgrade_detail` WHERE ( `member_id` = '2' ) ORDER BY id desc LIMIT 1   [ RunTime:0.001000s ]
SQL: SHOW COLUMNS FROM `ln_upgrade` [ RunTime:0.002000s ]
SQL: SELECT `file_path`,`version` FROM `ln_upgrade` WHERE ( `id` = '8' ) AND ( `type` = 2 )  [ RunTime:0.001000s ]

[ 2017-05-15T13:51:30+08:00 ] ::1 /index.php/Upgrade/UpgradeTypeApi/getType
INFO: [ app_begin ] --START--
INFO: Run Behavior\ReadHtmlCache [ RunTime:0.000000s ]
INFO: [ app_begin ] --END-- [ RunTime:0.001000s ]
SQL: SHOW COLUMNS FROM `ln_member_machine_code` [ RunTime:0.002000s ]
SQL: SELECT `member_id` FROM `ln_member_machine_code` WHERE ( `machine_code` = '54d71d6cd61438ce' ) LIMIT 1   [ RunTime:0.002000s ]
SQL: SHOW COLUMNS FROM `ln_upgrade_detail` [ RunTime:0.001000s ]
SQL: SELECT * FROM `ln_upgrade_detail` WHERE ( `member_id` = '2' ) ORDER BY id desc LIMIT 1   [ RunTime:0.002000s ]

[ 2017-05-15T13:52:08+08:00 ] ::1 /index.php/Upgrade/UpgradeTypeApi/getType
INFO: [ app_begin ] --START--
INFO: Run Behavior\ReadHtmlCache [ RunTime:0.000000s ]
INFO: [ app_begin ] --END-- [ RunTime:0.000000s ]
SQL: SHOW COLUMNS FROM `ln_member_machine_code` [ RunTime:0.002000s ]
SQL: SELECT `member_id` FROM `ln_member_machine_code` WHERE ( `machine_code` = '54d71d6cd61438ce' ) LIMIT 1   [ RunTime:0.001000s ]
SQL: SHOW COLUMNS FROM `ln_upgrade_detail` [ RunTime:0.002000s ]
SQL: SELECT * FROM `ln_upgrade_detail` WHERE ( `member_id` = '2' ) ORDER BY id desc LIMIT 1   [ RunTime:0.002000s ]
SQL: SHOW COLUMNS FROM `ln_upgrade` [ RunTime:0.001000s ]
SQL: SELECT `file_path`,`version` FROM `ln_upgrade` WHERE ( `id` = '8' ) AND ( `type` = 2 )  [ RunTime:0.002000s ]

[ 2017-05-15T13:52:35+08:00 ] ::1 /index.php/Upgrade/UpgradeTypeApi/getType
INFO: [ app_begin ] --START--
INFO: Run Behavior\ReadHtmlCache [ RunTime:0.000000s ]
INFO: [ app_begin ] --END-- [ RunTime:0.000000s ]
SQL: SHOW COLUMNS FROM `ln_member_machine_code` [ RunTime:0.002000s ]
SQL: SELECT `member_id` FROM `ln_member_machine_code` WHERE ( `machine_code` = '54d71d6cd61438ce' ) LIMIT 1   [ RunTime:0.001000s ]
SQL: SHOW COLUMNS FROM `ln_upgrade_detail` [ RunTime:0.002000s ]
SQL: SELECT * FROM `ln_upgrade_detail` WHERE ( `member_id` = '2' ) ORDER BY id desc LIMIT 1   [ RunTime:0.001000s ]
SQL: SHOW COLUMNS FROM `ln_upgrade` [ RunTime:0.001000s ]
SQL: SELECT `file_path`,`version` FROM `ln_upgrade` WHERE ( `id` = '8' ) AND ( `type` = 2 )  [ RunTime:0.002000s ]

[ 2017-05-15T14:31:15+08:00 ] ::1 /index.php/Admin/Member/adminSetting
INFO: [ app_begin ] --START--
INFO: Run Behavior\ReadHtmlCache [ RunTime:0.000000s ]
INFO: [ app_begin ] --END-- [ RunTime:0.001000s ]
SQL: SHOW COLUMNS FROM `ln_member` [ RunTime:0.002000s ]
SQL: SELECT `disabled` FROM `ln_member` WHERE ( `id` = '2' ) LIMIT 1   [ RunTime:0.001000s ]
NOTIC: [2048] Declaration of Admin\Model\MemberModel::_after_insert() should be compatible with Think\Model::_after_insert($data, $options) D:\WWW\WWW\furnitureshop\Application\Admin\Model\MemberModel.class.php 第 124 行.
SQL: SHOW COLUMNS FROM `ln_member` [ RunTime:0.002000s ]
SQL: SELECT `menu_ids` FROM `ln_member` WHERE ( id=2 ) LIMIT 1   [ RunTime:0.001000s ]
SQL: SHOW COLUMNS FROM `ln_menu` [ RunTime:0.002000s ]
SQL: SELECT COUNT(*) AS tp_count FROM `ln_menu` WHERE ( `id` IN ('16','422','428','402','403','441','443','444','405','445','446','406','447','448','449','407','453','454','408','455','456','409','450','451','452','418','457','458','410','411','459','460','461','507','508','420','513','514','462','463','464','510','414','465','425','466','467','426','512','468','68','226','492','493','494','502','504','511','517') ) AND ( `display` = 1 ) AND ( `url` = 'Admin/Member/adminsetting' ) LIMIT 1   [ RunTime:0.002000s ]
SQL: SHOW COLUMNS FROM `ln_data_access` [ RunTime:0.002000s ]
SQL: SELECT `machine_code_num` FROM `ln_data_access` WHERE ( `member_id` = 2 ) LIMIT 1   [ RunTime:0.002000s ]
SQL: SHOW COLUMNS FROM `ln_prompt_language` [ RunTime:0.002000s ]
SQL: SELECT promptlanguage.content FROM ln_prompt_language promptlanguage INNER JOIN ln_menu as menu ON promptlanguage.menu_id = menu.id  WHERE ( menu.url = 'Admin/Member/adminsetting' ) LIMIT 1   [ RunTime:0.001000s ]
SQL: SELECT `id`,`type`,`user_name` FROM `ln_member` WHERE ( id=2 ) LIMIT 1   [ RunTime:0.002000s ]
SQL: SHOW COLUMNS FROM `ln_member_attribute_value` [ RunTime:0.001000s ]
SQL: SELECT `attribute_id`,`attr_value` FROM `ln_member_attribute_value` WHERE ( member_id=2 )  [ RunTime:0.001000s ]
SQL: SHOW COLUMNS FROM `ln_member_attribute` [ RunTime:0.002000s ]
SQL: SELECT `id`,`attr_mode`,`attr_name`,`attr_type`,`attr_value`,`attr_sort`,`is_edit`,`arrt_control`,`attr_require`,`attr_status` FROM `ln_member_attribute` WHERE ( `attr_status` = 0 ) AND ( `is_edit` = 1 ) AND ( `attr_mode` IN (0,2) ) ORDER BY attr_sort desc  [ RunTime:0.002000s ]
SQL: SHOW COLUMNS FROM `ln_member_machine_code` [ RunTime:0.001000s ]
SQL: SELECT `id`,`member_id`,`machine_code`,`token` FROM `ln_member_machine_code` WHERE ( member_id=2 ) LIMIT 10   [ RunTime:0.001000s ]
SQL: SELECT promptlanguage.content FROM ln_prompt_language promptlanguage INNER JOIN ln_menu as menu ON promptlanguage.menu_id = menu.id  WHERE ( menu.url = 'Admin/Member/adminsetting' ) LIMIT 1   [ RunTime:0.002000s ]
INFO: [ view_parse ] --START--
INFO: [ template_filter ] --START--
INFO: Run Behavior\ContentReplace [ RunTime:0.000000s ]
INFO: [ template_filter ] --END-- [ RunTime:0.000000s ]
NOTIC: [8] Undefined variable: meta_title D:\WWW\WWW\furnitureshop\Runtime\Cache\Admin\5347ff4fe16492dd5564b28dca6e7d05.php 第 5 行.
NOTIC: [8] Use of undefined constant id - assumed 'id' D:\WWW\WWW\furnitureshop\Runtime\Cache\Admin\5347ff4fe16492dd5564b28dca6e7d05.php 第 258 行.
INFO: Run Behavior\ParseTemplate [ RunTime:0.018000s ]
INFO: [ view_parse ] --END-- [ RunTime:0.018000s ]
INFO: [ view_filter ] --START--
INFO: Run Behavior\WriteHtmlCache [ RunTime:0.000000s ]
INFO: [ view_filter ] --END-- [ RunTime:0.000000s ]
INFO: [ app_end ] --START--
INFO: Run Behavior\ShowPageTrace [ RunTime:0.001000s ]
INFO: [ app_end ] --END-- [ RunTime:0.001000s ]

[ 2017-05-15T14:31:17+08:00 ] ::1 /index.php/Admin/GoodsAttribute/index
INFO: [ app_begin ] --START--
INFO: Run Behavior\ReadHtmlCache [ RunTime:0.002000s ]
INFO: [ app_begin ] --END-- [ RunTime:0.002000s ]
SQL: SHOW COLUMNS FROM `ln_member` [ RunTime:0.002000s ]
SQL: SELECT `disabled` FROM `ln_member` WHERE ( `id` = '2' ) LIMIT 1   [ RunTime:0.001000s ]
SQL: SHOW COLUMNS FROM `ln_shop_goods_attribute` [ RunTime:0.002000s ]
SQL: SELECT COUNT(id) AS tp_count FROM `ln_shop_goods_attribute` WHERE ( `attr_mode` = 0 ) AND ( `cate_id` = 0 ) LIMIT 1   [ RunTime:0.002000s ]
SQL: SELECT `id`,`attr_name`,`member_id`,`attr_type`,`attr_value`,`attr_sort`,`attr_status`,`cate_id` FROM `ln_shop_goods_attribute` WHERE ( `attr_mode` = 0 ) AND ( `cate_id` = 0 ) ORDER BY attr_sort asc, id asc LIMIT 0,10   [ RunTime:0.002000s ]
SQL: SHOW COLUMNS FROM `ln_prompt_language` [ RunTime:0.002000s ]
SQL: SELECT promptlanguage.content FROM ln_prompt_language promptlanguage INNER JOIN ln_menu as menu ON promptlanguage.menu_id = menu.id  WHERE ( menu.url = 'Admin/GoodsAttribute/index' ) LIMIT 1   [ RunTime:0.002000s ]
INFO: [ view_parse ] --START--
INFO: [ template_filter ] --START--
INFO: Run Behavior\ContentReplace [ RunTime:0.000000s ]
INFO: [ template_filter ] --END-- [ RunTime:0.000000s ]
NOTIC: [8] Undefined variable: meta_title D:\WWW\WWW\furnitureshop\Runtime\Cache\Admin\dd19ae3dfd5489184d60fce5263e40ca.php 第 5 行.
NOTIC: [8] Undefined index: p D:\WWW\WWW\furnitureshop\Application\Admin\Common\function.php 第 248 行.
NOTIC: [8] Undefined index: attr_status  D:\WWW\WWW\furnitureshop\Runtime\Cache\Admin\dd19ae3dfd5489184d60fce5263e40ca.php 第 59 行.
NOTIC: [8] Undefined index: p D:\WWW\WWW\furnitureshop\Application\Admin\Common\function.php 第 248 行.
NOTIC: [8] Undefined index: attr_status  D:\WWW\WWW\furnitureshop\Runtime\Cache\Admin\dd19ae3dfd5489184d60fce5263e40ca.php 第 59 行.
NOTIC: [8] Undefined index: p D:\WWW\WWW\furnitureshop\Application\Admin\Common\function.php 第 248 行.
NOTIC: [8] Undefined index: attr_status  D:\WWW\WWW\furnitureshop\Runtime\Cache\Admin\dd19ae3dfd5489184d60fce5263e40ca.php 第 59 行.
NOTIC: [8] Undefined index: p D:\WWW\WWW\furnitureshop\Application\Admin\Common\function.php 第 248 行.
NOTIC: [8] Undefined index: attr_status  D:\WWW\WWW\furnitureshop\Runtime\Cache\Admin\dd19ae3dfd5489184d60fce5263e40ca.php 第 59 行.
NOTIC: [8] Undefined index: p D:\WWW\WWW\furnitureshop\Application\Admin\Common\function.php 第 248 行.
NOTIC: [8] Undefined index: attr_status  D:\WWW\WWW\furnitureshop\Runtime\Cache\Admin\dd19ae3dfd5489184d60fce5263e40ca.php 第 59 行.
NOTIC: [8] Undefined index: p D:\WWW\WWW\furnitureshop\Application\Admin\Common\function.php 第 248 行.
NOTIC: [8] Undefined index: attr_status  D:\WWW\WWW\furnitureshop\Runtime\Cache\Admin\dd19ae3dfd5489184d60fce5263e40ca.php 第 59 行.
NOTIC: [8] Undefined index: p D:\WWW\WWW\furnitureshop\Application\Admin\Common\function.php 第 248 行.
NOTIC: [8] Undefined index: attr_status  D:\WWW\WWW\furnitureshop\Runtime\Cache\Admin\dd19ae3dfd5489184d60fce5263e40ca.php 第 59 行.
NOTIC: [8] Undefined index: p D:\WWW\WWW\furnitureshop\Application\Admin\Common\function.php 第 248 行.
NOTIC: [8] Undefined index: attr_status  D:\WWW\WWW\furnitureshop\Runtime\Cache\Admin\dd19ae3dfd5489184d60fce5263e40ca.php 第 59 行.
NOTIC: [8] Undefined index: p D:\WWW\WWW\furnitureshop\Application\Admin\Common\function.php 第 248 行.
NOTIC: [8] Undefined index: attr_status  D:\WWW\WWW\furnitureshop\Runtime\Cache\Admin\dd19ae3dfd5489184d60fce5263e40ca.php 第 59 行.
INFO: Run Behavior\ParseTemplate [ RunTime:0.014000s ]
INFO: [ view_parse ] --END-- [ RunTime:0.014000s ]
INFO: [ view_filter ] --START--
INFO: Run Behavior\WriteHtmlCache [ RunTime:0.001000s ]
INFO: [ view_filter ] --END-- [ RunTime:0.001000s ]
INFO: [ app_end ] --START--
INFO: Run Behavior\ShowPageTrace [ RunTime:0.001000s ]
INFO: [ app_end ] --END-- [ RunTime:0.001000s ]

[ 2017-05-15T14:31:17+08:00 ] ::1 /index.php/Admin/Goods/index
INFO: [ app_begin ] --START--
INFO: Run Behavior\ReadHtmlCache [ RunTime:0.001000s ]
INFO: [ app_begin ] --END-- [ RunTime:0.001000s ]
SQL: SHOW COLUMNS FROM `ln_member` [ RunTime:0.001000s ]
SQL: SELECT `disabled` FROM `ln_member` WHERE ( `id` = '2' ) LIMIT 1   [ RunTime:0.002000s ]
SQL: SHOW COLUMNS FROM `ln_shop_goods` [ RunTime:0.002000s ]
SQL: SELECT COUNT(goods.id) AS tp_count FROM ln_shop_goods goods left JOIN ln_shop_goods_attribute_value value ON goods.id = value.goods_id  WHERE ( value.attribute_id = 1 ) AND ( goods.status = 0 ) AND ( goods.member_id = '2' ) LIMIT 1   [ RunTime:0.003000s ]
SQL: SELECT goods.id,goods.add_time,goods.status,type.name,value.attr_value,member.user_name FROM ln_shop_goods goods left JOIN ln_shop_goods_type type ON goods.goods_category_id = type.id left JOIN ln_shop_goods_attribute_value value ON goods.id = value.goods_id left JOIN ln_member member ON goods.member_id = member.id  WHERE ( value.attribute_id = 1 ) AND ( goods.status = 0 ) AND ( goods.member_id = '2' ) ORDER BY add_time desc LIMIT 0,10   [ RunTime:0.003000s ]
SQL: SHOW COLUMNS FROM `ln_prompt_language` [ RunTime:0.001000s ]
SQL: SELECT promptlanguage.content FROM ln_prompt_language promptlanguage INNER JOIN ln_menu as menu ON promptlanguage.menu_id = menu.id  WHERE ( menu.url = 'Admin/Goods/index' ) LIMIT 1   [ RunTime:0.002000s ]
INFO: [ view_parse ] --START--
INFO: [ template_filter ] --START--
INFO: Run Behavior\ContentReplace [ RunTime:0.000000s ]
INFO: [ template_filter ] --END-- [ RunTime:0.000000s ]
NOTIC: [8] Undefined variable: meta_title D:\WWW\WWW\furnitureshop\Runtime\Cache\Admin\7460c3bd08e8aaf3e719467d6ea19bd3.php 第 5 行.
NOTIC: [8] Undefined index: p D:\WWW\WWW\furnitureshop\Application\Admin\Common\function.php 第 248 行.
NOTIC: [8] Undefined index: p D:\WWW\WWW\furnitureshop\Application\Admin\Common\function.php 第 248 行.
NOTIC: [8] Undefined index: p D:\WWW\WWW\furnitureshop\Application\Admin\Common\function.php 第 248 行.
NOTIC: [8] Undefined index: p D:\WWW\WWW\furnitureshop\Application\Admin\Common\function.php 第 248 行.
NOTIC: [8] Undefined index: p D:\WWW\WWW\furnitureshop\Application\Admin\Common\function.php 第 248 行.
NOTIC: [8] Undefined index: p D:\WWW\WWW\furnitureshop\Application\Admin\Common\function.php 第 248 行.
NOTIC: [8] Undefined index: p D:\WWW\WWW\furnitureshop\Application\Admin\Common\function.php 第 248 行.
NOTIC: [8] Undefined index: p D:\WWW\WWW\furnitureshop\Application\Admin\Common\function.php 第 248 行.
NOTIC: [8] Undefined index: p D:\WWW\WWW\furnitureshop\Application\Admin\Common\function.php 第 248 行.
NOTIC: [8] Undefined index: p D:\WWW\WWW\furnitureshop\Application\Admin\Common\function.php 第 248 行.
INFO: Run Behavior\ParseTemplate [ RunTime:0.009000s ]
INFO: [ view_parse ] --END-- [ RunTime:0.009000s ]
INFO: [ view_filter ] --START--
INFO: Run Behavior\WriteHtmlCache [ RunTime:0.000000s ]
INFO: [ view_filter ] --END-- [ RunTime:0.000000s ]
INFO: [ app_end ] --START--
INFO: Run Behavior\ShowPageTrace [ RunTime:0.001000s ]
INFO: [ app_end ] --END-- [ RunTime:0.001000s ]

[ 2017-05-15T14:31:18+08:00 ] ::1 /index.php/Admin/GoodsAttribute/index
INFO: [ app_begin ] --START--
INFO: Run Behavior\ReadHtmlCache [ RunTime:0.000000s ]
INFO: [ app_begin ] --END-- [ RunTime:0.001000s ]
SQL: SHOW COLUMNS FROM `ln_member` [ RunTime:0.002000s ]
SQL: SELECT `disabled` FROM `ln_member` WHERE ( `id` = '2' ) LIMIT 1   [ RunTime:0.001000s ]
SQL: SHOW COLUMNS FROM `ln_shop_goods_attribute` [ RunTime:0.001000s ]
SQL: SELECT COUNT(id) AS tp_count FROM `ln_shop_goods_attribute` WHERE ( `attr_mode` = 0 ) AND ( `cate_id` = 0 ) LIMIT 1   [ RunTime:0.001000s ]
SQL: SELECT `id`,`attr_name`,`member_id`,`attr_type`,`attr_value`,`attr_sort`,`attr_status`,`cate_id` FROM `ln_shop_goods_attribute` WHERE ( `attr_mode` = 0 ) AND ( `cate_id` = 0 ) ORDER BY attr_sort asc, id asc LIMIT 0,10   [ RunTime:0.002000s ]
SQL: SHOW COLUMNS FROM `ln_prompt_language` [ RunTime:0.001000s ]
SQL: SELECT promptlanguage.content FROM ln_prompt_language promptlanguage INNER JOIN ln_menu as menu ON promptlanguage.menu_id = menu.id  WHERE ( menu.url = 'Admin/GoodsAttribute/index' ) LIMIT 1   [ RunTime:0.002000s ]
INFO: [ view_parse ] --START--
INFO: [ template_filter ] --START--
INFO: Run Behavior\ContentReplace [ RunTime:0.000000s ]
INFO: [ template_filter ] --END-- [ RunTime:0.000000s ]
NOTIC: [8] Undefined variable: meta_title D:\WWW\WWW\furnitureshop\Runtime\Cache\Admin\dd19ae3dfd5489184d60fce5263e40ca.php 第 5 行.
NOTIC: [8] Undefined index: p D:\WWW\WWW\furnitureshop\Application\Admin\Common\function.php 第 248 行.
NOTIC: [8] Undefined index: attr_status  D:\WWW\WWW\furnitureshop\Runtime\Cache\Admin\dd19ae3dfd5489184d60fce5263e40ca.php 第 59 行.
NOTIC: [8] Undefined index: p D:\WWW\WWW\furnitureshop\Application\Admin\Common\function.php 第 248 行.
NOTIC: [8] Undefined index: attr_status  D:\WWW\WWW\furnitureshop\Runtime\Cache\Admin\dd19ae3dfd5489184d60fce5263e40ca.php 第 59 行.
NOTIC: [8] Undefined index: p D:\WWW\WWW\furnitureshop\Application\Admin\Common\function.php 第 248 行.
NOTIC: [8] Undefined index: attr_status  D:\WWW\WWW\furnitureshop\Runtime\Cache\Admin\dd19ae3dfd5489184d60fce5263e40ca.php 第 59 行.
NOTIC: [8] Undefined index: p D:\WWW\WWW\furnitureshop\Application\Admin\Common\function.php 第 248 行.
NOTIC: [8] Undefined index: attr_status  D:\WWW\WWW\furnitureshop\Runtime\Cache\Admin\dd19ae3dfd5489184d60fce5263e40ca.php 第 59 行.
NOTIC: [8] Undefined index: p D:\WWW\WWW\furnitureshop\Application\Admin\Common\function.php 第 248 行.
NOTIC: [8] Undefined index: attr_status  D:\WWW\WWW\furnitureshop\Runtime\Cache\Admin\dd19ae3dfd5489184d60fce5263e40ca.php 第 59 行.
NOTIC: [8] Undefined index: p D:\WWW\WWW\furnitureshop\Application\Admin\Common\function.php 第 248 行.
NOTIC: [8] Undefined index: attr_status  D:\WWW\WWW\furnitureshop\Runtime\Cache\Admin\dd19ae3dfd5489184d60fce5263e40ca.php 第 59 行.
NOTIC: [8] Undefined index: p D:\WWW\WWW\furnitureshop\Application\Admin\Common\function.php 第 248 行.
NOTIC: [8] Undefined index: attr_status  D:\WWW\WWW\furnitureshop\Runtime\Cache\Admin\dd19ae3dfd5489184d60fce5263e40ca.php 第 59 行.
NOTIC: [8] Undefined index: p D:\WWW\WWW\furnitureshop\Application\Admin\Common\function.php 第 248 行.
NOTIC: [8] Undefined index: attr_status  D:\WWW\WWW\furnitureshop\Runtime\Cache\Admin\dd19ae3dfd5489184d60fce5263e40ca.php 第 59 行.
NOTIC: [8] Undefined index: p D:\WWW\WWW\furnitureshop\Application\Admin\Common\function.php 第 248 行.
NOTIC: [8] Undefined index: attr_status  D:\WWW\WWW\furnitureshop\Runtime\Cache\Admin\dd19ae3dfd5489184d60fce5263e40ca.php 第 59 行.
INFO: Run Behavior\ParseTemplate [ RunTime:0.012000s ]
INFO: [ view_parse ] --END-- [ RunTime:0.012000s ]
INFO: [ view_filter ] --START--
INFO: Run Behavior\WriteHtmlCache [ RunTime:0.000000s ]
INFO: [ view_filter ] --END-- [ RunTime:0.000000s ]
INFO: [ app_end ] --START--
INFO: Run Behavior\ShowPageTrace [ RunTime:0.001000s ]
INFO: [ app_end ] --END-- [ RunTime:0.001000s ]

[ 2017-05-15T14:31:18+08:00 ] ::1 /index.php/Admin/Goods/index
INFO: [ app_begin ] --START--
INFO: Run Behavior\ReadHtmlCache [ RunTime:0.001000s ]
INFO: [ app_begin ] --END-- [ RunTime:0.001000s ]
SQL: SHOW COLUMNS FROM `ln_member` [ RunTime:0.002000s ]
SQL: SELECT `disabled` FROM `ln_member` WHERE ( `id` = '2' ) LIMIT 1   [ RunTime:0.001000s ]
SQL: SHOW COLUMNS FROM `ln_shop_goods` [ RunTime:0.002000s ]
SQL: SELECT COUNT(goods.id) AS tp_count FROM ln_shop_goods goods left JOIN ln_shop_goods_attribute_value value ON goods.id = value.goods_id  WHERE ( value.attribute_id = 1 ) AND ( goods.status = 0 ) AND ( goods.member_id = '2' ) LIMIT 1   [ RunTime:0.002000s ]
SQL: SELECT goods.id,goods.add_time,goods.status,type.name,value.attr_value,member.user_name FROM ln_shop_goods goods left JOIN ln_shop_goods_type type ON goods.goods_category_id = type.id left JOIN ln_shop_goods_attribute_value value ON goods.id = value.goods_id left JOIN ln_member member ON goods.member_id = member.id  WHERE ( value.attribute_id = 1 ) AND ( goods.status = 0 ) AND ( goods.member_id = '2' ) ORDER BY add_time desc LIMIT 0,10   [ RunTime:0.003000s ]
SQL: SHOW COLUMNS FROM `ln_prompt_language` [ RunTime:0.001000s ]
SQL: SELECT promptlanguage.content FROM ln_prompt_language promptlanguage INNER JOIN ln_menu as menu ON promptlanguage.menu_id = menu.id  WHERE ( menu.url = 'Admin/Goods/index' ) LIMIT 1   [ RunTime:0.001000s ]
INFO: [ view_parse ] --START--
INFO: [ template_filter ] --START--
INFO: Run Behavior\ContentReplace [ RunTime:0.000000s ]
INFO: [ template_filter ] --END-- [ RunTime:0.000000s ]
NOTIC: [8] Undefined variable: meta_title D:\WWW\WWW\furnitureshop\Runtime\Cache\Admin\7460c3bd08e8aaf3e719467d6ea19bd3.php 第 5 行.
NOTIC: [8] Undefined index: p D:\WWW\WWW\furnitureshop\Application\Admin\Common\function.php 第 248 行.
NOTIC: [8] Undefined index: p D:\WWW\WWW\furnitureshop\Application\Admin\Common\function.php 第 248 行.
NOTIC: [8] Undefined index: p D:\WWW\WWW\furnitureshop\Application\Admin\Common\function.php 第 248 行.
NOTIC: [8] Undefined index: p D:\WWW\WWW\furnitureshop\Application\Admin\Common\function.php 第 248 行.
NOTIC: [8] Undefined index: p D:\WWW\WWW\furnitureshop\Application\Admin\Common\function.php 第 248 行.
NOTIC: [8] Undefined index: p D:\WWW\WWW\furnitureshop\Application\Admin\Common\function.php 第 248 行.
NOTIC: [8] Undefined index: p D:\WWW\WWW\furnitureshop\Application\Admin\Common\function.php 第 248 行.
NOTIC: [8] Undefined index: p D:\WWW\WWW\furnitureshop\Application\Admin\Common\function.php 第 248 行.
NOTIC: [8] Undefined index: p D:\WWW\WWW\furnitureshop\Application\Admin\Common\function.php 第 248 行.
NOTIC: [8] Undefined index: p D:\WWW\WWW\furnitureshop\Application\Admin\Common\function.php 第 248 行.
INFO: Run Behavior\ParseTemplate [ RunTime:0.016000s ]
INFO: [ view_parse ] --END-- [ RunTime:0.016000s ]
INFO: [ view_filter ] --START--
INFO: Run Behavior\WriteHtmlCache [ RunTime:0.001000s ]
INFO: [ view_filter ] --END-- [ RunTime:0.001000s ]
INFO: [ app_end ] --START--
INFO: Run Behavior\ShowPageTrace [ RunTime:0.001000s ]
INFO: [ app_end ] --END-- [ RunTime:0.001000s ]

[ 2017-05-15T14:31:19+08:00 ] ::1 /index.php/Admin/GoodsCategory/index
INFO: [ app_begin ] --START--
INFO: Run Behavior\ReadHtmlCache [ RunTime:0.000000s ]
INFO: [ app_begin ] --END-- [ RunTime:0.001000s ]
SQL: SHOW COLUMNS FROM `ln_member` [ RunTime:0.002000s ]
SQL: SELECT `disabled` FROM `ln_member` WHERE ( `id` = '2' ) LIMIT 1   [ RunTime:0.001000s ]
SQL: SHOW COLUMNS FROM `ln_shop_goods_type` [ RunTime:0.002000s ]
SQL: SELECT type.id,type.name,type.sort,type.parent_id,type.status,type.level as cate_level,type.add_time,member.user_name FROM ln_shop_goods_type type left JOIN ln_member member ON type.member_id = member.id  WHERE ( type.member_id = '2' ) AND ( type.status = 0 ) ORDER BY type.sort asc, type.id asc  [ RunTime:0.002000s ]
SQL: SHOW COLUMNS FROM `ln_prompt_language` [ RunTime:0.001000s ]
SQL: SELECT promptlanguage.content FROM ln_prompt_language promptlanguage INNER JOIN ln_menu as menu ON promptlanguage.menu_id = menu.id  WHERE ( menu.url = 'Admin/GoodsCategory/index' ) LIMIT 1   [ RunTime:0.002000s ]
INFO: [ view_parse ] --START--
INFO: [ template_filter ] --START--
INFO: Run Behavior\ContentReplace [ RunTime:0.000000s ]
INFO: [ template_filter ] --END-- [ RunTime:0.000000s ]
NOTIC: [8] Undefined variable: meta_title D:\WWW\WWW\furnitureshop\Runtime\Cache\Admin\26978043757b71012694ea357af27a4f.php 第 5 行.
NOTIC: [8] Undefined index: p D:\WWW\WWW\furnitureshop\Application\Admin\Common\function.php 第 248 行.
NOTIC: [8] Undefined index: p D:\WWW\WWW\furnitureshop\Application\Admin\Common\function.php 第 248 行.
NOTIC: [8] Undefined index: p D:\WWW\WWW\furnitureshop\Application\Admin\Common\function.php 第 248 行.
NOTIC: [8] Undefined index: p D:\WWW\WWW\furnitureshop\Application\Admin\Common\function.php 第 248 行.
NOTIC: [8] Undefined index: p D:\WWW\WWW\furnitureshop\Application\Admin\Common\function.php 第 248 行.
NOTIC: [8] Undefined index: p D:\WWW\WWW\furnitureshop\Application\Admin\Common\function.php 第 248 行.
NOTIC: [8] Undefined index: p D:\WWW\WWW\furnitureshop\Application\Admin\Common\function.php 第 248 行.
NOTIC: [8] Undefined index: p D:\WWW\WWW\furnitureshop\Application\Admin\Common\function.php 第 248 行.
NOTIC: [8] Undefined index: p D:\WWW\WWW\furnitureshop\Application\Admin\Common\function.php 第 248 行.
NOTIC: [8] Undefined index: p D:\WWW\WWW\furnitureshop\Application\Admin\Common\function.php 第 248 行.
NOTIC: [8] Undefined index: p D:\WWW\WWW\furnitureshop\Application\Admin\Common\function.php 第 248 行.
NOTIC: [8] Undefined index: p D:\WWW\WWW\furnitureshop\Application\Admin\Common\function.php 第 248 行.
NOTIC: [8] Undefined index: p D:\WWW\WWW\furnitureshop\Application\Admin\Common\function.php 第 248 行.
NOTIC: [8] Undefined index: p D:\WWW\WWW\furnitureshop\Application\Admin\Common\function.php 第 248 行.
NOTIC: [8] Undefined index: p D:\WWW\WWW\furnitureshop\Application\Admin\Common\function.php 第 248 行.
NOTIC: [8] Undefined index: p D:\WWW\WWW\furnitureshop\Application\Admin\Common\function.php 第 248 行.
NOTIC: [8] Undefined index: p D:\WWW\WWW\furnitureshop\Application\Admin\Common\function.php 第 248 行.
NOTIC: [8] Undefined index: p D:\WWW\WWW\furnitureshop\Application\Admin\Common\function.php 第 248 行.
NOTIC: [8] Undefined index: p D:\WWW\WWW\furnitureshop\Application\Admin\Common\function.php 第 248 行.
NOTIC: [8] Undefined index: p D:\WWW\WWW\furnitureshop\Application\Admin\Common\function.php 第 248 行.
NOTIC: [8] Undefined index: p D:\WWW\WWW\furnitureshop\Application\Admin\Common\function.php 第 248 行.
NOTIC: [8] Undefined index: p D:\WWW\WWW\furnitureshop\Application\Admin\Common\function.php 第 248 行.
NOTIC: [8] Undefined index: p D:\WWW\WWW\furnitureshop\Application\Admin\Common\function.php 第 248 行.
NOTIC: [8] Undefined index: p D:\WWW\WWW\furnitureshop\Application\Admin\Common\function.php 第 248 行.
NOTIC: [8] Undefined index: p D:\WWW\WWW\furnitureshop\Application\Admin\Common\function.php 第 248 行.
INFO: Run Behavior\ParseTemplate [ RunTime:0.010000s ]
INFO: [ view_parse ] --END-- [ RunTime:0.010000s ]
INFO: [ view_filter ] --START--
INFO: Run Behavior\WriteHtmlCache [ RunTime:0.000000s ]
INFO: [ view_filter ] --END-- [ RunTime:0.000000s ]
INFO: [ app_end ] --START--
INFO: Run Behavior\ShowPageTrace [ RunTime:0.001000s ]
INFO: [ app_end ] --END-- [ RunTime:0.001000s ]

[ 2017-05-15T14:31:20+08:00 ] ::1 /index.php/Admin/GoodsCategory/edit
INFO: [ app_begin ] --START--
INFO: Run Behavior\ReadHtmlCache [ RunTime:0.000000s ]
INFO: [ app_begin ] --END-- [ RunTime:0.000000s ]
SQL: SHOW COLUMNS FROM `ln_member` [ RunTime:0.002000s ]
SQL: SELECT `disabled` FROM `ln_member` WHERE ( `id` = '2' ) LIMIT 1   [ RunTime:0.001000s ]
NOTIC: [2048] Declaration of Admin\Model\MemberModel::_after_insert() should be compatible with Think\Model::_after_insert($data, $options) D:\WWW\WWW\furnitureshop\Application\Admin\Model\MemberModel.class.php 第 124 行.
SQL: SHOW COLUMNS FROM `ln_member` [ RunTime:0.002000s ]
SQL: SELECT `menu_ids` FROM `ln_member` WHERE ( id=2 ) LIMIT 1   [ RunTime:0.002000s ]
SQL: SHOW COLUMNS FROM `ln_menu` [ RunTime:0.001000s ]
SQL: SELECT COUNT(*) AS tp_count FROM `ln_menu` WHERE ( `id` IN ('16','422','428','402','403','441','443','444','405','445','446','406','447','448','449','407','453','454','408','455','456','409','450','451','452','418','457','458','410','411','459','460','461','507','508','420','513','514','462','463','464','510','414','465','425','466','467','426','512','468','68','226','492','493','494','502','504','511','517') ) AND ( `display` = 1 ) AND ( `url` = 'Admin/GoodsCategory/edit' ) LIMIT 1   [ RunTime:0.001000s ]
SQL: SHOW COLUMNS FROM `ln_shop_goods_type` [ RunTime:0.001000s ]
SQL: SELECT * FROM `ln_shop_goods_type` WHERE ( `id` = 0 ) LIMIT 1   [ RunTime:0.002000s ]
SQL: SELECT type.id,type.name,type.sort,type.parent_id,type.level as cate_level FROM ln_shop_goods_type type left JOIN ln_member member ON type.member_id = member.id  WHERE ( type.member_id = '2' ) AND ( type.status = 0 ) ORDER BY type.sort asc, type.id asc  [ RunTime:0.002000s ]
INFO: [ view_parse ] --START--
INFO: [ template_filter ] --START--
INFO: Run Behavior\ContentReplace [ RunTime:0.000000s ]
INFO: [ template_filter ] --END-- [ RunTime:0.000000s ]
NOTIC: [8] Undefined variable: meta_title D:\WWW\WWW\furnitureshop\Runtime\Cache\Admin\8b7d2aaaf84e7ec798f8df3bda257e91.php 第 5 行.
NOTIC: [8] Use of undefined constant id - assumed 'id' D:\WWW\WWW\furnitureshop\Runtime\Cache\Admin\8b7d2aaaf84e7ec798f8df3bda257e91.php 第 42 行.
NOTIC: [8] Use of undefined constant parent_id - assumed 'parent_id' D:\WWW\WWW\furnitureshop\Runtime\Cache\Admin\8b7d2aaaf84e7ec798f8df3bda257e91.php 第 42 行.
NOTIC: [8] Use of undefined constant id - assumed 'id' D:\WWW\WWW\furnitureshop\Runtime\Cache\Admin\8b7d2aaaf84e7ec798f8df3bda257e91.php 第 42 行.
NOTIC: [8] Use of undefined constant parent_id - assumed 'parent_id' D:\WWW\WWW\furnitureshop\Runtime\Cache\Admin\8b7d2aaaf84e7ec798f8df3bda257e91.php 第 42 行.
NOTIC: [8] Use of undefined constant id - assumed 'id' D:\WWW\WWW\furnitureshop\Runtime\Cache\Admin\8b7d2aaaf84e7ec798f8df3bda257e91.php 第 42 行.
NOTIC: [8] Use of undefined constant parent_id - assumed 'parent_id' D:\WWW\WWW\furnitureshop\Runtime\Cache\Admin\8b7d2aaaf84e7ec798f8df3bda257e91.php 第 42 行.
NOTIC: [8] Use of undefined constant id - assumed 'id' D:\WWW\WWW\furnitureshop\Runtime\Cache\Admin\8b7d2aaaf84e7ec798f8df3bda257e91.php 第 42 行.
NOTIC: [8] Use of undefined constant parent_id - assumed 'parent_id' D:\WWW\WWW\furnitureshop\Runtime\Cache\Admin\8b7d2aaaf84e7ec798f8df3bda257e91.php 第 42 行.
NOTIC: [8] Use of undefined constant id - assumed 'id' D:\WWW\WWW\furnitureshop\Runtime\Cache\Admin\8b7d2aaaf84e7ec798f8df3bda257e91.php 第 42 行.
NOTIC: [8] Use of undefined constant parent_id - assumed 'parent_id' D:\WWW\WWW\furnitureshop\Runtime\Cache\Admin\8b7d2aaaf84e7ec798f8df3bda257e91.php 第 42 行.
NOTIC: [8] Use of undefined constant id - assumed 'id' D:\WWW\WWW\furnitureshop\Runtime\Cache\Admin\8b7d2aaaf84e7ec798f8df3bda257e91.php 第 42 行.
NOTIC: [8] Use of undefined constant parent_id - assumed 'parent_id' D:\WWW\WWW\furnitureshop\Runtime\Cache\Admin\8b7d2aaaf84e7ec798f8df3bda257e91.php 第 42 行.
NOTIC: [8] Use of undefined constant id - assumed 'id' D:\WWW\WWW\furnitureshop\Runtime\Cache\Admin\8b7d2aaaf84e7ec798f8df3bda257e91.php 第 42 行.
NOTIC: [8] Use of undefined constant parent_id - assumed 'parent_id' D:\WWW\WWW\furnitureshop\Runtime\Cache\Admin\8b7d2aaaf84e7ec798f8df3bda257e91.php 第 42 行.
NOTIC: [8] Use of undefined constant id - assumed 'id' D:\WWW\WWW\furnitureshop\Runtime\Cache\Admin\8b7d2aaaf84e7ec798f8df3bda257e91.php 第 42 行.
NOTIC: [8] Use of undefined constant parent_id - assumed 'parent_id' D:\WWW\WWW\furnitureshop\Runtime\Cache\Admin\8b7d2aaaf84e7ec798f8df3bda257e91.php 第 42 行.
NOTIC: [8] Use of undefined constant id - assumed 'id' D:\WWW\WWW\furnitureshop\Runtime\Cache\Admin\8b7d2aaaf84e7ec798f8df3bda257e91.php 第 42 行.
NOTIC: [8] Use of undefined constant parent_id - assumed 'parent_id' D:\WWW\WWW\furnitureshop\Runtime\Cache\Admin\8b7d2aaaf84e7ec798f8df3bda257e91.php 第 42 行.
NOTIC: [8] Use of undefined constant id - assumed 'id' D:\WWW\WWW\furnitureshop\Runtime\Cache\Admin\8b7d2aaaf84e7ec798f8df3bda257e91.php 第 42 行.
NOTIC: [8] Use of undefined constant parent_id - assumed 'parent_id' D:\WWW\WWW\furnitureshop\Runtime\Cache\Admin\8b7d2aaaf84e7ec798f8df3bda257e91.php 第 42 行.
NOTIC: [8] Use of undefined constant id - assumed 'id' D:\WWW\WWW\furnitureshop\Runtime\Cache\Admin\8b7d2aaaf84e7ec798f8df3bda257e91.php 第 42 行.
NOTIC: [8] Use of undefined constant parent_id - assumed 'parent_id' D:\WWW\WWW\furnitureshop\Runtime\Cache\Admin\8b7d2aaaf84e7ec798f8df3bda257e91.php 第 42 行.
NOTIC: [8] Use of undefined constant id - assumed 'id' D:\WWW\WWW\furnitureshop\Runtime\Cache\Admin\8b7d2aaaf84e7ec798f8df3bda257e91.php 第 42 行.
NOTIC: [8] Use of undefined constant parent_id - assumed 'parent_id' D:\WWW\WWW\furnitureshop\Runtime\Cache\Admin\8b7d2aaaf84e7ec798f8df3bda257e91.php 第 42 行.
NOTIC: [8] Use of undefined constant id - assumed 'id' D:\WWW\WWW\furnitureshop\Runtime\Cache\Admin\8b7d2aaaf84e7ec798f8df3bda257e91.php 第 42 行.
NOTIC: [8] Use of undefined constant parent_id - assumed 'parent_id' D:\WWW\WWW\furnitureshop\Runtime\Cache\Admin\8b7d2aaaf84e7ec798f8df3bda257e91.php 第 42 行.
NOTIC: [8] Use of undefined constant id - assumed 'id' D:\WWW\WWW\furnitureshop\Runtime\Cache\Admin\8b7d2aaaf84e7ec798f8df3bda257e91.php 第 42 行.
NOTIC: [8] Use of undefined constant parent_id - assumed 'parent_id' D:\WWW\WWW\furnitureshop\Runtime\Cache\Admin\8b7d2aaaf84e7ec798f8df3bda257e91.php 第 42 行.
NOTIC: [8] Use of undefined constant id - assumed 'id' D:\WWW\WWW\furnitureshop\Runtime\Cache\Admin\8b7d2aaaf84e7ec798f8df3bda257e91.php 第 42 行.
NOTIC: [8] Use of undefined constant parent_id - assumed 'parent_id' D:\WWW\WWW\furnitureshop\Runtime\Cache\Admin\8b7d2aaaf84e7ec798f8df3bda257e91.php 第 42 行.
NOTIC: [8] Use of undefined constant id - assumed 'id' D:\WWW\WWW\furnitureshop\Runtime\Cache\Admin\8b7d2aaaf84e7ec798f8df3bda257e91.php 第 42 行.
NOTIC: [8] Use of undefined constant parent_id - assumed 'parent_id' D:\WWW\WWW\furnitureshop\Runtime\Cache\Admin\8b7d2aaaf84e7ec798f8df3bda257e91.php 第 42 行.
NOTIC: [8] Use of undefined constant id - assumed 'id' D:\WWW\WWW\furnitureshop\Runtime\Cache\Admin\8b7d2aaaf84e7ec798f8df3bda257e91.php 第 42 行.
NOTIC: [8] Use of undefined constant parent_id - assumed 'parent_id' D:\WWW\WWW\furnitureshop\Runtime\Cache\Admin\8b7d2aaaf84e7ec798f8df3bda257e91.php 第 42 行.
NOTIC: [8] Use of undefined constant id - assumed 'id' D:\WWW\WWW\furnitureshop\Runtime\Cache\Admin\8b7d2aaaf84e7ec798f8df3bda257e91.php 第 42 行.
NOTIC: [8] Use of undefined constant parent_id - assumed 'parent_id' D:\WWW\WWW\furnitureshop\Runtime\Cache\Admin\8b7d2aaaf84e7ec798f8df3bda257e91.php 第 42 行.
NOTIC: [8] Use of undefined constant id - assumed 'id' D:\WWW\WWW\furnitureshop\Runtime\Cache\Admin\8b7d2aaaf84e7ec798f8df3bda257e91.php 第 42 行.
NOTIC: [8] Use of undefined constant parent_id - assumed 'parent_id' D:\WWW\WWW\furnitureshop\Runtime\Cache\Admin\8b7d2aaaf84e7ec798f8df3bda257e91.php 第 42 行.
NOTIC: [8] Use of undefined constant id - assumed 'id' D:\WWW\WWW\furnitureshop\Runtime\Cache\Admin\8b7d2aaaf84e7ec798f8df3bda257e91.php 第 42 行.
NOTIC: [8] Use of undefined constant parent_id - assumed 'parent_id' D:\WWW\WWW\furnitureshop\Runtime\Cache\Admin\8b7d2aaaf84e7ec798f8df3bda257e91.php 第 42 行.
NOTIC: [8] Use of undefined constant id - assumed 'id' D:\WWW\WWW\furnitureshop\Runtime\Cache\Admin\8b7d2aaaf84e7ec798f8df3bda257e91.php 第 42 行.
NOTIC: [8] Use of undefined constant parent_id - assumed 'parent_id' D:\WWW\WWW\furnitureshop\Runtime\Cache\Admin\8b7d2aaaf84e7ec798f8df3bda257e91.php 第 42 行.
NOTIC: [8] Use of undefined constant id - assumed 'id' D:\WWW\WWW\furnitureshop\Runtime\Cache\Admin\8b7d2aaaf84e7ec798f8df3bda257e91.php 第 42 行.
NOTIC: [8] Use of undefined constant parent_id - assumed 'parent_id' D:\WWW\WWW\furnitureshop\Runtime\Cache\Admin\8b7d2aaaf84e7ec798f8df3bda257e91.php 第 42 行.
NOTIC: [8] Use of undefined constant id - assumed 'id' D:\WWW\WWW\furnitureshop\Runtime\Cache\Admin\8b7d2aaaf84e7ec798f8df3bda257e91.php 第 42 行.
NOTIC: [8] Use of undefined constant parent_id - assumed 'parent_id' D:\WWW\WWW\furnitureshop\Runtime\Cache\Admin\8b7d2aaaf84e7ec798f8df3bda257e91.php 第 42 行.
NOTIC: [8] Use of undefined constant id - assumed 'id' D:\WWW\WWW\furnitureshop\Runtime\Cache\Admin\8b7d2aaaf84e7ec798f8df3bda257e91.php 第 42 行.
NOTIC: [8] Use of undefined constant parent_id - assumed 'parent_id' D:\WWW\WWW\furnitureshop\Runtime\Cache\Admin\8b7d2aaaf84e7ec798f8df3bda257e91.php 第 42 行.
NOTIC: [8] Use of undefined constant id - assumed 'id' D:\WWW\WWW\furnitureshop\Runtime\Cache\Admin\8b7d2aaaf84e7ec798f8df3bda257e91.php 第 42 行.
NOTIC: [8] Use of undefined constant parent_id - assumed 'parent_id' D:\WWW\WWW\furnitureshop\Runtime\Cache\Admin\8b7d2aaaf84e7ec798f8df3bda257e91.php 第 42 行.
NOTIC: [8] Use of undefined constant sort - assumed 'sort' D:\WWW\WWW\furnitureshop\Runtime\Cache\Admin\8b7d2aaaf84e7ec798f8df3bda257e91.php 第 49 行.
INFO: Run Behavior\ParseTemplate [ RunTime:0.009000s ]
INFO: [ view_parse ] --END-- [ RunTime:0.009000s ]
INFO: [ view_filter ] --START--
INFO: Run Behavior\WriteHtmlCache [ RunTime:0.000000s ]
INFO: [ view_filter ] --END-- [ RunTime:0.000000s ]
INFO: [ app_end ] --START--
INFO: Run Behavior\ShowPageTrace [ RunTime:0.001000s ]
INFO: [ app_end ] --END-- [ RunTime:0.001000s ]

[ 2017-05-15T14:31:21+08:00 ] ::1 /index.php/Admin/Goods/index
INFO: [ app_begin ] --START--
INFO: Run Behavior\ReadHtmlCache [ RunTime:0.001000s ]
INFO: [ app_begin ] --END-- [ RunTime:0.002000s ]
SQL: SHOW COLUMNS FROM `ln_member` [ RunTime:0.002000s ]
SQL: SELECT `disabled` FROM `ln_member` WHERE ( `id` = '2' ) LIMIT 1   [ RunTime:0.001000s ]
SQL: SHOW COLUMNS FROM `ln_shop_goods` [ RunTime:0.002000s ]
SQL: SELECT COUNT(goods.id) AS tp_count FROM ln_shop_goods goods left JOIN ln_shop_goods_attribute_value value ON goods.id = value.goods_id  WHERE ( value.attribute_id = 1 ) AND ( goods.status = 0 ) AND ( goods.member_id = '2' ) LIMIT 1   [ RunTime:0.003000s ]
SQL: SELECT goods.id,goods.add_time,goods.status,type.name,value.attr_value,member.user_name FROM ln_shop_goods goods left JOIN ln_shop_goods_type type ON goods.goods_category_id = type.id left JOIN ln_shop_goods_attribute_value value ON goods.id = value.goods_id left JOIN ln_member member ON goods.member_id = member.id  WHERE ( value.attribute_id = 1 ) AND ( goods.status = 0 ) AND ( goods.member_id = '2' ) ORDER BY add_time desc LIMIT 0,10   [ RunTime:0.003000s ]
SQL: SHOW COLUMNS FROM `ln_prompt_language` [ RunTime:0.002000s ]
SQL: SELECT promptlanguage.content FROM ln_prompt_language promptlanguage INNER JOIN ln_menu as menu ON promptlanguage.menu_id = menu.id  WHERE ( menu.url = 'Admin/Goods/index' ) LIMIT 1   [ RunTime:0.002000s ]
INFO: [ view_parse ] --START--
INFO: [ template_filter ] --START--
INFO: Run Behavior\ContentReplace [ RunTime:0.000000s ]
INFO: [ template_filter ] --END-- [ RunTime:0.000000s ]
NOTIC: [8] Undefined variable: meta_title D:\WWW\WWW\furnitureshop\Runtime\Cache\Admin\7460c3bd08e8aaf3e719467d6ea19bd3.php 第 5 行.
NOTIC: [8] Undefined index: p D:\WWW\WWW\furnitureshop\Application\Admin\Common\function.php 第 248 行.
NOTIC: [8] Undefined index: p D:\WWW\WWW\furnitureshop\Application\Admin\Common\function.php 第 248 行.
NOTIC: [8] Undefined index: p D:\WWW\WWW\furnitureshop\Application\Admin\Common\function.php 第 248 行.
NOTIC: [8] Undefined index: p D:\WWW\WWW\furnitureshop\Application\Admin\Common\function.php 第 248 行.
NOTIC: [8] Undefined index: p D:\WWW\WWW\furnitureshop\Application\Admin\Common\function.php 第 248 行.
NOTIC: [8] Undefined index: p D:\WWW\WWW\furnitureshop\Application\Admin\Common\function.php 第 248 行.
NOTIC: [8] Undefined index: p D:\WWW\WWW\furnitureshop\Application\Admin\Common\function.php 第 248 行.
NOTIC: [8] Undefined index: p D:\WWW\WWW\furnitureshop\Application\Admin\Common\function.php 第 248 行.
NOTIC: [8] Undefined index: p D:\WWW\WWW\furnitureshop\Application\Admin\Common\function.php 第 248 行.
NOTIC: [8] Undefined index: p D:\WWW\WWW\furnitureshop\Application\Admin\Common\function.php 第 248 行.
INFO: Run Behavior\ParseTemplate [ RunTime:0.009000s ]
INFO: [ view_parse ] --END-- [ RunTime:0.009000s ]
INFO: [ view_filter ] --START--
INFO: Run Behavior\WriteHtmlCache [ RunTime:0.000000s ]
INFO: [ view_filter ] --END-- [ RunTime:0.000000s ]
INFO: [ app_end ] --START--
INFO: Run Behavior\ShowPageTrace [ RunTime:0.001000s ]
INFO: [ app_end ] --END-- [ RunTime:0.001000s ]

[ 2017-05-15T14:31:22+08:00 ] ::1 /index.php/Admin/Goods/edit
INFO: [ app_begin ] --START--
INFO: Run Behavior\ReadHtmlCache [ RunTime:0.001000s ]
INFO: [ app_begin ] --END-- [ RunTime:0.001000s ]
SQL: SHOW COLUMNS FROM `ln_member` [ RunTime:0.001000s ]
SQL: SELECT `disabled` FROM `ln_member` WHERE ( `id` = '2' ) LIMIT 1   [ RunTime:0.002000s ]
NOTIC: [2048] Declaration of Admin\Model\MemberModel::_after_insert() should be compatible with Think\Model::_after_insert($data, $options) D:\WWW\WWW\furnitureshop\Application\Admin\Model\MemberModel.class.php 第 124 行.
SQL: SHOW COLUMNS FROM `ln_member` [ RunTime:0.002000s ]
SQL: SELECT `menu_ids` FROM `ln_member` WHERE ( id=2 ) LIMIT 1   [ RunTime:0.001000s ]
SQL: SHOW COLUMNS FROM `ln_menu` [ RunTime:0.002000s ]
SQL: SELECT COUNT(*) AS tp_count FROM `ln_menu` WHERE ( `id` IN ('16','422','428','402','403','441','443','444','405','445','446','406','447','448','449','407','453','454','408','455','456','409','450','451','452','418','457','458','410','411','459','460','461','507','508','420','513','514','462','463','464','510','414','465','425','466','467','426','512','468','68','226','492','493','494','502','504','511','517') ) AND ( `display` = 1 ) AND ( `url` = 'Admin/Goods/edit' ) LIMIT 1   [ RunTime:0.001000s ]
SQL: SHOW COLUMNS FROM `ln_shop_goods_type` [ RunTime:0.001000s ]
SQL: SELECT type.id,type.name,type.parent_id,type.level as cate_level FROM ln_shop_goods_type type left JOIN ln_member member ON type.member_id = member.id  WHERE ( type.member_id = '2' ) AND ( type.status = 0 ) ORDER BY type.sort asc, type.id asc  [ RunTime:0.001000s ]
SQL: SHOW COLUMNS FROM `ln_shop_goods_attribute` [ RunTime:0.002000s ]
SQL: SELECT COUNT(id) AS tp_count FROM `ln_shop_goods_attribute` WHERE ( `attr_mode` = 0 ) AND ( `attr_status` = 0 ) LIMIT 1   [ RunTime:0.002000s ]
SQL: SELECT `id`,`attr_name`,`attr_type`,`attr_value` FROM `ln_shop_goods_attribute` WHERE ( `attr_mode` = 0 ) AND ( `attr_status` = 0 ) ORDER BY attr_sort asc, id asc LIMIT 0,10   [ RunTime:0.002000s ]
INFO: [ view_parse ] --START--
INFO: [ template_filter ] --START--
INFO: Run Behavior\ContentReplace [ RunTime:0.000000s ]
INFO: [ template_filter ] --END-- [ RunTime:0.000000s ]
NOTIC: [8] Undefined variable: meta_title D:\WWW\WWW\furnitureshop\Runtime\Cache\Admin\346dfcdf6ec8d3c93d33b5eb4f636a21.php 第 5 行.
NOTIC: [8] Use of undefined constant id - assumed 'id' D:\WWW\WWW\furnitureshop\Runtime\Cache\Admin\346dfcdf6ec8d3c93d33b5eb4f636a21.php 第 80 行.
NOTIC: [8] Use of undefined constant id - assumed 'id' D:\WWW\WWW\furnitureshop\Runtime\Cache\Admin\346dfcdf6ec8d3c93d33b5eb4f636a21.php 第 80 行.
NOTIC: [8] Use of undefined constant id - assumed 'id' D:\WWW\WWW\furnitureshop\Runtime\Cache\Admin\346dfcdf6ec8d3c93d33b5eb4f636a21.php 第 80 行.
NOTIC: [8] Use of undefined constant id - assumed 'id' D:\WWW\WWW\furnitureshop\Runtime\Cache\Admin\346dfcdf6ec8d3c93d33b5eb4f636a21.php 第 80 行.
NOTIC: [8] Use of undefined constant id - assumed 'id' D:\WWW\WWW\furnitureshop\Runtime\Cache\Admin\346dfcdf6ec8d3c93d33b5eb4f636a21.php 第 80 行.
NOTIC: [8] Use of undefined constant id - assumed 'id' D:\WWW\WWW\furnitureshop\Runtime\Cache\Admin\346dfcdf6ec8d3c93d33b5eb4f636a21.php 第 80 行.
NOTIC: [8] Use of undefined constant attr_value - assumed 'attr_value' D:\WWW\WWW\furnitureshop\Runtime\Cache\Admin\346dfcdf6ec8d3c93d33b5eb4f636a21.php 第 94 行.
NOTIC: [8] Use of undefined constant attr_value - assumed 'attr_value' D:\WWW\WWW\furnitureshop\Runtime\Cache\Admin\346dfcdf6ec8d3c93d33b5eb4f636a21.php 第 94 行.
NOTIC: [8] Use of undefined constant id - assumed 'id' D:\WWW\WWW\furnitureshop\Runtime\Cache\Admin\346dfcdf6ec8d3c93d33b5eb4f636a21.php 第 80 行.
NOTIC: [8] Undefined variable: info D:\WWW\WWW\furnitureshop\Runtime\Cache\Admin\346dfcdf6ec8d3c93d33b5eb4f636a21.php 第 129 行.
NOTIC: [8] Undefined variable: info D:\WWW\WWW\furnitureshop\Runtime\Cache\Admin\346dfcdf6ec8d3c93d33b5eb4f636a21.php 第 135 行.
INFO: Run Behavior\ParseTemplate [ RunTime:0.009000s ]
INFO: [ view_parse ] --END-- [ RunTime:0.009000s ]
INFO: [ view_filter ] --START--
INFO: Run Behavior\WriteHtmlCache [ RunTime:0.001000s ]
INFO: [ view_filter ] --END-- [ RunTime:0.001000s ]
INFO: [ app_end ] --START--
INFO: Run Behavior\ShowPageTrace [ RunTime:0.000000s ]
INFO: [ app_end ] --END-- [ RunTime:0.000000s ]

[ 2017-05-15T14:58:31+08:00 ] ::1 /index.php/Goods/favoriteDetailApi/getFavoriteDetailList
INFO: [ app_begin ] --START--
INFO: Run Behavior\ReadHtmlCache [ RunTime:0.000000s ]
INFO: [ app_begin ] --END-- [ RunTime:0.000000s ]
SQL: SHOW COLUMNS FROM `ln_member_machine_code` [ RunTime:0.002000s ]
SQL: SELECT `member_id` FROM `ln_member_machine_code` WHERE ( `token` = '279626684372566165' ) LIMIT 1   [ RunTime:0.001000s ]

[ 2017-05-15T15:05:07+08:00 ] ::1 /index.php/Goods/favoriteDetailApi/getFavoriteDetailList
INFO: [ app_begin ] --START--
INFO: Run Behavior\ReadHtmlCache [ RunTime:0.001000s ]
INFO: [ app_begin ] --END-- [ RunTime:0.001000s ]
SQL: SHOW COLUMNS FROM `ln_member_machine_code` [ RunTime:0.001000s ]
SQL: SELECT `member_id` FROM `ln_member_machine_code` WHERE ( `token` = '369576230938839854' ) LIMIT 1   [ RunTime:0.001000s ]

[ 2017-05-15T15:13:59+08:00 ] ::1 /index.php/Member/MobileApi/getMobileCode
INFO: [ app_begin ] --START--
INFO: Run Behavior\ReadHtmlCache [ RunTime:0.002000s ]
INFO: [ app_begin ] --END-- [ RunTime:0.002000s ]
ERR: 无法加载控制器:MobileApi

[ 2017-05-15T15:14:26+08:00 ] ::1 /index.php/Member/MobileApi/getMobileCode
INFO: [ app_begin ] --START--
INFO: Run Behavior\ReadHtmlCache [ RunTime:0.001000s ]
INFO: [ app_begin ] --END-- [ RunTime:0.001000s ]
ERR: 无法加载控制器:MobileApi

[ 2017-05-15T15:14:27+08:00 ] ::1 /index.php/Member/MobileApi/getMobileCode
INFO: [ app_begin ] --START--
INFO: Run Behavior\ReadHtmlCache [ RunTime:0.000000s ]
INFO: [ app_begin ] --END-- [ RunTime:0.002000s ]
ERR: 无法加载控制器:MobileApi

[ 2017-05-15T15:14:28+08:00 ] ::1 /index.php/Member/MobileApi/getMobileCode
INFO: [ app_begin ] --START--
INFO: Run Behavior\ReadHtmlCache [ RunTime:0.001000s ]
INFO: [ app_begin ] --END-- [ RunTime:0.001000s ]
ERR: 无法加载控制器:MobileApi

[ 2017-05-15T15:17:34+08:00 ] ::1 /index.php/Member/MobileApi/getMobileCode
INFO: [ app_begin ] --START--
INFO: Run Behavior\ReadHtmlCache [ RunTime:0.001000s ]
INFO: [ app_begin ] --END-- [ RunTime:0.002000s ]
NOTIC: [8] Undefined index: code D:\WWW\WWW\furnitureshop\Application\Member\Controller\MobileApiController.class.php 第 12 行.
INFO: [ app_end ] --START--
INFO: Run Behavior\ShowPageTrace [ RunTime:0.001000s ]
INFO: [ app_end ] --END-- [ RunTime:0.001000s ]

[ 2017-05-15T15:18:32+08:00 ] ::1 /index.php/Member/MobileApi/getMobileCode
INFO: [ app_begin ] --START--
INFO: Run Behavior\ReadHtmlCache [ RunTime:0.000000s ]
INFO: [ app_begin ] --END-- [ RunTime:0.001000s ]
INFO: [ app_end ] --START--
INFO: Run Behavior\ShowPageTrace [ RunTime:0.000000s ]
INFO: [ app_end ] --END-- [ RunTime:0.000000s ]

[ 2017-05-15T15:21:37+08:00 ] ::1 /index.php/Member/MobileApi/getMobileCode
INFO: [ app_begin ] --START--
INFO: Run Behavior\ReadHtmlCache [ RunTime:0.001000s ]
INFO: [ app_begin ] --END-- [ RunTime:0.001000s ]

[ 2017-05-15T15:22:57+08:00 ] ::1 /index.php/Member/MobileApi/getMobileCode
INFO: [ app_begin ] --START--
INFO: Run Behavior\ReadHtmlCache [ RunTime:0.000000s ]
INFO: [ app_begin ] --END-- [ RunTime:0.000000s ]
INFO: [ app_end ] --START--
INFO: Run Behavior\ShowPageTrace [ RunTime:0.000000s ]
INFO: [ app_end ] --END-- [ RunTime:0.000000s ]

[ 2017-05-15T15:23:07+08:00 ] ::1 /index.php/Member/MobileApi/getMobileCode
INFO: [ app_begin ] --START--
INFO: Run Behavior\ReadHtmlCache [ RunTime:0.000000s ]
INFO: [ app_begin ] --END-- [ RunTime:0.000000s ]
INFO: [ app_end ] --START--
INFO: Run Behavior\ShowPageTrace [ RunTime:0.000000s ]
INFO: [ app_end ] --END-- [ RunTime:0.000000s ]

[ 2017-05-15T15:23:28+08:00 ] ::1 /index.php/Member/MobileApi/getMobileCode
INFO: [ app_begin ] --START--
INFO: Run Behavior\ReadHtmlCache [ RunTime:0.000000s ]
INFO: [ app_begin ] --END-- [ RunTime:0.000000s ]

[ 2017-05-15T15:24:35+08:00 ] ::1 /index.php/Member/MobileApi/getMobileCode
INFO: [ app_begin ] --START--
INFO: Run Behavior\ReadHtmlCache [ RunTime:0.000000s ]
INFO: [ app_begin ] --END-- [ RunTime:0.000000s ]
NOTIC: [8] Undefined variable: key D:\WWW\WWW\furnitureshop\Application\Member\Controller\MobileApiController.class.php 第 19 行.
NOTIC: [8] Undefined variable: value D:\WWW\WWW\furnitureshop\Application\Member\Controller\MobileApiController.class.php 第 19 行.
NOTIC: [8] Undefined variable: key D:\WWW\WWW\furnitureshop\Application\Member\Controller\MobileApiController.class.php 第 19 行.
NOTIC: [8] Undefined variable: value D:\WWW\WWW\furnitureshop\Application\Member\Controller\MobileApiController.class.php 第 19 行.

[ 2017-05-15T15:25:04+08:00 ] ::1 /index.php/Member/MobileApi/getMobileCode
INFO: [ app_begin ] --START--
INFO: Run Behavior\ReadHtmlCache [ RunTime:0.001000s ]
INFO: [ app_begin ] --END-- [ RunTime:0.001000s ]

[ 2017-05-15T15:25:20+08:00 ] ::1 /index.php/Member/MobileApi/getMobileCode
INFO: [ app_begin ] --START--
INFO: Run Behavior\ReadHtmlCache [ RunTime:0.000000s ]
INFO: [ app_begin ] --END-- [ RunTime:0.001000s ]
NOTIC: [8] Undefined variable: key D:\WWW\WWW\furnitureshop\Application\Member\Controller\MobileApiController.class.php 第 21 行.
NOTIC: [8] Undefined variable: value D:\WWW\WWW\furnitureshop\Application\Member\Controller\MobileApiController.class.php 第 21 行.
NOTIC: [8] Undefined variable: key D:\WWW\WWW\furnitureshop\Application\Member\Controller\MobileApiController.class.php 第 21 行.
NOTIC: [8] Undefined variable: value D:\WWW\WWW\furnitureshop\Application\Member\Controller\MobileApiController.class.php 第 21 行.

[ 2017-05-15T15:25:40+08:00 ] ::1 /index.php/Member/MobileApi/getMobileCode
INFO: [ app_begin ] --START--
INFO: Run Behavior\ReadHtmlCache [ RunTime:0.000000s ]
INFO: [ app_begin ] --END-- [ RunTime:0.002000s ]

[ 2017-05-15T15:25:56+08:00 ] ::1 /index.php/Member/MobileApi/getMobileCode
INFO: [ app_begin ] --START--
INFO: Run Behavior\ReadHtmlCache [ RunTime:0.001000s ]
INFO: [ app_begin ] --END-- [ RunTime:0.001000s ]

[ 2017-05-15T15:26:32+08:00 ] ::1 /index.php/Member/MobileApi/getMobileCode
INFO: [ app_begin ] --START--
INFO: Run Behavior\ReadHtmlCache [ RunTime:0.000000s ]
INFO: [ app_begin ] --END-- [ RunTime:0.000000s ]

[ 2017-05-15T15:26:59+08:00 ] ::1 /index.php/Member/MobileApi/getMobileCode
INFO: [ app_begin ] --START--
INFO: Run Behavior\ReadHtmlCache [ RunTime:0.000000s ]
INFO: [ app_begin ] --END-- [ RunTime:0.000000s ]

[ 2017-05-15T15:28:20+08:00 ] ::1 /index.php/Member/MobileApi/getMobileCode
INFO: [ app_begin ] --START--
INFO: Run Behavior\ReadHtmlCache [ RunTime:0.001000s ]
INFO: [ app_begin ] --END-- [ RunTime:0.001000s ]

[ 2017-05-15T15:28:31+08:00 ] ::1 /index.php/Member/MobileApi/getMobileCode
INFO: [ app_begin ] --START--
INFO: Run Behavior\ReadHtmlCache [ RunTime:0.000000s ]
INFO: [ app_begin ] --END-- [ RunTime:0.001000s ]
NOTIC: [8] Use of undefined constant type - assumed 'type' D:\WWW\WWW\furnitureshop\Application\Member\Controller\MobileApiController.class.php 第 22 行.
INFO: [ app_end ] --START--
INFO: Run Behavior\ShowPageTrace [ RunTime:0.001000s ]
INFO: [ app_end ] --END-- [ RunTime:0.001000s ]

[ 2017-05-15T15:28:34+08:00 ] ::1 /index.php/Member/MobileApi/getMobileCode
INFO: [ app_begin ] --START--
INFO: Run Behavior\ReadHtmlCache [ RunTime:0.000000s ]
INFO: [ app_begin ] --END-- [ RunTime:0.000000s ]
NOTIC: [8] Use of undefined constant type - assumed 'type' D:\WWW\WWW\furnitureshop\Application\Member\Controller\MobileApiController.class.php 第 22 行.
INFO: [ app_end ] --START--
INFO: Run Behavior\ShowPageTrace [ RunTime:0.000000s ]
INFO: [ app_end ] --END-- [ RunTime:0.000000s ]

[ 2017-05-15T15:28:41+08:00 ] ::1 /index.php/Member/MobileApi/getMobileCode
INFO: [ app_begin ] --START--
INFO: Run Behavior\ReadHtmlCache [ RunTime:0.001000s ]
INFO: [ app_begin ] --END-- [ RunTime:0.001000s ]
NOTIC: [8] Use of undefined constant type - assumed 'type' D:\WWW\WWW\furnitureshop\Application\Member\Controller\MobileApiController.class.php 第 22 行.
NOTIC: [8] Use of undefined constant type - assumed 'type' D:\WWW\WWW\furnitureshop\Application\Member\Controller\MobileApiController.class.php 第 24 行.
INFO: [ app_end ] --START--
INFO: Run Behavior\ShowPageTrace [ RunTime:0.001000s ]
INFO: [ app_end ] --END-- [ RunTime:0.001000s ]

[ 2017-05-15T15:34:01+08:00 ] ::1 /index.php/Member/MobileApi/getMobileCode
INFO: [ app_begin ] --START--
INFO: Run Behavior\ReadHtmlCache [ RunTime:0.000000s ]
INFO: [ app_begin ] --END-- [ RunTime:0.001000s ]
NOTIC: [8] Use of undefined constant type - assumed 'type' D:\WWW\WWW\furnitureshop\Application\Member\Controller\MobileApiController.class.php 第 22 行.
NOTIC: [8] Use of undefined constant type - assumed 'type' D:\WWW\WWW\furnitureshop\Application\Member\Controller\MobileApiController.class.php 第 24 行.
INFO: [ app_end ] --START--
INFO: Run Behavior\ShowPageTrace [ RunTime:0.000000s ]
INFO: [ app_end ] --END-- [ RunTime:0.000000s ]

[ 2017-05-15T15:38:02+08:00 ] ::1 /index.php/Member/MobileApi/getMobileCode
INFO: [ app_begin ] --START--
INFO: Run Behavior\ReadHtmlCache [ RunTime:0.001000s ]
INFO: [ app_begin ] --END-- [ RunTime:0.001000s ]
NOTIC: [8] Use of undefined constant type - assumed 'type' D:\WWW\WWW\furnitureshop\Application\Member\Controller\MobileApiController.class.php 第 22 行.
NOTIC: [8] Use of undefined constant type - assumed 'type' D:\WWW\WWW\furnitureshop\Application\Member\Controller\MobileApiController.class.php 第 25 行.

[ 2017-05-15T15:38:15+08:00 ] ::1 /index.php/Member/MobileApi/getMobileCode
INFO: [ app_begin ] --START--
INFO: Run Behavior\ReadHtmlCache [ RunTime:0.001000s ]
INFO: [ app_begin ] --END-- [ RunTime:0.001000s ]
NOTIC: [8] Use of undefined constant type - assumed 'type' D:\WWW\WWW\furnitureshop\Application\Member\Controller\MobileApiController.class.php 第 22 行.

[ 2017-05-15T15:45:57+08:00 ] ::1 /index.php/Member/MobileApi/getMobileCode
INFO: [ app_begin ] --START--
INFO: Run Behavior\ReadHtmlCache [ RunTime:0.000000s ]
INFO: [ app_begin ] --END-- [ RunTime:0.000000s ]
NOTIC: [8] Use of undefined constant type - assumed 'type' D:\WWW\WWW\furnitureshop\Application\Member\Controller\MobileApiController.class.php 第 22 行.

[ 2017-05-15T15:48:15+08:00 ] ::1 /index.php/Member/MobileApi/getMobileCode
INFO: [ app_begin ] --START--
INFO: Run Behavior\ReadHtmlCache [ RunTime:0.001000s ]
INFO: [ app_begin ] --END-- [ RunTime:0.001000s ]

[ 2017-05-15T15:48:46+08:00 ] ::1 /index.php/Member/MobileApi/getMobileCode
INFO: [ app_begin ] --START--
INFO: Run Behavior\ReadHtmlCache [ RunTime:0.001000s ]
INFO: [ app_begin ] --END-- [ RunTime:0.001000s ]

[ 2017-05-15T15:48:47+08:00 ] ::1 /index.php/Member/MobileApi/getMobileCode
INFO: [ app_begin ] --START--
INFO: Run Behavior\ReadHtmlCache [ RunTime:0.000000s ]
INFO: [ app_begin ] --END-- [ RunTime:0.001000s ]

[ 2017-05-15T15:48:57+08:00 ] ::1 /index.php/Member/MobileApi/getMobileCode
INFO: [ app_begin ] --START--
INFO: Run Behavior\ReadHtmlCache [ RunTime:0.000000s ]
INFO: [ app_begin ] --END-- [ RunTime:0.000000s ]
NOTIC: [8] Use of undefined constant type - assumed 'type' D:\WWW\WWW\furnitureshop\Application\Member\Controller\MobileApiController.class.php 第 22 行.

[ 2017-05-15T15:51:24+08:00 ] ::1 /index.php/Member/MobileApi/getMobileCode
INFO: [ app_begin ] --START--
INFO: Run Behavior\ReadHtmlCache [ RunTime:0.001000s ]
INFO: [ app_begin ] --END-- [ RunTime:0.001000s ]
NOTIC: [8] Use of undefined constant type - assumed 'type' D:\WWW\WWW\furnitureshop\Application\Member\Controller\MobileApiController.class.php 第 22 行.

[ 2017-05-15T15:54:30+08:00 ] ::1 /index.php/Member/MobileApi/getMobileCode
INFO: [ app_begin ] --START--
INFO: Run Behavior\ReadHtmlCache [ RunTime:0.000000s ]
INFO: [ app_begin ] --END-- [ RunTime:0.000000s ]
NOTIC: [8] Use of undefined constant type - assumed 'type' D:\WWW\WWW\furnitureshop\Application\Member\Controller\MobileApiController.class.php 第 22 行.

[ 2017-05-15T15:55:42+08:00 ] ::1 /index.php/Member/MobileApi/getMobileCode
INFO: [ app_begin ] --START--
INFO: Run Behavior\ReadHtmlCache [ RunTime:0.000000s ]
INFO: [ app_begin ] --END-- [ RunTime:0.000000s ]
NOTIC: [8] Use of undefined constant type - assumed 'type' D:\WWW\WWW\furnitureshop\Application\Member\Controller\MobileApiController.class.php 第 22 行.

[ 2017-05-15T16:45:16+08:00 ] ::1 /index.php/Upgrade/UpgradeTypeApi/getType
INFO: [ app_begin ] --START--
INFO: Run Behavior\ReadHtmlCache [ RunTime:0.000000s ]
INFO: [ app_begin ] --END-- [ RunTime:0.000000s ]
SQL: SHOW COLUMNS FROM `ln_member_machine_code` [ RunTime:0.000000s ]
SQL: SELECT `member_id` FROM `ln_member_machine_code` WHERE ( `machine_code` = '54d71d6cd61438ce' ) LIMIT 1   [ RunTime:0.000000s ]
SQL: SHOW COLUMNS FROM `ln_upgrade_detail` [ RunTime:0.000000s ]
SQL: SELECT * FROM `ln_upgrade_detail` WHERE ( `member_id` = '2' ) ORDER BY id desc LIMIT 1   [ RunTime:0.010000s ]
SQL: SHOW COLUMNS FROM `ln_upgrade` [ RunTime:0.000000s ]
SQL: SELECT `file_path`,`version` FROM `ln_upgrade` WHERE ( `id` = '8' ) AND ( `type` = 2 )  [ RunTime:0.000000s ]

[ 2017-05-15T16:46:06+08:00 ] ::1 /index.php/Upgrade/UpgradeTypeApi/getType
INFO: [ app_begin ] --START--
INFO: Run Behavior\ReadHtmlCache [ RunTime:0.000000s ]
INFO: [ app_begin ] --END-- [ RunTime:0.001000s ]
SQL: SHOW COLUMNS FROM `ln_member_machine_code` [ RunTime:0.000000s ]
SQL: SELECT `member_id` FROM `ln_member_machine_code` WHERE ( `machine_code` = '54d71d6cd61438ce' ) LIMIT 1   [ RunTime:0.000000s ]
SQL: SHOW COLUMNS FROM `ln_upgrade_detail` [ RunTime:0.000000s ]
SQL: SELECT * FROM `ln_upgrade_detail` WHERE ( `member_id` = '2' ) ORDER BY id desc LIMIT 1   [ RunTime:0.010000s ]
SQL: SHOW COLUMNS FROM `ln_upgrade` [ RunTime:0.000000s ]
SQL: SELECT `file_path`,`version` FROM `ln_upgrade` WHERE ( `id` = '8' ) AND ( `type` = 2 )  [ RunTime:0.000000s ]

[ 2017-05-15T16:46:26+08:00 ] ::1 /index.php/Upgrade/UpgradeTypeApi/getType
INFO: [ app_begin ] --START--
INFO: Run Behavior\ReadHtmlCache [ RunTime:0.001000s ]
INFO: [ app_begin ] --END-- [ RunTime:0.001000s ]
SQL: SHOW COLUMNS FROM `ln_member_machine_code` [ RunTime:0.001000s ]
SQL: SELECT `member_id` FROM `ln_member_machine_code` WHERE ( `machine_code` = '54d71d6cd61438ce' ) LIMIT 1   [ RunTime:0.001000s ]
SQL: SHOW COLUMNS FROM `ln_upgrade_detail` [ RunTime:0.002000s ]
SQL: SELECT * FROM `ln_upgrade_detail` WHERE ( `member_id` = '2' ) ORDER BY id desc LIMIT 1   [ RunTime:0.002000s ]
SQL: SHOW COLUMNS FROM `ln_upgrade` [ RunTime:0.001000s ]
SQL: SELECT `file_path`,`version` FROM `ln_upgrade` WHERE ( `id` = '8' ) AND ( `type` = 2 )  [ RunTime:0.002000s ]

[ 2017-05-15T16:47:02+08:00 ] ::1 /index.php/Upgrade/UpgradeTypeApi/getType
INFO: [ app_begin ] --START--
INFO: Run Behavior\ReadHtmlCache [ RunTime:0.001000s ]
INFO: [ app_begin ] --END-- [ RunTime:0.001000s ]
SQL: SHOW COLUMNS FROM `ln_member_machine_code` [ RunTime:0.003000s ]
SQL: SELECT `member_id` FROM `ln_member_machine_code` WHERE ( `machine_code` = '54d71d6cd61438ce' ) LIMIT 1   [ RunTime:0.003000s ]
SQL: SHOW COLUMNS FROM `ln_upgrade_detail` [ RunTime:0.003000s ]
SQL: SELECT * FROM `ln_upgrade_detail` WHERE ( `member_id` = '2' ) ORDER BY id desc LIMIT 1   [ RunTime:0.003000s ]
SQL: SHOW COLUMNS FROM `ln_upgrade` [ RunTime:0.004000s ]
SQL: SELECT `file_path`,`version` FROM `ln_upgrade` WHERE ( `id` = '8' ) AND ( `type` = 2 )  [ RunTime:0.003000s ]

[ 2017-05-15T16:50:59+08:00 ] ::1 /index.php/Member/MobileApi/getMobileCode
INFO: [ app_begin ] --START--
INFO: Run Behavior\ReadHtmlCache [ RunTime:0.000000s ]
INFO: [ app_begin ] --END-- [ RunTime:0.000000s ]

[ 2017-05-15T16:51:41+08:00 ] ::1 /index.php/Member/MobileApi/getMobileCode
INFO: [ app_begin ] --START--
INFO: Run Behavior\ReadHtmlCache [ RunTime:0.001000s ]
INFO: [ app_begin ] --END-- [ RunTime:0.001000s ]
NOTIC: [8] Use of undefined constant type - assumed 'type' D:\WWW\WWW\furnitureshop\Application\Member\Controller\MobileApiController.class.php 第 22 行.

[ 2017-05-15T17:13:35+08:00 ] ::1 /index.php/Member/MobileApi/getMobileCode
INFO: [ app_begin ] --START--
INFO: Run Behavior\ReadHtmlCache [ RunTime:0.000000s ]
INFO: [ app_begin ] --END-- [ RunTime:0.001000s ]
NOTIC: [8] Undefined index: code D:\WWW\WWW\furnitureshop\Application\Member\Controller\MobileApiController.class.php 第 12 行.

[ 2017-05-15T17:46:42+08:00 ] ::1 /index.php/Member/MobileApi/getMobileCode
INFO: [ app_begin ] --START--
INFO: Run Behavior\ReadHtmlCache [ RunTime:0.000000s ]
INFO: [ app_begin ] --END-- [ RunTime:0.000000s ]
NOTIC: [8] Use of undefined constant type - assumed 'type' D:\WWW\WWW\furnitureshop\Application\Member\Controller\MobileApiController.class.php 第 22 行.

[ 2017-05-15T17:47:02+08:00 ] ::1 /index.php/Member/MobileApi/getMobileCode
INFO: [ app_begin ] --START--
INFO: Run Behavior\ReadHtmlCache [ RunTime:0.000000s ]
INFO: [ app_begin ] --END-- [ RunTime:0.000000s ]
NOTIC: [8] Use of undefined constant type - assumed 'type' D:\WWW\WWW\furnitureshop\Application\Member\Controller\MobileApiController.class.php 第 22 行.

[ 2017-05-15T17:47:16+08:00 ] ::1 /index.php/Member/MobileApi/getMobileCode
INFO: [ app_begin ] --START--
INFO: Run Behavior\ReadHtmlCache [ RunTime:0.001000s ]
INFO: [ app_begin ] --END-- [ RunTime:0.001000s ]
NOTIC: [8] Use of undefined constant type - assumed 'type' D:\WWW\WWW\furnitureshop\Application\Member\Controller\MobileApiController.class.php 第 22 行.

[ 2017-05-15T17:49:32+08:00 ] 192.168.3.15 /index.php/Member/MobileApi/getMobileCode
INFO: [ app_begin ] --START--
INFO: Run Behavior\ReadHtmlCache [ RunTime:0.000000s ]
INFO: [ app_begin ] --END-- [ RunTime:0.000000s ]
NOTIC: [8] Use of undefined constant type - assumed 'type' D:\WWW\WWW\furnitureshop\Application\Member\Controller\MobileApiController.class.php 第 22 行.

[ 2017-05-15T17:50:08+08:00 ] 192.168.3.9 /index.php/Member/MobileApi/getMobileCode
INFO: [ app_begin ] --START--
INFO: Run Behavior\ReadHtmlCache [ RunTime:0.000000s ]
INFO: [ app_begin ] --END-- [ RunTime:0.000000s ]
NOTIC: [8] Use of undefined constant type - assumed 'type' D:\WWW\WWW\furnitureshop\Application\Member\Controller\MobileApiController.class.php 第 22 行.

[ 2017-05-15T17:52:50+08:00 ] 192.168.3.9 /index.php/Member/MobileApi/getMobileCode
INFO: [ app_begin ] --START--
INFO: Run Behavior\ReadHtmlCache [ RunTime:0.000000s ]
INFO: [ app_begin ] --END-- [ RunTime:0.001000s ]
NOTIC: [8] Use of undefined constant type - assumed 'type' D:\WWW\WWW\furnitureshop\Application\Member\Controller\MobileApiController.class.php 第 22 行.

[ 2017-05-15T17:52:59+08:00 ] 192.168.3.9 /index.php/Member/MobileApi/getMobileCode
INFO: [ app_begin ] --START--
INFO: Run Behavior\ReadHtmlCache [ RunTime:0.000000s ]
INFO: [ app_begin ] --END-- [ RunTime:0.000000s ]
NOTIC: [8] Use of undefined constant type - assumed 'type' D:\WWW\WWW\furnitureshop\Application\Member\Controller\MobileApiController.class.php 第 22 行.

[ 2017-05-15T18:00:07+08:00 ] 192.168.3.9 /index.php/Member/MobileApi/getMobileCode
INFO: [ app_begin ] --START--
INFO: Run Behavior\ReadHtmlCache [ RunTime:0.002000s ]
INFO: [ app_begin ] --END-- [ RunTime:0.002000s ]
NOTIC: [8] Use of undefined constant type - assumed 'type' D:\WWW\WWW\furnitureshop\Application\Member\Controller\MobileApiController.class.php 第 22 行.

[ 2017-05-15T18:02:08+08:00 ] 192.168.3.9 /index.php/Member/MobileApi/getMobileCode
INFO: [ app_begin ] --START--
INFO: Run Behavior\ReadHtmlCache [ RunTime:0.002000s ]
INFO: [ app_begin ] --END-- [ RunTime:0.002000s ]
NOTIC: [8] Use of undefined constant type - assumed 'type' D:\WWW\WWW\furnitureshop\Application\Member\Controller\MobileApiController.class.php 第 23 行.

[ 2017-05-15T18:02:20+08:00 ] 192.168.3.9 /index.php/Member/MobileApi/getMobileCode
INFO: [ app_begin ] --START--
INFO: Run Behavior\ReadHtmlCache [ RunTime:0.001000s ]
INFO: [ app_begin ] --END-- [ RunTime:0.002000s ]
NOTIC: [8] Use of undefined constant type - assumed 'type' D:\WWW\WWW\furnitureshop\Application\Member\Controller\MobileApiController.class.php 第 23 行.

[ 2017-05-15T18:03:07+08:00 ] 192.168.3.9 /index.php/Member/MobileApi/getMobileCode
INFO: [ app_begin ] --START--
INFO: Run Behavior\ReadHtmlCache [ RunTime:0.001000s ]
INFO: [ app_begin ] --END-- [ RunTime:0.002000s ]
NOTIC: [8] Use of undefined constant type - assumed 'type' D:\WWW\WWW\furnitureshop\Application\Member\Controller\MobileApiController.class.php 第 23 行.

