[ 2017-05-17T09:25:58+08:00 ] ::1 /index.php/Member/MobileApi/getMobileCode
INFO: [ app_begin ] --START--
INFO: Run Behavior\ReadHtmlCache [ RunTime:0.000000s ]
INFO: [ app_begin ] --END-- [ RunTime:0.000000s ]
SQL: SHOW COLUMNS FROM `ln_member_machine_code` [ RunTime:0.043000s ]
SQL: SELECT `mobile_code` FROM `ln_member_machine_code`  [ RunTime:0.002000s ]

[ 2017-05-17T09:26:41+08:00 ] ::1 /index.php/Member/MobileApi/getMobileCode
INFO: [ app_begin ] --START--
INFO: Run Behavior\ReadHtmlCache [ RunTime:0.000000s ]
INFO: [ app_begin ] --END-- [ RunTime:0.000000s ]
SQL: SHOW COLUMNS FROM `ln_member_machine_code` [ RunTime:0.000000s ]
SQL: SELECT `mobile_code` FROM `ln_member_machine_code`  [ RunTime:0.000000s ]

[ 2017-05-17T09:26:42+08:00 ] ::1 /
INFO: [ app_begin ] --START--
INFO: Run Behavior\ReadHtmlCache [ RunTime:0.000000s ]
INFO: [ app_begin ] --END-- [ RunTime:0.000000s ]

[ 2017-05-17T09:26:42+08:00 ] ::1 /index.php/Admin/Public/login
INFO: [ app_begin ] --START--
INFO: Run Behavior\ReadHtmlCache [ RunTime:0.001000s ]
INFO: [ app_begin ] --END-- [ RunTime:0.001000s ]
INFO: [ view_parse ] --START--
INFO: [ template_filter ] --START--
INFO: Run Behavior\ContentReplace [ RunTime:0.000000s ]
INFO: [ template_filter ] --END-- [ RunTime:0.000000s ]
INFO: Run Behavior\ParseTemplate [ RunTime:0.019000s ]
INFO: [ view_parse ] --END-- [ RunTime:0.019000s ]
INFO: [ view_filter ] --START--
INFO: Run Behavior\WriteHtmlCache [ RunTime:0.000000s ]
INFO: [ view_filter ] --END-- [ RunTime:0.000000s ]
INFO: [ app_end ] --START--
INFO: Run Behavior\ShowPageTrace [ RunTime:0.000000s ]
INFO: [ app_end ] --END-- [ RunTime:0.000000s ]

[ 2017-05-17T09:26:43+08:00 ] ::1 /index.php
INFO: [ app_begin ] --START--
INFO: Run Behavior\ReadHtmlCache [ RunTime:0.000000s ]
INFO: [ app_begin ] --END-- [ RunTime:0.000000s ]

[ 2017-05-17T09:33:12+08:00 ] ::1 /index.php/Member/MobileApi/getMobileCode
INFO: [ app_begin ] --START--
INFO: Run Behavior\ReadHtmlCache [ RunTime:0.000000s ]
INFO: [ app_begin ] --END-- [ RunTime:0.001000s ]
SQL: SHOW COLUMNS FROM `ln_member_machine_code` [ RunTime:0.000000s ]
SQL: SELECT `mobile_code`,`id` FROM `ln_member_machine_code`  [ RunTime:0.000000s ]

[ 2017-05-17T09:33:22+08:00 ] ::1 /index.php/Member/MobileApi/getMobileCode
INFO: [ app_begin ] --START--
INFO: Run Behavior\ReadHtmlCache [ RunTime:0.001000s ]
INFO: [ app_begin ] --END-- [ RunTime:0.001000s ]
SQL: SHOW COLUMNS FROM `ln_member_machine_code` [ RunTime:0.000000s ]
SQL: SELECT `mobile_code`,`id` FROM `ln_member_machine_code`  [ RunTime:0.000000s ]

[ 2017-05-17T09:34:49+08:00 ] ::1 /index.php/Member/MobileApi/getMobileCode
INFO: [ app_begin ] --START--
INFO: Run Behavior\ReadHtmlCache [ RunTime:0.001000s ]
INFO: [ app_begin ] --END-- [ RunTime:0.001000s ]
SQL: SHOW COLUMNS FROM `ln_member_machine_code` [ RunTime:0.000000s ]
SQL: SELECT `mobile_code`,`id` FROM `ln_member_machine_code`  [ RunTime:0.000000s ]

[ 2017-05-17T09:37:57+08:00 ] ::1 /index.php/Member/MobileApi/getMobileCode
INFO: [ app_begin ] --START--
INFO: Run Behavior\ReadHtmlCache [ RunTime:0.001000s ]
INFO: [ app_begin ] --END-- [ RunTime:0.001000s ]
SQL: SHOW COLUMNS FROM `ln_member_machine_code` [ RunTime:0.004000s ]
SQL: SELECT `mobile_code`,`id` FROM `ln_member_machine_code`  [ RunTime:0.001000s ]
SQL: SELECT `port` FROM `ln_member_machine_code` LIMIT 1   [ RunTime:0.002000s ]
SQL: SELECT `port` FROM `ln_member_machine_code` LIMIT 1   [ RunTime:0.004000s ]
SQL: SELECT `port` FROM `ln_member_machine_code` LIMIT 1   [ RunTime:0.001000s ]
SQL: SELECT `port` FROM `ln_member_machine_code` LIMIT 1   [ RunTime:0.002000s ]

[ 2017-05-17T09:38:10+08:00 ] ::1 /index.php/Member/MobileApi/getMobileCode
INFO: [ app_begin ] --START--
INFO: Run Behavior\ReadHtmlCache [ RunTime:0.001000s ]
INFO: [ app_begin ] --END-- [ RunTime:0.001000s ]
SQL: SHOW COLUMNS FROM `ln_member_machine_code` [ RunTime:0.004000s ]
SQL: SELECT `mobile_code`,`id` FROM `ln_member_machine_code`  [ RunTime:0.001000s ]
SQL: SELECT `port` FROM `ln_member_machine_code` LIMIT 1   [ RunTime:0.002000s ]
SQL: SELECT `port` FROM `ln_member_machine_code` LIMIT 1   [ RunTime:0.001000s ]
SQL: SELECT `port` FROM `ln_member_machine_code` LIMIT 1   [ RunTime:0.000000s ]
SQL: SELECT `port` FROM `ln_member_machine_code` LIMIT 1   [ RunTime:0.000000s ]

[ 2017-05-17T09:38:12+08:00 ] ::1 /index.php/Member/MobileApi/getMobileCode
INFO: [ app_begin ] --START--
INFO: Run Behavior\ReadHtmlCache [ RunTime:0.001000s ]
INFO: [ app_begin ] --END-- [ RunTime:0.001000s ]
SQL: SHOW COLUMNS FROM `ln_member_machine_code` [ RunTime:0.009000s ]
SQL: SELECT `mobile_code`,`id` FROM `ln_member_machine_code`  [ RunTime:0.006000s ]
SQL: SELECT `port` FROM `ln_member_machine_code` LIMIT 1   [ RunTime:0.010000s ]
SQL: SELECT `port` FROM `ln_member_machine_code` LIMIT 1   [ RunTime:0.010000s ]
SQL: SELECT `port` FROM `ln_member_machine_code` LIMIT 1   [ RunTime:0.000000s ]
SQL: SELECT `port` FROM `ln_member_machine_code` LIMIT 1   [ RunTime:0.010000s ]

[ 2017-05-17T09:38:56+08:00 ] ::1 /index.php/Member/MobileApi/getMobileCode
INFO: [ app_begin ] --START--
INFO: Run Behavior\ReadHtmlCache [ RunTime:0.000000s ]
INFO: [ app_begin ] --END-- [ RunTime:0.001000s ]
SQL: SHOW COLUMNS FROM `ln_member_machine_code` [ RunTime:0.002000s ]
SQL: SELECT `mobile_code`,`id` FROM `ln_member_machine_code`  [ RunTime:0.001000s ]

[ 2017-05-17T09:39:25+08:00 ] ::1 /index.php/Member/MobileApi/getMobileCode
INFO: [ app_begin ] --START--
INFO: Run Behavior\ReadHtmlCache [ RunTime:0.000000s ]
INFO: [ app_begin ] --END-- [ RunTime:0.000000s ]
SQL: SHOW COLUMNS FROM `ln_member_machine_code` [ RunTime:0.002000s ]
SQL: SELECT `mobile_code`,`id` FROM `ln_member_machine_code`  [ RunTime:0.002000s ]

[ 2017-05-17T09:41:18+08:00 ] ::1 /index.php/Member/MobileApi/getMobileCode
INFO: [ app_begin ] --START--
INFO: Run Behavior\ReadHtmlCache [ RunTime:0.000000s ]
INFO: [ app_begin ] --END-- [ RunTime:0.001000s ]
SQL: SHOW COLUMNS FROM `ln_member_machine_code` [ RunTime:0.000000s ]
SQL: SELECT `mobile_code`,`id` FROM `ln_member_machine_code`  [ RunTime:0.000000s ]

[ 2017-05-17T09:41:47+08:00 ] ::1 /index.php/Member/MobileApi/getMobileCode
INFO: [ app_begin ] --START--
INFO: Run Behavior\ReadHtmlCache [ RunTime:0.001000s ]
INFO: [ app_begin ] --END-- [ RunTime:0.001000s ]
SQL: SHOW COLUMNS FROM `ln_member_machine_code` [ RunTime:0.000000s ]
SQL: SELECT `mobile_code`,`id` FROM `ln_member_machine_code`  [ RunTime:0.000000s ]

[ 2017-05-17T09:45:04+08:00 ] ::1 /index.php/Member/MobileApi/getMobileCode
INFO: [ app_begin ] --START--
INFO: Run Behavior\ReadHtmlCache [ RunTime:0.000000s ]
INFO: [ app_begin ] --END-- [ RunTime:0.000000s ]
SQL: SHOW COLUMNS FROM `ln_member_machine_code` [ RunTime:0.000000s ]
SQL: SELECT `mobile_code`,`id` FROM `ln_member_machine_code`  [ RunTime:0.000000s ]

[ 2017-05-17T09:45:36+08:00 ] ::1 /index.php/Member/MobileApi/getMobileCode
INFO: [ app_begin ] --START--
INFO: Run Behavior\ReadHtmlCache [ RunTime:0.000000s ]
INFO: [ app_begin ] --END-- [ RunTime:0.000000s ]
SQL: SHOW COLUMNS FROM `ln_member_machine_code` [ RunTime:0.010000s ]
SQL: SELECT `mobile_code`,`id` FROM `ln_member_machine_code`  [ RunTime:0.000000s ]

[ 2017-05-17T09:46:35+08:00 ] ::1 /index.php/Member/MobileApi/getMobileCode
INFO: [ app_begin ] --START--
INFO: Run Behavior\ReadHtmlCache [ RunTime:0.001000s ]
INFO: [ app_begin ] --END-- [ RunTime:0.001000s ]
SQL: SHOW COLUMNS FROM `ln_member_machine_code` [ RunTime:0.001000s ]
SQL: SELECT `mobile_code`,`id` FROM `ln_member_machine_code`  [ RunTime:0.001000s ]

[ 2017-05-17T09:46:55+08:00 ] ::1 /index.php/Member/MobileApi/getMobileCode
INFO: [ app_begin ] --START--
INFO: Run Behavior\ReadHtmlCache [ RunTime:0.000000s ]
INFO: [ app_begin ] --END-- [ RunTime:0.000000s ]
SQL: SHOW COLUMNS FROM `ln_member_machine_code` [ RunTime:0.001000s ]
SQL: SELECT `mobile_code`,`id` FROM `ln_member_machine_code`  [ RunTime:0.002000s ]
NOTIC: [8] Undefined variable: where D:\WWW\WWW\furnitureshop\Application\Member\Controller\MobileApiController.class.php 第 46 行.
NOTIC: [8] Undefined variable: where D:\WWW\WWW\furnitureshop\Application\Member\Controller\MobileApiController.class.php 第 46 行.

[ 2017-05-17T09:47:54+08:00 ] ::1 /index.php/Member/MobileApi/getMobileCode
INFO: [ app_begin ] --START--
INFO: Run Behavior\ReadHtmlCache [ RunTime:0.000000s ]
INFO: [ app_begin ] --END-- [ RunTime:0.001000s ]
SQL: SHOW COLUMNS FROM `ln_member_machine_code` [ RunTime:0.001000s ]
SQL: SELECT `mobile_code`,`id` FROM `ln_member_machine_code`  [ RunTime:0.002000s ]
SQL: SELECT `port` FROM `ln_member_machine_code` LIMIT 1   [ RunTime:0.001000s ]

[ 2017-05-17T09:48:41+08:00 ] ::1 /index.php/Member/MobileApi/getMobileCode
INFO: [ app_begin ] --START--
INFO: Run Behavior\ReadHtmlCache [ RunTime:0.001000s ]
INFO: [ app_begin ] --END-- [ RunTime:0.001000s ]
SQL: SHOW COLUMNS FROM `ln_member_machine_code` [ RunTime:0.002000s ]
SQL: SELECT `mobile_code`,`id` FROM `ln_member_machine_code`  [ RunTime:0.002000s ]
SQL: SELECT `port` FROM `ln_member_machine_code` LIMIT 1   [ RunTime:0.001000s ]

[ 2017-05-17T09:48:58+08:00 ] ::1 /index.php/Member/MobileApi/getMobileCode
INFO: [ app_begin ] --START--
INFO: Run Behavior\ReadHtmlCache [ RunTime:0.001000s ]
INFO: [ app_begin ] --END-- [ RunTime:0.001000s ]
SQL: SHOW COLUMNS FROM `ln_member_machine_code` [ RunTime:0.000000s ]
SQL: SELECT `mobile_code`,`id` FROM `ln_member_machine_code`  [ RunTime:0.000000s ]
SQL: SELECT `port` FROM `ln_member_machine_code` LIMIT 1   [ RunTime:0.000000s ]

[ 2017-05-17T09:49:09+08:00 ] ::1 /index.php/Member/MobileApi/getMobileCode
INFO: [ app_begin ] --START--
INFO: Run Behavior\ReadHtmlCache [ RunTime:0.000000s ]
INFO: [ app_begin ] --END-- [ RunTime:0.001000s ]
SQL: SHOW COLUMNS FROM `ln_member_machine_code` [ RunTime:0.000000s ]
SQL: SELECT `mobile_code`,`id` FROM `ln_member_machine_code`  [ RunTime:0.000000s ]
SQL: SELECT `port` FROM `ln_member_machine_code` LIMIT 1   [ RunTime:0.000000s ]

[ 2017-05-17T09:49:34+08:00 ] ::1 /index.php/Member/MobileApi/getMobileCode
INFO: [ app_begin ] --START--
INFO: Run Behavior\ReadHtmlCache [ RunTime:0.001000s ]
INFO: [ app_begin ] --END-- [ RunTime:0.001000s ]
SQL: SHOW COLUMNS FROM `ln_member_machine_code` [ RunTime:0.002000s ]
SQL: SELECT `mobile_code`,`id` FROM `ln_member_machine_code`  [ RunTime:0.001000s ]
SQL: SELECT `port` FROM `ln_member_machine_code` WHERE ( `id` = 141 ) LIMIT 1   [ RunTime:0.000000s ]

[ 2017-05-17T09:53:31+08:00 ] ::1 /index.php/Member/MobileApi/getMobileCode
INFO: [ app_begin ] --START--
INFO: Run Behavior\ReadHtmlCache [ RunTime:0.000000s ]
INFO: [ app_begin ] --END-- [ RunTime:0.010000s ]
SQL: SHOW COLUMNS FROM `ln_member_machine_code` [ RunTime:0.000000s ]
SQL: SELECT `mobile_code`,`id` FROM `ln_member_machine_code`  [ RunTime:0.000000s ]
SQL: SELECT `port` FROM `ln_member_machine_code` WHERE ( `id` = 141 ) LIMIT 1   [ RunTime:0.000000s ]

[ 2017-05-17T09:53:43+08:00 ] ::1 /index.php/Member/MobileApi/getMobileCode
INFO: [ app_begin ] --START--
INFO: Run Behavior\ReadHtmlCache [ RunTime:0.000000s ]
INFO: [ app_begin ] --END-- [ RunTime:0.000000s ]
SQL: SHOW COLUMNS FROM `ln_member_machine_code` [ RunTime:0.002000s ]
SQL: SELECT `mobile_code`,`id` FROM `ln_member_machine_code`  [ RunTime:0.002000s ]
SQL: SELECT `port` FROM `ln_member_machine_code` WHERE ( `id` = 140 ) LIMIT 1   [ RunTime:0.001000s ]

[ 2017-05-17T09:54:14+08:00 ] ::1 /index.php/Member/MobileApi/getMobileCode
INFO: [ app_begin ] --START--
INFO: Run Behavior\ReadHtmlCache [ RunTime:0.000000s ]
INFO: [ app_begin ] --END-- [ RunTime:0.001000s ]
SQL: SHOW COLUMNS FROM `ln_member_machine_code` [ RunTime:0.002000s ]
SQL: SELECT `mobile_code`,`id` FROM `ln_member_machine_code`  [ RunTime:0.001000s ]
NOTIC: [8] Undefined variable: port D:\WWW\WWW\furnitureshop\Application\Member\Controller\MobileApiController.class.php 第 44 行.

[ 2017-05-17T09:56:01+08:00 ] ::1 /index.php/Member/MobileApi/getMobileCode
INFO: [ app_begin ] --START--
INFO: Run Behavior\ReadHtmlCache [ RunTime:0.000000s ]
INFO: [ app_begin ] --END-- [ RunTime:0.000000s ]
SQL: SHOW COLUMNS FROM `ln_member_machine_code` [ RunTime:0.000000s ]
SQL: SELECT `mobile_code`,`id` FROM `ln_member_machine_code`  [ RunTime:0.000000s ]
NOTIC: [8] Undefined variable: port D:\WWW\WWW\furnitureshop\Application\Member\Controller\MobileApiController.class.php 第 44 行.

[ 2017-05-17T09:56:07+08:00 ] ::1 /index.php/Member/MobileApi/getMobileCode
INFO: [ app_begin ] --START--
INFO: Run Behavior\ReadHtmlCache [ RunTime:0.001000s ]
INFO: [ app_begin ] --END-- [ RunTime:0.001000s ]
SQL: SHOW COLUMNS FROM `ln_member_machine_code` [ RunTime:0.000000s ]
SQL: SELECT `mobile_code`,`id` FROM `ln_member_machine_code`  [ RunTime:0.010000s ]
SQL: SELECT `port` FROM `ln_member_machine_code` WHERE ( `id` = 140 ) LIMIT 1   [ RunTime:0.000000s ]

[ 2017-05-17T09:56:20+08:00 ] ::1 /index.php/Member/MobileApi/getMobileCode
INFO: [ app_begin ] --START--
INFO: Run Behavior\ReadHtmlCache [ RunTime:0.001000s ]
INFO: [ app_begin ] --END-- [ RunTime:0.001000s ]
SQL: SHOW COLUMNS FROM `ln_member_machine_code` [ RunTime:0.002000s ]
SQL: SELECT `mobile_code`,`id` FROM `ln_member_machine_code`  [ RunTime:0.001000s ]
SQL: SELECT `port` FROM `ln_member_machine_code` WHERE ( `id` = 140 ) LIMIT 1   [ RunTime:0.001000s ]

[ 2017-05-17T09:56:24+08:00 ] ::1 /index.php/Member/MobileApi/getMobileCode
INFO: [ app_begin ] --START--
INFO: Run Behavior\ReadHtmlCache [ RunTime:0.000000s ]
INFO: [ app_begin ] --END-- [ RunTime:0.001000s ]

[ 2017-05-17T09:56:51+08:00 ] ::1 /index.php/Member/MobileApi/getMobileCode
INFO: [ app_begin ] --START--
INFO: Run Behavior\ReadHtmlCache [ RunTime:0.000000s ]
INFO: [ app_begin ] --END-- [ RunTime:0.000000s ]

[ 2017-05-17T09:56:56+08:00 ] ::1 /index.php/Member/MobileApi/getMobileCode
INFO: [ app_begin ] --START--
INFO: Run Behavior\ReadHtmlCache [ RunTime:0.000000s ]
INFO: [ app_begin ] --END-- [ RunTime:0.001000s ]
SQL: SHOW COLUMNS FROM `ln_member_machine_code` [ RunTime:0.000000s ]
SQL: SELECT `port` FROM `ln_member_machine_code` WHERE ( `machine_code` = '19000584173185' )  [ RunTime:0.000000s ]

[ 2017-05-17T09:57:05+08:00 ] ::1 /index.php/Member/MobileApi/getMobileCode
INFO: [ app_begin ] --START--
INFO: Run Behavior\ReadHtmlCache [ RunTime:0.000000s ]
INFO: [ app_begin ] --END-- [ RunTime:0.001000s ]
SQL: SHOW COLUMNS FROM `ln_member_machine_code` [ RunTime:0.002000s ]
SQL: SELECT `port` FROM `ln_member_machine_code` WHERE ( `machine_code` = '54d71d6cd61438ce' )  [ RunTime:0.001000s ]

[ 2017-05-17T10:13:09+08:00 ] ::1 /index.php/Member/MobileApi/getMobileCode
INFO: [ app_begin ] --START--
INFO: Run Behavior\ReadHtmlCache [ RunTime:0.000000s ]
INFO: [ app_begin ] --END-- [ RunTime:0.001000s ]
SQL: SHOW COLUMNS FROM `ln_member_machine_code` [ RunTime:0.002000s ]
SQL: SELECT `mobile_code`,`id` FROM `ln_member_machine_code`  [ RunTime:0.001000s ]
NOTIC: [8] Undefined variable: port D:\WWW\WWW\furnitureshop\Application\Member\Controller\MobileApiController.class.php 第 44 行.

[ 2017-05-17T10:13:17+08:00 ] ::1 /index.php/Member/MobileApi/getMobileCode
INFO: [ app_begin ] --START--
INFO: Run Behavior\ReadHtmlCache [ RunTime:0.000000s ]
INFO: [ app_begin ] --END-- [ RunTime:0.000000s ]
SQL: SHOW COLUMNS FROM `ln_member_machine_code` [ RunTime:0.000000s ]
SQL: SELECT `port` FROM `ln_member_machine_code` WHERE ( `machine_code` = '54d71d6cd61438ce' )  [ RunTime:0.000000s ]

[ 2017-05-17T10:13:24+08:00 ] ::1 /index.php/Member/MobileApi/getMobileCode
INFO: [ app_begin ] --START--
INFO: Run Behavior\ReadHtmlCache [ RunTime:0.001000s ]
INFO: [ app_begin ] --END-- [ RunTime:0.001000s ]
SQL: SHOW COLUMNS FROM `ln_member_machine_code` [ RunTime:0.002000s ]
SQL: SELECT `port` FROM `ln_member_machine_code` WHERE ( `machine_code` = '54d71d6cd61438ce' )  [ RunTime:0.001000s ]

[ 2017-05-17T10:34:27+08:00 ] ::1 /
INFO: [ app_begin ] --START--
INFO: Run Behavior\ReadHtmlCache [ RunTime:0.001000s ]
INFO: [ app_begin ] --END-- [ RunTime:0.001000s ]

[ 2017-05-17T10:34:27+08:00 ] ::1 /index.php/Admin/Public/login
INFO: [ app_begin ] --START--
INFO: Run Behavior\ReadHtmlCache [ RunTime:0.001000s ]
INFO: [ app_begin ] --END-- [ RunTime:0.001000s ]
INFO: [ view_parse ] --START--
INFO: [ template_filter ] --START--
INFO: Run Behavior\ContentReplace [ RunTime:0.001000s ]
INFO: [ template_filter ] --END-- [ RunTime:0.001000s ]
INFO: Run Behavior\ParseTemplate [ RunTime:0.006000s ]
INFO: [ view_parse ] --END-- [ RunTime:0.006000s ]
INFO: [ view_filter ] --START--
INFO: Run Behavior\WriteHtmlCache [ RunTime:0.000000s ]
INFO: [ view_filter ] --END-- [ RunTime:0.000000s ]
INFO: [ app_end ] --START--
INFO: Run Behavior\ShowPageTrace [ RunTime:0.001000s ]
INFO: [ app_end ] --END-- [ RunTime:0.001000s ]

[ 2017-05-17T10:34:27+08:00 ] ::1 /index.php/Admin/Public/verify
INFO: [ app_begin ] --START--
INFO: Run Behavior\ReadHtmlCache [ RunTime:0.000000s ]
INFO: [ app_begin ] --END-- [ RunTime:0.001000s ]
INFO: [ app_end ] --START--
INFO: Run Behavior\ShowPageTrace [ RunTime:0.002000s ]
INFO: [ app_end ] --END-- [ RunTime:0.002000s ]

[ 2017-05-17T10:34:34+08:00 ] ::1 /index.php/Admin/Public/verify?0.8739299509486808
INFO: [ app_begin ] --START--
INFO: Run Behavior\ReadHtmlCache [ RunTime:0.001000s ]
INFO: [ app_begin ] --END-- [ RunTime:0.001000s ]
INFO: [ app_end ] --START--
INFO: Run Behavior\ShowPageTrace [ RunTime:0.001000s ]
INFO: [ app_end ] --END-- [ RunTime:0.001000s ]

[ 2017-05-17T10:34:37+08:00 ] ::1 /index.php/Admin/Public/doLogin
INFO: [ app_begin ] --START--
INFO: Run Behavior\ReadHtmlCache [ RunTime:0.001000s ]
INFO: [ app_begin ] --END-- [ RunTime:0.001000s ]
SQL: SHOW COLUMNS FROM `ln_member` [ RunTime:0.013000s ]
SQL: SELECT `disabled` FROM `ln_member` WHERE ( `user_name` = 'Danno' ) LIMIT 1   [ RunTime:0.001000s ]
SQL: SHOW COLUMNS FROM `ln_member` [ RunTime:0.002000s ]
SQL: SELECT `id`,`user_name`,`password`,`type` FROM `ln_member` WHERE ( `status` = 0 ) AND ( user_name="Danno" ) LIMIT 1   [ RunTime:0.002000s ]
NOTIC: [8] Undefined index: disabled D:\WWW\WWW\furnitureshop\Application\Common\Model\MemberModel.class.php 第 52 行.
SQL: SHOW COLUMNS FROM `ln_member_attribute_value` [ RunTime:0.002000s ]
SQL: SELECT COUNT(*) AS tp_count FROM `ln_member_attribute_value` WHERE ( `member_id` = 2 ) AND ( `attribute_id` = 26 ) LIMIT 1   [ RunTime:0.011000s ]
SQL: UPDATE `ln_member_attribute_value` SET `attr_value`=1494988477,`attribute_id`=26 WHERE ( `member_id` = 2 ) AND ( `attribute_id` = 26 ) [ RunTime:0.030000s ]
SQL: SELECT COUNT(*) AS tp_count FROM `ln_member_attribute_value` WHERE ( `member_id` = 2 ) AND ( `attribute_id` = 25 ) LIMIT 1   [ RunTime:0.001000s ]
SQL: UPDATE `ln_member_attribute_value` SET `attr_value`='0.0.0.0',`attribute_id`=25 WHERE ( `member_id` = 2 ) AND ( `attribute_id` = 25 ) [ RunTime:0.022000s ]
SQL: SHOW COLUMNS FROM `ln_admin_log` [ RunTime:0.002000s ]
NOTIC: [2] call_user_func_array() expects parameter 1 to be a valid callback, function 'number' not found or invalid function name D:\WWW\WWW\furnitureshop\ThinkPHP\Library\Think\Model.class.php 第 1102 行.
SQL: INSERT INTO `ln_admin_log` (`log_type`,`log_info`,`log_url`,`log_status`,`member_id`,`log_time`) VALUES (3,'用户登录后台。',0,0,2,1494988477) [ RunTime:0.022000s ]

[ 2017-05-17T10:34:37+08:00 ] ::1 /index.php/Admin/Index/index
INFO: [ app_begin ] --START--
INFO: Run Behavior\ReadHtmlCache [ RunTime:0.001000s ]
INFO: [ app_begin ] --END-- [ RunTime:0.001000s ]
SQL: SHOW COLUMNS FROM `ln_member` [ RunTime:0.001000s ]
SQL: SELECT `disabled` FROM `ln_member` WHERE ( `id` = '2' ) LIMIT 1   [ RunTime:0.001000s ]
NOTIC: [2048] Declaration of Admin\Model\MemberModel::_after_insert() should be compatible with Think\Model::_after_insert($data, $options) D:\WWW\WWW\furnitureshop\Application\Admin\Model\MemberModel.class.php 第 124 行.
SQL: SHOW COLUMNS FROM `ln_member` [ RunTime:0.001000s ]
SQL: SELECT `menu_ids` FROM `ln_member` WHERE ( id=2 ) LIMIT 1   [ RunTime:0.003000s ]
SQL: SHOW COLUMNS FROM `ln_menu` [ RunTime:0.002000s ]
SQL: SELECT * FROM `ln_menu` WHERE ( `id` IN ('16','422','428','402','403','441','443','444','405','445','446','406','447','448','449','407','453','454','408','455','456','409','450','451','452','418','457','458','410','411','459','460','461','507','508','420','513','514','462','463','464','510','414','465','425','466','467','426','512','468','68','226','492','493','494','502','504','511','517') ) AND ( `display` = 1 ) ORDER BY sort asc  [ RunTime:0.003000s ]
INFO: [ view_parse ] --START--
INFO: [ template_filter ] --START--
INFO: Run Behavior\ContentReplace [ RunTime:0.000000s ]
INFO: [ template_filter ] --END-- [ RunTime:0.000000s ]
INFO: Run Behavior\ParseTemplate [ RunTime:0.019000s ]
INFO: [ view_parse ] --END-- [ RunTime:0.019000s ]
INFO: [ view_filter ] --START--
INFO: Run Behavior\WriteHtmlCache [ RunTime:0.001000s ]
INFO: [ view_filter ] --END-- [ RunTime:0.001000s ]
INFO: [ app_end ] --START--
INFO: Run Behavior\ShowPageTrace [ RunTime:0.001000s ]
INFO: [ app_end ] --END-- [ RunTime:0.001000s ]

[ 2017-05-17T10:34:37+08:00 ] ::1 /index.php/Admin/Index/welcome
INFO: [ app_begin ] --START--
INFO: Run Behavior\ReadHtmlCache [ RunTime:0.001000s ]
INFO: [ app_begin ] --END-- [ RunTime:0.001000s ]
SQL: SHOW COLUMNS FROM `ln_member` [ RunTime:0.002000s ]
SQL: SELECT `disabled` FROM `ln_member` WHERE ( `id` = '2' ) LIMIT 1   [ RunTime:0.002000s ]
INFO: [ app_end ] --START--
INFO: Run Behavior\ShowPageTrace [ RunTime:0.000000s ]
INFO: [ app_end ] --END-- [ RunTime:0.000000s ]

[ 2017-05-17T10:34:40+08:00 ] ::1 /index.php/Admin/Member/adminSetting
INFO: [ app_begin ] --START--
INFO: Run Behavior\ReadHtmlCache [ RunTime:0.000000s ]
INFO: [ app_begin ] --END-- [ RunTime:0.001000s ]
SQL: SHOW COLUMNS FROM `ln_member` [ RunTime:0.002000s ]
SQL: SELECT `disabled` FROM `ln_member` WHERE ( `id` = '2' ) LIMIT 1   [ RunTime:0.001000s ]
NOTIC: [2048] Declaration of Admin\Model\MemberModel::_after_insert() should be compatible with Think\Model::_after_insert($data, $options) D:\WWW\WWW\furnitureshop\Application\Admin\Model\MemberModel.class.php 第 124 行.
SQL: SHOW COLUMNS FROM `ln_member` [ RunTime:0.001000s ]
SQL: SELECT `menu_ids` FROM `ln_member` WHERE ( id=2 ) LIMIT 1   [ RunTime:0.001000s ]
SQL: SHOW COLUMNS FROM `ln_menu` [ RunTime:0.002000s ]
SQL: SELECT COUNT(*) AS tp_count FROM `ln_menu` WHERE ( `id` IN ('16','422','428','402','403','441','443','444','405','445','446','406','447','448','449','407','453','454','408','455','456','409','450','451','452','418','457','458','410','411','459','460','461','507','508','420','513','514','462','463','464','510','414','465','425','466','467','426','512','468','68','226','492','493','494','502','504','511','517') ) AND ( `display` = 1 ) AND ( `url` = 'Admin/Member/adminsetting' ) LIMIT 1   [ RunTime:0.003000s ]
SQL: SHOW COLUMNS FROM `ln_data_access` [ RunTime:0.003000s ]
SQL: SELECT `machine_code_num` FROM `ln_data_access` WHERE ( `member_id` = 2 ) LIMIT 1   [ RunTime:0.002000s ]
SQL: SHOW COLUMNS FROM `ln_prompt_language` [ RunTime:0.002000s ]
SQL: SELECT promptlanguage.content FROM ln_prompt_language promptlanguage INNER JOIN ln_menu as menu ON promptlanguage.menu_id = menu.id  WHERE ( menu.url = 'Admin/Member/adminsetting' ) LIMIT 1   [ RunTime:0.016000s ]
SQL: SELECT `id`,`type`,`user_name` FROM `ln_member` WHERE ( id=2 ) LIMIT 1   [ RunTime:0.001000s ]
SQL: SHOW COLUMNS FROM `ln_member_attribute_value` [ RunTime:0.001000s ]
SQL: SELECT `attribute_id`,`attr_value` FROM `ln_member_attribute_value` WHERE ( member_id=2 )  [ RunTime:0.001000s ]
SQL: SHOW COLUMNS FROM `ln_member_attribute` [ RunTime:0.002000s ]
SQL: SELECT `id`,`attr_mode`,`attr_name`,`attr_type`,`attr_value`,`attr_sort`,`is_edit`,`arrt_control`,`attr_require`,`attr_status` FROM `ln_member_attribute` WHERE ( `attr_status` = 0 ) AND ( `is_edit` = 1 ) AND ( `attr_mode` IN (0,2) ) ORDER BY attr_sort desc  [ RunTime:0.003000s ]
SQL: SHOW COLUMNS FROM `ln_member_machine_code` [ RunTime:0.002000s ]
SQL: SELECT `id`,`member_id`,`machine_code`,`token`,`mobile_code`,`port` FROM `ln_member_machine_code` WHERE ( member_id=2 ) LIMIT 10   [ RunTime:0.002000s ]
SQL: SELECT promptlanguage.content FROM ln_prompt_language promptlanguage INNER JOIN ln_menu as menu ON promptlanguage.menu_id = menu.id  WHERE ( menu.url = 'Admin/Member/adminsetting' ) LIMIT 1   [ RunTime:0.001000s ]
INFO: [ view_parse ] --START--
INFO: [ template_filter ] --START--
INFO: Run Behavior\ContentReplace [ RunTime:0.001000s ]
INFO: [ template_filter ] --END-- [ RunTime:0.001000s ]
NOTIC: [8] Undefined variable: meta_title D:\WWW\WWW\furnitureshop\Runtime\Cache\Admin\5347ff4fe16492dd5564b28dca6e7d05.php 第 5 行.
NOTIC: [8] Use of undefined constant id - assumed 'id' D:\WWW\WWW\furnitureshop\Runtime\Cache\Admin\5347ff4fe16492dd5564b28dca6e7d05.php 第 258 行.
INFO: Run Behavior\ParseTemplate [ RunTime:0.019000s ]
INFO: [ view_parse ] --END-- [ RunTime:0.019000s ]
INFO: [ view_filter ] --START--
INFO: Run Behavior\WriteHtmlCache [ RunTime:0.000000s ]
INFO: [ view_filter ] --END-- [ RunTime:0.000000s ]
INFO: [ app_end ] --START--
INFO: Run Behavior\ShowPageTrace [ RunTime:0.000000s ]
INFO: [ app_end ] --END-- [ RunTime:0.000000s ]

[ 2017-05-17T10:44:50+08:00 ] ::1 /
INFO: [ app_begin ] --START--
INFO: Run Behavior\ReadHtmlCache [ RunTime:0.000000s ]
INFO: [ app_begin ] --END-- [ RunTime:0.001000s ]

[ 2017-05-17T10:44:50+08:00 ] ::1 /index.php/Admin/Public/login
INFO: [ app_begin ] --START--
INFO: Run Behavior\ReadHtmlCache [ RunTime:0.000000s ]
INFO: [ app_begin ] --END-- [ RunTime:0.000000s ]
INFO: [ view_parse ] --START--
INFO: [ template_filter ] --START--
INFO: Run Behavior\ContentReplace [ RunTime:0.000000s ]
INFO: [ template_filter ] --END-- [ RunTime:0.000000s ]
INFO: Run Behavior\ParseTemplate [ RunTime:0.005000s ]
INFO: [ view_parse ] --END-- [ RunTime:0.005000s ]
INFO: [ view_filter ] --START--
INFO: Run Behavior\WriteHtmlCache [ RunTime:0.001000s ]
INFO: [ view_filter ] --END-- [ RunTime:0.001000s ]
INFO: [ app_end ] --START--
INFO: Run Behavior\ShowPageTrace [ RunTime:0.000000s ]
INFO: [ app_end ] --END-- [ RunTime:0.000000s ]

[ 2017-05-17T10:44:51+08:00 ] ::1 /index.php/Admin/Public/verify
INFO: [ app_begin ] --START--
INFO: Run Behavior\ReadHtmlCache [ RunTime:0.001000s ]
INFO: [ app_begin ] --END-- [ RunTime:0.001000s ]
INFO: [ app_end ] --START--
INFO: Run Behavior\ShowPageTrace [ RunTime:0.000000s ]
INFO: [ app_end ] --END-- [ RunTime:0.000000s ]

[ 2017-05-17T10:44:56+08:00 ] ::1 /index.php/Admin/Public/doLogin
INFO: [ app_begin ] --START--
INFO: Run Behavior\ReadHtmlCache [ RunTime:0.001000s ]
INFO: [ app_begin ] --END-- [ RunTime:0.001000s ]

[ 2017-05-17T10:44:56+08:00 ] ::1 /index.php/Admin/Public/verify?0.643562621427761
INFO: [ app_begin ] --START--
INFO: Run Behavior\ReadHtmlCache [ RunTime:0.000000s ]
INFO: [ app_begin ] --END-- [ RunTime:0.000000s ]
INFO: [ app_end ] --START--
INFO: Run Behavior\ShowPageTrace [ RunTime:0.001000s ]
INFO: [ app_end ] --END-- [ RunTime:0.001000s ]

[ 2017-05-17T10:45:02+08:00 ] ::1 /index.php
INFO: [ app_begin ] --START--
INFO: Run Behavior\ReadHtmlCache [ RunTime:0.001000s ]
INFO: [ app_begin ] --END-- [ RunTime:0.001000s ]

[ 2017-05-17T10:45:04+08:00 ] ::1 /index.php/Admin/Public/doLogin
INFO: [ app_begin ] --START--
INFO: Run Behavior\ReadHtmlCache [ RunTime:0.000000s ]
INFO: [ app_begin ] --END-- [ RunTime:0.001000s ]
SQL: SHOW COLUMNS FROM `ln_member` [ RunTime:0.002000s ]
SQL: SELECT `disabled` FROM `ln_member` WHERE ( `user_name` = 'Danno' ) LIMIT 1   [ RunTime:0.002000s ]
SQL: SHOW COLUMNS FROM `ln_member` [ RunTime:0.002000s ]
SQL: SELECT `id`,`user_name`,`password`,`type` FROM `ln_member` WHERE ( `status` = 0 ) AND ( user_name="Danno" ) LIMIT 1   [ RunTime:0.001000s ]
NOTIC: [8] Undefined index: disabled D:\WWW\WWW\furnitureshop\Application\Common\Model\MemberModel.class.php 第 52 行.
SQL: SHOW COLUMNS FROM `ln_member_attribute_value` [ RunTime:0.003000s ]
SQL: SELECT COUNT(*) AS tp_count FROM `ln_member_attribute_value` WHERE ( `member_id` = 2 ) AND ( `attribute_id` = 26 ) LIMIT 1   [ RunTime:0.001000s ]
SQL: UPDATE `ln_member_attribute_value` SET `attr_value`=1494989104,`attribute_id`=26 WHERE ( `member_id` = 2 ) AND ( `attribute_id` = 26 ) [ RunTime:0.038000s ]
SQL: SELECT COUNT(*) AS tp_count FROM `ln_member_attribute_value` WHERE ( `member_id` = 2 ) AND ( `attribute_id` = 25 ) LIMIT 1   [ RunTime:0.001000s ]
SQL: UPDATE `ln_member_attribute_value` SET `attr_value`='0.0.0.0',`attribute_id`=25 WHERE ( `member_id` = 2 ) AND ( `attribute_id` = 25 ) [ RunTime:0.023000s ]
SQL: SHOW COLUMNS FROM `ln_admin_log` [ RunTime:0.002000s ]
NOTIC: [2] call_user_func_array() expects parameter 1 to be a valid callback, function 'number' not found or invalid function name D:\WWW\WWW\furnitureshop\ThinkPHP\Library\Think\Model.class.php 第 1102 行.
SQL: INSERT INTO `ln_admin_log` (`log_type`,`log_info`,`log_url`,`log_status`,`member_id`,`log_time`) VALUES (3,'用户登录后台。',0,0,2,1494989104) [ RunTime:0.029000s ]

[ 2017-05-17T10:45:04+08:00 ] ::1 /index.php/Admin/Index/index
INFO: [ app_begin ] --START--
INFO: Run Behavior\ReadHtmlCache [ RunTime:0.000000s ]
INFO: [ app_begin ] --END-- [ RunTime:0.000000s ]
SQL: SHOW COLUMNS FROM `ln_member` [ RunTime:0.002000s ]
SQL: SELECT `disabled` FROM `ln_member` WHERE ( `id` = '2' ) LIMIT 1   [ RunTime:0.001000s ]
NOTIC: [2048] Declaration of Admin\Model\MemberModel::_after_insert() should be compatible with Think\Model::_after_insert($data, $options) D:\WWW\WWW\furnitureshop\Application\Admin\Model\MemberModel.class.php 第 124 行.
SQL: SHOW COLUMNS FROM `ln_member` [ RunTime:0.002000s ]
SQL: SELECT `menu_ids` FROM `ln_member` WHERE ( id=2 ) LIMIT 1   [ RunTime:0.002000s ]
SQL: SHOW COLUMNS FROM `ln_menu` [ RunTime:0.002000s ]
SQL: SELECT * FROM `ln_menu` WHERE ( `id` IN ('16','422','428','402','403','441','443','444','405','445','446','406','447','448','449','407','453','454','408','455','456','409','450','451','452','418','457','458','410','411','459','460','461','507','508','420','513','514','462','463','464','510','414','465','425','466','467','426','512','468','68','226','492','493','494','502','504','511','517') ) AND ( `display` = 1 ) ORDER BY sort asc  [ RunTime:0.002000s ]
INFO: [ view_parse ] --START--
INFO: [ template_filter ] --START--
INFO: Run Behavior\ContentReplace [ RunTime:0.000000s ]
INFO: [ template_filter ] --END-- [ RunTime:0.000000s ]
INFO: Run Behavior\ParseTemplate [ RunTime:0.008000s ]
INFO: [ view_parse ] --END-- [ RunTime:0.008000s ]
INFO: [ view_filter ] --START--
INFO: Run Behavior\WriteHtmlCache [ RunTime:0.001000s ]
INFO: [ view_filter ] --END-- [ RunTime:0.001000s ]
INFO: [ app_end ] --START--
INFO: Run Behavior\ShowPageTrace [ RunTime:0.000000s ]
INFO: [ app_end ] --END-- [ RunTime:0.000000s ]

[ 2017-05-17T10:45:04+08:00 ] ::1 /index.php/Admin/Index/welcome
INFO: [ app_begin ] --START--
INFO: Run Behavior\ReadHtmlCache [ RunTime:0.001000s ]
INFO: [ app_begin ] --END-- [ RunTime:0.001000s ]
SQL: SHOW COLUMNS FROM `ln_member` [ RunTime:0.001000s ]
SQL: SELECT `disabled` FROM `ln_member` WHERE ( `id` = '2' ) LIMIT 1   [ RunTime:0.002000s ]
INFO: [ app_end ] --START--
INFO: Run Behavior\ShowPageTrace [ RunTime:0.000000s ]
INFO: [ app_end ] --END-- [ RunTime:0.000000s ]

[ 2017-05-17T10:45:06+08:00 ] ::1 /index.php/Admin/Member/adminSetting
INFO: [ app_begin ] --START--
INFO: Run Behavior\ReadHtmlCache [ RunTime:0.000000s ]
INFO: [ app_begin ] --END-- [ RunTime:0.001000s ]
SQL: SHOW COLUMNS FROM `ln_member` [ RunTime:0.002000s ]
SQL: SELECT `disabled` FROM `ln_member` WHERE ( `id` = '2' ) LIMIT 1   [ RunTime:0.001000s ]
NOTIC: [2048] Declaration of Admin\Model\MemberModel::_after_insert() should be compatible with Think\Model::_after_insert($data, $options) D:\WWW\WWW\furnitureshop\Application\Admin\Model\MemberModel.class.php 第 124 行.
SQL: SHOW COLUMNS FROM `ln_member` [ RunTime:0.002000s ]
SQL: SELECT `menu_ids` FROM `ln_member` WHERE ( id=2 ) LIMIT 1   [ RunTime:0.001000s ]
SQL: SHOW COLUMNS FROM `ln_menu` [ RunTime:0.002000s ]
SQL: SELECT COUNT(*) AS tp_count FROM `ln_menu` WHERE ( `id` IN ('16','422','428','402','403','441','443','444','405','445','446','406','447','448','449','407','453','454','408','455','456','409','450','451','452','418','457','458','410','411','459','460','461','507','508','420','513','514','462','463','464','510','414','465','425','466','467','426','512','468','68','226','492','493','494','502','504','511','517') ) AND ( `display` = 1 ) AND ( `url` = 'Admin/Member/adminsetting' ) LIMIT 1   [ RunTime:0.002000s ]
SQL: SHOW COLUMNS FROM `ln_data_access` [ RunTime:0.002000s ]
SQL: SELECT `machine_code_num` FROM `ln_data_access` WHERE ( `member_id` = 2 ) LIMIT 1   [ RunTime:0.002000s ]
SQL: SHOW COLUMNS FROM `ln_prompt_language` [ RunTime:0.001000s ]
SQL: SELECT promptlanguage.content FROM ln_prompt_language promptlanguage INNER JOIN ln_menu as menu ON promptlanguage.menu_id = menu.id  WHERE ( menu.url = 'Admin/Member/adminsetting' ) LIMIT 1   [ RunTime:0.001000s ]
SQL: SELECT `id`,`type`,`user_name` FROM `ln_member` WHERE ( id=2 ) LIMIT 1   [ RunTime:0.001000s ]
SQL: SHOW COLUMNS FROM `ln_member_attribute_value` [ RunTime:0.003000s ]
SQL: SELECT `attribute_id`,`attr_value` FROM `ln_member_attribute_value` WHERE ( member_id=2 )  [ RunTime:0.001000s ]
SQL: SHOW COLUMNS FROM `ln_member_attribute` [ RunTime:0.002000s ]
SQL: SELECT `id`,`attr_mode`,`attr_name`,`attr_type`,`attr_value`,`attr_sort`,`is_edit`,`arrt_control`,`attr_require`,`attr_status` FROM `ln_member_attribute` WHERE ( `attr_status` = 0 ) AND ( `is_edit` = 1 ) AND ( `attr_mode` IN (0,2) ) ORDER BY attr_sort desc  [ RunTime:0.002000s ]
SQL: SHOW COLUMNS FROM `ln_member_machine_code` [ RunTime:0.002000s ]
SQL: SELECT `id`,`member_id`,`machine_code`,`token`,`mobile_code`,`port` FROM `ln_member_machine_code` WHERE ( member_id=2 ) LIMIT 10   [ RunTime:0.002000s ]
SQL: SELECT promptlanguage.content FROM ln_prompt_language promptlanguage INNER JOIN ln_menu as menu ON promptlanguage.menu_id = menu.id  WHERE ( menu.url = 'Admin/Member/adminsetting' ) LIMIT 1   [ RunTime:0.001000s ]
INFO: [ view_parse ] --START--
INFO: [ template_filter ] --START--
INFO: Run Behavior\ContentReplace [ RunTime:0.000000s ]
INFO: [ template_filter ] --END-- [ RunTime:0.000000s ]
NOTIC: [8] Undefined variable: meta_title D:\WWW\WWW\furnitureshop\Runtime\Cache\Admin\5347ff4fe16492dd5564b28dca6e7d05.php 第 5 行.
NOTIC: [8] Use of undefined constant id - assumed 'id' D:\WWW\WWW\furnitureshop\Runtime\Cache\Admin\5347ff4fe16492dd5564b28dca6e7d05.php 第 258 行.
INFO: Run Behavior\ParseTemplate [ RunTime:0.010000s ]
INFO: [ view_parse ] --END-- [ RunTime:0.011000s ]
INFO: [ view_filter ] --START--
INFO: Run Behavior\WriteHtmlCache [ RunTime:0.001000s ]
INFO: [ view_filter ] --END-- [ RunTime:0.001000s ]
INFO: [ app_end ] --START--
INFO: Run Behavior\ShowPageTrace [ RunTime:0.000000s ]
INFO: [ app_end ] --END-- [ RunTime:0.000000s ]

