[ 2017-04-28T10:10:13+08:00 ] ::1 /
INFO: [ app_begin ] --START--
INFO: Run Behavior\ReadHtmlCache [ RunTime:0.001000s ]
INFO: [ app_begin ] --END-- [ RunTime:0.001000s ]

[ 2017-04-28T10:10:13+08:00 ] ::1 /index.php/Admin/Public/login
INFO: [ app_begin ] --START--
INFO: Run Behavior\ReadHtmlCache [ RunTime:0.000000s ]
INFO: [ app_begin ] --END-- [ RunTime:0.001000s ]
INFO: [ view_parse ] --START--
INFO: [ template_filter ] --START--
INFO: Run Behavior\ContentReplace [ RunTime:0.000000s ]
INFO: [ template_filter ] --END-- [ RunTime:0.001000s ]
INFO: Run Behavior\ParseTemplate [ RunTime:0.083000s ]
INFO: [ view_parse ] --END-- [ RunTime:0.084000s ]
INFO: [ view_filter ] --START--
INFO: Run Behavior\WriteHtmlCache [ RunTime:0.001000s ]
INFO: [ view_filter ] --END-- [ RunTime:0.001000s ]
INFO: [ app_end ] --START--
INFO: Run Behavior\ShowPageTrace [ RunTime:0.001000s ]
INFO: [ app_end ] --END-- [ RunTime:0.001000s ]

[ 2017-04-28T10:10:14+08:00 ] ::1 /index.php
INFO: [ app_begin ] --START--
INFO: Run Behavior\ReadHtmlCache [ RunTime:0.000000s ]
INFO: [ app_begin ] --END-- [ RunTime:0.001000s ]

[ 2017-04-28T10:10:14+08:00 ] ::1 /index.php/Admin/Public/verify
INFO: [ app_begin ] --START--
INFO: Run Behavior\ReadHtmlCache [ RunTime:0.000000s ]
INFO: [ app_begin ] --END-- [ RunTime:0.001000s ]
INFO: [ app_end ] --START--
INFO: Run Behavior\ShowPageTrace [ RunTime:0.001000s ]
INFO: [ app_end ] --END-- [ RunTime:0.001000s ]

[ 2017-04-28T10:10:24+08:00 ] ::1 /index.php/Admin/Public/doLogin
INFO: [ app_begin ] --START--
INFO: Run Behavior\ReadHtmlCache [ RunTime:0.001000s ]
INFO: [ app_begin ] --END-- [ RunTime:0.001000s ]

[ 2017-04-28T10:10:24+08:00 ] ::1 /index.php/Admin/Public/verify?0.4027158780333323
INFO: [ app_begin ] --START--
INFO: Run Behavior\ReadHtmlCache [ RunTime:0.000000s ]
INFO: [ app_begin ] --END-- [ RunTime:0.001000s ]
INFO: [ app_end ] --START--
INFO: Run Behavior\ShowPageTrace [ RunTime:0.001000s ]
INFO: [ app_end ] --END-- [ RunTime:0.001000s ]

[ 2017-04-28T10:10:34+08:00 ] ::1 /index.php/Admin/Public/doLogin
INFO: [ app_begin ] --START--
INFO: Run Behavior\ReadHtmlCache [ RunTime:0.000000s ]
INFO: [ app_begin ] --END-- [ RunTime:0.000000s ]
SQL: SHOW COLUMNS FROM `ln_member` [ RunTime:0.002000s ]
SQL: SELECT `disabled` FROM `ln_member` WHERE ( `user_name` = 'Danno' ) LIMIT 1   [ RunTime:0.001000s ]
SQL: SHOW COLUMNS FROM `ln_member` [ RunTime:0.002000s ]
SQL: SELECT `id`,`user_name`,`password`,`type` FROM `ln_member` WHERE ( `status` = 0 ) AND ( user_name="Danno" ) LIMIT 1   [ RunTime:0.001000s ]
NOTIC: [8] Undefined index: disabled D:\WWW\WWW\furnitureshop\Application\Common\Model\MemberModel.class.php 第 52 行.
SQL: SHOW COLUMNS FROM `ln_member_attribute_value` [ RunTime:0.001000s ]
SQL: SELECT COUNT(*) AS tp_count FROM `ln_member_attribute_value` WHERE ( `member_id` = 2 ) AND ( `attribute_id` = 26 ) LIMIT 1   [ RunTime:0.002000s ]
SQL: UPDATE `ln_member_attribute_value` SET `attr_value`=1493345433,`attribute_id`=26 WHERE ( `member_id` = 2 ) AND ( `attribute_id` = 26 ) [ RunTime:0.047000s ]
SQL: SELECT COUNT(*) AS tp_count FROM `ln_member_attribute_value` WHERE ( `member_id` = 2 ) AND ( `attribute_id` = 25 ) LIMIT 1   [ RunTime:0.001000s ]
SQL: UPDATE `ln_member_attribute_value` SET `attr_value`='0.0.0.0',`attribute_id`=25 WHERE ( `member_id` = 2 ) AND ( `attribute_id` = 25 ) [ RunTime:0.023000s ]
SQL: SHOW COLUMNS FROM `ln_admin_log` [ RunTime:0.002000s ]
NOTIC: [2] call_user_func_array() expects parameter 1 to be a valid callback, function 'number' not found or invalid function name D:\WWW\WWW\furnitureshop\ThinkPHP\Library\Think\Model.class.php 第 1102 行.
SQL: INSERT INTO `ln_admin_log` (`log_type`,`log_info`,`log_url`,`log_status`,`member_id`,`log_time`) VALUES (3,'用户登录后台。',0,0,2,1493345434) [ RunTime:0.019000s ]

[ 2017-04-28T10:10:34+08:00 ] ::1 /index.php/Admin/Index/index
INFO: [ app_begin ] --START--
INFO: Run Behavior\ReadHtmlCache [ RunTime:0.001000s ]
INFO: [ app_begin ] --END-- [ RunTime:0.002000s ]
SQL: SHOW COLUMNS FROM `ln_member` [ RunTime:0.001000s ]
SQL: SELECT `disabled` FROM `ln_member` WHERE ( `id` = '2' ) LIMIT 1   [ RunTime:0.001000s ]
NOTIC: [2048] Declaration of Admin\Model\MemberModel::_after_insert() should be compatible with Think\Model::_after_insert($data, $options) D:\WWW\WWW\furnitureshop\Application\Admin\Model\MemberModel.class.php 第 124 行.
SQL: SHOW COLUMNS FROM `ln_member` [ RunTime:0.001000s ]
SQL: SELECT `menu_ids` FROM `ln_member` WHERE ( id=2 ) LIMIT 1   [ RunTime:0.002000s ]
SQL: SHOW COLUMNS FROM `ln_menu` [ RunTime:0.001000s ]
SQL: SELECT * FROM `ln_menu` WHERE ( `id` IN ('16','422','428','402','403','441','443','444','405','445','446','406','447','448','449','407','453','454','408','455','456','409','450','451','452','418','457','458','410','411','459','460','461','507','508','420','513','514','462','463','464','510','414','465','425','466','467','426','512','468','68','226','492','493','494','502','504','511') ) AND ( `display` = 1 ) ORDER BY sort asc  [ RunTime:0.003000s ]
INFO: [ view_parse ] --START--
INFO: [ template_filter ] --START--
INFO: Run Behavior\ContentReplace [ RunTime:0.000000s ]
INFO: [ template_filter ] --END-- [ RunTime:0.000000s ]
INFO: Run Behavior\ParseTemplate [ RunTime:0.006000s ]
INFO: [ view_parse ] --END-- [ RunTime:0.006000s ]
INFO: [ view_filter ] --START--
INFO: Run Behavior\WriteHtmlCache [ RunTime:0.000000s ]
INFO: [ view_filter ] --END-- [ RunTime:0.000000s ]
INFO: [ app_end ] --START--
INFO: Run Behavior\ShowPageTrace [ RunTime:0.001000s ]
INFO: [ app_end ] --END-- [ RunTime:0.001000s ]

[ 2017-04-28T10:10:34+08:00 ] ::1 /index.php/Admin/Index/welcome
INFO: [ app_begin ] --START--
INFO: Run Behavior\ReadHtmlCache [ RunTime:0.001000s ]
INFO: [ app_begin ] --END-- [ RunTime:0.001000s ]
SQL: SHOW COLUMNS FROM `ln_member` [ RunTime:0.002000s ]
SQL: SELECT `disabled` FROM `ln_member` WHERE ( `id` = '2' ) LIMIT 1   [ RunTime:0.002000s ]
INFO: [ app_end ] --START--
INFO: Run Behavior\ShowPageTrace [ RunTime:0.000000s ]
INFO: [ app_end ] --END-- [ RunTime:0.000000s ]

[ 2017-04-28T10:19:10+08:00 ] ::1 /index.php/Admin/Banner/mobileBannerPicture
INFO: [ app_begin ] --START--
INFO: Run Behavior\ReadHtmlCache [ RunTime:0.000000s ]
INFO: [ app_begin ] --END-- [ RunTime:0.000000s ]
SQL: SHOW COLUMNS FROM `ln_member` [ RunTime:0.000000s ]
SQL: SELECT `disabled` FROM `ln_member` WHERE ( `id` = '2' ) LIMIT 1   [ RunTime:0.000000s ]
NOTIC: [2048] Declaration of Admin\Model\MemberModel::_after_insert() should be compatible with Think\Model::_after_insert($data, $options) D:\WWW\WWW\furnitureshop\Application\Admin\Model\MemberModel.class.php 第 124 行.
SQL: SHOW COLUMNS FROM `ln_member` [ RunTime:0.000000s ]
SQL: SELECT `menu_ids` FROM `ln_member` WHERE ( id=2 ) LIMIT 1   [ RunTime:0.000000s ]
SQL: SHOW COLUMNS FROM `ln_menu` [ RunTime:0.000000s ]
SQL: SELECT COUNT(*) AS tp_count FROM `ln_menu` WHERE ( `id` IN ('16','422','428','402','403','441','443','444','405','445','446','406','447','448','449','407','453','454','408','455','456','409','450','451','452','418','457','458','410','411','459','460','461','507','508','420','513','514','462','463','464','510','414','465','425','466','467','426','512','468','68','226','492','493','494','502','504','511') ) AND ( `display` = 1 ) AND ( `url` = 'Admin/Banner/mobilebannerpicture' ) LIMIT 1   [ RunTime:0.015600s ]
SQL: SHOW COLUMNS FROM `ln_banner` [ RunTime:0.002000s ]
SQL: SELECT list.*,member.user_name FROM ln_banner list left JOIN ln_member member ON list.member_id = member.id  WHERE ( list.type = 1 ) AND ( list.member_id = '2' ) AND ( list.status = 0 ) ORDER BY list.sort asc, list.id desc  [ RunTime:0.002000s ]
SQL: SHOW COLUMNS FROM `ln_prompt_language` [ RunTime:0.002000s ]
SQL: SELECT promptlanguage.content FROM ln_prompt_language promptlanguage INNER JOIN ln_menu as menu ON promptlanguage.menu_id = menu.id  WHERE ( menu.url = 'Admin/Banner/mobilebannerpicture' ) LIMIT 1   [ RunTime:0.001000s ]
INFO: [ view_parse ] --START--
INFO: [ template_filter ] --START--
INFO: Run Behavior\ContentReplace [ RunTime:0.000000s ]
INFO: [ template_filter ] --END-- [ RunTime:0.000000s ]
NOTIC: [8] Undefined variable: meta_title D:\WWW\WWW\furnitureshop\Runtime\Cache\Admin\96f1079dc513765702ec3bb82f6b6e84.php 第 5 行.
NOTIC: [8] Undefined variable: page D:\WWW\WWW\furnitureshop\Runtime\Cache\Admin\96f1079dc513765702ec3bb82f6b6e84.php 第 91 行.
INFO: Run Behavior\ParseTemplate [ RunTime:0.017000s ]
INFO: [ view_parse ] --END-- [ RunTime:0.017000s ]
INFO: [ view_filter ] --START--
INFO: Run Behavior\WriteHtmlCache [ RunTime:0.001000s ]
INFO: [ view_filter ] --END-- [ RunTime:0.001000s ]
INFO: [ app_end ] --START--
INFO: Run Behavior\ShowPageTrace [ RunTime:0.001000s ]
INFO: [ app_end ] --END-- [ RunTime:0.001000s ]

[ 2017-04-28T10:19:12+08:00 ] ::1 /index.php/Admin/Skin/configSkin
INFO: [ app_begin ] --START--
INFO: Run Behavior\ReadHtmlCache [ RunTime:0.000000s ]
INFO: [ app_begin ] --END-- [ RunTime:0.000000s ]
SQL: SHOW COLUMNS FROM `ln_member` [ RunTime:0.000000s ]
SQL: SELECT `disabled` FROM `ln_member` WHERE ( `id` = '2' ) LIMIT 1   [ RunTime:0.000000s ]
NOTIC: [2048] Declaration of Admin\Model\MemberModel::_after_insert() should be compatible with Think\Model::_after_insert($data, $options) D:\WWW\WWW\furnitureshop\Application\Admin\Model\MemberModel.class.php 第 124 行.
SQL: SHOW COLUMNS FROM `ln_member` [ RunTime:0.000000s ]
SQL: SELECT `menu_ids` FROM `ln_member` WHERE ( id=2 ) LIMIT 1   [ RunTime:0.000000s ]
SQL: SHOW COLUMNS FROM `ln_menu` [ RunTime:0.000000s ]
SQL: SELECT COUNT(*) AS tp_count FROM `ln_menu` WHERE ( `id` IN ('16','422','428','402','403','441','443','444','405','445','446','406','447','448','449','407','453','454','408','455','456','409','450','451','452','418','457','458','410','411','459','460','461','507','508','420','513','514','462','463','464','510','414','465','425','466','467','426','512','468','68','226','492','493','494','502','504','511') ) AND ( `display` = 1 ) AND ( `url` = 'Admin/Skin/configskin' ) LIMIT 1   [ RunTime:0.015600s ]
SQL: SHOW COLUMNS FROM `ln_skin` [ RunTime:0.000000s ]
NOTIC: [8] Use of undefined constant trim - assumed 'trim' D:\WWW\WWW\furnitureshop\Application\Admin\Model\SkinModel.class.php 第 36 行.
SQL: SELECT COUNT(*) AS tp_count FROM `ln_skin` WHERE ( `member_ids` like '%,2,%' or `member_ids` like '2,%' or `member_ids` ='2' or `member_ids` like '%,2' ) AND ( `status` = 0 ) LIMIT 1   [ RunTime:0.000000s ]
SQL: SELECT * FROM `ln_skin` WHERE ( `member_ids` like '%,2,%' or `member_ids` like '2,%' or `member_ids` ='2' or `member_ids` like '%,2' ) AND ( `status` = 0 ) ORDER BY sort desc, id desc LIMIT 0,10   [ RunTime:0.000000s ]
SQL: SELECT `skin_id` FROM `ln_member` WHERE ( id=2 ) LIMIT 1   [ RunTime:0.000000s ]
INFO: [ view_parse ] --START--
INFO: [ template_filter ] --START--
INFO: Run Behavior\ContentReplace [ RunTime:0.000000s ]
INFO: [ template_filter ] --END-- [ RunTime:0.000000s ]
NOTIC: [8] Undefined variable: meta_title D:\WWW\WWW\furnitureshop\Runtime\Cache\Admin\24616a8375fbc43abed4eb3659440486.php 第 5 行.
INFO: Run Behavior\ParseTemplate [ RunTime:0.015600s ]
INFO: [ view_parse ] --END-- [ RunTime:0.015600s ]
INFO: [ view_filter ] --START--
INFO: Run Behavior\WriteHtmlCache [ RunTime:0.000000s ]
INFO: [ view_filter ] --END-- [ RunTime:0.000000s ]
INFO: [ app_end ] --START--
INFO: Run Behavior\ShowPageTrace [ RunTime:0.000000s ]
INFO: [ app_end ] --END-- [ RunTime:0.000000s ]

[ 2017-04-28T10:19:17+08:00 ] ::1 /index.php/Admin/GoodsConfirm/index
INFO: [ app_begin ] --START--
INFO: Run Behavior\ReadHtmlCache [ RunTime:0.000000s ]
INFO: [ app_begin ] --END-- [ RunTime:0.000000s ]
SQL: SHOW COLUMNS FROM `ln_member` [ RunTime:0.000000s ]
SQL: SELECT `disabled` FROM `ln_member` WHERE ( `id` = '2' ) LIMIT 1   [ RunTime:0.000000s ]
SQL: SHOW COLUMNS FROM `ln_shopping_cart` [ RunTime:0.000000s ]
SQL: SELECT COUNT(cart.id) AS tp_count FROM ln_shopping_cart cart left JOIN ln_member member ON cart.member_id = member.id  WHERE ( cart.member_id = '2' ) AND ( cart.status = 0 ) LIMIT 1   [ RunTime:0.000000s ]
SQL: SELECT cart.id,`collection_sn`,cart.cart_photo,cart.remark,cart.add_time,member.user_name FROM ln_shopping_cart cart left JOIN ln_member member ON cart.member_id = member.id  WHERE ( cart.member_id = '2' ) AND ( cart.status = 0 ) ORDER BY id desc LIMIT 0,10   [ RunTime:0.000000s ]
SQL: SHOW COLUMNS FROM `ln_prompt_language` [ RunTime:0.000000s ]
SQL: SELECT promptlanguage.content FROM ln_prompt_language promptlanguage INNER JOIN ln_menu as menu ON promptlanguage.menu_id = menu.id  WHERE ( menu.url = 'Admin/GoodsConfirm/index' ) LIMIT 1   [ RunTime:0.000000s ]
INFO: [ view_parse ] --START--
INFO: [ template_filter ] --START--
INFO: Run Behavior\ContentReplace [ RunTime:0.000000s ]
INFO: [ template_filter ] --END-- [ RunTime:0.000000s ]
NOTIC: [8] Undefined variable: meta_title D:\WWW\WWW\furnitureshop\Runtime\Cache\Admin\7f368f7b31d05664d875fc804a7072cc.php 第 5 行.
NOTIC: [8] Undefined index: p D:\WWW\WWW\furnitureshop\Application\Admin\Common\function.php 第 248 行.
NOTIC: [8] Undefined index: p D:\WWW\WWW\furnitureshop\Application\Admin\Common\function.php 第 248 行.
NOTIC: [8] Undefined index: p D:\WWW\WWW\furnitureshop\Application\Admin\Common\function.php 第 248 行.
NOTIC: [8] Undefined index: p D:\WWW\WWW\furnitureshop\Application\Admin\Common\function.php 第 248 行.
NOTIC: [8] Undefined index: p D:\WWW\WWW\furnitureshop\Application\Admin\Common\function.php 第 248 行.
NOTIC: [8] Undefined index: p D:\WWW\WWW\furnitureshop\Application\Admin\Common\function.php 第 248 行.
NOTIC: [8] Undefined index: p D:\WWW\WWW\furnitureshop\Application\Admin\Common\function.php 第 248 行.
NOTIC: [8] Undefined index: p D:\WWW\WWW\furnitureshop\Application\Admin\Common\function.php 第 248 行.
NOTIC: [8] Undefined index: p D:\WWW\WWW\furnitureshop\Application\Admin\Common\function.php 第 248 行.
INFO: Run Behavior\ParseTemplate [ RunTime:0.031200s ]
INFO: [ view_parse ] --END-- [ RunTime:0.031200s ]
INFO: [ view_filter ] --START--
INFO: Run Behavior\WriteHtmlCache [ RunTime:0.000000s ]
INFO: [ view_filter ] --END-- [ RunTime:0.000000s ]
INFO: [ app_end ] --START--
INFO: Run Behavior\ShowPageTrace [ RunTime:0.000000s ]
INFO: [ app_end ] --END-- [ RunTime:0.000000s ]

[ 2017-04-28T10:19:20+08:00 ] ::1 /index.php/Admin/Member/adminSetting
INFO: [ app_begin ] --START--
INFO: Run Behavior\ReadHtmlCache [ RunTime:0.000000s ]
INFO: [ app_begin ] --END-- [ RunTime:0.000000s ]
SQL: SHOW COLUMNS FROM `ln_member` [ RunTime:0.001000s ]
SQL: SELECT `disabled` FROM `ln_member` WHERE ( `id` = '2' ) LIMIT 1   [ RunTime:0.002000s ]
NOTIC: [2048] Declaration of Admin\Model\MemberModel::_after_insert() should be compatible with Think\Model::_after_insert($data, $options) D:\WWW\WWW\furnitureshop\Application\Admin\Model\MemberModel.class.php 第 124 行.
SQL: SHOW COLUMNS FROM `ln_member` [ RunTime:0.002000s ]
SQL: SELECT `menu_ids` FROM `ln_member` WHERE ( id=2 ) LIMIT 1   [ RunTime:0.001000s ]
SQL: SHOW COLUMNS FROM `ln_menu` [ RunTime:0.001000s ]
SQL: SELECT COUNT(*) AS tp_count FROM `ln_menu` WHERE ( `id` IN ('16','422','428','402','403','441','443','444','405','445','446','406','447','448','449','407','453','454','408','455','456','409','450','451','452','418','457','458','410','411','459','460','461','507','508','420','513','514','462','463','464','510','414','465','425','466','467','426','512','468','68','226','492','493','494','502','504','511') ) AND ( `display` = 1 ) AND ( `url` = 'Admin/Member/adminsetting' ) LIMIT 1   [ RunTime:0.001000s ]
SQL: SHOW COLUMNS FROM `ln_data_access` [ RunTime:0.000000s ]
SQL: SELECT `machine_code_num` FROM `ln_data_access` WHERE ( `member_id` = 2 ) LIMIT 1   [ RunTime:0.000000s ]
SQL: SHOW COLUMNS FROM `ln_prompt_language` [ RunTime:0.000000s ]
SQL: SELECT promptlanguage.content FROM ln_prompt_language promptlanguage INNER JOIN ln_menu as menu ON promptlanguage.menu_id = menu.id  WHERE ( menu.url = 'Admin/Member/adminsetting' ) LIMIT 1   [ RunTime:0.000000s ]
SQL: SELECT `id`,`type`,`user_name` FROM `ln_member` WHERE ( id=2 ) LIMIT 1   [ RunTime:0.000000s ]
SQL: SHOW COLUMNS FROM `ln_member_attribute_value` [ RunTime:0.000000s ]
SQL: SELECT `attribute_id`,`attr_value` FROM `ln_member_attribute_value` WHERE ( member_id=2 )  [ RunTime:0.000000s ]
SQL: SHOW COLUMNS FROM `ln_member_attribute` [ RunTime:0.000000s ]
SQL: SELECT `id`,`attr_mode`,`attr_name`,`attr_type`,`attr_value`,`attr_sort`,`is_edit`,`arrt_control`,`attr_require`,`attr_status` FROM `ln_member_attribute` WHERE ( `attr_status` = 0 ) AND ( `is_edit` = 1 ) AND ( `attr_mode` IN (0,2) ) ORDER BY attr_sort desc  [ RunTime:0.015600s ]
SQL: SHOW COLUMNS FROM `ln_member_machine_code` [ RunTime:0.000000s ]
SQL: SELECT `id`,`member_id`,`machine_code`,`token` FROM `ln_member_machine_code` WHERE ( member_id=2 ) LIMIT 10   [ RunTime:0.000000s ]
SQL: SELECT promptlanguage.content FROM ln_prompt_language promptlanguage INNER JOIN ln_menu as menu ON promptlanguage.menu_id = menu.id  WHERE ( menu.url = 'Admin/Member/adminsetting' ) LIMIT 1   [ RunTime:0.000000s ]
INFO: [ view_parse ] --START--
INFO: [ template_filter ] --START--
INFO: Run Behavior\ContentReplace [ RunTime:0.000000s ]
INFO: [ template_filter ] --END-- [ RunTime:0.000000s ]
NOTIC: [8] Undefined variable: meta_title D:\WWW\WWW\furnitureshop\Runtime\Cache\Admin\5347ff4fe16492dd5564b28dca6e7d05.php 第 5 行.
NOTIC: [8] Use of undefined constant id - assumed 'id' D:\WWW\WWW\furnitureshop\Runtime\Cache\Admin\5347ff4fe16492dd5564b28dca6e7d05.php 第 252 行.
INFO: Run Behavior\ParseTemplate [ RunTime:0.015600s ]
INFO: [ view_parse ] --END-- [ RunTime:0.015600s ]
INFO: [ view_filter ] --START--
INFO: Run Behavior\WriteHtmlCache [ RunTime:0.000000s ]
INFO: [ view_filter ] --END-- [ RunTime:0.000000s ]
INFO: [ app_end ] --START--
INFO: Run Behavior\ShowPageTrace [ RunTime:0.000000s ]
INFO: [ app_end ] --END-- [ RunTime:0.000000s ]

[ 2017-04-28T10:35:35+08:00 ] ::1 /index.php/Admin/GoodsAttribute/index
INFO: [ app_begin ] --START--
INFO: Run Behavior\ReadHtmlCache [ RunTime:0.000000s ]
INFO: [ app_begin ] --END-- [ RunTime:0.000000s ]
SQL: SHOW COLUMNS FROM `ln_member` [ RunTime:0.000000s ]
SQL: SELECT `disabled` FROM `ln_member` WHERE ( `id` = '2' ) LIMIT 1   [ RunTime:0.000000s ]
SQL: SHOW COLUMNS FROM `ln_shop_goods_attribute` [ RunTime:0.000000s ]
SQL: SELECT COUNT(id) AS tp_count FROM `ln_shop_goods_attribute` WHERE ( `attr_mode` = 0 ) AND ( `cate_id` = 0 ) LIMIT 1   [ RunTime:0.000000s ]
SQL: SELECT `id`,`attr_name`,`member_id`,`attr_type`,`attr_value`,`attr_sort`,`attr_status`,`cate_id` FROM `ln_shop_goods_attribute` WHERE ( `attr_mode` = 0 ) AND ( `cate_id` = 0 ) ORDER BY attr_sort asc, id asc LIMIT 0,10   [ RunTime:0.000000s ]
SQL: SHOW COLUMNS FROM `ln_prompt_language` [ RunTime:0.000000s ]
SQL: SELECT promptlanguage.content FROM ln_prompt_language promptlanguage INNER JOIN ln_menu as menu ON promptlanguage.menu_id = menu.id  WHERE ( menu.url = 'Admin/GoodsAttribute/index' ) LIMIT 1   [ RunTime:0.000000s ]
INFO: [ view_parse ] --START--
INFO: [ template_filter ] --START--
INFO: Run Behavior\ContentReplace [ RunTime:0.000000s ]
INFO: [ template_filter ] --END-- [ RunTime:0.000000s ]
NOTIC: [8] Undefined variable: meta_title D:\WWW\WWW\furnitureshop\Runtime\Cache\Admin\dd19ae3dfd5489184d60fce5263e40ca.php 第 5 行.
NOTIC: [8] Undefined index: p D:\WWW\WWW\furnitureshop\Application\Admin\Common\function.php 第 248 行.
NOTIC: [8] Undefined index: attr_status  D:\WWW\WWW\furnitureshop\Runtime\Cache\Admin\dd19ae3dfd5489184d60fce5263e40ca.php 第 59 行.
NOTIC: [8] Undefined index: p D:\WWW\WWW\furnitureshop\Application\Admin\Common\function.php 第 248 行.
NOTIC: [8] Undefined index: attr_status  D:\WWW\WWW\furnitureshop\Runtime\Cache\Admin\dd19ae3dfd5489184d60fce5263e40ca.php 第 59 行.
NOTIC: [8] Undefined index: p D:\WWW\WWW\furnitureshop\Application\Admin\Common\function.php 第 248 行.
NOTIC: [8] Undefined index: attr_status  D:\WWW\WWW\furnitureshop\Runtime\Cache\Admin\dd19ae3dfd5489184d60fce5263e40ca.php 第 59 行.
NOTIC: [8] Undefined index: p D:\WWW\WWW\furnitureshop\Application\Admin\Common\function.php 第 248 行.
NOTIC: [8] Undefined index: attr_status  D:\WWW\WWW\furnitureshop\Runtime\Cache\Admin\dd19ae3dfd5489184d60fce5263e40ca.php 第 59 行.
NOTIC: [8] Undefined index: p D:\WWW\WWW\furnitureshop\Application\Admin\Common\function.php 第 248 行.
NOTIC: [8] Undefined index: attr_status  D:\WWW\WWW\furnitureshop\Runtime\Cache\Admin\dd19ae3dfd5489184d60fce5263e40ca.php 第 59 行.
NOTIC: [8] Undefined index: p D:\WWW\WWW\furnitureshop\Application\Admin\Common\function.php 第 248 行.
NOTIC: [8] Undefined index: attr_status  D:\WWW\WWW\furnitureshop\Runtime\Cache\Admin\dd19ae3dfd5489184d60fce5263e40ca.php 第 59 行.
NOTIC: [8] Undefined index: p D:\WWW\WWW\furnitureshop\Application\Admin\Common\function.php 第 248 行.
NOTIC: [8] Undefined index: attr_status  D:\WWW\WWW\furnitureshop\Runtime\Cache\Admin\dd19ae3dfd5489184d60fce5263e40ca.php 第 59 行.
NOTIC: [8] Undefined index: p D:\WWW\WWW\furnitureshop\Application\Admin\Common\function.php 第 248 行.
NOTIC: [8] Undefined index: attr_status  D:\WWW\WWW\furnitureshop\Runtime\Cache\Admin\dd19ae3dfd5489184d60fce5263e40ca.php 第 59 行.
NOTIC: [8] Undefined index: p D:\WWW\WWW\furnitureshop\Application\Admin\Common\function.php 第 248 行.
NOTIC: [8] Undefined index: attr_status  D:\WWW\WWW\furnitureshop\Runtime\Cache\Admin\dd19ae3dfd5489184d60fce5263e40ca.php 第 59 行.
INFO: Run Behavior\ParseTemplate [ RunTime:0.031200s ]
INFO: [ view_parse ] --END-- [ RunTime:0.031200s ]
INFO: [ view_filter ] --START--
INFO: Run Behavior\WriteHtmlCache [ RunTime:0.000000s ]
INFO: [ view_filter ] --END-- [ RunTime:0.000000s ]
INFO: [ app_end ] --START--
INFO: Run Behavior\ShowPageTrace [ RunTime:0.000000s ]
INFO: [ app_end ] --END-- [ RunTime:0.000000s ]

[ 2017-04-28T10:35:44+08:00 ] ::1 /index.php/Admin/GoodsAttribute/edit/id/2/cate_id/0
INFO: [ app_begin ] --START--
INFO: Run Behavior\ReadHtmlCache [ RunTime:0.000000s ]
INFO: [ app_begin ] --END-- [ RunTime:0.000000s ]
SQL: SHOW COLUMNS FROM `ln_member` [ RunTime:0.000000s ]
SQL: SELECT `disabled` FROM `ln_member` WHERE ( `id` = '2' ) LIMIT 1   [ RunTime:0.000000s ]
NOTIC: [2048] Declaration of Admin\Model\MemberModel::_after_insert() should be compatible with Think\Model::_after_insert($data, $options) D:\WWW\WWW\furnitureshop\Application\Admin\Model\MemberModel.class.php 第 124 行.
SQL: SHOW COLUMNS FROM `ln_member` [ RunTime:0.000000s ]
SQL: SELECT `menu_ids` FROM `ln_member` WHERE ( id=2 ) LIMIT 1   [ RunTime:0.000000s ]
SQL: SHOW COLUMNS FROM `ln_menu` [ RunTime:0.000000s ]
SQL: SELECT COUNT(*) AS tp_count FROM `ln_menu` WHERE ( `id` IN ('16','422','428','402','403','441','443','444','405','445','446','406','447','448','449','407','453','454','408','455','456','409','450','451','452','418','457','458','410','411','459','460','461','507','508','420','513','514','462','463','464','510','414','465','425','466','467','426','512','468','68','226','492','493','494','502','504','511') ) AND ( `display` = 1 ) AND ( `url` = 'Admin/GoodsAttribute/edit' ) LIMIT 1   [ RunTime:0.015600s ]
SQL: SHOW COLUMNS FROM `ln_shop_goods_attribute` [ RunTime:0.000000s ]
SQL: SELECT * FROM `ln_shop_goods_attribute` WHERE ( `id` = 2 ) LIMIT 1   [ RunTime:0.000000s ]
INFO: [ view_parse ] --START--
INFO: [ template_filter ] --START--
INFO: Run Behavior\ContentReplace [ RunTime:0.000000s ]
INFO: [ template_filter ] --END-- [ RunTime:0.000000s ]
NOTIC: [8] Undefined variable: meta_title D:\WWW\WWW\furnitureshop\Runtime\Cache\Admin\823a8e90d4c9a33a22b01a186f77d22a.php 第 5 行.
NOTIC: [8] Use of undefined constant attr_type - assumed 'attr_type' D:\WWW\WWW\furnitureshop\Runtime\Cache\Admin\823a8e90d4c9a33a22b01a186f77d22a.php 第 48 行.
NOTIC: [8] Use of undefined constant attr_sort - assumed 'attr_sort' D:\WWW\WWW\furnitureshop\Runtime\Cache\Admin\823a8e90d4c9a33a22b01a186f77d22a.php 第 54 行.
NOTIC: [8] Use of undefined constant attr_sort - assumed 'attr_sort' D:\WWW\WWW\furnitureshop\Runtime\Cache\Admin\823a8e90d4c9a33a22b01a186f77d22a.php 第 54 行.
INFO: Run Behavior\ParseTemplate [ RunTime:0.000000s ]
INFO: [ view_parse ] --END-- [ RunTime:0.000000s ]
INFO: [ view_filter ] --START--
INFO: Run Behavior\WriteHtmlCache [ RunTime:0.000000s ]
INFO: [ view_filter ] --END-- [ RunTime:0.000000s ]
INFO: [ app_end ] --START--
INFO: Run Behavior\ShowPageTrace [ RunTime:0.000000s ]
INFO: [ app_end ] --END-- [ RunTime:0.000000s ]

[ 2017-04-28T10:35:51+08:00 ] ::1 /index.php/Admin/Goods/index
INFO: [ app_begin ] --START--
INFO: Run Behavior\ReadHtmlCache [ RunTime:0.000000s ]
INFO: [ app_begin ] --END-- [ RunTime:0.001000s ]
SQL: SHOW COLUMNS FROM `ln_member` [ RunTime:0.000000s ]
SQL: SELECT `disabled` FROM `ln_member` WHERE ( `id` = '2' ) LIMIT 1   [ RunTime:0.000000s ]
SQL: SHOW COLUMNS FROM `ln_shop_goods` [ RunTime:0.000000s ]
SQL: SELECT COUNT(goods.id) AS tp_count FROM ln_shop_goods goods left JOIN ln_shop_goods_attribute_value value ON goods.id = value.goods_id  WHERE ( value.attribute_id = 1 ) AND ( goods.status = 0 ) AND ( goods.member_id = '2' ) LIMIT 1   [ RunTime:0.000000s ]
SQL: SELECT goods.id,goods.add_time,goods.status,type.name,value.attr_value,member.user_name FROM ln_shop_goods goods left JOIN ln_shop_goods_type type ON goods.goods_category_id = type.id left JOIN ln_shop_goods_attribute_value value ON goods.id = value.goods_id left JOIN ln_member member ON goods.member_id = member.id  WHERE ( value.attribute_id = 1 ) AND ( goods.status = 0 ) AND ( goods.member_id = '2' ) ORDER BY add_time desc LIMIT 0,10   [ RunTime:0.015600s ]
SQL: SHOW COLUMNS FROM `ln_prompt_language` [ RunTime:0.000000s ]
SQL: SELECT promptlanguage.content FROM ln_prompt_language promptlanguage INNER JOIN ln_menu as menu ON promptlanguage.menu_id = menu.id  WHERE ( menu.url = 'Admin/Goods/index' ) LIMIT 1   [ RunTime:0.000000s ]
INFO: [ view_parse ] --START--
INFO: [ template_filter ] --START--
INFO: Run Behavior\ContentReplace [ RunTime:0.000000s ]
INFO: [ template_filter ] --END-- [ RunTime:0.000000s ]
NOTIC: [8] Undefined variable: meta_title D:\WWW\WWW\furnitureshop\Runtime\Cache\Admin\7460c3bd08e8aaf3e719467d6ea19bd3.php 第 5 行.
NOTIC: [8] Undefined index: p D:\WWW\WWW\furnitureshop\Application\Admin\Common\function.php 第 248 行.
NOTIC: [8] Undefined index: p D:\WWW\WWW\furnitureshop\Application\Admin\Common\function.php 第 248 行.
NOTIC: [8] Undefined index: p D:\WWW\WWW\furnitureshop\Application\Admin\Common\function.php 第 248 行.
NOTIC: [8] Undefined index: p D:\WWW\WWW\furnitureshop\Application\Admin\Common\function.php 第 248 行.
NOTIC: [8] Undefined index: p D:\WWW\WWW\furnitureshop\Application\Admin\Common\function.php 第 248 行.
NOTIC: [8] Undefined index: p D:\WWW\WWW\furnitureshop\Application\Admin\Common\function.php 第 248 行.
NOTIC: [8] Undefined index: p D:\WWW\WWW\furnitureshop\Application\Admin\Common\function.php 第 248 行.
NOTIC: [8] Undefined index: p D:\WWW\WWW\furnitureshop\Application\Admin\Common\function.php 第 248 行.
NOTIC: [8] Undefined index: p D:\WWW\WWW\furnitureshop\Application\Admin\Common\function.php 第 248 行.
NOTIC: [8] Undefined index: p D:\WWW\WWW\furnitureshop\Application\Admin\Common\function.php 第 248 行.
INFO: Run Behavior\ParseTemplate [ RunTime:0.015600s ]
INFO: [ view_parse ] --END-- [ RunTime:0.015600s ]
INFO: [ view_filter ] --START--
INFO: Run Behavior\WriteHtmlCache [ RunTime:0.000000s ]
INFO: [ view_filter ] --END-- [ RunTime:0.000000s ]
INFO: [ app_end ] --START--
INFO: Run Behavior\ShowPageTrace [ RunTime:0.000000s ]
INFO: [ app_end ] --END-- [ RunTime:0.000000s ]

[ 2017-04-28T10:35:53+08:00 ] ::1 /index.php/Admin/GoodsCategory/index
INFO: [ app_begin ] --START--
INFO: Run Behavior\ReadHtmlCache [ RunTime:0.000000s ]
INFO: [ app_begin ] --END-- [ RunTime:0.000000s ]
SQL: SHOW COLUMNS FROM `ln_member` [ RunTime:0.000000s ]
SQL: SELECT `disabled` FROM `ln_member` WHERE ( `id` = '2' ) LIMIT 1   [ RunTime:0.000000s ]
SQL: SHOW COLUMNS FROM `ln_shop_goods_type` [ RunTime:0.000000s ]
SQL: SELECT type.id,type.name,type.sort,type.parent_id,type.status,type.level as cate_level,type.add_time,member.user_name FROM ln_shop_goods_type type left JOIN ln_member member ON type.member_id = member.id  WHERE ( type.member_id = '2' ) AND ( type.status = 0 ) ORDER BY type.sort asc, type.id asc  [ RunTime:0.000000s ]
SQL: SHOW COLUMNS FROM `ln_prompt_language` [ RunTime:0.000000s ]
SQL: SELECT promptlanguage.content FROM ln_prompt_language promptlanguage INNER JOIN ln_menu as menu ON promptlanguage.menu_id = menu.id  WHERE ( menu.url = 'Admin/GoodsCategory/index' ) LIMIT 1   [ RunTime:0.000000s ]
INFO: [ view_parse ] --START--
INFO: [ template_filter ] --START--
INFO: Run Behavior\ContentReplace [ RunTime:0.000000s ]
INFO: [ template_filter ] --END-- [ RunTime:0.000000s ]
NOTIC: [8] Undefined variable: meta_title D:\WWW\WWW\furnitureshop\Runtime\Cache\Admin\26978043757b71012694ea357af27a4f.php 第 5 行.
NOTIC: [8] Undefined index: p D:\WWW\WWW\furnitureshop\Application\Admin\Common\function.php 第 248 行.
NOTIC: [8] Undefined index: p D:\WWW\WWW\furnitureshop\Application\Admin\Common\function.php 第 248 行.
NOTIC: [8] Undefined index: p D:\WWW\WWW\furnitureshop\Application\Admin\Common\function.php 第 248 行.
NOTIC: [8] Undefined index: p D:\WWW\WWW\furnitureshop\Application\Admin\Common\function.php 第 248 行.
NOTIC: [8] Undefined index: p D:\WWW\WWW\furnitureshop\Application\Admin\Common\function.php 第 248 行.
NOTIC: [8] Undefined index: p D:\WWW\WWW\furnitureshop\Application\Admin\Common\function.php 第 248 行.
NOTIC: [8] Undefined index: p D:\WWW\WWW\furnitureshop\Application\Admin\Common\function.php 第 248 行.
NOTIC: [8] Undefined index: p D:\WWW\WWW\furnitureshop\Application\Admin\Common\function.php 第 248 行.
NOTIC: [8] Undefined index: p D:\WWW\WWW\furnitureshop\Application\Admin\Common\function.php 第 248 行.
NOTIC: [8] Undefined index: p D:\WWW\WWW\furnitureshop\Application\Admin\Common\function.php 第 248 行.
NOTIC: [8] Undefined index: p D:\WWW\WWW\furnitureshop\Application\Admin\Common\function.php 第 248 行.
NOTIC: [8] Undefined index: p D:\WWW\WWW\furnitureshop\Application\Admin\Common\function.php 第 248 行.
NOTIC: [8] Undefined index: p D:\WWW\WWW\furnitureshop\Application\Admin\Common\function.php 第 248 行.
NOTIC: [8] Undefined index: p D:\WWW\WWW\furnitureshop\Application\Admin\Common\function.php 第 248 行.
NOTIC: [8] Undefined index: p D:\WWW\WWW\furnitureshop\Application\Admin\Common\function.php 第 248 行.
NOTIC: [8] Undefined index: p D:\WWW\WWW\furnitureshop\Application\Admin\Common\function.php 第 248 行.
NOTIC: [8] Undefined index: p D:\WWW\WWW\furnitureshop\Application\Admin\Common\function.php 第 248 行.
NOTIC: [8] Undefined index: p D:\WWW\WWW\furnitureshop\Application\Admin\Common\function.php 第 248 行.
INFO: Run Behavior\ParseTemplate [ RunTime:0.015600s ]
INFO: [ view_parse ] --END-- [ RunTime:0.015600s ]
INFO: [ view_filter ] --START--
INFO: Run Behavior\WriteHtmlCache [ RunTime:0.000000s ]
INFO: [ view_filter ] --END-- [ RunTime:0.000000s ]
INFO: [ app_end ] --START--
INFO: Run Behavior\ShowPageTrace [ RunTime:0.000000s ]
INFO: [ app_end ] --END-- [ RunTime:0.000000s ]

[ 2017-04-28T10:47:00+08:00 ] ::1 /index.php/Goods/GoodsApi/searchGoods
INFO: [ app_begin ] --START--
INFO: Run Behavior\ReadHtmlCache [ RunTime:0.000000s ]
INFO: [ app_begin ] --END-- [ RunTime:0.001000s ]

[ 2017-04-28T10:49:26+08:00 ] ::1 /index.php/Goods/GoodsApi/searchGoods
INFO: [ app_begin ] --START--
INFO: Run Behavior\ReadHtmlCache [ RunTime:0.001000s ]
INFO: [ app_begin ] --END-- [ RunTime:0.001000s ]
SQL: SHOW COLUMNS FROM `ln_member_machine_code` [ RunTime:0.002000s ]
SQL: SELECT `member_id` FROM `ln_member_machine_code` WHERE ( `token` = '005557073637706076' ) LIMIT 1   [ RunTime:0.001000s ]
SQL: CALL SearchData('005557073637706076','壁纸','','',-1,-1) [ RunTime:1.042000s ]

[ 2017-04-28T10:55:13+08:00 ] ::1 /index.php/Goods/GoodsApi/searchGoods
INFO: [ app_begin ] --START--
INFO: Run Behavior\ReadHtmlCache [ RunTime:0.000000s ]
INFO: [ app_begin ] --END-- [ RunTime:0.000000s ]
SQL: SHOW COLUMNS FROM `ln_member_machine_code` [ RunTime:0.000000s ]
SQL: SELECT `member_id` FROM `ln_member_machine_code` WHERE ( `token` = '005557073637706076' ) LIMIT 1   [ RunTime:0.000000s ]
SQL: CALL SearchData('005557073637706076','地板','','',-1,-1) [ RunTime:0.116200s ]

[ 2017-04-28T11:03:43+08:00 ] ::1 /index.php/Goods/GoodsApi/searchGoods
INFO: [ app_begin ] --START--
INFO: Run Behavior\ReadHtmlCache [ RunTime:0.001000s ]
INFO: [ app_begin ] --END-- [ RunTime:0.001000s ]
SQL: SHOW COLUMNS FROM `ln_member_machine_code` [ RunTime:0.002000s ]
SQL: SELECT `member_id` FROM `ln_member_machine_code` WHERE ( `token` = '005557073637706076' ) LIMIT 1   [ RunTime:0.002000s ]
SQL: CALL SearchData('005557073637706076','地板','','',-1,-1) [ RunTime:0.155000s ]

[ 2017-04-28T11:04:09+08:00 ] ::1 /index.php/Goods/GoodsApi/Vrlist
INFO: [ app_begin ] --START--
INFO: Run Behavior\ReadHtmlCache [ RunTime:0.001000s ]
INFO: [ app_begin ] --END-- [ RunTime:0.001000s ]
SQL: SHOW COLUMNS FROM `ln_member_machine_code` [ RunTime:0.001000s ]
SQL: SELECT `member_id` FROM `ln_member_machine_code` WHERE ( `token` = '005557073637706076' ) LIMIT 1   [ RunTime:0.002000s ]
SQL: CALL SearchData('005557073637706076','壁纸','','',-1,-1) [ RunTime:2.041000s ]

[ 2017-04-28T11:05:04+08:00 ] ::1 /index.php/Goods/GoodsApi/Vrlist
INFO: [ app_begin ] --START--
INFO: Run Behavior\ReadHtmlCache [ RunTime:0.000000s ]
INFO: [ app_begin ] --END-- [ RunTime:0.001000s ]
SQL: SHOW COLUMNS FROM `ln_member_machine_code` [ RunTime:0.002000s ]
SQL: SELECT `member_id` FROM `ln_member_machine_code` WHERE ( `token` = '005557073637706076' ) LIMIT 1   [ RunTime:0.002000s ]
SQL: CALL SearchData('005557073637706076','壁纸','','',-1,-1) [ RunTime:2.087000s ]

[ 2017-04-28T11:12:53+08:00 ] ::1 /index.php/Goods/GoodsApi/Vrlist
INFO: [ app_begin ] --START--
INFO: Run Behavior\ReadHtmlCache [ RunTime:0.001000s ]
INFO: [ app_begin ] --END-- [ RunTime:0.001000s ]
SQL: SHOW COLUMNS FROM `ln_member_machine_code` [ RunTime:0.001000s ]
SQL: SELECT `member_id` FROM `ln_member_machine_code` WHERE ( `token` = '005557073637706076' ) LIMIT 1   [ RunTime:0.001000s ]
SQL: CALL SearchData('005557073637706076','壁纸','','',-1,-1) [ RunTime:2.036000s ]
INFO: [ app_end ] --START--
INFO: Run Behavior\ShowPageTrace [ RunTime:0.002000s ]
INFO: [ app_end ] --END-- [ RunTime:0.002000s ]

[ 2017-04-28T11:14:29+08:00 ] ::1 /index.php/Goods/GoodsApi/Vrlist
INFO: [ app_begin ] --START--
INFO: Run Behavior\ReadHtmlCache [ RunTime:0.001000s ]
INFO: [ app_begin ] --END-- [ RunTime:0.001000s ]
SQL: SHOW COLUMNS FROM `ln_member_machine_code` [ RunTime:0.002000s ]
SQL: SELECT `member_id` FROM `ln_member_machine_code` WHERE ( `token` = '005557073637706076' ) LIMIT 1   [ RunTime:0.001000s ]
SQL: CALL SearchData('005557073637706076','壁纸','','',-1,-1) [ RunTime:1.760000s ]

[ 2017-04-28T11:31:14+08:00 ] ::1 /index.php/Goods/GoodsApi/Vrlist
INFO: [ app_begin ] --START--
INFO: Run Behavior\ReadHtmlCache [ RunTime:0.001000s ]
INFO: [ app_begin ] --END-- [ RunTime:0.001000s ]
SQL: SHOW COLUMNS FROM `ln_member_machine_code` [ RunTime:0.002000s ]
SQL: SELECT `member_id` FROM `ln_member_machine_code` WHERE ( `token` = '005557073637706076' ) LIMIT 1   [ RunTime:0.001000s ]

[ 2017-04-28T11:31:43+08:00 ] ::1 /index.php/Goods/GoodsApi/Vrlist
INFO: [ app_begin ] --START--
INFO: Run Behavior\ReadHtmlCache [ RunTime:0.000000s ]
INFO: [ app_begin ] --END-- [ RunTime:0.000000s ]
SQL: SHOW COLUMNS FROM `ln_member_machine_code` [ RunTime:0.002000s ]
SQL: SELECT `member_id` FROM `ln_member_machine_code` WHERE ( `token` = '750423156857157883' ) LIMIT 1   [ RunTime:0.001000s ]
SQL: CALL SearchData('750423156857157883','','','',-1,-1) [ RunTime:1.629000s ]

[ 2017-04-28T11:32:02+08:00 ] ::1 /index.php
INFO: [ app_begin ] --START--
INFO: Run Behavior\ReadHtmlCache [ RunTime:0.001000s ]
INFO: [ app_begin ] --END-- [ RunTime:0.001000s ]

[ 2017-04-28T11:37:06+08:00 ] ::1 /index.php/Goods/GoodsApi/Vrlist
INFO: [ app_begin ] --START--
INFO: Run Behavior\ReadHtmlCache [ RunTime:0.001000s ]
INFO: [ app_begin ] --END-- [ RunTime:0.001000s ]
SQL: SHOW COLUMNS FROM `ln_member_machine_code` [ RunTime:0.002000s ]
SQL: SELECT `member_id` FROM `ln_member_machine_code` WHERE ( `token` = '750423156857157883' ) LIMIT 1   [ RunTime:0.001000s ]
SQL: CALL SearchData('','','','',-1,-1) [ RunTime:0.002000s ]
NOTIC: [8] Undefined index: is_vr D:\WWW\WWW\furnitureshop\Application\Goods\Controller\GoodsApiController.class.php 第 170 行.
NOTIC: [8] Undefined variable: data D:\WWW\WWW\furnitureshop\Application\Goods\Controller\GoodsApiController.class.php 第 174 行.

[ 2017-04-28T11:37:21+08:00 ] ::1 /index.php/Goods/GoodsApi/Vrlist
INFO: [ app_begin ] --START--
INFO: Run Behavior\ReadHtmlCache [ RunTime:0.000000s ]
INFO: [ app_begin ] --END-- [ RunTime:0.000000s ]
SQL: SHOW COLUMNS FROM `ln_member_machine_code` [ RunTime:0.002000s ]
SQL: SELECT `member_id` FROM `ln_member_machine_code` WHERE ( `token` = '750423156857157883' ) LIMIT 1   [ RunTime:0.001000s ]
SQL: CALL SearchData('750423156857157883','','','',-1,-1) [ RunTime:1.645000s ]

[ 2017-04-28T11:43:25+08:00 ] ::1 /index.php/Goods/GoodsApi/Vrlist
INFO: [ app_begin ] --START--
INFO: Run Behavior\ReadHtmlCache [ RunTime:0.001000s ]
INFO: [ app_begin ] --END-- [ RunTime:0.001000s ]
SQL: SHOW COLUMNS FROM `ln_member_machine_code` [ RunTime:0.002000s ]
SQL: SELECT `member_id` FROM `ln_member_machine_code` WHERE ( `token` = '601165764724380596' ) LIMIT 1   [ RunTime:0.001000s ]
SQL: CALL SearchData('601165764724380596','壁纸','','',-1,-1) [ RunTime:1.486000s ]

[ 2017-04-28T11:45:12+08:00 ] ::1 /index.php/Goods/GoodsApi/Vrlist
INFO: [ app_begin ] --START--
INFO: Run Behavior\ReadHtmlCache [ RunTime:0.001000s ]
INFO: [ app_begin ] --END-- [ RunTime:0.001000s ]
SQL: SHOW COLUMNS FROM `ln_member_machine_code` [ RunTime:0.002000s ]
SQL: SELECT `member_id` FROM `ln_member_machine_code` WHERE ( `token` = '601165764724380596' ) LIMIT 1   [ RunTime:0.002000s ]

[ 2017-04-28T11:45:21+08:00 ] ::1 /index.php/Goods/GoodsApi/Vrlist
INFO: [ app_begin ] --START--
INFO: Run Behavior\ReadHtmlCache [ RunTime:0.000000s ]
INFO: [ app_begin ] --END-- [ RunTime:0.000000s ]
SQL: SHOW COLUMNS FROM `ln_member_machine_code` [ RunTime:0.001000s ]
SQL: SELECT `member_id` FROM `ln_member_machine_code` WHERE ( `token` = '750423156857157883' ) LIMIT 1   [ RunTime:0.001000s ]
SQL: CALL SearchData('','壁纸','','',-1,-1) [ RunTime:0.002000s ]
NOTIC: [8] Undefined index: is_vr D:\WWW\WWW\furnitureshop\Application\Goods\Controller\GoodsApiController.class.php 第 170 行.
NOTIC: [8] Undefined variable: data D:\WWW\WWW\furnitureshop\Application\Goods\Controller\GoodsApiController.class.php 第 174 行.

[ 2017-04-28T11:48:06+08:00 ] ::1 /index.php/Goods/GoodsApi/Vrlist
INFO: [ app_begin ] --START--
INFO: Run Behavior\ReadHtmlCache [ RunTime:0.000000s ]
INFO: [ app_begin ] --END-- [ RunTime:0.000000s ]
SQL: SHOW COLUMNS FROM `ln_member_machine_code` [ RunTime:0.002000s ]
SQL: SELECT `member_id` FROM `ln_member_machine_code` WHERE ( `token` = '750423156857157883' ) LIMIT 1   [ RunTime:0.001000s ]
SQL: CALL SearchData('','放电饭锅 ','','',-1,-1) [ RunTime:0.002000s ]
NOTIC: [8] Undefined index: is_vr D:\WWW\WWW\furnitureshop\Application\Goods\Controller\GoodsApiController.class.php 第 170 行.
NOTIC: [8] Undefined variable: data D:\WWW\WWW\furnitureshop\Application\Goods\Controller\GoodsApiController.class.php 第 174 行.

[ 2017-04-28T11:48:25+08:00 ] ::1 /index.php/Goods/GoodsApi/searchGoods
INFO: [ app_begin ] --START--
INFO: Run Behavior\ReadHtmlCache [ RunTime:0.000000s ]
INFO: [ app_begin ] --END-- [ RunTime:0.000000s ]
SQL: SHOW COLUMNS FROM `ln_member_machine_code` [ RunTime:0.002000s ]
SQL: SELECT `member_id` FROM `ln_member_machine_code` WHERE ( `token` = '750423156857157883' ) LIMIT 1   [ RunTime:0.001000s ]
SQL: CALL SearchData('','放电饭锅 ','','',-1,-1) [ RunTime:0.002000s ]

[ 2017-04-28T11:49:06+08:00 ] ::1 /index.php/Goods/GoodsApi/searchGoods
INFO: [ app_begin ] --START--
INFO: Run Behavior\ReadHtmlCache [ RunTime:0.000000s ]
INFO: [ app_begin ] --END-- [ RunTime:0.000000s ]
SQL: SHOW COLUMNS FROM `ln_member_machine_code` [ RunTime:0.001000s ]
SQL: SELECT `member_id` FROM `ln_member_machine_code` WHERE ( `token` = '750423156857157883' ) LIMIT 1   [ RunTime:0.001000s ]
SQL: CALL SearchData('','','','',-1,-1) [ RunTime:0.002000s ]

[ 2017-04-28T11:49:26+08:00 ] ::1 /index.php/Goods/GoodsApi/searchGoods
INFO: [ app_begin ] --START--
INFO: Run Behavior\ReadHtmlCache [ RunTime:0.000000s ]
INFO: [ app_begin ] --END-- [ RunTime:0.001000s ]
SQL: SHOW COLUMNS FROM `ln_member_machine_code` [ RunTime:0.001000s ]
SQL: SELECT `member_id` FROM `ln_member_machine_code` WHERE ( `token` = '750423156857157883' ) LIMIT 1   [ RunTime:0.001000s ]
SQL: CALL SearchData('','','','',-1,-1) [ RunTime:0.002000s ]

[ 2017-04-28T11:50:22+08:00 ] ::1 /index.php/Goods/GoodsApi/searchGoods
INFO: [ app_begin ] --START--
INFO: Run Behavior\ReadHtmlCache [ RunTime:0.000000s ]
INFO: [ app_begin ] --END-- [ RunTime:0.001000s ]
SQL: SHOW COLUMNS FROM `ln_member_machine_code` [ RunTime:0.002000s ]
SQL: SELECT `member_id` FROM `ln_member_machine_code` WHERE ( `token` = '750423156857157883' ) LIMIT 1   [ RunTime:0.001000s ]
SQL: CALL SearchData('','','','',-1,-1) [ RunTime:0.002000s ]

[ 2017-04-28T11:50:59+08:00 ] ::1 /index.php/Goods/GoodsApi/searchGoods
INFO: [ app_begin ] --START--
INFO: Run Behavior\ReadHtmlCache [ RunTime:0.000000s ]
INFO: [ app_begin ] --END-- [ RunTime:0.000000s ]
SQL: SHOW COLUMNS FROM `ln_member_machine_code` [ RunTime:0.002000s ]
SQL: SELECT `member_id` FROM `ln_member_machine_code` WHERE ( `token` = '750423156857157883' ) LIMIT 1   [ RunTime:0.001000s ]
SQL: CALL SearchData('750423156857157883','','','',-1,-1) [ RunTime:1.954000s ]

[ 2017-04-28T11:52:08+08:00 ] ::1 /index.php/Goods/GoodsApi/searchGoods
INFO: [ app_begin ] --START--
INFO: Run Behavior\ReadHtmlCache [ RunTime:0.000000s ]
INFO: [ app_begin ] --END-- [ RunTime:0.000000s ]
SQL: SHOW COLUMNS FROM `ln_member_machine_code` [ RunTime:0.002000s ]
SQL: SELECT `member_id` FROM `ln_member_machine_code` WHERE ( `token` = '750423156857157883' ) LIMIT 1   [ RunTime:0.001000s ]

[ 2017-04-28T11:52:27+08:00 ] ::1 /index.php/Goods/GoodsApi/searchGoods
INFO: [ app_begin ] --START--
INFO: Run Behavior\ReadHtmlCache [ RunTime:0.001000s ]
INFO: [ app_begin ] --END-- [ RunTime:0.001000s ]
SQL: SHOW COLUMNS FROM `ln_member_machine_code` [ RunTime:0.002000s ]
SQL: SELECT `member_id` FROM `ln_member_machine_code` WHERE ( `token` = '750423156857157883' ) LIMIT 1   [ RunTime:0.001000s ]

[ 2017-04-28T11:52:28+08:00 ] ::1 /index.php/Goods/GoodsApi/searchGoods
INFO: [ app_begin ] --START--
INFO: Run Behavior\ReadHtmlCache [ RunTime:0.001000s ]
INFO: [ app_begin ] --END-- [ RunTime:0.001000s ]
SQL: SHOW COLUMNS FROM `ln_member_machine_code` [ RunTime:0.002000s ]
SQL: SELECT `member_id` FROM `ln_member_machine_code` WHERE ( `token` = '750423156857157883' ) LIMIT 1   [ RunTime:0.001000s ]

[ 2017-04-28T11:53:34+08:00 ] ::1 /index.php/Goods/GoodsApi/searchGoods
INFO: [ app_begin ] --START--
INFO: Run Behavior\ReadHtmlCache [ RunTime:0.001000s ]
INFO: [ app_begin ] --END-- [ RunTime:0.001000s ]
SQL: SHOW COLUMNS FROM `ln_member_machine_code` [ RunTime:0.002000s ]
SQL: SELECT `member_id` FROM `ln_member_machine_code` WHERE ( `token` = '750423156857157883' ) LIMIT 1   [ RunTime:0.001000s ]

[ 2017-04-28T11:53:54+08:00 ] ::1 /index.php/Goods/GoodsApi/searchGoods
INFO: [ app_begin ] --START--
INFO: Run Behavior\ReadHtmlCache [ RunTime:0.000000s ]
INFO: [ app_begin ] --END-- [ RunTime:0.000000s ]
SQL: SHOW COLUMNS FROM `ln_member_machine_code` [ RunTime:0.002000s ]
SQL: SELECT `member_id` FROM `ln_member_machine_code` WHERE ( `token` = '308067836744681051' ) LIMIT 1   [ RunTime:0.002000s ]
SQL: CALL SearchData('308067836744681051','','','',-1,-1) [ RunTime:1.614000s ]

[ 2017-04-28T11:55:36+08:00 ] ::1 /index.php/Goods/GoodsApi/searchGoods
INFO: [ app_begin ] --START--
INFO: Run Behavior\ReadHtmlCache [ RunTime:0.000000s ]
INFO: [ app_begin ] --END-- [ RunTime:0.000000s ]
SQL: SHOW COLUMNS FROM `ln_member_machine_code` [ RunTime:0.002000s ]
SQL: SELECT `member_id` FROM `ln_member_machine_code` WHERE ( `token` = '308067836744681051' ) LIMIT 1   [ RunTime:0.001000s ]
SQL: CALL SearchData('308067836744681051','','','CommodityPriceB',-1,-1) [ RunTime:0.002000s ]

[ 2017-04-28T11:56:04+08:00 ] ::1 /index.php/Goods/GoodsApi/searchGoods
INFO: [ app_begin ] --START--
INFO: Run Behavior\ReadHtmlCache [ RunTime:0.001000s ]
INFO: [ app_begin ] --END-- [ RunTime:0.001000s ]
SQL: SHOW COLUMNS FROM `ln_member_machine_code` [ RunTime:0.002000s ]
SQL: SELECT `member_id` FROM `ln_member_machine_code` WHERE ( `token` = '308067836744681051' ) LIMIT 1   [ RunTime:0.002000s ]
SQL: CALL SearchData('308067836744681051','','','',-1,-1) [ RunTime:1.350000s ]

[ 2017-04-28T11:57:26+08:00 ] ::1 /index.php/Goods/GoodsApi/Vrlist
INFO: [ app_begin ] --START--
INFO: Run Behavior\ReadHtmlCache [ RunTime:0.001000s ]
INFO: [ app_begin ] --END-- [ RunTime:0.001000s ]
SQL: SHOW COLUMNS FROM `ln_member_machine_code` [ RunTime:0.002000s ]
SQL: SELECT `member_id` FROM `ln_member_machine_code` WHERE ( `token` = '750423156857157883' ) LIMIT 1   [ RunTime:0.001000s ]

[ 2017-04-28T11:57:36+08:00 ] ::1 /index.php/Goods/GoodsApi/Vrlist
INFO: [ app_begin ] --START--
INFO: Run Behavior\ReadHtmlCache [ RunTime:0.001000s ]
INFO: [ app_begin ] --END-- [ RunTime:0.001000s ]
SQL: SHOW COLUMNS FROM `ln_member_machine_code` [ RunTime:0.002000s ]
SQL: SELECT `member_id` FROM `ln_member_machine_code` WHERE ( `token` = '308067836744681051' ) LIMIT 1   [ RunTime:0.001000s ]
SQL: CALL SearchData('308067836744681051','','','',-1,-1) [ RunTime:1.573000s ]

[ 2017-04-28T11:57:43+08:00 ] ::1 /index.php/Goods/GoodsApi/Vrlist
INFO: [ app_begin ] --START--
INFO: Run Behavior\ReadHtmlCache [ RunTime:0.001000s ]
INFO: [ app_begin ] --END-- [ RunTime:0.001000s ]
SQL: SHOW COLUMNS FROM `ln_member_machine_code` [ RunTime:0.002000s ]
SQL: SELECT `member_id` FROM `ln_member_machine_code` WHERE ( `token` = '308067836744681051' ) LIMIT 1   [ RunTime:0.002000s ]
SQL: CALL SearchData('308067836744681051','1','','',-1,-1) [ RunTime:0.422000s ]

[ 2017-04-28T13:53:16+08:00 ] ::1 /index.php/Goods/GoodsApi/Vrlist
INFO: [ app_begin ] --START--
INFO: Run Behavior\ReadHtmlCache [ RunTime:0.000000s ]
INFO: [ app_begin ] --END-- [ RunTime:0.000000s ]
SQL: SHOW COLUMNS FROM `ln_member_machine_code` [ RunTime:0.002000s ]
SQL: SELECT `member_id` FROM `ln_member_machine_code` WHERE ( `token` = '308067836744681051' ) LIMIT 1   [ RunTime:0.001000s ]

[ 2017-04-28T13:53:25+08:00 ] ::1 /index.php/Goods/GoodsApi/Vrlist
INFO: [ app_begin ] --START--
INFO: Run Behavior\ReadHtmlCache [ RunTime:0.000000s ]
INFO: [ app_begin ] --END-- [ RunTime:0.000000s ]
SQL: SHOW COLUMNS FROM `ln_member_machine_code` [ RunTime:0.002000s ]
SQL: SELECT `member_id` FROM `ln_member_machine_code` WHERE ( `token` = '900622476248815867' ) LIMIT 1   [ RunTime:0.001000s ]
SQL: CALL SearchData('900622476248815867','1','','',-1,-1) [ RunTime:0.465000s ]

[ 2017-04-28T14:16:12+08:00 ] 127.0.0.1 /
INFO: [ app_begin ] --START--
INFO: Run Behavior\ReadHtmlCache [ RunTime:0.000000s ]
INFO: [ app_begin ] --END-- [ RunTime:0.001000s ]

[ 2017-04-28T14:16:12+08:00 ] 127.0.0.1 /index.php/Admin/Public/login
INFO: [ app_begin ] --START--
INFO: Run Behavior\ReadHtmlCache [ RunTime:0.001000s ]
INFO: [ app_begin ] --END-- [ RunTime:0.001000s ]
INFO: [ view_parse ] --START--
INFO: [ template_filter ] --START--
INFO: Run Behavior\ContentReplace [ RunTime:0.001000s ]
INFO: [ template_filter ] --END-- [ RunTime:0.001000s ]
INFO: Run Behavior\ParseTemplate [ RunTime:0.006000s ]
INFO: [ view_parse ] --END-- [ RunTime:0.006000s ]
INFO: [ view_filter ] --START--
INFO: Run Behavior\WriteHtmlCache [ RunTime:0.000000s ]
INFO: [ view_filter ] --END-- [ RunTime:0.000000s ]
INFO: [ app_end ] --START--
INFO: Run Behavior\ShowPageTrace [ RunTime:0.001000s ]
INFO: [ app_end ] --END-- [ RunTime:0.001000s ]

[ 2017-04-28T14:16:16+08:00 ] 127.0.0.1 /
INFO: [ app_begin ] --START--
INFO: Run Behavior\ReadHtmlCache [ RunTime:0.000000s ]
INFO: [ app_begin ] --END-- [ RunTime:0.001000s ]

[ 2017-04-28T14:16:16+08:00 ] 127.0.0.1 /index.php/Admin/Public/login
INFO: [ app_begin ] --START--
INFO: Run Behavior\ReadHtmlCache [ RunTime:0.001000s ]
INFO: [ app_begin ] --END-- [ RunTime:0.001000s ]
INFO: [ view_parse ] --START--
INFO: [ template_filter ] --START--
INFO: Run Behavior\ContentReplace [ RunTime:0.000000s ]
INFO: [ template_filter ] --END-- [ RunTime:0.000000s ]
INFO: Run Behavior\ParseTemplate [ RunTime:0.005000s ]
INFO: [ view_parse ] --END-- [ RunTime:0.005000s ]
INFO: [ view_filter ] --START--
INFO: Run Behavior\WriteHtmlCache [ RunTime:0.000000s ]
INFO: [ view_filter ] --END-- [ RunTime:0.000000s ]
INFO: [ app_end ] --START--
INFO: Run Behavior\ShowPageTrace [ RunTime:0.001000s ]
INFO: [ app_end ] --END-- [ RunTime:0.001000s ]

[ 2017-04-28T14:20:15+08:00 ] ::1 /index.php/Admin/GoodsCategory/edit/id/1
INFO: [ app_begin ] --START--
INFO: Run Behavior\ReadHtmlCache [ RunTime:0.001000s ]
INFO: [ app_begin ] --END-- [ RunTime:0.001000s ]
SQL: SHOW COLUMNS FROM `ln_member` [ RunTime:0.002000s ]
SQL: SELECT `disabled` FROM `ln_member` WHERE ( `id` = '2' ) LIMIT 1   [ RunTime:0.002000s ]
NOTIC: [2048] Declaration of Admin\Model\MemberModel::_after_insert() should be compatible with Think\Model::_after_insert($data, $options) D:\WWW\WWW\furnitureshop\Application\Admin\Model\MemberModel.class.php 第 124 行.
SQL: SHOW COLUMNS FROM `ln_member` [ RunTime:0.002000s ]
SQL: SELECT `menu_ids` FROM `ln_member` WHERE ( id=2 ) LIMIT 1   [ RunTime:0.001000s ]
SQL: SHOW COLUMNS FROM `ln_menu` [ RunTime:0.001000s ]
SQL: SELECT COUNT(*) AS tp_count FROM `ln_menu` WHERE ( `id` IN ('16','422','428','402','403','441','443','444','405','445','446','406','447','448','449','407','453','454','408','455','456','409','450','451','452','418','457','458','410','411','459','460','461','507','508','420','513','514','462','463','464','510','414','465','425','466','467','426','512','468','68','226','492','493','494','502','504','511') ) AND ( `display` = 1 ) AND ( `url` = 'Admin/GoodsCategory/edit' ) LIMIT 1   [ RunTime:0.001000s ]
SQL: SHOW COLUMNS FROM `ln_shop_goods_type` [ RunTime:0.002000s ]
SQL: SELECT * FROM `ln_shop_goods_type` WHERE ( `id` = 1 ) LIMIT 1   [ RunTime:0.001000s ]
SQL: SELECT type.id,type.name,type.sort,type.parent_id,type.level as cate_level FROM ln_shop_goods_type type left JOIN ln_member member ON type.member_id = member.id  WHERE ( type.member_id = '2' ) AND ( type.status = 0 ) ORDER BY type.sort asc, type.id asc  [ RunTime:0.001000s ]
INFO: [ view_parse ] --START--
INFO: [ template_filter ] --START--
INFO: Run Behavior\ContentReplace [ RunTime:0.000000s ]
INFO: [ template_filter ] --END-- [ RunTime:0.000000s ]
NOTIC: [8] Undefined variable: meta_title D:\WWW\WWW\furnitureshop\Runtime\Cache\Admin\8b7d2aaaf84e7ec798f8df3bda257e91.php 第 5 行.
NOTIC: [8] Use of undefined constant id - assumed 'id' D:\WWW\WWW\furnitureshop\Runtime\Cache\Admin\8b7d2aaaf84e7ec798f8df3bda257e91.php 第 42 行.
NOTIC: [8] Use of undefined constant parent_id - assumed 'parent_id' D:\WWW\WWW\furnitureshop\Runtime\Cache\Admin\8b7d2aaaf84e7ec798f8df3bda257e91.php 第 42 行.
NOTIC: [8] Use of undefined constant id - assumed 'id' D:\WWW\WWW\furnitureshop\Runtime\Cache\Admin\8b7d2aaaf84e7ec798f8df3bda257e91.php 第 42 行.
NOTIC: [8] Use of undefined constant parent_id - assumed 'parent_id' D:\WWW\WWW\furnitureshop\Runtime\Cache\Admin\8b7d2aaaf84e7ec798f8df3bda257e91.php 第 42 行.
NOTIC: [8] Use of undefined constant id - assumed 'id' D:\WWW\WWW\furnitureshop\Runtime\Cache\Admin\8b7d2aaaf84e7ec798f8df3bda257e91.php 第 42 行.
NOTIC: [8] Use of undefined constant parent_id - assumed 'parent_id' D:\WWW\WWW\furnitureshop\Runtime\Cache\Admin\8b7d2aaaf84e7ec798f8df3bda257e91.php 第 42 行.
NOTIC: [8] Use of undefined constant id - assumed 'id' D:\WWW\WWW\furnitureshop\Runtime\Cache\Admin\8b7d2aaaf84e7ec798f8df3bda257e91.php 第 42 行.
NOTIC: [8] Use of undefined constant parent_id - assumed 'parent_id' D:\WWW\WWW\furnitureshop\Runtime\Cache\Admin\8b7d2aaaf84e7ec798f8df3bda257e91.php 第 42 行.
NOTIC: [8] Use of undefined constant id - assumed 'id' D:\WWW\WWW\furnitureshop\Runtime\Cache\Admin\8b7d2aaaf84e7ec798f8df3bda257e91.php 第 42 行.
NOTIC: [8] Use of undefined constant parent_id - assumed 'parent_id' D:\WWW\WWW\furnitureshop\Runtime\Cache\Admin\8b7d2aaaf84e7ec798f8df3bda257e91.php 第 42 行.
NOTIC: [8] Use of undefined constant id - assumed 'id' D:\WWW\WWW\furnitureshop\Runtime\Cache\Admin\8b7d2aaaf84e7ec798f8df3bda257e91.php 第 42 行.
NOTIC: [8] Use of undefined constant parent_id - assumed 'parent_id' D:\WWW\WWW\furnitureshop\Runtime\Cache\Admin\8b7d2aaaf84e7ec798f8df3bda257e91.php 第 42 行.
NOTIC: [8] Use of undefined constant id - assumed 'id' D:\WWW\WWW\furnitureshop\Runtime\Cache\Admin\8b7d2aaaf84e7ec798f8df3bda257e91.php 第 42 行.
NOTIC: [8] Use of undefined constant parent_id - assumed 'parent_id' D:\WWW\WWW\furnitureshop\Runtime\Cache\Admin\8b7d2aaaf84e7ec798f8df3bda257e91.php 第 42 行.
NOTIC: [8] Use of undefined constant id - assumed 'id' D:\WWW\WWW\furnitureshop\Runtime\Cache\Admin\8b7d2aaaf84e7ec798f8df3bda257e91.php 第 42 行.
NOTIC: [8] Use of undefined constant parent_id - assumed 'parent_id' D:\WWW\WWW\furnitureshop\Runtime\Cache\Admin\8b7d2aaaf84e7ec798f8df3bda257e91.php 第 42 行.
NOTIC: [8] Use of undefined constant id - assumed 'id' D:\WWW\WWW\furnitureshop\Runtime\Cache\Admin\8b7d2aaaf84e7ec798f8df3bda257e91.php 第 42 行.
NOTIC: [8] Use of undefined constant parent_id - assumed 'parent_id' D:\WWW\WWW\furnitureshop\Runtime\Cache\Admin\8b7d2aaaf84e7ec798f8df3bda257e91.php 第 42 行.
NOTIC: [8] Use of undefined constant id - assumed 'id' D:\WWW\WWW\furnitureshop\Runtime\Cache\Admin\8b7d2aaaf84e7ec798f8df3bda257e91.php 第 42 行.
NOTIC: [8] Use of undefined constant parent_id - assumed 'parent_id' D:\WWW\WWW\furnitureshop\Runtime\Cache\Admin\8b7d2aaaf84e7ec798f8df3bda257e91.php 第 42 行.
NOTIC: [8] Use of undefined constant id - assumed 'id' D:\WWW\WWW\furnitureshop\Runtime\Cache\Admin\8b7d2aaaf84e7ec798f8df3bda257e91.php 第 42 行.
NOTIC: [8] Use of undefined constant parent_id - assumed 'parent_id' D:\WWW\WWW\furnitureshop\Runtime\Cache\Admin\8b7d2aaaf84e7ec798f8df3bda257e91.php 第 42 行.
NOTIC: [8] Use of undefined constant id - assumed 'id' D:\WWW\WWW\furnitureshop\Runtime\Cache\Admin\8b7d2aaaf84e7ec798f8df3bda257e91.php 第 42 行.
NOTIC: [8] Use of undefined constant parent_id - assumed 'parent_id' D:\WWW\WWW\furnitureshop\Runtime\Cache\Admin\8b7d2aaaf84e7ec798f8df3bda257e91.php 第 42 行.
NOTIC: [8] Use of undefined constant id - assumed 'id' D:\WWW\WWW\furnitureshop\Runtime\Cache\Admin\8b7d2aaaf84e7ec798f8df3bda257e91.php 第 42 行.
NOTIC: [8] Use of undefined constant parent_id - assumed 'parent_id' D:\WWW\WWW\furnitureshop\Runtime\Cache\Admin\8b7d2aaaf84e7ec798f8df3bda257e91.php 第 42 行.
NOTIC: [8] Use of undefined constant id - assumed 'id' D:\WWW\WWW\furnitureshop\Runtime\Cache\Admin\8b7d2aaaf84e7ec798f8df3bda257e91.php 第 42 行.
NOTIC: [8] Use of undefined constant parent_id - assumed 'parent_id' D:\WWW\WWW\furnitureshop\Runtime\Cache\Admin\8b7d2aaaf84e7ec798f8df3bda257e91.php 第 42 行.
NOTIC: [8] Use of undefined constant id - assumed 'id' D:\WWW\WWW\furnitureshop\Runtime\Cache\Admin\8b7d2aaaf84e7ec798f8df3bda257e91.php 第 42 行.
NOTIC: [8] Use of undefined constant parent_id - assumed 'parent_id' D:\WWW\WWW\furnitureshop\Runtime\Cache\Admin\8b7d2aaaf84e7ec798f8df3bda257e91.php 第 42 行.
NOTIC: [8] Use of undefined constant id - assumed 'id' D:\WWW\WWW\furnitureshop\Runtime\Cache\Admin\8b7d2aaaf84e7ec798f8df3bda257e91.php 第 42 行.
NOTIC: [8] Use of undefined constant parent_id - assumed 'parent_id' D:\WWW\WWW\furnitureshop\Runtime\Cache\Admin\8b7d2aaaf84e7ec798f8df3bda257e91.php 第 42 行.
NOTIC: [8] Use of undefined constant id - assumed 'id' D:\WWW\WWW\furnitureshop\Runtime\Cache\Admin\8b7d2aaaf84e7ec798f8df3bda257e91.php 第 42 行.
NOTIC: [8] Use of undefined constant parent_id - assumed 'parent_id' D:\WWW\WWW\furnitureshop\Runtime\Cache\Admin\8b7d2aaaf84e7ec798f8df3bda257e91.php 第 42 行.
NOTIC: [8] Use of undefined constant id - assumed 'id' D:\WWW\WWW\furnitureshop\Runtime\Cache\Admin\8b7d2aaaf84e7ec798f8df3bda257e91.php 第 42 行.
NOTIC: [8] Use of undefined constant parent_id - assumed 'parent_id' D:\WWW\WWW\furnitureshop\Runtime\Cache\Admin\8b7d2aaaf84e7ec798f8df3bda257e91.php 第 42 行.
NOTIC: [8] Use of undefined constant sort - assumed 'sort' D:\WWW\WWW\furnitureshop\Runtime\Cache\Admin\8b7d2aaaf84e7ec798f8df3bda257e91.php 第 49 行.
NOTIC: [8] Use of undefined constant sort - assumed 'sort' D:\WWW\WWW\furnitureshop\Runtime\Cache\Admin\8b7d2aaaf84e7ec798f8df3bda257e91.php 第 49 行.
INFO: Run Behavior\ParseTemplate [ RunTime:0.024000s ]
INFO: [ view_parse ] --END-- [ RunTime:0.024000s ]
INFO: [ view_filter ] --START--
INFO: Run Behavior\WriteHtmlCache [ RunTime:0.001000s ]
INFO: [ view_filter ] --END-- [ RunTime:0.001000s ]
INFO: [ app_end ] --START--
INFO: Run Behavior\ShowPageTrace [ RunTime:0.001000s ]
INFO: [ app_end ] --END-- [ RunTime:0.001000s ]

[ 2017-04-28T15:08:35+08:00 ] ::1 /index.php/Upgrade/UpgradeApi/getType
INFO: [ app_begin ] --START--
INFO: Run Behavior\ReadHtmlCache [ RunTime:0.001000s ]
INFO: [ app_begin ] --END-- [ RunTime:0.001000s ]
NOTIC: [8] Undefined index: code D:\WWW\WWW\furnitureshop\Application\Common\Controller\CommonApiController.class.php 第 10 行.
NOTIC: [2] Invalid argument supplied for foreach() D:\WWW\WWW\furnitureshop\Application\Common\Controller\CommonApiController.class.php 第 32 行.
SQL: SHOW COLUMNS FROM `ln_member_machine_code` [ RunTime:0.002000s ]
SQL: SELECT `member_id` FROM `ln_member_machine_code` WHERE ( `token` = '' ) LIMIT 1   [ RunTime:0.001000s ]

[ 2017-04-28T15:09:07+08:00 ] ::1 /index.php/Upgrade/UpgradeApi/getType
INFO: [ app_begin ] --START--
INFO: Run Behavior\ReadHtmlCache [ RunTime:0.000000s ]
INFO: [ app_begin ] --END-- [ RunTime:0.000000s ]
SQL: SHOW COLUMNS FROM `ln_member_machine_code` [ RunTime:0.002000s ]
SQL: SELECT `member_id` FROM `ln_member_machine_code` WHERE ( `token` = '240866409211733883' ) LIMIT 1   [ RunTime:0.002000s ]
SQL: SHOW COLUMNS FROM `ln_upgrade_detail` [ RunTime:0.001000s ]
NOTIC: [8] Array to string conversion D:\WWW\WWW\furnitureshop\Application\Upgrade\Controller\UpgradeApiController.class.php 第 50 行.

[ 2017-04-28T15:10:13+08:00 ] ::1 /index.php/Upgrade/UpgradeApi/getType
INFO: [ app_begin ] --START--
INFO: Run Behavior\ReadHtmlCache [ RunTime:0.000000s ]
INFO: [ app_begin ] --END-- [ RunTime:0.000000s ]
SQL: SHOW COLUMNS FROM `ln_member_machine_code` [ RunTime:0.001000s ]
SQL: SELECT `member_id` FROM `ln_member_machine_code` WHERE ( `token` = '240866409211733883' ) LIMIT 1   [ RunTime:0.002000s ]
SQL: SHOW COLUMNS FROM `ln_upgrade_detail` [ RunTime:0.001000s ]
NOTIC: [8] Array to string conversion D:\WWW\WWW\furnitureshop\Application\Upgrade\Controller\UpgradeApiController.class.php 第 50 行.

[ 2017-04-28T15:10:45+08:00 ] ::1 /index.php/Upgrade/UpgradeApi/getType
INFO: [ app_begin ] --START--
INFO: Run Behavior\ReadHtmlCache [ RunTime:0.000000s ]
INFO: [ app_begin ] --END-- [ RunTime:0.001000s ]
SQL: SHOW COLUMNS FROM `ln_member_machine_code` [ RunTime:0.002000s ]
SQL: SELECT `member_id` FROM `ln_member_machine_code` WHERE ( `token` = '240866409211733883' ) LIMIT 1   [ RunTime:0.001000s ]
SQL: SHOW COLUMNS FROM `ln_upgrade_detail` [ RunTime:0.002000s ]
NOTIC: [8] Array to string conversion D:\WWW\WWW\furnitureshop\Application\Upgrade\Controller\UpgradeApiController.class.php 第 50 行.

[ 2017-04-28T15:10:46+08:00 ] ::1 /index.php/Upgrade/UpgradeApi/getType
INFO: [ app_begin ] --START--
INFO: Run Behavior\ReadHtmlCache [ RunTime:0.000000s ]
INFO: [ app_begin ] --END-- [ RunTime:0.000000s ]
SQL: SHOW COLUMNS FROM `ln_member_machine_code` [ RunTime:0.002000s ]
SQL: SELECT `member_id` FROM `ln_member_machine_code` WHERE ( `token` = '240866409211733883' ) LIMIT 1   [ RunTime:0.002000s ]
SQL: SHOW COLUMNS FROM `ln_upgrade_detail` [ RunTime:0.002000s ]
NOTIC: [8] Array to string conversion D:\WWW\WWW\furnitureshop\Application\Upgrade\Controller\UpgradeApiController.class.php 第 50 行.

[ 2017-04-28T15:10:47+08:00 ] ::1 /index.php/Upgrade/UpgradeApi/getType
INFO: [ app_begin ] --START--
INFO: Run Behavior\ReadHtmlCache [ RunTime:0.000000s ]
INFO: [ app_begin ] --END-- [ RunTime:0.000000s ]
SQL: SHOW COLUMNS FROM `ln_member_machine_code` [ RunTime:0.002000s ]
SQL: SELECT `member_id` FROM `ln_member_machine_code` WHERE ( `token` = '240866409211733883' ) LIMIT 1   [ RunTime:0.001000s ]
SQL: SHOW COLUMNS FROM `ln_upgrade_detail` [ RunTime:0.002000s ]
NOTIC: [8] Array to string conversion D:\WWW\WWW\furnitureshop\Application\Upgrade\Controller\UpgradeApiController.class.php 第 50 行.

[ 2017-04-28T15:10:51+08:00 ] ::1 /index.php/Upgrade/UpgradeApi/getType
INFO: [ app_begin ] --START--
INFO: Run Behavior\ReadHtmlCache [ RunTime:0.000000s ]
INFO: [ app_begin ] --END-- [ RunTime:0.000000s ]
SQL: SHOW COLUMNS FROM `ln_member_machine_code` [ RunTime:0.002000s ]
SQL: SELECT `member_id` FROM `ln_member_machine_code` WHERE ( `token` = '240866409211733883' ) LIMIT 1   [ RunTime:0.001000s ]
SQL: SHOW COLUMNS FROM `ln_upgrade_detail` [ RunTime:0.002000s ]
NOTIC: [8] Array to string conversion D:\WWW\WWW\furnitureshop\Application\Upgrade\Controller\UpgradeApiController.class.php 第 50 行.

[ 2017-04-28T15:12:03+08:00 ] ::1 /index.php/Upgrade/UpgradeApi/getType
INFO: [ app_begin ] --START--
INFO: Run Behavior\ReadHtmlCache [ RunTime:0.001000s ]
INFO: [ app_begin ] --END-- [ RunTime:0.001000s ]
SQL: SHOW COLUMNS FROM `ln_member_machine_code` [ RunTime:0.002000s ]
SQL: SELECT `member_id` FROM `ln_member_machine_code` WHERE ( `token` = '240866409211733883' ) LIMIT 1   [ RunTime:0.001000s ]
SQL: SHOW COLUMNS FROM `ln_upgrade_detail` [ RunTime:0.002000s ]

[ 2017-04-28T15:12:20+08:00 ] ::1 /index.php/Upgrade/UpgradeApi/getType
INFO: [ app_begin ] --START--
INFO: Run Behavior\ReadHtmlCache [ RunTime:0.000000s ]
INFO: [ app_begin ] --END-- [ RunTime:0.000000s ]
SQL: SHOW COLUMNS FROM `ln_member_machine_code` [ RunTime:0.002000s ]
SQL: SELECT `member_id` FROM `ln_member_machine_code` WHERE ( `token` = '240866409211733883' ) LIMIT 1   [ RunTime:0.001000s ]
SQL: SHOW COLUMNS FROM `ln_upgrade_detail` [ RunTime:0.001000s ]
SQL: SELECT * FROM `ln_upgrade_detail` WHERE ( `member_id` = '2' ) LIMIT 1   [ RunTime:0.002000s ]
SQL: SHOW COLUMNS FROM `ln_upgrade` [ RunTime:0.002000s ]
SQL: SELECT `file_path`,`version` FROM `ln_upgrade` WHERE ( `id` = null ) AND ( `type` = 2 )  [ RunTime:0.001000s ]

[ 2017-04-28T15:41:05+08:00 ] ::1 /index.php/Upgrade/UpgradeApi/getType
INFO: [ app_begin ] --START--
INFO: Run Behavior\ReadHtmlCache [ RunTime:0.000000s ]
INFO: [ app_begin ] --END-- [ RunTime:0.000000s ]
SQL: SHOW COLUMNS FROM `ln_member_machine_code` [ RunTime:0.001000s ]
SQL: SELECT `member_id` FROM `ln_member_machine_code` WHERE ( `token` = '240866409211733883' ) LIMIT 1   [ RunTime:0.002000s ]

[ 2017-04-28T15:56:13+08:00 ] ::1 /index.php/Upgrade/UpgradeApi/getType
INFO: [ app_begin ] --START--
INFO: Run Behavior\ReadHtmlCache [ RunTime:0.001000s ]
INFO: [ app_begin ] --END-- [ RunTime:0.001000s ]
SQL: SHOW COLUMNS FROM `ln_member_machine_code` [ RunTime:0.002000s ]
SQL: SELECT `member_id` FROM `ln_member_machine_code` WHERE ( `token` = '240866409211733883' ) LIMIT 1   [ RunTime:0.002000s ]

[ 2017-04-28T16:39:32+08:00 ] ::1 /index.php/Upgrade/UpgradeTypeApi/getType
INFO: [ app_begin ] --START--
INFO: Run Behavior\ReadHtmlCache [ RunTime:0.001000s ]
INFO: [ app_begin ] --END-- [ RunTime:0.001000s ]
ERR: 无法加载控制器:UpgradeTypeApi

[ 2017-04-28T16:39:57+08:00 ] ::1 /index.php/Upgrade/UpgradeTypeApi/getType
INFO: [ app_begin ] --START--
INFO: Run Behavior\ReadHtmlCache [ RunTime:0.000000s ]
INFO: [ app_begin ] --END-- [ RunTime:0.001000s ]
SQL: SHOW COLUMNS FROM `ln_member_machine_code` [ RunTime:0.002000s ]

[ 2017-04-28T16:42:16+08:00 ] ::1 /index.php/Upgrade/UpgradeTypeApi/getType
INFO: [ app_begin ] --START--
INFO: Run Behavior\ReadHtmlCache [ RunTime:0.001000s ]
INFO: [ app_begin ] --END-- [ RunTime:0.001000s ]

[ 2017-04-28T16:42:49+08:00 ] ::1 /index.php/Upgrade/UpgradeTypeApi/getType
INFO: [ app_begin ] --START--
INFO: Run Behavior\ReadHtmlCache [ RunTime:0.000000s ]
INFO: [ app_begin ] --END-- [ RunTime:0.000000s ]
SQL: SHOW COLUMNS FROM `ln_member_machine_code` [ RunTime:0.002000s ]
SQL: SELECT `member_id` FROM `ln_member_machine_code` WHERE ( machine_code=144904310535995734 )  [ RunTime:0.002000s ]

[ 2017-04-28T16:43:17+08:00 ] ::1 /index.php/Upgrade/UpgradeTypeApi/getType
INFO: [ app_begin ] --START--
INFO: Run Behavior\ReadHtmlCache [ RunTime:0.000000s ]
INFO: [ app_begin ] --END-- [ RunTime:0.000000s ]
SQL: SHOW COLUMNS FROM `ln_member_machine_code` [ RunTime:0.002000s ]
SQL: SELECT `member_id` FROM `ln_member_machine_code` WHERE ( machine_code=144904310535995734 )  [ RunTime:0.001000s ]

[ 2017-04-28T16:43:26+08:00 ] ::1 /index.php/Upgrade/UpgradeTypeApi/getType
INFO: [ app_begin ] --START--
INFO: Run Behavior\ReadHtmlCache [ RunTime:0.001000s ]
INFO: [ app_begin ] --END-- [ RunTime:0.002000s ]
SQL: SHOW COLUMNS FROM `ln_member_machine_code` [ RunTime:0.001000s ]
SQL: SELECT `member_id` FROM `ln_member_machine_code` WHERE ( machine_code=144904310535995734 )  [ RunTime:0.001000s ]

[ 2017-04-28T16:43:27+08:00 ] ::1 /index.php/Upgrade/UpgradeTypeApi/getType
INFO: [ app_begin ] --START--
INFO: Run Behavior\ReadHtmlCache [ RunTime:0.000000s ]
INFO: [ app_begin ] --END-- [ RunTime:0.001000s ]
SQL: SHOW COLUMNS FROM `ln_member_machine_code` [ RunTime:0.002000s ]
SQL: SELECT `member_id` FROM `ln_member_machine_code` WHERE ( machine_code=144904310535995734 )  [ RunTime:0.001000s ]

[ 2017-04-28T16:43:39+08:00 ] ::1 /index.php/Upgrade/UpgradeTypeApi/getType
INFO: [ app_begin ] --START--
INFO: Run Behavior\ReadHtmlCache [ RunTime:0.001000s ]
INFO: [ app_begin ] --END-- [ RunTime:0.001000s ]
SQL: SHOW COLUMNS FROM `ln_member_machine_code` [ RunTime:0.001000s ]
SQL: SELECT `member_id` FROM `ln_member_machine_code` WHERE ( machine_code=144904310535995734 )  [ RunTime:0.001000s ]

[ 2017-04-28T16:44:33+08:00 ] ::1 /index.php/Upgrade/UpgradeTypeApi/getType
INFO: [ app_begin ] --START--
INFO: Run Behavior\ReadHtmlCache [ RunTime:0.000000s ]
INFO: [ app_begin ] --END-- [ RunTime:0.001000s ]
SQL: SHOW COLUMNS FROM `ln_member_machine_code` [ RunTime:0.002000s ]
SQL: SELECT `member_id` FROM `ln_member_machine_code` WHERE ( machine_code=144904310535995734 )  [ RunTime:0.001000s ]

[ 2017-04-28T16:44:34+08:00 ] ::1 /index.php/Upgrade/UpgradeTypeApi/getType
INFO: [ app_begin ] --START--
INFO: Run Behavior\ReadHtmlCache [ RunTime:0.001000s ]
INFO: [ app_begin ] --END-- [ RunTime:0.001000s ]
SQL: SHOW COLUMNS FROM `ln_member_machine_code` [ RunTime:0.002000s ]
SQL: SELECT `member_id` FROM `ln_member_machine_code` WHERE ( machine_code=144904310535995734 )  [ RunTime:0.001000s ]

[ 2017-04-28T16:44:56+08:00 ] ::1 /index.php/Upgrade/UpgradeTypeApi/getType
INFO: [ app_begin ] --START--
INFO: Run Behavior\ReadHtmlCache [ RunTime:0.001000s ]
INFO: [ app_begin ] --END-- [ RunTime:0.001000s ]
SQL: SHOW COLUMNS FROM `ln_member_machine_code` [ RunTime:0.001000s ]
SQL: SELECT `member_id` FROM `ln_member_machine_code` WHERE ( machine_code=144904310535995734 )  [ RunTime:0.001000s ]
NOTIC: [8] Use of undefined constant UID - assumed 'UID' D:\WWW\WWW\furnitureshop\Application\Upgrade\Controller\UpgradeTypeApiController.class.php 第 13 行.

[ 2017-04-28T16:45:37+08:00 ] ::1 /index.php/Upgrade/UpgradeTypeApi/getType
INFO: [ app_begin ] --START--
INFO: Run Behavior\ReadHtmlCache [ RunTime:0.001000s ]
INFO: [ app_begin ] --END-- [ RunTime:0.001000s ]
SQL: SHOW COLUMNS FROM `ln_member_machine_code` [ RunTime:0.002000s ]
SQL: SELECT `member_id` FROM `ln_member_machine_code` WHERE ( machine_code=144904310535995734 )  [ RunTime:0.002000s ]

[ 2017-04-28T16:46:11+08:00 ] ::1 /index.php/Upgrade/UpgradeTypeApi/getType
INFO: [ app_begin ] --START--
INFO: Run Behavior\ReadHtmlCache [ RunTime:0.000000s ]
INFO: [ app_begin ] --END-- [ RunTime:0.001000s ]
SQL: SHOW COLUMNS FROM `ln_member_machine_code` [ RunTime:0.002000s ]
SQL: SELECT `member_id` FROM `ln_member_machine_code` WHERE ( machine_code=144904310535995734 )  [ RunTime:0.001000s ]

[ 2017-04-28T16:46:12+08:00 ] ::1 /index.php/Upgrade/UpgradeTypeApi/getType
INFO: [ app_begin ] --START--
INFO: Run Behavior\ReadHtmlCache [ RunTime:0.001000s ]
INFO: [ app_begin ] --END-- [ RunTime:0.001000s ]
SQL: SHOW COLUMNS FROM `ln_member_machine_code` [ RunTime:0.001000s ]
SQL: SELECT `member_id` FROM `ln_member_machine_code` WHERE ( machine_code=144904310535995734 )  [ RunTime:0.001000s ]

[ 2017-04-28T16:47:06+08:00 ] ::1 /index.php/Upgrade/UpgradeTypeApi/getType
INFO: [ app_begin ] --START--
INFO: Run Behavior\ReadHtmlCache [ RunTime:0.000000s ]
INFO: [ app_begin ] --END-- [ RunTime:0.000000s ]
SQL: SHOW COLUMNS FROM `ln_member_machine_code` [ RunTime:0.002000s ]
SQL: SELECT `member_id` FROM `ln_member_machine_code` WHERE ( machine_code=144904310535995734 )  [ RunTime:0.001000s ]

[ 2017-04-28T16:47:33+08:00 ] ::1 /index.php/Upgrade/UpgradeTypeApi/getType
INFO: [ app_begin ] --START--
INFO: Run Behavior\ReadHtmlCache [ RunTime:0.001000s ]
INFO: [ app_begin ] --END-- [ RunTime:0.001000s ]
SQL: SHOW COLUMNS FROM `ln_member_machine_code` [ RunTime:0.002000s ]
SQL: SELECT `member_id` FROM `ln_member_machine_code` WHERE ( machine_code=54d71d6cd61438ce )  [ RunTime:0.001000s ]
ERR: 1054:Unknown column '54d71d6cd61438ce' in 'where clause'
 [ SQL语句 ] : SELECT `member_id` FROM `ln_member_machine_code` WHERE ( machine_code=54d71d6cd61438ce ) 

[ 2017-04-28T16:48:52+08:00 ] ::1 /index.php/Upgrade/UpgradeTypeApi/getType
INFO: [ app_begin ] --START--
INFO: Run Behavior\ReadHtmlCache [ RunTime:0.001000s ]
INFO: [ app_begin ] --END-- [ RunTime:0.001000s ]
SQL: SHOW COLUMNS FROM `ln_member_machine_code` [ RunTime:0.002000s ]
SQL: SELECT `member_id` FROM `ln_member_machine_code` WHERE ( machine_code=54d71d6cd61438ce )  [ RunTime:0.001000s ]
ERR: 1054:Unknown column '54d71d6cd61438ce' in 'where clause'
 [ SQL语句 ] : SELECT `member_id` FROM `ln_member_machine_code` WHERE ( machine_code=54d71d6cd61438ce ) 

[ 2017-04-28T16:48:53+08:00 ] ::1 /index.php/Upgrade/UpgradeTypeApi/getType
INFO: [ app_begin ] --START--
INFO: Run Behavior\ReadHtmlCache [ RunTime:0.000000s ]
INFO: [ app_begin ] --END-- [ RunTime:0.000000s ]
SQL: SHOW COLUMNS FROM `ln_member_machine_code` [ RunTime:0.002000s ]
SQL: SELECT `member_id` FROM `ln_member_machine_code` WHERE ( machine_code=54d71d6cd61438ce )  [ RunTime:0.001000s ]
ERR: 1054:Unknown column '54d71d6cd61438ce' in 'where clause'
 [ SQL语句 ] : SELECT `member_id` FROM `ln_member_machine_code` WHERE ( machine_code=54d71d6cd61438ce ) 

[ 2017-04-28T16:48:54+08:00 ] ::1 /index.php/Upgrade/UpgradeTypeApi/getType
INFO: [ app_begin ] --START--
INFO: Run Behavior\ReadHtmlCache [ RunTime:0.001000s ]
INFO: [ app_begin ] --END-- [ RunTime:0.001000s ]
SQL: SHOW COLUMNS FROM `ln_member_machine_code` [ RunTime:0.002000s ]
SQL: SELECT `member_id` FROM `ln_member_machine_code` WHERE ( machine_code=54d71d6cd61438ce )  [ RunTime:0.002000s ]
ERR: 1054:Unknown column '54d71d6cd61438ce' in 'where clause'
 [ SQL语句 ] : SELECT `member_id` FROM `ln_member_machine_code` WHERE ( machine_code=54d71d6cd61438ce ) 

[ 2017-04-28T16:48:55+08:00 ] ::1 /index.php/Upgrade/UpgradeTypeApi/getType
INFO: [ app_begin ] --START--
INFO: Run Behavior\ReadHtmlCache [ RunTime:0.001000s ]
INFO: [ app_begin ] --END-- [ RunTime:0.001000s ]
SQL: SHOW COLUMNS FROM `ln_member_machine_code` [ RunTime:0.002000s ]
SQL: SELECT `member_id` FROM `ln_member_machine_code` WHERE ( machine_code=54d71d6cd61438ce )  [ RunTime:0.001000s ]
ERR: 1054:Unknown column '54d71d6cd61438ce' in 'where clause'
 [ SQL语句 ] : SELECT `member_id` FROM `ln_member_machine_code` WHERE ( machine_code=54d71d6cd61438ce ) 

[ 2017-04-28T16:49:08+08:00 ] ::1 /index.php/Upgrade/UpgradeTypeApi/getType
INFO: [ app_begin ] --START--
INFO: Run Behavior\ReadHtmlCache [ RunTime:0.001000s ]
INFO: [ app_begin ] --END-- [ RunTime:0.001000s ]
SQL: SHOW COLUMNS FROM `ln_member_machine_code` [ RunTime:0.002000s ]
SQL: SELECT `member_id` FROM `ln_member_machine_code` WHERE ( machine_code=54d71d6cd61438ce )  [ RunTime:0.001000s ]
ERR: 1054:Unknown column '54d71d6cd61438ce' in 'where clause'
 [ SQL语句 ] : SELECT `member_id` FROM `ln_member_machine_code` WHERE ( machine_code=54d71d6cd61438ce ) 

[ 2017-04-28T16:49:09+08:00 ] ::1 /index.php/Upgrade/UpgradeTypeApi/getType
INFO: [ app_begin ] --START--
INFO: Run Behavior\ReadHtmlCache [ RunTime:0.000000s ]
INFO: [ app_begin ] --END-- [ RunTime:0.001000s ]
SQL: SHOW COLUMNS FROM `ln_member_machine_code` [ RunTime:0.002000s ]
SQL: SELECT `member_id` FROM `ln_member_machine_code` WHERE ( machine_code=54d71d6cd61438ce )  [ RunTime:0.001000s ]
ERR: 1054:Unknown column '54d71d6cd61438ce' in 'where clause'
 [ SQL语句 ] : SELECT `member_id` FROM `ln_member_machine_code` WHERE ( machine_code=54d71d6cd61438ce ) 

[ 2017-04-28T16:51:22+08:00 ] ::1 /index.php/Upgrade/UpgradeTypeApi/getType
INFO: [ app_begin ] --START--
INFO: Run Behavior\ReadHtmlCache [ RunTime:0.000000s ]
INFO: [ app_begin ] --END-- [ RunTime:0.001000s ]
SQL: SHOW COLUMNS FROM `ln_member_machine_code` [ RunTime:0.002000s ]
SQL: SELECT `member_id` FROM `ln_member_machine_code` WHERE ( machine_code=54d71d6cd61438ce ) LIMIT 1   [ RunTime:0.001000s ]
ERR: 1054:Unknown column '54d71d6cd61438ce' in 'where clause'
 [ SQL语句 ] : SELECT `member_id` FROM `ln_member_machine_code` WHERE ( machine_code=54d71d6cd61438ce ) LIMIT 1  

[ 2017-04-28T16:51:24+08:00 ] ::1 /index.php/Upgrade/UpgradeTypeApi/getType
INFO: [ app_begin ] --START--
INFO: Run Behavior\ReadHtmlCache [ RunTime:0.000000s ]
INFO: [ app_begin ] --END-- [ RunTime:0.000000s ]
SQL: SHOW COLUMNS FROM `ln_member_machine_code` [ RunTime:0.002000s ]
SQL: SELECT `member_id` FROM `ln_member_machine_code` WHERE ( machine_code=54d71d6cd61438ce ) LIMIT 1   [ RunTime:0.001000s ]
ERR: 1054:Unknown column '54d71d6cd61438ce' in 'where clause'
 [ SQL语句 ] : SELECT `member_id` FROM `ln_member_machine_code` WHERE ( machine_code=54d71d6cd61438ce ) LIMIT 1  

[ 2017-04-28T16:52:41+08:00 ] ::1 /index.php/Upgrade/UpgradeTypeApi/getType
INFO: [ app_begin ] --START--
INFO: Run Behavior\ReadHtmlCache [ RunTime:0.000000s ]
INFO: [ app_begin ] --END-- [ RunTime:0.001000s ]
SQL: SHOW COLUMNS FROM `ln_member_machine_code` [ RunTime:0.002000s ]
SQL: SELECT `member_id` FROM `ln_member_machine_code` WHERE ( machine_code=54d71d6cd61438ce ) LIMIT 1   [ RunTime:0.001000s ]
ERR: 1054:Unknown column '54d71d6cd61438ce' in 'where clause'
 [ SQL语句 ] : SELECT `member_id` FROM `ln_member_machine_code` WHERE ( machine_code=54d71d6cd61438ce ) LIMIT 1  

[ 2017-04-28T16:52:57+08:00 ] ::1 /index.php/Upgrade/UpgradeTypeApi/getType
INFO: [ app_begin ] --START--
INFO: Run Behavior\ReadHtmlCache [ RunTime:0.001000s ]
INFO: [ app_begin ] --END-- [ RunTime:0.002000s ]
SQL: SHOW COLUMNS FROM `ln_member_machine_code` [ RunTime:0.002000s ]
SQL: SELECT `member_id` FROM `ln_member_machine_code` WHERE ( machine_code=54d71d6cd61438ce )  [ RunTime:0.001000s ]
ERR: 1054:Unknown column '54d71d6cd61438ce' in 'where clause'
 [ SQL语句 ] : SELECT `member_id` FROM `ln_member_machine_code` WHERE ( machine_code=54d71d6cd61438ce ) 

[ 2017-04-28T16:52:58+08:00 ] ::1 /index.php/Upgrade/UpgradeTypeApi/getType
INFO: [ app_begin ] --START--
INFO: Run Behavior\ReadHtmlCache [ RunTime:0.001000s ]
INFO: [ app_begin ] --END-- [ RunTime:0.001000s ]
SQL: SHOW COLUMNS FROM `ln_member_machine_code` [ RunTime:0.002000s ]
SQL: SELECT `member_id` FROM `ln_member_machine_code` WHERE ( machine_code=54d71d6cd61438ce )  [ RunTime:0.001000s ]
ERR: 1054:Unknown column '54d71d6cd61438ce' in 'where clause'
 [ SQL语句 ] : SELECT `member_id` FROM `ln_member_machine_code` WHERE ( machine_code=54d71d6cd61438ce ) 

[ 2017-04-28T17:01:28+08:00 ] ::1 /index.php/Upgrade/UpgradeTypeApi/getType
INFO: [ app_begin ] --START--
INFO: Run Behavior\ReadHtmlCache [ RunTime:0.000000s ]
INFO: [ app_begin ] --END-- [ RunTime:0.001000s ]
SQL: SHOW COLUMNS FROM `ln_member_machine_code` [ RunTime:0.002000s ]
SQL: SELECT `member_id` FROM `ln_member_machine_code` WHERE ( 'machine_code='.54d71d6cd61438ce )  [ RunTime:0.001000s ]
ERR: 1064:You have an error in your SQL syntax; check the manual that corresponds to your MySQL server version for the right syntax to use near '.54d71d6cd61438ce )' at line 1
 [ SQL语句 ] : SELECT `member_id` FROM `ln_member_machine_code` WHERE ( 'machine_code='.54d71d6cd61438ce ) 

[ 2017-04-28T17:01:29+08:00 ] ::1 /index.php/Upgrade/UpgradeTypeApi/getType
INFO: [ app_begin ] --START--
INFO: Run Behavior\ReadHtmlCache [ RunTime:0.000000s ]
INFO: [ app_begin ] --END-- [ RunTime:0.000000s ]
SQL: SHOW COLUMNS FROM `ln_member_machine_code` [ RunTime:0.002000s ]
SQL: SELECT `member_id` FROM `ln_member_machine_code` WHERE ( 'machine_code='.54d71d6cd61438ce )  [ RunTime:0.001000s ]
ERR: 1064:You have an error in your SQL syntax; check the manual that corresponds to your MySQL server version for the right syntax to use near '.54d71d6cd61438ce )' at line 1
 [ SQL语句 ] : SELECT `member_id` FROM `ln_member_machine_code` WHERE ( 'machine_code='.54d71d6cd61438ce ) 

[ 2017-04-28T17:01:55+08:00 ] ::1 /index.php/Upgrade/UpgradeTypeApi/getType
INFO: [ app_begin ] --START--
INFO: Run Behavior\ReadHtmlCache [ RunTime:0.000000s ]
INFO: [ app_begin ] --END-- [ RunTime:0.001000s ]
SQL: SHOW COLUMNS FROM `ln_member_machine_code` [ RunTime:0.002000s ]
SQL: SELECT `member_id` FROM `ln_member_machine_code` WHERE ( 'machine_code='.54d71d6cd61438ce )  [ RunTime:0.001000s ]
ERR: 1064:You have an error in your SQL syntax; check the manual that corresponds to your MySQL server version for the right syntax to use near '.54d71d6cd61438ce )' at line 1
 [ SQL语句 ] : SELECT `member_id` FROM `ln_member_machine_code` WHERE ( 'machine_code='.54d71d6cd61438ce ) 

[ 2017-04-28T17:02:09+08:00 ] ::1 /index.php/Upgrade/UpgradeTypeApi/getType
INFO: [ app_begin ] --START--
INFO: Run Behavior\ReadHtmlCache [ RunTime:0.000000s ]
INFO: [ app_begin ] --END-- [ RunTime:0.001000s ]
SQL: SHOW COLUMNS FROM `ln_member_machine_code` [ RunTime:0.002000s ]
SQL: SELECT `member_id` FROM `ln_member_machine_code` WHERE ( machine_code=54d71d6cd61438ce )  [ RunTime:0.001000s ]
ERR: 1054:Unknown column '54d71d6cd61438ce' in 'where clause'
 [ SQL语句 ] : SELECT `member_id` FROM `ln_member_machine_code` WHERE ( machine_code=54d71d6cd61438ce ) 

[ 2017-04-28T17:03:19+08:00 ] ::1 /index.php/Upgrade/UpgradeTypeApi/getType
INFO: [ app_begin ] --START--
INFO: Run Behavior\ReadHtmlCache [ RunTime:0.001000s ]
INFO: [ app_begin ] --END-- [ RunTime:0.001000s ]
SQL: SHOW COLUMNS FROM `ln_member_machine_code` [ RunTime:0.002000s ]
SQL: SELECT `member_id` FROM `ln_member_machine_code` WHERE ( `machine_code` = '54d71d6cd61438ce' )  [ RunTime:0.001000s ]

[ 2017-04-28T17:03:30+08:00 ] ::1 /index.php/Upgrade/UpgradeTypeApi/getType
INFO: [ app_begin ] --START--
INFO: Run Behavior\ReadHtmlCache [ RunTime:0.000000s ]
INFO: [ app_begin ] --END-- [ RunTime:0.001000s ]
SQL: SHOW COLUMNS FROM `ln_member_machine_code` [ RunTime:0.002000s ]
SQL: SELECT `member_id` FROM `ln_member_machine_code` WHERE ( `machine_code` = '54d71d6cd61438ce' )  [ RunTime:0.001000s ]

[ 2017-04-28T17:03:40+08:00 ] ::1 /index.php/Upgrade/UpgradeTypeApi/getType
INFO: [ app_begin ] --START--
INFO: Run Behavior\ReadHtmlCache [ RunTime:0.000000s ]
INFO: [ app_begin ] --END-- [ RunTime:0.001000s ]
SQL: SHOW COLUMNS FROM `ln_member_machine_code` [ RunTime:0.001000s ]
SQL: SELECT `member_id` FROM `ln_member_machine_code` WHERE ( `machine_code` = '54d71d6cd61438ce' ) LIMIT 1   [ RunTime:0.002000s ]

[ 2017-04-28T17:03:54+08:00 ] ::1 /index.php/Upgrade/UpgradeTypeApi/getType
INFO: [ app_begin ] --START--
INFO: Run Behavior\ReadHtmlCache [ RunTime:0.002000s ]
INFO: [ app_begin ] --END-- [ RunTime:0.002000s ]
SQL: SHOW COLUMNS FROM `ln_member_machine_code` [ RunTime:0.001000s ]
SQL: SELECT `member_id` FROM `ln_member_machine_code` WHERE ( `machine_code` = '54d71d6cd61438ce' ) LIMIT 1   [ RunTime:0.001000s ]
NOTIC: [8] Array to string conversion D:\WWW\WWW\furnitureshop\Application\Upgrade\Controller\UpgradeTypeApiController.class.php 第 15 行.

[ 2017-04-28T17:04:30+08:00 ] ::1 /index.php/Upgrade/UpgradeTypeApi/getType
INFO: [ app_begin ] --START--
INFO: Run Behavior\ReadHtmlCache [ RunTime:0.000000s ]
INFO: [ app_begin ] --END-- [ RunTime:0.001000s ]
SQL: SHOW COLUMNS FROM `ln_member_machine_code` [ RunTime:0.001000s ]
SQL: SELECT `member_id` FROM `ln_member_machine_code` WHERE ( `machine_code` = '54d71d6cd61438ce' ) LIMIT 1   [ RunTime:0.001000s ]

[ 2017-04-28T17:05:02+08:00 ] ::1 /index.php/Upgrade/UpgradeTypeApi/getType
INFO: [ app_begin ] --START--
INFO: Run Behavior\ReadHtmlCache [ RunTime:0.001000s ]
INFO: [ app_begin ] --END-- [ RunTime:0.001000s ]
SQL: SHOW COLUMNS FROM `ln_member_machine_code` [ RunTime:0.001000s ]
SQL: SELECT `member_id` FROM `ln_member_machine_code` WHERE ( `machine_code` = '54d71d6cd61438ce' ) LIMIT 1   [ RunTime:0.002000s ]
SQL: SHOW COLUMNS FROM `ln_upgrade_detail` [ RunTime:0.002000s ]
SQL: SELECT * FROM `ln_upgrade_detail` WHERE ( `member_id` = '2' ) LIMIT 1   [ RunTime:0.001000s ]
SQL: SHOW COLUMNS FROM `ln_upgrade` [ RunTime:0.002000s ]
SQL: SELECT `file_path`,`version` FROM `ln_upgrade` WHERE ( `id` = null ) AND ( `type` = 2 )  [ RunTime:0.002000s ]
ERR: Think\Controller:apiReturn方法不存在！

[ 2017-04-28T17:05:40+08:00 ] ::1 /index.php/Upgrade/UpgradeTypeApi/getType
INFO: [ app_begin ] --START--
INFO: Run Behavior\ReadHtmlCache [ RunTime:0.000000s ]
INFO: [ app_begin ] --END-- [ RunTime:0.001000s ]
SQL: SHOW COLUMNS FROM `ln_member_machine_code` [ RunTime:0.002000s ]
SQL: SELECT `member_id` FROM `ln_member_machine_code` WHERE ( `machine_code` = '54d71d6cd61438ce' ) LIMIT 1   [ RunTime:0.001000s ]
SQL: SHOW COLUMNS FROM `ln_upgrade_detail` [ RunTime:0.001000s ]
SQL: SELECT * FROM `ln_upgrade_detail` WHERE ( `member_id` = '2' ) LIMIT 1   [ RunTime:0.002000s ]
SQL: SHOW COLUMNS FROM `ln_upgrade` [ RunTime:0.002000s ]
SQL: SELECT `file_path`,`version` FROM `ln_upgrade` WHERE ( `id` = null ) AND ( `type` = 2 )  [ RunTime:0.001000s ]

[ 2017-04-28T17:10:36+08:00 ] ::1 /index.php/Upgrade/UpgradeTypeApi/getType
INFO: [ app_begin ] --START--
INFO: Run Behavior\ReadHtmlCache [ RunTime:0.001000s ]
INFO: [ app_begin ] --END-- [ RunTime:0.001000s ]
SQL: SHOW COLUMNS FROM `ln_member_machine_code` [ RunTime:0.002000s ]
SQL: SELECT `member_id` FROM `ln_member_machine_code` WHERE ( `machine_code` = '' ) LIMIT 1   [ RunTime:0.001000s ]
SQL: SHOW COLUMNS FROM `ln_upgrade_detail` [ RunTime:0.001000s ]
SQL: SELECT * FROM `ln_upgrade_detail` WHERE ( `member_id` = null ) LIMIT 1   [ RunTime:0.001000s ]
SQL: SHOW COLUMNS FROM `ln_upgrade` [ RunTime:0.002000s ]
SQL: SELECT `file_path`,`version` FROM `ln_upgrade` WHERE ( `id` = null ) AND ( `type` = 2 )  [ RunTime:0.001000s ]

[ 2017-04-28T17:10:37+08:00 ] ::1 /index.php/Upgrade/UpgradeTypeApi/getType
INFO: [ app_begin ] --START--
INFO: Run Behavior\ReadHtmlCache [ RunTime:0.000000s ]
INFO: [ app_begin ] --END-- [ RunTime:0.001000s ]
SQL: SHOW COLUMNS FROM `ln_member_machine_code` [ RunTime:0.002000s ]
SQL: SELECT `member_id` FROM `ln_member_machine_code` WHERE ( `machine_code` = '' ) LIMIT 1   [ RunTime:0.001000s ]
SQL: SHOW COLUMNS FROM `ln_upgrade_detail` [ RunTime:0.002000s ]
SQL: SELECT * FROM `ln_upgrade_detail` WHERE ( `member_id` = null ) LIMIT 1   [ RunTime:0.001000s ]
SQL: SHOW COLUMNS FROM `ln_upgrade` [ RunTime:0.002000s ]
SQL: SELECT `file_path`,`version` FROM `ln_upgrade` WHERE ( `id` = null ) AND ( `type` = 2 )  [ RunTime:0.001000s ]

[ 2017-04-28T17:12:25+08:00 ] ::1 /index.php/Upgrade/UpgradeTypeApi/getType
INFO: [ app_begin ] --START--
INFO: Run Behavior\ReadHtmlCache [ RunTime:0.000000s ]
INFO: [ app_begin ] --END-- [ RunTime:0.001000s ]
SQL: SHOW COLUMNS FROM `ln_member_machine_code` [ RunTime:0.002000s ]
SQL: SELECT `member_id` FROM `ln_member_machine_code` WHERE ( `machine_code` = '' ) LIMIT 1   [ RunTime:0.002000s ]
SQL: SHOW COLUMNS FROM `ln_upgrade_detail` [ RunTime:0.002000s ]
SQL: SELECT * FROM `ln_upgrade_detail` WHERE ( `member_id` = null ) LIMIT 1   [ RunTime:0.001000s ]
SQL: SHOW COLUMNS FROM `ln_upgrade` [ RunTime:0.002000s ]
SQL: SELECT `file_path`,`version` FROM `ln_upgrade` WHERE ( `id` = null ) AND ( `type` = 2 )  [ RunTime:0.002000s ]

[ 2017-04-28T17:12:26+08:00 ] ::1 /index.php/Upgrade/UpgradeTypeApi/getType
INFO: [ app_begin ] --START--
INFO: Run Behavior\ReadHtmlCache [ RunTime:0.000000s ]
INFO: [ app_begin ] --END-- [ RunTime:0.001000s ]
SQL: SHOW COLUMNS FROM `ln_member_machine_code` [ RunTime:0.001000s ]
SQL: SELECT `member_id` FROM `ln_member_machine_code` WHERE ( `machine_code` = '' ) LIMIT 1   [ RunTime:0.001000s ]
SQL: SHOW COLUMNS FROM `ln_upgrade_detail` [ RunTime:0.001000s ]
SQL: SELECT * FROM `ln_upgrade_detail` WHERE ( `member_id` = null ) LIMIT 1   [ RunTime:0.002000s ]
SQL: SHOW COLUMNS FROM `ln_upgrade` [ RunTime:0.001000s ]
SQL: SELECT `file_path`,`version` FROM `ln_upgrade` WHERE ( `id` = null ) AND ( `type` = 2 )  [ RunTime:0.001000s ]

[ 2017-04-28T17:12:57+08:00 ] ::1 /index.php/Upgrade/UpgradeTypeApi/getType
INFO: [ app_begin ] --START--
INFO: Run Behavior\ReadHtmlCache [ RunTime:0.001000s ]
INFO: [ app_begin ] --END-- [ RunTime:0.001000s ]
SQL: SHOW COLUMNS FROM `ln_member_machine_code` [ RunTime:0.002000s ]
SQL: SELECT `member_id` FROM `ln_member_machine_code` WHERE ( `machine_code` = '' ) LIMIT 1   [ RunTime:0.001000s ]
SQL: SHOW COLUMNS FROM `ln_upgrade_detail` [ RunTime:0.001000s ]
SQL: SELECT * FROM `ln_upgrade_detail` WHERE ( `member_id` = null ) LIMIT 1   [ RunTime:0.001000s ]

[ 2017-04-28T17:13:26+08:00 ] ::1 /index.php/Upgrade/UpgradeTypeApi/getType
INFO: [ app_begin ] --START--
INFO: Run Behavior\ReadHtmlCache [ RunTime:0.000000s ]
INFO: [ app_begin ] --END-- [ RunTime:0.001000s ]
SQL: SHOW COLUMNS FROM `ln_member_machine_code` [ RunTime:0.002000s ]
SQL: SELECT `member_id` FROM `ln_member_machine_code` WHERE ( `machine_code` = '' ) LIMIT 1   [ RunTime:0.001000s ]
SQL: SHOW COLUMNS FROM `ln_upgrade_detail` [ RunTime:0.001000s ]
SQL: SELECT * FROM `ln_upgrade_detail` WHERE ( `member_id` = null ) LIMIT 1   [ RunTime:0.002000s ]

[ 2017-04-28T17:13:48+08:00 ] ::1 /index.php/Upgrade/UpgradeTypeApi/getType
INFO: [ app_begin ] --START--
INFO: Run Behavior\ReadHtmlCache [ RunTime:0.000000s ]
INFO: [ app_begin ] --END-- [ RunTime:0.001000s ]
SQL: SHOW COLUMNS FROM `ln_member_machine_code` [ RunTime:0.002000s ]
SQL: SELECT `member_id` FROM `ln_member_machine_code` WHERE ( `machine_code` = '' ) LIMIT 1   [ RunTime:0.002000s ]
SQL: SHOW COLUMNS FROM `ln_upgrade_detail` [ RunTime:0.001000s ]
SQL: SELECT * FROM `ln_upgrade_detail` WHERE ( `member_id` = null ) LIMIT 1   [ RunTime:0.001000s ]

[ 2017-04-28T17:13:49+08:00 ] ::1 /index.php/Upgrade/UpgradeTypeApi/getType
INFO: [ app_begin ] --START--
INFO: Run Behavior\ReadHtmlCache [ RunTime:0.001000s ]
INFO: [ app_begin ] --END-- [ RunTime:0.001000s ]
SQL: SHOW COLUMNS FROM `ln_member_machine_code` [ RunTime:0.002000s ]
SQL: SELECT `member_id` FROM `ln_member_machine_code` WHERE ( `machine_code` = '' ) LIMIT 1   [ RunTime:0.002000s ]
SQL: SHOW COLUMNS FROM `ln_upgrade_detail` [ RunTime:0.001000s ]
SQL: SELECT * FROM `ln_upgrade_detail` WHERE ( `member_id` = null ) LIMIT 1   [ RunTime:0.002000s ]

[ 2017-04-28T17:14:12+08:00 ] ::1 /index.php/Upgrade/UpgradeTypeApi/getType
INFO: [ app_begin ] --START--
INFO: Run Behavior\ReadHtmlCache [ RunTime:0.000000s ]
INFO: [ app_begin ] --END-- [ RunTime:0.001000s ]
SQL: SHOW COLUMNS FROM `ln_member_machine_code` [ RunTime:0.002000s ]
SQL: SELECT `member_id` FROM `ln_member_machine_code` WHERE ( `machine_code` = '' ) LIMIT 1   [ RunTime:0.001000s ]

[ 2017-04-28T17:14:46+08:00 ] ::1 /index.php/Upgrade/UpgradeTypeApi/getType
INFO: [ app_begin ] --START--
INFO: Run Behavior\ReadHtmlCache [ RunTime:0.001000s ]
INFO: [ app_begin ] --END-- [ RunTime:0.002000s ]
SQL: SHOW COLUMNS FROM `ln_member_machine_code` [ RunTime:0.002000s ]
SQL: SELECT `member_id` FROM `ln_member_machine_code` WHERE ( `machine_code` = '54d71d6cd61438ce' ) LIMIT 1   [ RunTime:0.001000s ]
SQL: SHOW COLUMNS FROM `ln_upgrade_detail` [ RunTime:0.001000s ]
SQL: SELECT * FROM `ln_upgrade_detail` WHERE ( `member_id` = '2' ) LIMIT 1   [ RunTime:0.002000s ]
SQL: SHOW COLUMNS FROM `ln_upgrade` [ RunTime:0.001000s ]
SQL: SELECT `file_path`,`version` FROM `ln_upgrade` WHERE ( `id` = '1' ) AND ( `type` = 2 )  [ RunTime:0.001000s ]

