[ 2017-05-06T09:39:03+08:00 ] ::1 /
INFO: [ app_begin ] --START--
INFO: Run Behavior\ReadHtmlCache [ RunTime:0.000000s ]
INFO: [ app_begin ] --END-- [ RunTime:0.000000s ]

[ 2017-05-06T09:39:04+08:00 ] ::1 /index.php/Admin/Public/login
INFO: [ app_begin ] --START--
INFO: Run Behavior\ReadHtmlCache [ RunTime:0.001000s ]
INFO: [ app_begin ] --END-- [ RunTime:0.001000s ]
INFO: [ view_parse ] --START--
INFO: [ template_filter ] --START--
INFO: Run Behavior\ContentReplace [ RunTime:0.000000s ]
INFO: [ template_filter ] --END-- [ RunTime:0.000000s ]
INFO: Run Behavior\ParseTemplate [ RunTime:0.007000s ]
INFO: [ view_parse ] --END-- [ RunTime:0.007000s ]
INFO: [ view_filter ] --START--
INFO: Run Behavior\WriteHtmlCache [ RunTime:0.001000s ]
INFO: [ view_filter ] --END-- [ RunTime:0.001000s ]
INFO: [ app_end ] --START--
INFO: Run Behavior\ShowPageTrace [ RunTime:0.000000s ]
INFO: [ app_end ] --END-- [ RunTime:0.000000s ]

[ 2017-05-06T09:39:04+08:00 ] ::1 /index.php/Admin/Public/verify
INFO: [ app_begin ] --START--
INFO: Run Behavior\ReadHtmlCache [ RunTime:0.000000s ]
INFO: [ app_begin ] --END-- [ RunTime:0.000000s ]
INFO: [ app_end ] --START--
INFO: Run Behavior\ShowPageTrace [ RunTime:0.000000s ]
INFO: [ app_end ] --END-- [ RunTime:0.000000s ]

[ 2017-05-06T09:39:05+08:00 ] ::1 /index.php
INFO: [ app_begin ] --START--
INFO: Run Behavior\ReadHtmlCache [ RunTime:0.001000s ]
INFO: [ app_begin ] --END-- [ RunTime:0.001000s ]

[ 2017-05-06T09:39:21+08:00 ] ::1 /index.php/Admin/Public/verify?0.7265730096491134
INFO: [ app_begin ] --START--
INFO: Run Behavior\ReadHtmlCache [ RunTime:0.000000s ]
INFO: [ app_begin ] --END-- [ RunTime:0.001000s ]
INFO: [ app_end ] --START--
INFO: Run Behavior\ShowPageTrace [ RunTime:0.001000s ]
INFO: [ app_end ] --END-- [ RunTime:0.001000s ]

[ 2017-05-06T09:39:25+08:00 ] ::1 /index.php/Admin/Public/doLogin
INFO: [ app_begin ] --START--
INFO: Run Behavior\ReadHtmlCache [ RunTime:0.001000s ]
INFO: [ app_begin ] --END-- [ RunTime:0.001000s ]
SQL: SHOW COLUMNS FROM `ln_member` [ RunTime:0.002000s ]
SQL: SELECT `disabled` FROM `ln_member` WHERE ( `user_name` = 'admin' ) LIMIT 1   [ RunTime:0.002000s ]
SQL: SHOW COLUMNS FROM `ln_member` [ RunTime:0.002000s ]
SQL: SELECT `id`,`user_name`,`password`,`type` FROM `ln_member` WHERE ( `status` = 0 ) AND ( user_name="admin" ) LIMIT 1   [ RunTime:0.002000s ]
NOTIC: [8] Undefined index: disabled D:\WWW\WWW\furnitureshop\Application\Common\Model\MemberModel.class.php 第 52 行.
SQL: SHOW COLUMNS FROM `ln_member_attribute_value` [ RunTime:0.002000s ]
SQL: SELECT COUNT(*) AS tp_count FROM `ln_member_attribute_value` WHERE ( `member_id` = 1 ) AND ( `attribute_id` = 26 ) LIMIT 1   [ RunTime:0.002000s ]
SQL: UPDATE `ln_member_attribute_value` SET `attr_value`=1494034765,`attribute_id`=26 WHERE ( `member_id` = 1 ) AND ( `attribute_id` = 26 ) [ RunTime:0.071000s ]
SQL: SELECT COUNT(*) AS tp_count FROM `ln_member_attribute_value` WHERE ( `member_id` = 1 ) AND ( `attribute_id` = 25 ) LIMIT 1   [ RunTime:0.002000s ]
SQL: UPDATE `ln_member_attribute_value` SET `attr_value`='0.0.0.0',`attribute_id`=25 WHERE ( `member_id` = 1 ) AND ( `attribute_id` = 25 ) [ RunTime:0.031000s ]
SQL: SHOW COLUMNS FROM `ln_admin_log` [ RunTime:0.002000s ]
NOTIC: [2] call_user_func_array() expects parameter 1 to be a valid callback, function 'number' not found or invalid function name D:\WWW\WWW\furnitureshop\ThinkPHP\Library\Think\Model.class.php 第 1102 行.
SQL: INSERT INTO `ln_admin_log` (`log_type`,`log_info`,`log_url`,`log_status`,`member_id`,`log_time`) VALUES (3,'用户登录后台。',0,0,1,1494034765) [ RunTime:0.045000s ]

[ 2017-05-06T09:39:25+08:00 ] ::1 /index.php/Admin/Index/index
INFO: [ app_begin ] --START--
INFO: Run Behavior\ReadHtmlCache [ RunTime:0.000000s ]
INFO: [ app_begin ] --END-- [ RunTime:0.000000s ]
SQL: SHOW COLUMNS FROM `ln_member` [ RunTime:0.002000s ]
SQL: SELECT `disabled` FROM `ln_member` WHERE ( `id` = '1' ) LIMIT 1   [ RunTime:0.002000s ]
SQL: SHOW COLUMNS FROM `ln_menu` [ RunTime:0.002000s ]
SQL: SELECT * FROM `ln_menu` WHERE ( `display` = 1 ) ORDER BY sort asc  [ RunTime:0.003000s ]
INFO: [ view_parse ] --START--
INFO: [ template_filter ] --START--
INFO: Run Behavior\ContentReplace [ RunTime:0.000000s ]
INFO: [ template_filter ] --END-- [ RunTime:0.000000s ]
INFO: Run Behavior\ParseTemplate [ RunTime:0.005000s ]
INFO: [ view_parse ] --END-- [ RunTime:0.005000s ]
INFO: [ view_filter ] --START--
INFO: Run Behavior\WriteHtmlCache [ RunTime:0.001000s ]
INFO: [ view_filter ] --END-- [ RunTime:0.001000s ]
INFO: [ app_end ] --START--
INFO: Run Behavior\ShowPageTrace [ RunTime:0.000000s ]
INFO: [ app_end ] --END-- [ RunTime:0.000000s ]

[ 2017-05-06T09:39:25+08:00 ] ::1 /index.php/Admin/Index/welcome
INFO: [ app_begin ] --START--
INFO: Run Behavior\ReadHtmlCache [ RunTime:0.001000s ]
INFO: [ app_begin ] --END-- [ RunTime:0.001000s ]
SQL: SHOW COLUMNS FROM `ln_member` [ RunTime:0.002000s ]
SQL: SELECT `disabled` FROM `ln_member` WHERE ( `id` = '1' ) LIMIT 1   [ RunTime:0.003000s ]
INFO: [ app_end ] --START--
INFO: Run Behavior\ShowPageTrace [ RunTime:0.000000s ]
INFO: [ app_end ] --END-- [ RunTime:0.000000s ]

[ 2017-05-06T09:42:18+08:00 ] ::1 /index.php/Admin/Upgrade/index
INFO: [ app_begin ] --START--
INFO: Run Behavior\ReadHtmlCache [ RunTime:0.010000s ]
INFO: [ app_begin ] --END-- [ RunTime:0.010000s ]
SQL: SHOW COLUMNS FROM `ln_member` [ RunTime:0.000000s ]
SQL: SELECT `disabled` FROM `ln_member` WHERE ( `id` = '1' ) LIMIT 1   [ RunTime:0.010000s ]
SQL: SHOW COLUMNS FROM `ln_upgrade` [ RunTime:0.000000s ]
SQL: SELECT COUNT(*) AS tp_count FROM `ln_upgrade` WHERE ( `update_id` = '1' ) LIMIT 1   [ RunTime:0.000000s ]
SQL: SELECT `id`,`name`,`version`,`type`,`mode`,`add_time`,`add_id`,`update_time`,`update_id`,`file_path`,`remark` FROM `ln_upgrade` WHERE ( `update_id` = '1' ) ORDER BY id desc LIMIT 0,10   [ RunTime:0.000000s ]
NOTIC: [2048] Declaration of Admin\Model\MemberModel::_after_insert() should be compatible with Think\Model::_after_insert($data, $options) D:\WWW\WWW\furnitureshop\Application\Admin\Model\MemberModel.class.php 第 124 行.
SQL: SHOW COLUMNS FROM `ln_member` [ RunTime:0.010000s ]
SQL: SELECT `user_name` FROM `ln_member` WHERE ( id = 1 ) LIMIT 1   [ RunTime:0.000000s ]
SQL: SHOW COLUMNS FROM `ln_prompt_language` [ RunTime:0.000000s ]
SQL: SELECT promptlanguage.content FROM ln_prompt_language promptlanguage INNER JOIN ln_menu as menu ON promptlanguage.menu_id = menu.id  WHERE ( menu.url = 'Admin/Upgrade/index' ) LIMIT 1   [ RunTime:0.000000s ]
INFO: [ view_parse ] --START--
INFO: [ template_filter ] --START--
INFO: Run Behavior\ContentReplace [ RunTime:0.000000s ]
INFO: [ template_filter ] --END-- [ RunTime:0.000000s ]
NOTIC: [8] Undefined variable: meta_title D:\WWW\WWW\furnitureshop\Runtime\Cache\Admin\37ad8ce6557ca9b321f8b30aa5d79bfb.php 第 5 行.
NOTIC: [8] Undefined index: p D:\WWW\WWW\furnitureshop\Application\Admin\Common\function.php 第 248 行.
INFO: Run Behavior\ParseTemplate [ RunTime:0.010000s ]
INFO: [ view_parse ] --END-- [ RunTime:0.010000s ]
INFO: [ view_filter ] --START--
INFO: Run Behavior\WriteHtmlCache [ RunTime:0.000000s ]
INFO: [ view_filter ] --END-- [ RunTime:0.000000s ]
INFO: [ app_end ] --START--
INFO: Run Behavior\ShowPageTrace [ RunTime:0.000000s ]
INFO: [ app_end ] --END-- [ RunTime:0.000000s ]

[ 2017-05-06T09:42:19+08:00 ] ::1 /index.php/Admin/Upgrade/edit
INFO: [ app_begin ] --START--
INFO: Run Behavior\ReadHtmlCache [ RunTime:0.000000s ]
INFO: [ app_begin ] --END-- [ RunTime:0.000000s ]
SQL: SHOW COLUMNS FROM `ln_member` [ RunTime:0.000000s ]
SQL: SELECT `disabled` FROM `ln_member` WHERE ( `id` = '1' ) LIMIT 1   [ RunTime:0.000000s ]
SQL: SELECT `id`,`user_name` FROM `ln_member` WHERE ( type = 0 and status = 0 )  [ RunTime:0.010000s ]
SQL: SHOW COLUMNS FROM `ln_upgrade` [ RunTime:0.000000s ]
SQL: SELECT `id`,`name`,`version`,`mode`,`file_path`,`remark`,`type`,`add_time`,`add_id`,`update_time`,`update_id` FROM `ln_upgrade` WHERE ( `id` = 0 ) LIMIT 1   [ RunTime:0.000000s ]
SQL: SHOW COLUMNS FROM `ln_upgrade_detail` [ RunTime:0.000000s ]
SQL: SELECT `member_id` FROM `ln_upgrade_detail` WHERE ( `upgrade_id` = 0 )  [ RunTime:0.000000s ]
INFO: [ view_parse ] --START--
INFO: [ template_filter ] --START--
INFO: Run Behavior\ContentReplace [ RunTime:0.000000s ]
INFO: [ template_filter ] --END-- [ RunTime:0.000000s ]
NOTIC: [8] Undefined variable: meta_title D:\WWW\WWW\furnitureshop\Runtime\Cache\Admin\a443826acc7a73e98ada2df08756847e.php 第 5 行.
INFO: Run Behavior\ParseTemplate [ RunTime:0.010000s ]
INFO: [ view_parse ] --END-- [ RunTime:0.010000s ]
INFO: [ view_filter ] --START--
INFO: Run Behavior\WriteHtmlCache [ RunTime:0.000000s ]
INFO: [ view_filter ] --END-- [ RunTime:0.000000s ]
INFO: [ app_end ] --START--
INFO: Run Behavior\ShowPageTrace [ RunTime:0.000000s ]
INFO: [ app_end ] --END-- [ RunTime:0.000000s ]

[ 2017-05-06T10:00:41+08:00 ] ::1 /index.php/Admin/Upgrade/index
INFO: [ app_begin ] --START--
INFO: Run Behavior\ReadHtmlCache [ RunTime:0.010000s ]
INFO: [ app_begin ] --END-- [ RunTime:0.010000s ]
SQL: SHOW COLUMNS FROM `ln_member` [ RunTime:0.000000s ]
SQL: SELECT `disabled` FROM `ln_member` WHERE ( `id` = '1' ) LIMIT 1   [ RunTime:0.000000s ]
SQL: SHOW COLUMNS FROM `ln_upgrade` [ RunTime:0.010000s ]
SQL: SELECT COUNT(*) AS tp_count FROM `ln_upgrade` WHERE ( `update_id` = '1' ) LIMIT 1   [ RunTime:0.000000s ]
SQL: SELECT `id`,`name`,`version`,`type`,`mode`,`add_time`,`add_id`,`update_time`,`update_id`,`file_path`,`remark` FROM `ln_upgrade` WHERE ( `update_id` = '1' ) ORDER BY id desc LIMIT 0,10   [ RunTime:0.010000s ]
NOTIC: [2048] Declaration of Admin\Model\MemberModel::_after_insert() should be compatible with Think\Model::_after_insert($data, $options) D:\WWW\WWW\furnitureshop\Application\Admin\Model\MemberModel.class.php 第 124 行.
SQL: SHOW COLUMNS FROM `ln_member` [ RunTime:0.000000s ]
SQL: SELECT `user_name` FROM `ln_member` WHERE ( id = 1 ) LIMIT 1   [ RunTime:0.010000s ]
SQL: SHOW COLUMNS FROM `ln_prompt_language` [ RunTime:0.000000s ]
SQL: SELECT promptlanguage.content FROM ln_prompt_language promptlanguage INNER JOIN ln_menu as menu ON promptlanguage.menu_id = menu.id  WHERE ( menu.url = 'Admin/Upgrade/index' ) LIMIT 1   [ RunTime:0.000000s ]
INFO: [ view_parse ] --START--
INFO: [ template_filter ] --START--
INFO: Run Behavior\ContentReplace [ RunTime:0.000000s ]
INFO: [ template_filter ] --END-- [ RunTime:0.000000s ]
NOTIC: [8] Undefined variable: meta_title D:\WWW\WWW\furnitureshop\Runtime\Cache\Admin\37ad8ce6557ca9b321f8b30aa5d79bfb.php 第 5 行.
NOTIC: [8] Undefined index: p D:\WWW\WWW\furnitureshop\Application\Admin\Common\function.php 第 248 行.
INFO: Run Behavior\ParseTemplate [ RunTime:0.010000s ]
INFO: [ view_parse ] --END-- [ RunTime:0.010000s ]
INFO: [ view_filter ] --START--
INFO: Run Behavior\WriteHtmlCache [ RunTime:0.000000s ]
INFO: [ view_filter ] --END-- [ RunTime:0.000000s ]
INFO: [ app_end ] --START--
INFO: Run Behavior\ShowPageTrace [ RunTime:0.000000s ]
INFO: [ app_end ] --END-- [ RunTime:0.000000s ]

[ 2017-05-06T10:00:42+08:00 ] ::1 /index.php/Admin/Upgrade/edit
INFO: [ app_begin ] --START--
INFO: Run Behavior\ReadHtmlCache [ RunTime:0.000000s ]
INFO: [ app_begin ] --END-- [ RunTime:0.000000s ]
SQL: SHOW COLUMNS FROM `ln_member` [ RunTime:0.010000s ]
SQL: SELECT `disabled` FROM `ln_member` WHERE ( `id` = '1' ) LIMIT 1   [ RunTime:0.000000s ]
SQL: SELECT `id`,`user_name` FROM `ln_member` WHERE ( type = 0 and status = 0 )  [ RunTime:0.010000s ]
SQL: SHOW COLUMNS FROM `ln_upgrade` [ RunTime:0.000000s ]
SQL: SELECT `id`,`name`,`version`,`mode`,`file_path`,`remark`,`type`,`add_time`,`add_id`,`update_time`,`update_id` FROM `ln_upgrade` WHERE ( `id` = 0 ) LIMIT 1   [ RunTime:0.010000s ]
SQL: SHOW COLUMNS FROM `ln_upgrade_detail` [ RunTime:0.000000s ]
SQL: SELECT `member_id` FROM `ln_upgrade_detail` WHERE ( `upgrade_id` = 0 )  [ RunTime:0.010000s ]
INFO: [ view_parse ] --START--
INFO: [ template_filter ] --START--
INFO: Run Behavior\ContentReplace [ RunTime:0.000000s ]
INFO: [ template_filter ] --END-- [ RunTime:0.000000s ]
NOTIC: [8] Undefined variable: meta_title D:\WWW\WWW\furnitureshop\Runtime\Cache\Admin\a443826acc7a73e98ada2df08756847e.php 第 5 行.
INFO: Run Behavior\ParseTemplate [ RunTime:0.030000s ]
INFO: [ view_parse ] --END-- [ RunTime:0.030000s ]
INFO: [ view_filter ] --START--
INFO: Run Behavior\WriteHtmlCache [ RunTime:0.000000s ]
INFO: [ view_filter ] --END-- [ RunTime:0.000000s ]
INFO: [ app_end ] --START--
INFO: Run Behavior\ShowPageTrace [ RunTime:0.000000s ]
INFO: [ app_end ] --END-- [ RunTime:0.000000s ]

[ 2017-05-06T10:00:47+08:00 ] ::1 /index.php/Admin/Upgrade/index
INFO: [ app_begin ] --START--
INFO: Run Behavior\ReadHtmlCache [ RunTime:0.000000s ]
INFO: [ app_begin ] --END-- [ RunTime:0.000000s ]
SQL: SHOW COLUMNS FROM `ln_member` [ RunTime:0.010000s ]
SQL: SELECT `disabled` FROM `ln_member` WHERE ( `id` = '1' ) LIMIT 1   [ RunTime:0.000000s ]
SQL: SHOW COLUMNS FROM `ln_upgrade` [ RunTime:0.010000s ]
SQL: SELECT COUNT(*) AS tp_count FROM `ln_upgrade` WHERE ( `update_id` = '1' ) LIMIT 1   [ RunTime:0.000000s ]
SQL: SELECT `id`,`name`,`version`,`type`,`mode`,`add_time`,`add_id`,`update_time`,`update_id`,`file_path`,`remark` FROM `ln_upgrade` WHERE ( `update_id` = '1' ) ORDER BY id desc LIMIT 0,10   [ RunTime:0.000000s ]
NOTIC: [2048] Declaration of Admin\Model\MemberModel::_after_insert() should be compatible with Think\Model::_after_insert($data, $options) D:\WWW\WWW\furnitureshop\Application\Admin\Model\MemberModel.class.php 第 124 行.
SQL: SHOW COLUMNS FROM `ln_member` [ RunTime:0.010000s ]
SQL: SELECT `user_name` FROM `ln_member` WHERE ( id = 1 ) LIMIT 1   [ RunTime:0.010000s ]
SQL: SHOW COLUMNS FROM `ln_prompt_language` [ RunTime:0.000000s ]
SQL: SELECT promptlanguage.content FROM ln_prompt_language promptlanguage INNER JOIN ln_menu as menu ON promptlanguage.menu_id = menu.id  WHERE ( menu.url = 'Admin/Upgrade/index' ) LIMIT 1   [ RunTime:0.010000s ]
INFO: [ view_parse ] --START--
INFO: [ template_filter ] --START--
INFO: Run Behavior\ContentReplace [ RunTime:0.000000s ]
INFO: [ template_filter ] --END-- [ RunTime:0.000000s ]
NOTIC: [8] Undefined variable: meta_title D:\WWW\WWW\furnitureshop\Runtime\Cache\Admin\37ad8ce6557ca9b321f8b30aa5d79bfb.php 第 5 行.
NOTIC: [8] Undefined index: p D:\WWW\WWW\furnitureshop\Application\Admin\Common\function.php 第 248 行.
INFO: Run Behavior\ParseTemplate [ RunTime:0.020000s ]
INFO: [ view_parse ] --END-- [ RunTime:0.020000s ]
INFO: [ view_filter ] --START--
INFO: Run Behavior\WriteHtmlCache [ RunTime:0.010000s ]
INFO: [ view_filter ] --END-- [ RunTime:0.010000s ]
INFO: [ app_end ] --START--
INFO: Run Behavior\ShowPageTrace [ RunTime:0.000000s ]
INFO: [ app_end ] --END-- [ RunTime:0.000000s ]

[ 2017-05-06T10:00:49+08:00 ] ::1 /index.php/Admin/Upgrade/edit/id/2
INFO: [ app_begin ] --START--
INFO: Run Behavior\ReadHtmlCache [ RunTime:0.000000s ]
INFO: [ app_begin ] --END-- [ RunTime:0.000000s ]
SQL: SHOW COLUMNS FROM `ln_member` [ RunTime:0.010000s ]
SQL: SELECT `disabled` FROM `ln_member` WHERE ( `id` = '1' ) LIMIT 1   [ RunTime:0.010000s ]
SQL: SELECT `id`,`user_name` FROM `ln_member` WHERE ( type = 0 and status = 0 )  [ RunTime:0.000000s ]
SQL: SHOW COLUMNS FROM `ln_upgrade` [ RunTime:0.010000s ]
SQL: SELECT `id`,`name`,`version`,`mode`,`file_path`,`remark`,`type`,`add_time`,`add_id`,`update_time`,`update_id` FROM `ln_upgrade` WHERE ( `id` = 2 ) LIMIT 1   [ RunTime:0.010000s ]
SQL: SHOW COLUMNS FROM `ln_upgrade_detail` [ RunTime:0.000000s ]
SQL: SELECT `member_id` FROM `ln_upgrade_detail` WHERE ( `upgrade_id` = 2 )  [ RunTime:0.000000s ]
INFO: [ view_parse ] --START--
INFO: [ template_filter ] --START--
INFO: Run Behavior\ContentReplace [ RunTime:0.000000s ]
INFO: [ template_filter ] --END-- [ RunTime:0.000000s ]
NOTIC: [8] Undefined variable: meta_title D:\WWW\WWW\furnitureshop\Runtime\Cache\Admin\a443826acc7a73e98ada2df08756847e.php 第 5 行.
INFO: Run Behavior\ParseTemplate [ RunTime:0.020000s ]
INFO: [ view_parse ] --END-- [ RunTime:0.020000s ]
INFO: [ view_filter ] --START--
INFO: Run Behavior\WriteHtmlCache [ RunTime:0.010000s ]
INFO: [ view_filter ] --END-- [ RunTime:0.010000s ]
INFO: [ app_end ] --START--
INFO: Run Behavior\ShowPageTrace [ RunTime:0.000000s ]
INFO: [ app_end ] --END-- [ RunTime:0.000000s ]

[ 2017-05-06T10:03:01+08:00 ] ::1 /index.php/Admin/Upgrade/index
INFO: [ app_begin ] --START--
INFO: Run Behavior\ReadHtmlCache [ RunTime:0.000000s ]
INFO: [ app_begin ] --END-- [ RunTime:0.000000s ]
SQL: SHOW COLUMNS FROM `ln_member` [ RunTime:0.000000s ]
SQL: SELECT `disabled` FROM `ln_member` WHERE ( `id` = '1' ) LIMIT 1   [ RunTime:0.000000s ]
SQL: SHOW COLUMNS FROM `ln_upgrade` [ RunTime:0.010000s ]
SQL: SELECT COUNT(*) AS tp_count FROM `ln_upgrade` WHERE ( `update_id` = '1' ) LIMIT 1   [ RunTime:0.000000s ]
SQL: SELECT `id`,`name`,`version`,`type`,`mode`,`add_time`,`add_id`,`update_time`,`update_id`,`file_path`,`remark` FROM `ln_upgrade` WHERE ( `update_id` = '1' ) ORDER BY id desc LIMIT 0,10   [ RunTime:0.000000s ]
NOTIC: [2048] Declaration of Admin\Model\MemberModel::_after_insert() should be compatible with Think\Model::_after_insert($data, $options) D:\WWW\WWW\furnitureshop\Application\Admin\Model\MemberModel.class.php 第 124 行.
SQL: SHOW COLUMNS FROM `ln_member` [ RunTime:0.000000s ]
SQL: SELECT `user_name` FROM `ln_member` WHERE ( id = 1 ) LIMIT 1   [ RunTime:0.000000s ]
SQL: SHOW COLUMNS FROM `ln_prompt_language` [ RunTime:0.010000s ]
SQL: SELECT promptlanguage.content FROM ln_prompt_language promptlanguage INNER JOIN ln_menu as menu ON promptlanguage.menu_id = menu.id  WHERE ( menu.url = 'Admin/Upgrade/index' ) LIMIT 1   [ RunTime:0.000000s ]
INFO: [ view_parse ] --START--
INFO: [ template_filter ] --START--
INFO: Run Behavior\ContentReplace [ RunTime:0.000000s ]
INFO: [ template_filter ] --END-- [ RunTime:0.000000s ]
NOTIC: [8] Undefined variable: meta_title D:\WWW\WWW\furnitureshop\Runtime\Cache\Admin\37ad8ce6557ca9b321f8b30aa5d79bfb.php 第 5 行.
NOTIC: [8] Undefined index: p D:\WWW\WWW\furnitureshop\Application\Admin\Common\function.php 第 248 行.
INFO: Run Behavior\ParseTemplate [ RunTime:0.000000s ]
INFO: [ view_parse ] --END-- [ RunTime:0.000000s ]
INFO: [ view_filter ] --START--
INFO: Run Behavior\WriteHtmlCache [ RunTime:0.000000s ]
INFO: [ view_filter ] --END-- [ RunTime:0.000000s ]
INFO: [ app_end ] --START--
INFO: Run Behavior\ShowPageTrace [ RunTime:0.010000s ]
INFO: [ app_end ] --END-- [ RunTime:0.010000s ]

[ 2017-05-06T10:03:02+08:00 ] ::1 /index.php/Admin/Upgrade/edit/id/2
INFO: [ app_begin ] --START--
INFO: Run Behavior\ReadHtmlCache [ RunTime:0.000000s ]
INFO: [ app_begin ] --END-- [ RunTime:0.000000s ]
SQL: SHOW COLUMNS FROM `ln_member` [ RunTime:0.000000s ]
SQL: SELECT `disabled` FROM `ln_member` WHERE ( `id` = '1' ) LIMIT 1   [ RunTime:0.000000s ]
SQL: SELECT `id`,`user_name` FROM `ln_member` WHERE ( type = 0 and status = 0 )  [ RunTime:0.010000s ]
SQL: SHOW COLUMNS FROM `ln_upgrade` [ RunTime:0.000000s ]
SQL: SELECT `id`,`name`,`version`,`mode`,`file_path`,`remark`,`type`,`add_time`,`add_id`,`update_time`,`update_id` FROM `ln_upgrade` WHERE ( `id` = 2 ) LIMIT 1   [ RunTime:0.000000s ]
SQL: SHOW COLUMNS FROM `ln_upgrade_detail` [ RunTime:0.000000s ]
SQL: SELECT `member_id` FROM `ln_upgrade_detail` WHERE ( `upgrade_id` = 2 )  [ RunTime:0.000000s ]
INFO: [ view_parse ] --START--
INFO: [ template_filter ] --START--
INFO: Run Behavior\ContentReplace [ RunTime:0.000000s ]
INFO: [ template_filter ] --END-- [ RunTime:0.000000s ]
NOTIC: [8] Undefined variable: meta_title D:\WWW\WWW\furnitureshop\Runtime\Cache\Admin\a443826acc7a73e98ada2df08756847e.php 第 5 行.
INFO: Run Behavior\ParseTemplate [ RunTime:0.010000s ]
INFO: [ view_parse ] --END-- [ RunTime:0.010000s ]
INFO: [ view_filter ] --START--
INFO: Run Behavior\WriteHtmlCache [ RunTime:0.000000s ]
INFO: [ view_filter ] --END-- [ RunTime:0.000000s ]
INFO: [ app_end ] --START--
INFO: Run Behavior\ShowPageTrace [ RunTime:0.000000s ]
INFO: [ app_end ] --END-- [ RunTime:0.000000s ]

[ 2017-05-06T10:03:29+08:00 ] ::1 /index.php/Admin/Upgrade/edit/id/2
INFO: [ app_begin ] --START--
INFO: Run Behavior\ReadHtmlCache [ RunTime:0.000000s ]
INFO: [ app_begin ] --END-- [ RunTime:0.000000s ]
SQL: SHOW COLUMNS FROM `ln_member` [ RunTime:0.000000s ]
SQL: SELECT `disabled` FROM `ln_member` WHERE ( `id` = '1' ) LIMIT 1   [ RunTime:0.000000s ]
SQL: SHOW COLUMNS FROM `ln_upgrade` [ RunTime:0.010000s ]

[ 2017-05-06T10:04:55+08:00 ] ::1 /index.php/Admin/Upgrade/index
INFO: [ app_begin ] --START--
INFO: Run Behavior\ReadHtmlCache [ RunTime:0.000000s ]
INFO: [ app_begin ] --END-- [ RunTime:0.000000s ]
SQL: SHOW COLUMNS FROM `ln_member` [ RunTime:0.000000s ]
SQL: SELECT `disabled` FROM `ln_member` WHERE ( `id` = '1' ) LIMIT 1   [ RunTime:0.000000s ]
SQL: SHOW COLUMNS FROM `ln_upgrade` [ RunTime:0.000000s ]
SQL: SELECT COUNT(*) AS tp_count FROM `ln_upgrade` WHERE ( `update_id` = '1' ) LIMIT 1   [ RunTime:0.010000s ]
SQL: SELECT `id`,`name`,`version`,`type`,`mode`,`add_time`,`add_id`,`update_time`,`update_id`,`file_path`,`remark` FROM `ln_upgrade` WHERE ( `update_id` = '1' ) ORDER BY id desc LIMIT 0,10   [ RunTime:0.000000s ]
NOTIC: [2048] Declaration of Admin\Model\MemberModel::_after_insert() should be compatible with Think\Model::_after_insert($data, $options) D:\WWW\WWW\furnitureshop\Application\Admin\Model\MemberModel.class.php 第 124 行.
SQL: SHOW COLUMNS FROM `ln_member` [ RunTime:0.000000s ]
SQL: SELECT `user_name` FROM `ln_member` WHERE ( id = 1 ) LIMIT 1   [ RunTime:0.000000s ]
SQL: SHOW COLUMNS FROM `ln_prompt_language` [ RunTime:0.000000s ]
SQL: SELECT promptlanguage.content FROM ln_prompt_language promptlanguage INNER JOIN ln_menu as menu ON promptlanguage.menu_id = menu.id  WHERE ( menu.url = 'Admin/Upgrade/index' ) LIMIT 1   [ RunTime:0.000000s ]
INFO: [ view_parse ] --START--
INFO: [ template_filter ] --START--
INFO: Run Behavior\ContentReplace [ RunTime:0.000000s ]
INFO: [ template_filter ] --END-- [ RunTime:0.000000s ]
NOTIC: [8] Undefined variable: meta_title D:\WWW\WWW\furnitureshop\Runtime\Cache\Admin\37ad8ce6557ca9b321f8b30aa5d79bfb.php 第 5 行.
NOTIC: [8] Undefined index: p D:\WWW\WWW\furnitureshop\Application\Admin\Common\function.php 第 248 行.
INFO: Run Behavior\ParseTemplate [ RunTime:0.010000s ]
INFO: [ view_parse ] --END-- [ RunTime:0.010000s ]
INFO: [ view_filter ] --START--
INFO: Run Behavior\WriteHtmlCache [ RunTime:0.000000s ]
INFO: [ view_filter ] --END-- [ RunTime:0.000000s ]
INFO: [ app_end ] --START--
INFO: Run Behavior\ShowPageTrace [ RunTime:0.000000s ]
INFO: [ app_end ] --END-- [ RunTime:0.000000s ]

[ 2017-05-06T10:04:56+08:00 ] ::1 /index.php/Admin/Upgrade/edit/id/2
INFO: [ app_begin ] --START--
INFO: Run Behavior\ReadHtmlCache [ RunTime:0.000000s ]
INFO: [ app_begin ] --END-- [ RunTime:0.000000s ]
SQL: SHOW COLUMNS FROM `ln_member` [ RunTime:0.000000s ]
SQL: SELECT `disabled` FROM `ln_member` WHERE ( `id` = '1' ) LIMIT 1   [ RunTime:0.000000s ]
SQL: SELECT `id`,`user_name` FROM `ln_member` WHERE ( type = 0 and status = 0 )  [ RunTime:0.010000s ]
SQL: SHOW COLUMNS FROM `ln_upgrade` [ RunTime:0.000000s ]
SQL: SELECT `id`,`name`,`version`,`mode`,`file_path`,`remark`,`type`,`add_time`,`add_id`,`update_time`,`update_id` FROM `ln_upgrade` WHERE ( `id` = 2 ) LIMIT 1   [ RunTime:0.000000s ]
SQL: SHOW COLUMNS FROM `ln_upgrade_detail` [ RunTime:0.000000s ]
SQL: SELECT `member_id` FROM `ln_upgrade_detail` WHERE ( `upgrade_id` = 2 )  [ RunTime:0.000000s ]
INFO: [ view_parse ] --START--
INFO: [ template_filter ] --START--
INFO: Run Behavior\ContentReplace [ RunTime:0.000000s ]
INFO: [ template_filter ] --END-- [ RunTime:0.000000s ]
NOTIC: [8] Undefined variable: meta_title D:\WWW\WWW\furnitureshop\Runtime\Cache\Admin\a443826acc7a73e98ada2df08756847e.php 第 5 行.
INFO: Run Behavior\ParseTemplate [ RunTime:0.020000s ]
INFO: [ view_parse ] --END-- [ RunTime:0.020000s ]
INFO: [ view_filter ] --START--
INFO: Run Behavior\WriteHtmlCache [ RunTime:0.000000s ]
INFO: [ view_filter ] --END-- [ RunTime:0.000000s ]
INFO: [ app_end ] --START--
INFO: Run Behavior\ShowPageTrace [ RunTime:0.000000s ]
INFO: [ app_end ] --END-- [ RunTime:0.000000s ]

[ 2017-05-06T10:05:01+08:00 ] ::1 /index.php/Admin/Upgrade/edit/id/2
INFO: [ app_begin ] --START--
INFO: Run Behavior\ReadHtmlCache [ RunTime:0.000000s ]
INFO: [ app_begin ] --END-- [ RunTime:0.010000s ]
SQL: SHOW COLUMNS FROM `ln_member` [ RunTime:0.000000s ]
SQL: SELECT `disabled` FROM `ln_member` WHERE ( `id` = '1' ) LIMIT 1   [ RunTime:0.010000s ]
SQL: SHOW COLUMNS FROM `ln_upgrade` [ RunTime:0.000000s ]
SQL: UPDATE `ln_upgrade` SET `name`='版本升级',`version`='1.6',`type`=1,`mode`=0,`file_path`='/Uploads/Picture/Upgrade/2017-05-04/tt.apk',`remark`='修复bug问题',`id`=2,`update_time`=1494036300,`update_id`='1' WHERE ( id=2 ) [ RunTime:0.000000s ]
SQL: SHOW COLUMNS FROM `ln_upgrade_detail` [ RunTime:0.000000s ]
SQL: DELETE FROM `ln_upgrade_detail` WHERE ( upgrade_id =2 ) [ RunTime:0.010000s ]
NOTIC: [8] Undefined index: status D:\WWW\WWW\furnitureshop\ThinkPHP\Library\Think\Model.class.php 第 1125 行.
SQL: INSERT INTO `ln_upgrade_detail` (`member_id`,`upgrade_time`,`upgrade_id`) VALUES (2,1494036300,2) [ RunTime:0.000000s ]

[ 2017-05-06T10:07:25+08:00 ] ::1 /index.php/Admin/Upgrade/index
INFO: [ app_begin ] --START--
INFO: Run Behavior\ReadHtmlCache [ RunTime:0.010000s ]
INFO: [ app_begin ] --END-- [ RunTime:0.010000s ]
SQL: SHOW COLUMNS FROM `ln_member` [ RunTime:0.000000s ]
SQL: SELECT `disabled` FROM `ln_member` WHERE ( `id` = '1' ) LIMIT 1   [ RunTime:0.000000s ]
SQL: SHOW COLUMNS FROM `ln_upgrade` [ RunTime:0.000000s ]
SQL: SELECT COUNT(*) AS tp_count FROM `ln_upgrade` WHERE ( `update_id` = '1' ) LIMIT 1   [ RunTime:0.000000s ]
SQL: SELECT `id`,`name`,`version`,`type`,`mode`,`add_time`,`add_id`,`update_time`,`update_id`,`file_path`,`remark` FROM `ln_upgrade` WHERE ( `update_id` = '1' ) ORDER BY id desc LIMIT 0,10   [ RunTime:0.000000s ]
NOTIC: [2048] Declaration of Admin\Model\MemberModel::_after_insert() should be compatible with Think\Model::_after_insert($data, $options) D:\WWW\WWW\furnitureshop\Application\Admin\Model\MemberModel.class.php 第 124 行.
SQL: SHOW COLUMNS FROM `ln_member` [ RunTime:0.000000s ]
SQL: SELECT `user_name` FROM `ln_member` WHERE ( id = 1 ) LIMIT 1   [ RunTime:0.000000s ]
SQL: SHOW COLUMNS FROM `ln_prompt_language` [ RunTime:0.000000s ]
SQL: SELECT promptlanguage.content FROM ln_prompt_language promptlanguage INNER JOIN ln_menu as menu ON promptlanguage.menu_id = menu.id  WHERE ( menu.url = 'Admin/Upgrade/index' ) LIMIT 1   [ RunTime:0.000000s ]
INFO: [ view_parse ] --START--
INFO: [ template_filter ] --START--
INFO: Run Behavior\ContentReplace [ RunTime:0.000000s ]
INFO: [ template_filter ] --END-- [ RunTime:0.000000s ]
NOTIC: [8] Undefined variable: meta_title D:\WWW\WWW\furnitureshop\Runtime\Cache\Admin\37ad8ce6557ca9b321f8b30aa5d79bfb.php 第 5 行.
NOTIC: [8] Undefined index: p D:\WWW\WWW\furnitureshop\Application\Admin\Common\function.php 第 248 行.
INFO: Run Behavior\ParseTemplate [ RunTime:0.020000s ]
INFO: [ view_parse ] --END-- [ RunTime:0.020000s ]
INFO: [ view_filter ] --START--
INFO: Run Behavior\WriteHtmlCache [ RunTime:0.000000s ]
INFO: [ view_filter ] --END-- [ RunTime:0.000000s ]
INFO: [ app_end ] --START--
INFO: Run Behavior\ShowPageTrace [ RunTime:0.000000s ]
INFO: [ app_end ] --END-- [ RunTime:0.000000s ]

[ 2017-05-06T10:07:26+08:00 ] ::1 /index.php/Admin/Upgrade/edit/id/2
INFO: [ app_begin ] --START--
INFO: Run Behavior\ReadHtmlCache [ RunTime:0.000000s ]
INFO: [ app_begin ] --END-- [ RunTime:0.000000s ]
SQL: SHOW COLUMNS FROM `ln_member` [ RunTime:0.000000s ]
SQL: SELECT `disabled` FROM `ln_member` WHERE ( `id` = '1' ) LIMIT 1   [ RunTime:0.000000s ]
SQL: SELECT `id`,`user_name` FROM `ln_member` WHERE ( type = 0 and status = 0 )  [ RunTime:0.010000s ]
SQL: SHOW COLUMNS FROM `ln_upgrade` [ RunTime:0.000000s ]
SQL: SELECT `id`,`name`,`version`,`mode`,`file_path`,`remark`,`type`,`add_time`,`add_id`,`update_time`,`update_id` FROM `ln_upgrade` WHERE ( `id` = 2 ) LIMIT 1   [ RunTime:0.000000s ]
SQL: SHOW COLUMNS FROM `ln_upgrade_detail` [ RunTime:0.000000s ]
SQL: SELECT `member_id` FROM `ln_upgrade_detail` WHERE ( `upgrade_id` = 2 )  [ RunTime:0.010000s ]
INFO: [ view_parse ] --START--
INFO: [ template_filter ] --START--
INFO: Run Behavior\ContentReplace [ RunTime:0.000000s ]
INFO: [ template_filter ] --END-- [ RunTime:0.000000s ]
NOTIC: [8] Undefined variable: meta_title D:\WWW\WWW\furnitureshop\Runtime\Cache\Admin\a443826acc7a73e98ada2df08756847e.php 第 5 行.
INFO: Run Behavior\ParseTemplate [ RunTime:0.020000s ]
INFO: [ view_parse ] --END-- [ RunTime:0.020000s ]
INFO: [ view_filter ] --START--
INFO: Run Behavior\WriteHtmlCache [ RunTime:0.000000s ]
INFO: [ view_filter ] --END-- [ RunTime:0.000000s ]
INFO: [ app_end ] --START--
INFO: Run Behavior\ShowPageTrace [ RunTime:0.000000s ]
INFO: [ app_end ] --END-- [ RunTime:0.000000s ]

[ 2017-05-06T10:07:31+08:00 ] ::1 /index.php/Admin/Upgrade/edit/id/2
INFO: [ app_begin ] --START--
INFO: Run Behavior\ReadHtmlCache [ RunTime:0.000000s ]
INFO: [ app_begin ] --END-- [ RunTime:0.000000s ]
SQL: SHOW COLUMNS FROM `ln_member` [ RunTime:0.000000s ]
SQL: SELECT `disabled` FROM `ln_member` WHERE ( `id` = '1' ) LIMIT 1   [ RunTime:0.000000s ]
SQL: SHOW COLUMNS FROM `ln_upgrade` [ RunTime:0.010000s ]
SQL: UPDATE `ln_upgrade` SET `name`='版本升级',`version`='1.6',`type`=2,`mode`=0,`file_path`='/Uploads/Picture/Upgrade/2017-05-04/tt.apk',`remark`='修复bug问题',`id`=2,`update_time`=1494036450,`update_id`='1' WHERE ( id=2 ) [ RunTime:0.000000s ]
SQL: SHOW COLUMNS FROM `ln_upgrade_detail` [ RunTime:0.000000s ]
SQL: DELETE FROM `ln_upgrade_detail` WHERE ( upgrade_id =2 ) [ RunTime:0.000000s ]
NOTIC: [8] Undefined index: status D:\WWW\WWW\furnitureshop\ThinkPHP\Library\Think\Model.class.php 第 1125 行.
SQL: INSERT INTO `ln_upgrade_detail` (`member_id`,`upgrade_time`,`upgrade_id`) VALUES (2,1494036450,2) [ RunTime:0.000000s ]

[ 2017-05-06T10:07:33+08:00 ] ::1 /index.php/Admin/Upgrade/index
INFO: [ app_begin ] --START--
INFO: Run Behavior\ReadHtmlCache [ RunTime:0.000000s ]
INFO: [ app_begin ] --END-- [ RunTime:0.000000s ]
SQL: SHOW COLUMNS FROM `ln_member` [ RunTime:0.000000s ]
SQL: SELECT `disabled` FROM `ln_member` WHERE ( `id` = '1' ) LIMIT 1   [ RunTime:0.000000s ]
SQL: SHOW COLUMNS FROM `ln_upgrade` [ RunTime:0.010000s ]
SQL: SELECT COUNT(*) AS tp_count FROM `ln_upgrade` WHERE ( `update_id` = '1' ) LIMIT 1   [ RunTime:0.000000s ]
SQL: SELECT `id`,`name`,`version`,`type`,`mode`,`add_time`,`add_id`,`update_time`,`update_id`,`file_path`,`remark` FROM `ln_upgrade` WHERE ( `update_id` = '1' ) ORDER BY id desc LIMIT 0,10   [ RunTime:0.000000s ]
NOTIC: [2048] Declaration of Admin\Model\MemberModel::_after_insert() should be compatible with Think\Model::_after_insert($data, $options) D:\WWW\WWW\furnitureshop\Application\Admin\Model\MemberModel.class.php 第 124 行.
SQL: SHOW COLUMNS FROM `ln_member` [ RunTime:0.000000s ]
SQL: SELECT `user_name` FROM `ln_member` WHERE ( id = 1 ) LIMIT 1   [ RunTime:0.010000s ]
SQL: SHOW COLUMNS FROM `ln_prompt_language` [ RunTime:0.000000s ]
SQL: SELECT promptlanguage.content FROM ln_prompt_language promptlanguage INNER JOIN ln_menu as menu ON promptlanguage.menu_id = menu.id  WHERE ( menu.url = 'Admin/Upgrade/index' ) LIMIT 1   [ RunTime:0.000000s ]
INFO: [ view_parse ] --START--
INFO: [ template_filter ] --START--
INFO: Run Behavior\ContentReplace [ RunTime:0.000000s ]
INFO: [ template_filter ] --END-- [ RunTime:0.000000s ]
NOTIC: [8] Undefined variable: meta_title D:\WWW\WWW\furnitureshop\Runtime\Cache\Admin\37ad8ce6557ca9b321f8b30aa5d79bfb.php 第 5 行.
NOTIC: [8] Undefined index: p D:\WWW\WWW\furnitureshop\Application\Admin\Common\function.php 第 248 行.
INFO: Run Behavior\ParseTemplate [ RunTime:0.010000s ]
INFO: [ view_parse ] --END-- [ RunTime:0.010000s ]
INFO: [ view_filter ] --START--
INFO: Run Behavior\WriteHtmlCache [ RunTime:0.000000s ]
INFO: [ view_filter ] --END-- [ RunTime:0.000000s ]
INFO: [ app_end ] --START--
INFO: Run Behavior\ShowPageTrace [ RunTime:0.000000s ]
INFO: [ app_end ] --END-- [ RunTime:0.000000s ]

[ 2017-05-06T10:07:36+08:00 ] ::1 /index.php/Admin/Upgrade/edit/id/2
INFO: [ app_begin ] --START--
INFO: Run Behavior\ReadHtmlCache [ RunTime:0.000000s ]
INFO: [ app_begin ] --END-- [ RunTime:0.000000s ]
SQL: SHOW COLUMNS FROM `ln_member` [ RunTime:0.000000s ]
SQL: SELECT `disabled` FROM `ln_member` WHERE ( `id` = '1' ) LIMIT 1   [ RunTime:0.000000s ]
SQL: SELECT `id`,`user_name` FROM `ln_member` WHERE ( type = 0 and status = 0 )  [ RunTime:0.000000s ]
SQL: SHOW COLUMNS FROM `ln_upgrade` [ RunTime:0.010000s ]
SQL: SELECT `id`,`name`,`version`,`mode`,`file_path`,`remark`,`type`,`add_time`,`add_id`,`update_time`,`update_id` FROM `ln_upgrade` WHERE ( `id` = 2 ) LIMIT 1   [ RunTime:0.000000s ]
SQL: SHOW COLUMNS FROM `ln_upgrade_detail` [ RunTime:0.000000s ]
SQL: SELECT `member_id` FROM `ln_upgrade_detail` WHERE ( `upgrade_id` = 2 )  [ RunTime:0.000000s ]
INFO: [ view_parse ] --START--
INFO: [ template_filter ] --START--
INFO: Run Behavior\ContentReplace [ RunTime:0.000000s ]
INFO: [ template_filter ] --END-- [ RunTime:0.000000s ]
NOTIC: [8] Undefined variable: meta_title D:\WWW\WWW\furnitureshop\Runtime\Cache\Admin\a443826acc7a73e98ada2df08756847e.php 第 5 行.
INFO: Run Behavior\ParseTemplate [ RunTime:0.010000s ]
INFO: [ view_parse ] --END-- [ RunTime:0.010000s ]
INFO: [ view_filter ] --START--
INFO: Run Behavior\WriteHtmlCache [ RunTime:0.000000s ]
INFO: [ view_filter ] --END-- [ RunTime:0.000000s ]
INFO: [ app_end ] --START--
INFO: Run Behavior\ShowPageTrace [ RunTime:0.000000s ]
INFO: [ app_end ] --END-- [ RunTime:0.000000s ]

[ 2017-05-06T10:07:50+08:00 ] ::1 /index.php/Admin/Upgrade/index
INFO: [ app_begin ] --START--
INFO: Run Behavior\ReadHtmlCache [ RunTime:0.000000s ]
INFO: [ app_begin ] --END-- [ RunTime:0.000000s ]
SQL: SHOW COLUMNS FROM `ln_member` [ RunTime:0.000000s ]
SQL: SELECT `disabled` FROM `ln_member` WHERE ( `id` = '1' ) LIMIT 1   [ RunTime:0.010000s ]
SQL: SHOW COLUMNS FROM `ln_upgrade` [ RunTime:0.000000s ]
SQL: SELECT COUNT(*) AS tp_count FROM `ln_upgrade` WHERE ( `update_id` = '1' ) LIMIT 1   [ RunTime:0.000000s ]
SQL: SELECT `id`,`name`,`version`,`type`,`mode`,`add_time`,`add_id`,`update_time`,`update_id`,`file_path`,`remark` FROM `ln_upgrade` WHERE ( `update_id` = '1' ) ORDER BY id desc LIMIT 0,10   [ RunTime:0.000000s ]
NOTIC: [2048] Declaration of Admin\Model\MemberModel::_after_insert() should be compatible with Think\Model::_after_insert($data, $options) D:\WWW\WWW\furnitureshop\Application\Admin\Model\MemberModel.class.php 第 124 行.
SQL: SHOW COLUMNS FROM `ln_member` [ RunTime:0.010000s ]
SQL: SELECT `user_name` FROM `ln_member` WHERE ( id = 1 ) LIMIT 1   [ RunTime:0.000000s ]
SQL: SHOW COLUMNS FROM `ln_prompt_language` [ RunTime:0.000000s ]
SQL: SELECT promptlanguage.content FROM ln_prompt_language promptlanguage INNER JOIN ln_menu as menu ON promptlanguage.menu_id = menu.id  WHERE ( menu.url = 'Admin/Upgrade/index' ) LIMIT 1   [ RunTime:0.000000s ]
INFO: [ view_parse ] --START--
INFO: [ template_filter ] --START--
INFO: Run Behavior\ContentReplace [ RunTime:0.000000s ]
INFO: [ template_filter ] --END-- [ RunTime:0.000000s ]
NOTIC: [8] Undefined variable: meta_title D:\WWW\WWW\furnitureshop\Runtime\Cache\Admin\37ad8ce6557ca9b321f8b30aa5d79bfb.php 第 5 行.
NOTIC: [8] Undefined index: p D:\WWW\WWW\furnitureshop\Application\Admin\Common\function.php 第 248 行.
INFO: Run Behavior\ParseTemplate [ RunTime:0.010000s ]
INFO: [ view_parse ] --END-- [ RunTime:0.010000s ]
INFO: [ view_filter ] --START--
INFO: Run Behavior\WriteHtmlCache [ RunTime:0.000000s ]
INFO: [ view_filter ] --END-- [ RunTime:0.000000s ]
INFO: [ app_end ] --START--
INFO: Run Behavior\ShowPageTrace [ RunTime:0.000000s ]
INFO: [ app_end ] --END-- [ RunTime:0.000000s ]

[ 2017-05-06T10:07:51+08:00 ] ::1 /index.php/Admin/Upgrade/edit
INFO: [ app_begin ] --START--
INFO: Run Behavior\ReadHtmlCache [ RunTime:0.000000s ]
INFO: [ app_begin ] --END-- [ RunTime:0.000000s ]
SQL: SHOW COLUMNS FROM `ln_member` [ RunTime:0.000000s ]
SQL: SELECT `disabled` FROM `ln_member` WHERE ( `id` = '1' ) LIMIT 1   [ RunTime:0.000000s ]
SQL: SELECT `id`,`user_name` FROM `ln_member` WHERE ( type = 0 and status = 0 )  [ RunTime:0.010000s ]
SQL: SHOW COLUMNS FROM `ln_upgrade` [ RunTime:0.000000s ]
SQL: SELECT `id`,`name`,`version`,`mode`,`file_path`,`remark`,`type`,`add_time`,`add_id`,`update_time`,`update_id` FROM `ln_upgrade` WHERE ( `id` = 0 ) LIMIT 1   [ RunTime:0.000000s ]
SQL: SHOW COLUMNS FROM `ln_upgrade_detail` [ RunTime:0.010000s ]
SQL: SELECT `member_id` FROM `ln_upgrade_detail` WHERE ( `upgrade_id` = 0 )  [ RunTime:0.000000s ]
INFO: [ view_parse ] --START--
INFO: [ template_filter ] --START--
INFO: Run Behavior\ContentReplace [ RunTime:0.000000s ]
INFO: [ template_filter ] --END-- [ RunTime:0.000000s ]
NOTIC: [8] Undefined variable: meta_title D:\WWW\WWW\furnitureshop\Runtime\Cache\Admin\a443826acc7a73e98ada2df08756847e.php 第 5 行.
INFO: Run Behavior\ParseTemplate [ RunTime:0.000000s ]
INFO: [ view_parse ] --END-- [ RunTime:0.000000s ]
INFO: [ view_filter ] --START--
INFO: Run Behavior\WriteHtmlCache [ RunTime:0.000000s ]
INFO: [ view_filter ] --END-- [ RunTime:0.000000s ]
INFO: [ app_end ] --START--
INFO: Run Behavior\ShowPageTrace [ RunTime:0.000000s ]
INFO: [ app_end ] --END-- [ RunTime:0.000000s ]

[ 2017-05-06T10:17:56+08:00 ] ::1 /index.php/Admin/Upgrade/index
INFO: [ app_begin ] --START--
INFO: Run Behavior\ReadHtmlCache [ RunTime:0.000000s ]
INFO: [ app_begin ] --END-- [ RunTime:0.001000s ]
SQL: SHOW COLUMNS FROM `ln_member` [ RunTime:0.002000s ]
SQL: SELECT `disabled` FROM `ln_member` WHERE ( `id` = '1' ) LIMIT 1   [ RunTime:0.001000s ]
SQL: SHOW COLUMNS FROM `ln_upgrade` [ RunTime:0.002000s ]
SQL: SELECT COUNT(*) AS tp_count FROM `ln_upgrade` WHERE ( `update_id` = '1' ) LIMIT 1   [ RunTime:0.001000s ]
SQL: SELECT `id`,`name`,`version`,`type`,`mode`,`add_time`,`add_id`,`update_time`,`update_id`,`file_path`,`remark` FROM `ln_upgrade` WHERE ( `update_id` = '1' ) ORDER BY id desc LIMIT 0,10   [ RunTime:0.001000s ]
NOTIC: [2048] Declaration of Admin\Model\MemberModel::_after_insert() should be compatible with Think\Model::_after_insert($data, $options) D:\WWW\WWW\furnitureshop\Application\Admin\Model\MemberModel.class.php 第 124 行.
SQL: SHOW COLUMNS FROM `ln_member` [ RunTime:0.002000s ]
SQL: SELECT `user_name` FROM `ln_member` WHERE ( id = 1 ) LIMIT 1   [ RunTime:0.001000s ]
SQL: SHOW COLUMNS FROM `ln_prompt_language` [ RunTime:0.002000s ]
SQL: SELECT promptlanguage.content FROM ln_prompt_language promptlanguage INNER JOIN ln_menu as menu ON promptlanguage.menu_id = menu.id  WHERE ( menu.url = 'Admin/Upgrade/index' ) LIMIT 1   [ RunTime:0.001000s ]
INFO: [ view_parse ] --START--
INFO: [ template_filter ] --START--
INFO: Run Behavior\ContentReplace [ RunTime:0.000000s ]
INFO: [ template_filter ] --END-- [ RunTime:0.000000s ]
NOTIC: [8] Undefined variable: meta_title D:\WWW\WWW\furnitureshop\Runtime\Cache\Admin\37ad8ce6557ca9b321f8b30aa5d79bfb.php 第 5 行.
NOTIC: [8] Undefined index: p D:\WWW\WWW\furnitureshop\Application\Admin\Common\function.php 第 248 行.
INFO: Run Behavior\ParseTemplate [ RunTime:0.007000s ]
INFO: [ view_parse ] --END-- [ RunTime:0.007000s ]
INFO: [ view_filter ] --START--
INFO: Run Behavior\WriteHtmlCache [ RunTime:0.000000s ]
INFO: [ view_filter ] --END-- [ RunTime:0.000000s ]
INFO: [ app_end ] --START--
INFO: Run Behavior\ShowPageTrace [ RunTime:0.001000s ]
INFO: [ app_end ] --END-- [ RunTime:0.001000s ]

[ 2017-05-06T10:17:59+08:00 ] ::1 /index.php/Admin/Upgrade/edit/id/2
INFO: [ app_begin ] --START--
INFO: Run Behavior\ReadHtmlCache [ RunTime:0.000000s ]
INFO: [ app_begin ] --END-- [ RunTime:0.002000s ]
SQL: SHOW COLUMNS FROM `ln_member` [ RunTime:0.002000s ]
SQL: SELECT `disabled` FROM `ln_member` WHERE ( `id` = '1' ) LIMIT 1   [ RunTime:0.002000s ]
SQL: SELECT `id`,`user_name` FROM `ln_member` WHERE ( type = 0 and status = 0 )  [ RunTime:0.001000s ]
SQL: SHOW COLUMNS FROM `ln_upgrade` [ RunTime:0.002000s ]
SQL: SELECT `id`,`name`,`version`,`mode`,`file_path`,`remark`,`type`,`add_time`,`add_id`,`update_time`,`update_id` FROM `ln_upgrade` WHERE ( `id` = 2 ) LIMIT 1   [ RunTime:0.002000s ]
SQL: SHOW COLUMNS FROM `ln_upgrade_detail` [ RunTime:0.002000s ]
SQL: SELECT `member_id` FROM `ln_upgrade_detail` WHERE ( `upgrade_id` = 2 )  [ RunTime:0.001000s ]
INFO: [ view_parse ] --START--
INFO: [ template_filter ] --START--
INFO: Run Behavior\ContentReplace [ RunTime:0.000000s ]
INFO: [ template_filter ] --END-- [ RunTime:0.000000s ]
NOTIC: [8] Undefined variable: meta_title D:\WWW\WWW\furnitureshop\Runtime\Cache\Admin\a443826acc7a73e98ada2df08756847e.php 第 5 行.
INFO: Run Behavior\ParseTemplate [ RunTime:0.025000s ]
INFO: [ view_parse ] --END-- [ RunTime:0.025000s ]
INFO: [ view_filter ] --START--
INFO: Run Behavior\WriteHtmlCache [ RunTime:0.000000s ]
INFO: [ view_filter ] --END-- [ RunTime:0.000000s ]
INFO: [ app_end ] --START--
INFO: Run Behavior\ShowPageTrace [ RunTime:0.001000s ]
INFO: [ app_end ] --END-- [ RunTime:0.001000s ]

[ 2017-05-06T10:18:26+08:00 ] ::1 /index.php/Admin/Upgrade/edit/id/2
INFO: [ app_begin ] --START--
INFO: Run Behavior\ReadHtmlCache [ RunTime:0.001000s ]
INFO: [ app_begin ] --END-- [ RunTime:0.001000s ]
SQL: SHOW COLUMNS FROM `ln_member` [ RunTime:0.002000s ]
SQL: SELECT `disabled` FROM `ln_member` WHERE ( `id` = '1' ) LIMIT 1   [ RunTime:0.001000s ]
SQL: SHOW COLUMNS FROM `ln_upgrade` [ RunTime:0.002000s ]
SQL: UPDATE `ln_upgrade` SET `name`='版本BUG修改',`version`='1.9',`type`=1,`mode`=0,`file_path`='/Uploads/Picture/Upgrade/2017-05-04/tt.apk',`remark`='修复bug问题更改',`id`=2,`update_time`=1494037106,`update_id`='1' WHERE ( id=2 ) [ RunTime:0.001000s ]
SQL: SHOW COLUMNS FROM `ln_upgrade_detail` [ RunTime:0.002000s ]
SQL: DELETE FROM `ln_upgrade_detail` WHERE ( upgrade_id =2 ) [ RunTime:0.001000s ]
NOTIC: [8] Undefined index: status D:\WWW\WWW\furnitureshop\ThinkPHP\Library\Think\Model.class.php 第 1125 行.
SQL: INSERT INTO `ln_upgrade_detail` (`member_id`,`upgrade_time`,`upgrade_id`) VALUES (2,1494037106,2) [ RunTime:0.002000s ]

[ 2017-05-06T10:30:43+08:00 ] ::1 /index.php/Admin/Upgrade/index
INFO: [ app_begin ] --START--
INFO: Run Behavior\ReadHtmlCache [ RunTime:0.001000s ]
INFO: [ app_begin ] --END-- [ RunTime:0.001000s ]
SQL: SHOW COLUMNS FROM `ln_member` [ RunTime:0.002000s ]
SQL: SELECT `disabled` FROM `ln_member` WHERE ( `id` = '1' ) LIMIT 1   [ RunTime:0.002000s ]
SQL: SHOW COLUMNS FROM `ln_upgrade` [ RunTime:0.002000s ]
SQL: SELECT COUNT(*) AS tp_count FROM `ln_upgrade` WHERE ( `update_id` = '1' ) LIMIT 1   [ RunTime:0.002000s ]
SQL: SELECT `id`,`name`,`version`,`type`,`mode`,`add_time`,`add_id`,`update_time`,`update_id`,`file_path`,`remark` FROM `ln_upgrade` WHERE ( `update_id` = '1' ) ORDER BY id desc LIMIT 0,10   [ RunTime:0.002000s ]
NOTIC: [2048] Declaration of Admin\Model\MemberModel::_after_insert() should be compatible with Think\Model::_after_insert($data, $options) D:\WWW\WWW\furnitureshop\Application\Admin\Model\MemberModel.class.php 第 124 行.
SQL: SHOW COLUMNS FROM `ln_member` [ RunTime:0.001000s ]
SQL: SELECT `user_name` FROM `ln_member` WHERE ( id = 1 ) LIMIT 1   [ RunTime:0.001000s ]
SQL: SHOW COLUMNS FROM `ln_prompt_language` [ RunTime:0.002000s ]
SQL: SELECT promptlanguage.content FROM ln_prompt_language promptlanguage INNER JOIN ln_menu as menu ON promptlanguage.menu_id = menu.id  WHERE ( menu.url = 'Admin/Upgrade/index' ) LIMIT 1   [ RunTime:0.001000s ]
INFO: [ view_parse ] --START--
INFO: [ template_filter ] --START--
INFO: Run Behavior\ContentReplace [ RunTime:0.000000s ]
INFO: [ template_filter ] --END-- [ RunTime:0.000000s ]
NOTIC: [8] Undefined variable: meta_title D:\WWW\WWW\furnitureshop\Runtime\Cache\Admin\37ad8ce6557ca9b321f8b30aa5d79bfb.php 第 5 行.
NOTIC: [8] Undefined index: p D:\WWW\WWW\furnitureshop\Application\Admin\Common\function.php 第 248 行.
INFO: Run Behavior\ParseTemplate [ RunTime:0.006000s ]
INFO: [ view_parse ] --END-- [ RunTime:0.006000s ]
INFO: [ view_filter ] --START--
INFO: Run Behavior\WriteHtmlCache [ RunTime:0.000000s ]
INFO: [ view_filter ] --END-- [ RunTime:0.001000s ]
INFO: [ app_end ] --START--
INFO: Run Behavior\ShowPageTrace [ RunTime:0.000000s ]
INFO: [ app_end ] --END-- [ RunTime:0.000000s ]

[ 2017-05-06T14:32:09+08:00 ] ::1 /index.php/Admin/Menu/index
INFO: [ app_begin ] --START--
INFO: Run Behavior\ReadHtmlCache [ RunTime:0.001000s ]
INFO: [ app_begin ] --END-- [ RunTime:0.001000s ]
SQL: SHOW COLUMNS FROM `ln_member` [ RunTime:0.002000s ]
SQL: SELECT `disabled` FROM `ln_member` WHERE ( `id` = '1' ) LIMIT 1   [ RunTime:0.002000s ]
SQL: SHOW COLUMNS FROM `ln_menu` [ RunTime:0.001000s ]
SQL: SELECT `id`,`title` FROM `ln_menu`  [ RunTime:0.002000s ]
SQL: SELECT `id`,`title`,`pid`,`sort`,`url`,`display`,`tip`,`group` FROM `ln_menu` WHERE ( `pid` = 0 ) ORDER BY sort asc,id asc  [ RunTime:0.001000s ]
SQL: SHOW COLUMNS FROM `ln_prompt_language` [ RunTime:0.002000s ]
SQL: SELECT promptlanguage.content FROM ln_prompt_language promptlanguage INNER JOIN ln_menu as menu ON promptlanguage.menu_id = menu.id  WHERE ( menu.url = 'Admin/Menu/index' ) LIMIT 1   [ RunTime:0.001000s ]
INFO: [ view_parse ] --START--
INFO: [ template_filter ] --START--
INFO: Run Behavior\ContentReplace [ RunTime:0.000000s ]
INFO: [ template_filter ] --END-- [ RunTime:0.000000s ]
NOTIC: [8] Undefined index: p D:\WWW\WWW\furnitureshop\Application\Admin\Common\function.php 第 248 行.
NOTIC: [8] Undefined index: p D:\WWW\WWW\furnitureshop\Application\Admin\Common\function.php 第 248 行.
NOTIC: [8] Undefined index: p D:\WWW\WWW\furnitureshop\Application\Admin\Common\function.php 第 248 行.
NOTIC: [8] Undefined index: p D:\WWW\WWW\furnitureshop\Application\Admin\Common\function.php 第 248 行.
NOTIC: [8] Undefined index: p D:\WWW\WWW\furnitureshop\Application\Admin\Common\function.php 第 248 行.
NOTIC: [8] Undefined index: p D:\WWW\WWW\furnitureshop\Application\Admin\Common\function.php 第 248 行.
NOTIC: [8] Undefined index: p D:\WWW\WWW\furnitureshop\Application\Admin\Common\function.php 第 248 行.
NOTIC: [8] Undefined index: p D:\WWW\WWW\furnitureshop\Application\Admin\Common\function.php 第 248 行.
INFO: Run Behavior\ParseTemplate [ RunTime:0.020000s ]
INFO: [ view_parse ] --END-- [ RunTime:0.020000s ]
INFO: [ view_filter ] --START--
INFO: Run Behavior\WriteHtmlCache [ RunTime:0.001000s ]
INFO: [ view_filter ] --END-- [ RunTime:0.001000s ]
INFO: [ app_end ] --START--
INFO: Run Behavior\ShowPageTrace [ RunTime:0.001000s ]
INFO: [ app_end ] --END-- [ RunTime:0.001000s ]

[ 2017-05-06T14:32:10+08:00 ] ::1 /index.php/Admin/Config/index
INFO: [ app_begin ] --START--
INFO: Run Behavior\ReadHtmlCache [ RunTime:0.000000s ]
INFO: [ app_begin ] --END-- [ RunTime:0.000000s ]
SQL: SHOW COLUMNS FROM `ln_member` [ RunTime:0.002000s ]
SQL: SELECT `disabled` FROM `ln_member` WHERE ( `id` = '1' ) LIMIT 1   [ RunTime:0.001000s ]
SQL: SHOW COLUMNS FROM `ln_config` [ RunTime:0.002000s ]
SQL: SELECT COUNT(*) AS tp_count FROM `ln_config` WHERE ( `status` = 0 ) LIMIT 1   [ RunTime:0.002000s ]
SQL: SELECT `id`,`name`,`type`,`title`,`group`,`extra`,`remark`,`create_time`,`update_time`,`status`,`value`,`sort` FROM `ln_config` WHERE ( `status` = 0 ) ORDER BY sort,id LIMIT 0,10   [ RunTime:0.002000s ]
SQL: SHOW COLUMNS FROM `ln_prompt_language` [ RunTime:0.002000s ]
SQL: SELECT promptlanguage.content FROM ln_prompt_language promptlanguage INNER JOIN ln_menu as menu ON promptlanguage.menu_id = menu.id  WHERE ( menu.url = 'Admin/Config/index' ) LIMIT 1   [ RunTime:0.001000s ]
INFO: [ view_parse ] --START--
INFO: [ template_filter ] --START--
INFO: Run Behavior\ContentReplace [ RunTime:0.000000s ]
INFO: [ template_filter ] --END-- [ RunTime:0.000000s ]
NOTIC: [8] Undefined index: p D:\WWW\WWW\furnitureshop\Application\Admin\Common\function.php 第 248 行.
NOTIC: [8] Undefined index: p D:\WWW\WWW\furnitureshop\Application\Admin\Common\function.php 第 248 行.
NOTIC: [8] Undefined index: p D:\WWW\WWW\furnitureshop\Application\Admin\Common\function.php 第 248 行.
NOTIC: [8] Undefined index: p D:\WWW\WWW\furnitureshop\Application\Admin\Common\function.php 第 248 行.
NOTIC: [8] Undefined index: p D:\WWW\WWW\furnitureshop\Application\Admin\Common\function.php 第 248 行.
NOTIC: [8] Undefined index: p D:\WWW\WWW\furnitureshop\Application\Admin\Common\function.php 第 248 行.
NOTIC: [8] Undefined index: p D:\WWW\WWW\furnitureshop\Application\Admin\Common\function.php 第 248 行.
INFO: Run Behavior\ParseTemplate [ RunTime:0.015000s ]
INFO: [ view_parse ] --END-- [ RunTime:0.015000s ]
INFO: [ view_filter ] --START--
INFO: Run Behavior\WriteHtmlCache [ RunTime:0.000000s ]
INFO: [ view_filter ] --END-- [ RunTime:0.000000s ]
INFO: [ app_end ] --START--
INFO: Run Behavior\ShowPageTrace [ RunTime:0.001000s ]
INFO: [ app_end ] --END-- [ RunTime:0.001000s ]

[ 2017-05-06T14:32:11+08:00 ] ::1 /index.php/Admin/Menu/index
INFO: [ app_begin ] --START--
INFO: Run Behavior\ReadHtmlCache [ RunTime:0.001000s ]
INFO: [ app_begin ] --END-- [ RunTime:0.002000s ]
SQL: SHOW COLUMNS FROM `ln_member` [ RunTime:0.002000s ]
SQL: SELECT `disabled` FROM `ln_member` WHERE ( `id` = '1' ) LIMIT 1   [ RunTime:0.001000s ]
SQL: SHOW COLUMNS FROM `ln_menu` [ RunTime:0.003000s ]
SQL: SELECT `id`,`title` FROM `ln_menu`  [ RunTime:0.002000s ]
SQL: SELECT `id`,`title`,`pid`,`sort`,`url`,`display`,`tip`,`group` FROM `ln_menu` WHERE ( `pid` = 0 ) ORDER BY sort asc,id asc  [ RunTime:0.002000s ]
SQL: SHOW COLUMNS FROM `ln_prompt_language` [ RunTime:0.002000s ]
SQL: SELECT promptlanguage.content FROM ln_prompt_language promptlanguage INNER JOIN ln_menu as menu ON promptlanguage.menu_id = menu.id  WHERE ( menu.url = 'Admin/Menu/index' ) LIMIT 1   [ RunTime:0.001000s ]
INFO: [ view_parse ] --START--
INFO: [ template_filter ] --START--
INFO: Run Behavior\ContentReplace [ RunTime:0.000000s ]
INFO: [ template_filter ] --END-- [ RunTime:0.000000s ]
NOTIC: [8] Undefined index: p D:\WWW\WWW\furnitureshop\Application\Admin\Common\function.php 第 248 行.
NOTIC: [8] Undefined index: p D:\WWW\WWW\furnitureshop\Application\Admin\Common\function.php 第 248 行.
NOTIC: [8] Undefined index: p D:\WWW\WWW\furnitureshop\Application\Admin\Common\function.php 第 248 行.
NOTIC: [8] Undefined index: p D:\WWW\WWW\furnitureshop\Application\Admin\Common\function.php 第 248 行.
NOTIC: [8] Undefined index: p D:\WWW\WWW\furnitureshop\Application\Admin\Common\function.php 第 248 行.
NOTIC: [8] Undefined index: p D:\WWW\WWW\furnitureshop\Application\Admin\Common\function.php 第 248 行.
NOTIC: [8] Undefined index: p D:\WWW\WWW\furnitureshop\Application\Admin\Common\function.php 第 248 行.
NOTIC: [8] Undefined index: p D:\WWW\WWW\furnitureshop\Application\Admin\Common\function.php 第 248 行.
INFO: Run Behavior\ParseTemplate [ RunTime:0.015000s ]
INFO: [ view_parse ] --END-- [ RunTime:0.016000s ]
INFO: [ view_filter ] --START--
INFO: Run Behavior\WriteHtmlCache [ RunTime:0.000000s ]
INFO: [ view_filter ] --END-- [ RunTime:0.000000s ]
INFO: [ app_end ] --START--
INFO: Run Behavior\ShowPageTrace [ RunTime:0.001000s ]
INFO: [ app_end ] --END-- [ RunTime:0.001000s ]

[ 2017-05-06T14:32:12+08:00 ] ::1 /index.php/Admin/Upgrade/index
INFO: [ app_begin ] --START--
INFO: Run Behavior\ReadHtmlCache [ RunTime:0.001000s ]
INFO: [ app_begin ] --END-- [ RunTime:0.001000s ]
SQL: SHOW COLUMNS FROM `ln_member` [ RunTime:0.002000s ]
SQL: SELECT `disabled` FROM `ln_member` WHERE ( `id` = '1' ) LIMIT 1   [ RunTime:0.001000s ]
SQL: SHOW COLUMNS FROM `ln_upgrade` [ RunTime:0.002000s ]
SQL: SELECT COUNT(*) AS tp_count FROM `ln_upgrade` WHERE ( `update_id` = '1' ) LIMIT 1   [ RunTime:0.001000s ]
SQL: SELECT `id`,`name`,`version`,`type`,`mode`,`add_time`,`add_id`,`update_time`,`update_id`,`file_path`,`remark` FROM `ln_upgrade` WHERE ( `update_id` = '1' ) ORDER BY id desc LIMIT 0,10   [ RunTime:0.002000s ]
NOTIC: [2048] Declaration of Admin\Model\MemberModel::_after_insert() should be compatible with Think\Model::_after_insert($data, $options) D:\WWW\WWW\furnitureshop\Application\Admin\Model\MemberModel.class.php 第 124 行.
SQL: SHOW COLUMNS FROM `ln_member` [ RunTime:0.003000s ]
SQL: SELECT `user_name` FROM `ln_member` WHERE ( id = 1 ) LIMIT 1   [ RunTime:0.002000s ]
SQL: SELECT `user_name` FROM `ln_member` WHERE ( id = 1 ) LIMIT 1   [ RunTime:0.002000s ]
SQL: SHOW COLUMNS FROM `ln_prompt_language` [ RunTime:0.001000s ]
SQL: SELECT promptlanguage.content FROM ln_prompt_language promptlanguage INNER JOIN ln_menu as menu ON promptlanguage.menu_id = menu.id  WHERE ( menu.url = 'Admin/Upgrade/index' ) LIMIT 1   [ RunTime:0.001000s ]
INFO: [ view_parse ] --START--
INFO: [ template_filter ] --START--
INFO: Run Behavior\ContentReplace [ RunTime:0.000000s ]
INFO: [ template_filter ] --END-- [ RunTime:0.001000s ]
NOTIC: [8] Undefined variable: meta_title D:\WWW\WWW\furnitureshop\Runtime\Cache\Admin\37ad8ce6557ca9b321f8b30aa5d79bfb.php 第 5 行.
NOTIC: [8] Undefined index: p D:\WWW\WWW\furnitureshop\Application\Admin\Common\function.php 第 248 行.
NOTIC: [8] Undefined index: p D:\WWW\WWW\furnitureshop\Application\Admin\Common\function.php 第 248 行.
INFO: Run Behavior\ParseTemplate [ RunTime:0.009000s ]
INFO: [ view_parse ] --END-- [ RunTime:0.009000s ]
INFO: [ view_filter ] --START--
INFO: Run Behavior\WriteHtmlCache [ RunTime:0.000000s ]
INFO: [ view_filter ] --END-- [ RunTime:0.000000s ]
INFO: [ app_end ] --START--
INFO: Run Behavior\ShowPageTrace [ RunTime:0.001000s ]
INFO: [ app_end ] --END-- [ RunTime:0.001000s ]

[ 2017-05-06T15:20:10+08:00 ] ::1 /index.php/Admin/Index/index
INFO: [ app_begin ] --START--
INFO: Run Behavior\ReadHtmlCache [ RunTime:0.000000s ]
INFO: [ app_begin ] --END-- [ RunTime:0.002000s ]
SQL: SHOW COLUMNS FROM `ln_member` [ RunTime:0.002000s ]
SQL: SELECT `disabled` FROM `ln_member` WHERE ( `id` = '1' ) LIMIT 1   [ RunTime:0.001000s ]
SQL: SHOW COLUMNS FROM `ln_menu` [ RunTime:0.002000s ]
SQL: SELECT * FROM `ln_menu` WHERE ( `display` = 1 ) ORDER BY sort asc  [ RunTime:0.002000s ]
INFO: [ view_parse ] --START--
INFO: [ template_filter ] --START--
INFO: Run Behavior\ContentReplace [ RunTime:0.000000s ]
INFO: [ template_filter ] --END-- [ RunTime:0.000000s ]
INFO: Run Behavior\ParseTemplate [ RunTime:0.009000s ]
INFO: [ view_parse ] --END-- [ RunTime:0.009000s ]
INFO: [ view_filter ] --START--
INFO: Run Behavior\WriteHtmlCache [ RunTime:0.001000s ]
INFO: [ view_filter ] --END-- [ RunTime:0.001000s ]
INFO: [ app_end ] --START--
INFO: Run Behavior\ShowPageTrace [ RunTime:0.001000s ]
INFO: [ app_end ] --END-- [ RunTime:0.001000s ]

[ 2017-05-06T15:20:10+08:00 ] ::1 /index.php/Admin/Index/welcome
INFO: [ app_begin ] --START--
INFO: Run Behavior\ReadHtmlCache [ RunTime:0.000000s ]
INFO: [ app_begin ] --END-- [ RunTime:0.000000s ]
SQL: SHOW COLUMNS FROM `ln_member` [ RunTime:0.002000s ]
SQL: SELECT `disabled` FROM `ln_member` WHERE ( `id` = '1' ) LIMIT 1   [ RunTime:0.001000s ]
INFO: [ app_end ] --START--
INFO: Run Behavior\ShowPageTrace [ RunTime:0.000000s ]
INFO: [ app_end ] --END-- [ RunTime:0.000000s ]

[ 2017-05-06T15:20:13+08:00 ] ::1 /index.php/Admin/Upgrade/index
INFO: [ app_begin ] --START--
INFO: Run Behavior\ReadHtmlCache [ RunTime:0.001000s ]
INFO: [ app_begin ] --END-- [ RunTime:0.001000s ]
SQL: SHOW COLUMNS FROM `ln_member` [ RunTime:0.002000s ]
SQL: SELECT `disabled` FROM `ln_member` WHERE ( `id` = '1' ) LIMIT 1   [ RunTime:0.001000s ]
SQL: SHOW COLUMNS FROM `ln_upgrade` [ RunTime:0.002000s ]
SQL: SELECT COUNT(*) AS tp_count FROM `ln_upgrade` WHERE ( `update_id` = '1' ) LIMIT 1   [ RunTime:0.001000s ]
SQL: SELECT `id`,`name`,`version`,`type`,`mode`,`add_time`,`add_id`,`update_time`,`update_id`,`file_path`,`remark` FROM `ln_upgrade` WHERE ( `update_id` = '1' ) ORDER BY id desc LIMIT 0,10   [ RunTime:0.001000s ]
NOTIC: [2048] Declaration of Admin\Model\MemberModel::_after_insert() should be compatible with Think\Model::_after_insert($data, $options) D:\WWW\WWW\furnitureshop\Application\Admin\Model\MemberModel.class.php 第 124 行.
SQL: SHOW COLUMNS FROM `ln_member` [ RunTime:0.002000s ]
SQL: SELECT `user_name` FROM `ln_member` WHERE ( id = 1 ) LIMIT 1   [ RunTime:0.001000s ]
SQL: SELECT `user_name` FROM `ln_member` WHERE ( id = 1 ) LIMIT 1   [ RunTime:0.002000s ]
SQL: SHOW COLUMNS FROM `ln_prompt_language` [ RunTime:0.002000s ]
SQL: SELECT promptlanguage.content FROM ln_prompt_language promptlanguage INNER JOIN ln_menu as menu ON promptlanguage.menu_id = menu.id  WHERE ( menu.url = 'Admin/Upgrade/index' ) LIMIT 1   [ RunTime:0.001000s ]
INFO: [ view_parse ] --START--
INFO: [ template_filter ] --START--
INFO: Run Behavior\ContentReplace [ RunTime:0.000000s ]
INFO: [ template_filter ] --END-- [ RunTime:0.000000s ]
NOTIC: [8] Undefined variable: meta_title D:\WWW\WWW\furnitureshop\Runtime\Cache\Admin\37ad8ce6557ca9b321f8b30aa5d79bfb.php 第 5 行.
NOTIC: [8] Undefined index: p D:\WWW\WWW\furnitureshop\Application\Admin\Common\function.php 第 248 行.
NOTIC: [8] Undefined index: p D:\WWW\WWW\furnitureshop\Application\Admin\Common\function.php 第 248 行.
INFO: Run Behavior\ParseTemplate [ RunTime:0.009000s ]
INFO: [ view_parse ] --END-- [ RunTime:0.009000s ]
INFO: [ view_filter ] --START--
INFO: Run Behavior\WriteHtmlCache [ RunTime:0.000000s ]
INFO: [ view_filter ] --END-- [ RunTime:0.000000s ]
INFO: [ app_end ] --START--
INFO: Run Behavior\ShowPageTrace [ RunTime:0.001000s ]
INFO: [ app_end ] --END-- [ RunTime:0.001000s ]

[ 2017-05-06T15:20:16+08:00 ] ::1 /index.php/Admin/Upgrade/edit
INFO: [ app_begin ] --START--
INFO: Run Behavior\ReadHtmlCache [ RunTime:0.000000s ]
INFO: [ app_begin ] --END-- [ RunTime:0.002000s ]
SQL: SHOW COLUMNS FROM `ln_member` [ RunTime:0.002000s ]
SQL: SELECT `disabled` FROM `ln_member` WHERE ( `id` = '1' ) LIMIT 1   [ RunTime:0.001000s ]
SQL: SELECT `id`,`user_name` FROM `ln_member` WHERE ( type = 0 and status = 0 )  [ RunTime:0.001000s ]
SQL: SHOW COLUMNS FROM `ln_upgrade` [ RunTime:0.001000s ]
SQL: SELECT `id`,`name`,`version`,`mode`,`file_path`,`remark`,`type`,`add_time`,`add_id`,`update_time`,`update_id` FROM `ln_upgrade` WHERE ( `id` = 0 ) LIMIT 1   [ RunTime:0.002000s ]
SQL: SHOW COLUMNS FROM `ln_upgrade_detail` [ RunTime:0.001000s ]
SQL: SELECT `member_id` FROM `ln_upgrade_detail` WHERE ( `upgrade_id` = 0 )  [ RunTime:0.001000s ]
INFO: [ view_parse ] --START--
INFO: [ template_filter ] --START--
INFO: Run Behavior\ContentReplace [ RunTime:0.000000s ]
INFO: [ template_filter ] --END-- [ RunTime:0.000000s ]
NOTIC: [8] Undefined variable: meta_title D:\WWW\WWW\furnitureshop\Runtime\Cache\Admin\a443826acc7a73e98ada2df08756847e.php 第 5 行.
INFO: Run Behavior\ParseTemplate [ RunTime:0.007000s ]
INFO: [ view_parse ] --END-- [ RunTime:0.007000s ]
INFO: [ view_filter ] --START--
INFO: Run Behavior\WriteHtmlCache [ RunTime:0.001000s ]
INFO: [ view_filter ] --END-- [ RunTime:0.001000s ]
INFO: [ app_end ] --START--
INFO: Run Behavior\ShowPageTrace [ RunTime:0.000000s ]
INFO: [ app_end ] --END-- [ RunTime:0.000000s ]

[ 2017-05-06T15:20:22+08:00 ] ::1 /index.php/Admin/Upgrade/uploadField
INFO: [ app_begin ] --START--
INFO: Run Behavior\ReadHtmlCache [ RunTime:0.000000s ]
INFO: [ app_begin ] --END-- [ RunTime:0.000000s ]
SQL: SHOW COLUMNS FROM `ln_member` [ RunTime:0.002000s ]
SQL: SELECT `disabled` FROM `ln_member` WHERE ( `id` = '1' ) LIMIT 1   [ RunTime:0.001000s ]
NOTIC: [8] Undefined index: photo D:\WWW\WWW\furnitureshop\Application\Admin\Controller\AdminCommonController.class.php 第 278 行.
INFO: [ app_end ] --START--
INFO: Run Behavior\ShowPageTrace [ RunTime:0.001000s ]
INFO: [ app_end ] --END-- [ RunTime:0.001000s ]

[ 2017-05-06T15:22:28+08:00 ] ::1 /index.php/Admin/Upgrade/index
INFO: [ app_begin ] --START--
INFO: Run Behavior\ReadHtmlCache [ RunTime:0.001000s ]
INFO: [ app_begin ] --END-- [ RunTime:0.001000s ]
SQL: SHOW COLUMNS FROM `ln_member` [ RunTime:0.002000s ]
SQL: SELECT `disabled` FROM `ln_member` WHERE ( `id` = '1' ) LIMIT 1   [ RunTime:0.001000s ]
SQL: SHOW COLUMNS FROM `ln_upgrade` [ RunTime:0.001000s ]
SQL: SELECT COUNT(*) AS tp_count FROM `ln_upgrade` WHERE ( `update_id` = '1' ) LIMIT 1   [ RunTime:0.001000s ]
SQL: SELECT `id`,`name`,`version`,`type`,`mode`,`add_time`,`add_id`,`update_time`,`update_id`,`file_path`,`remark` FROM `ln_upgrade` WHERE ( `update_id` = '1' ) ORDER BY id desc LIMIT 0,10   [ RunTime:0.002000s ]
NOTIC: [2048] Declaration of Admin\Model\MemberModel::_after_insert() should be compatible with Think\Model::_after_insert($data, $options) D:\WWW\WWW\furnitureshop\Application\Admin\Model\MemberModel.class.php 第 124 行.
SQL: SHOW COLUMNS FROM `ln_member` [ RunTime:0.001000s ]
SQL: SELECT `user_name` FROM `ln_member` WHERE ( id = 1 ) LIMIT 1   [ RunTime:0.001000s ]
SQL: SELECT `user_name` FROM `ln_member` WHERE ( id = 1 ) LIMIT 1   [ RunTime:0.001000s ]
SQL: SHOW COLUMNS FROM `ln_prompt_language` [ RunTime:0.001000s ]
SQL: SELECT promptlanguage.content FROM ln_prompt_language promptlanguage INNER JOIN ln_menu as menu ON promptlanguage.menu_id = menu.id  WHERE ( menu.url = 'Admin/Upgrade/index' ) LIMIT 1   [ RunTime:0.002000s ]
INFO: [ view_parse ] --START--
INFO: [ template_filter ] --START--
INFO: Run Behavior\ContentReplace [ RunTime:0.000000s ]
INFO: [ template_filter ] --END-- [ RunTime:0.000000s ]
NOTIC: [8] Undefined variable: meta_title D:\WWW\WWW\furnitureshop\Runtime\Cache\Admin\37ad8ce6557ca9b321f8b30aa5d79bfb.php 第 5 行.
NOTIC: [8] Undefined index: p D:\WWW\WWW\furnitureshop\Application\Admin\Common\function.php 第 248 行.
NOTIC: [8] Undefined index: p D:\WWW\WWW\furnitureshop\Application\Admin\Common\function.php 第 248 行.
INFO: Run Behavior\ParseTemplate [ RunTime:0.012000s ]
INFO: [ view_parse ] --END-- [ RunTime:0.012000s ]
INFO: [ view_filter ] --START--
INFO: Run Behavior\WriteHtmlCache [ RunTime:0.001000s ]
INFO: [ view_filter ] --END-- [ RunTime:0.001000s ]
INFO: [ app_end ] --START--
INFO: Run Behavior\ShowPageTrace [ RunTime:0.001000s ]
INFO: [ app_end ] --END-- [ RunTime:0.001000s ]

[ 2017-05-06T15:22:30+08:00 ] ::1 /index.php/Admin/Upgrade/edit
INFO: [ app_begin ] --START--
INFO: Run Behavior\ReadHtmlCache [ RunTime:0.001000s ]
INFO: [ app_begin ] --END-- [ RunTime:0.001000s ]
SQL: SHOW COLUMNS FROM `ln_member` [ RunTime:0.002000s ]
SQL: SELECT `disabled` FROM `ln_member` WHERE ( `id` = '1' ) LIMIT 1   [ RunTime:0.001000s ]
SQL: SELECT `id`,`user_name` FROM `ln_member` WHERE ( type = 0 and status = 0 )  [ RunTime:0.001000s ]
SQL: SHOW COLUMNS FROM `ln_upgrade` [ RunTime:0.002000s ]
SQL: SELECT `id`,`name`,`version`,`mode`,`file_path`,`remark`,`type`,`add_time`,`add_id`,`update_time`,`update_id` FROM `ln_upgrade` WHERE ( `id` = 0 ) LIMIT 1   [ RunTime:0.002000s ]
SQL: SHOW COLUMNS FROM `ln_upgrade_detail` [ RunTime:0.001000s ]
SQL: SELECT `member_id` FROM `ln_upgrade_detail` WHERE ( `upgrade_id` = 0 )  [ RunTime:0.001000s ]
INFO: [ view_parse ] --START--
INFO: [ template_filter ] --START--
INFO: Run Behavior\ContentReplace [ RunTime:0.001000s ]
INFO: [ template_filter ] --END-- [ RunTime:0.001000s ]
NOTIC: [8] Undefined variable: meta_title D:\WWW\WWW\furnitureshop\Runtime\Cache\Admin\a443826acc7a73e98ada2df08756847e.php 第 5 行.
INFO: Run Behavior\ParseTemplate [ RunTime:0.007000s ]
INFO: [ view_parse ] --END-- [ RunTime:0.008000s ]
INFO: [ view_filter ] --START--
INFO: Run Behavior\WriteHtmlCache [ RunTime:0.000000s ]
INFO: [ view_filter ] --END-- [ RunTime:0.000000s ]
INFO: [ app_end ] --START--
INFO: Run Behavior\ShowPageTrace [ RunTime:0.000000s ]
INFO: [ app_end ] --END-- [ RunTime:0.000000s ]

[ 2017-05-06T15:22:52+08:00 ] ::1 /index.php/Admin/Upgrade/uploadField
INFO: [ app_begin ] --START--
INFO: Run Behavior\ReadHtmlCache [ RunTime:0.000000s ]
INFO: [ app_begin ] --END-- [ RunTime:0.001000s ]
SQL: SHOW COLUMNS FROM `ln_member` [ RunTime:0.001000s ]
SQL: SELECT `disabled` FROM `ln_member` WHERE ( `id` = '1' ) LIMIT 1   [ RunTime:0.002000s ]
NOTIC: [2] call_user_func() expects parameter 1 to be a valid callback, no array or string given D:\WWW\WWW\furnitureshop\ThinkPHP\Library\Think\Upload.class.php 第 167 行.
SQL: SHOW COLUMNS FROM `ln_admin_log` [ RunTime:0.002000s ]
SQL: SHOW COLUMNS FROM `ln_menu` [ RunTime:0.001000s ]
SQL: SELECT `id` FROM `ln_menu` WHERE ( `group` <> '' ) AND ( `url` LIKE '%Admin/Upgrade%' ) LIMIT 1   [ RunTime:0.001000s ]
NOTIC: [2] call_user_func_array() expects parameter 1 to be a valid callback, function 'number' not found or invalid function name D:\WWW\WWW\furnitureshop\ThinkPHP\Library\Think\Model.class.php 第 1102 行.
SQL: INSERT INTO `ln_admin_log` (`log_type`,`log_info`,`log_url`,`log_status`,`member_id`,`log_time`) VALUES (4,'上传了文件名称为590d79cc37aa2.xlsx的文件。',423,0,1,1494055372) [ RunTime:0.056000s ]

[ 2017-05-06T15:23:02+08:00 ] ::1 /index.php/Admin/Upgrade/delFile?file=/Uploads/Picture/Upgrade/2017-05-06/590d79cc37aa2.xlsx
INFO: [ app_begin ] --START--
INFO: Run Behavior\ReadHtmlCache [ RunTime:0.000000s ]
INFO: [ app_begin ] --END-- [ RunTime:0.001000s ]
SQL: SHOW COLUMNS FROM `ln_member` [ RunTime:0.002000s ]
SQL: SELECT `disabled` FROM `ln_member` WHERE ( `id` = '1' ) LIMIT 1   [ RunTime:0.002000s ]

[ 2017-05-06T15:23:10+08:00 ] ::1 /index.php/Admin/Upgrade/uploadField
INFO: [ app_begin ] --START--
INFO: Run Behavior\ReadHtmlCache [ RunTime:0.000000s ]
INFO: [ app_begin ] --END-- [ RunTime:0.001000s ]
SQL: SHOW COLUMNS FROM `ln_member` [ RunTime:0.002000s ]
SQL: SELECT `disabled` FROM `ln_member` WHERE ( `id` = '1' ) LIMIT 1   [ RunTime:0.002000s ]
NOTIC: [2] call_user_func() expects parameter 1 to be a valid callback, no array or string given D:\WWW\WWW\furnitureshop\ThinkPHP\Library\Think\Upload.class.php 第 167 行.
SQL: SHOW COLUMNS FROM `ln_admin_log` [ RunTime:0.001000s ]
SQL: SHOW COLUMNS FROM `ln_menu` [ RunTime:0.002000s ]
SQL: SELECT `id` FROM `ln_menu` WHERE ( `group` <> '' ) AND ( `url` LIKE '%Admin/Upgrade%' ) LIMIT 1   [ RunTime:0.001000s ]
NOTIC: [2] call_user_func_array() expects parameter 1 to be a valid callback, function 'number' not found or invalid function name D:\WWW\WWW\furnitureshop\ThinkPHP\Library\Think\Model.class.php 第 1102 行.
SQL: INSERT INTO `ln_admin_log` (`log_type`,`log_info`,`log_url`,`log_status`,`member_id`,`log_time`) VALUES (4,'上传了文件名称为590d79deda04a.doc的文件。',423,0,1,1494055390) [ RunTime:0.063000s ]

[ 2017-05-06T15:23:14+08:00 ] ::1 /index.php/Admin/Upgrade/delFile?file=/Uploads/Picture/Upgrade/2017-05-06/590d79deda04a.doc
INFO: [ app_begin ] --START--
INFO: Run Behavior\ReadHtmlCache [ RunTime:0.001000s ]
INFO: [ app_begin ] --END-- [ RunTime:0.001000s ]
SQL: SHOW COLUMNS FROM `ln_member` [ RunTime:0.002000s ]
SQL: SELECT `disabled` FROM `ln_member` WHERE ( `id` = '1' ) LIMIT 1   [ RunTime:0.001000s ]

[ 2017-05-06T15:23:19+08:00 ] ::1 /index.php/Admin/Upgrade/uploadField
INFO: [ app_begin ] --START--
INFO: Run Behavior\ReadHtmlCache [ RunTime:0.000000s ]
INFO: [ app_begin ] --END-- [ RunTime:0.001000s ]
SQL: SHOW COLUMNS FROM `ln_member` [ RunTime:0.002000s ]
SQL: SELECT `disabled` FROM `ln_member` WHERE ( `id` = '1' ) LIMIT 1   [ RunTime:0.002000s ]
NOTIC: [8] Undefined index: photo D:\WWW\WWW\furnitureshop\Application\Admin\Controller\AdminCommonController.class.php 第 278 行.
INFO: [ app_end ] --START--
INFO: Run Behavior\ShowPageTrace [ RunTime:0.000000s ]
INFO: [ app_end ] --END-- [ RunTime:0.000000s ]

