[ 2017-10-26T15:03:41+08:00 ] ::1 /furnitureshop/
INFO: [ app_begin ] --START--
INFO: Run Behavior\ReadHtmlCache [ RunTime:0.001000s ]
INFO: [ app_begin ] --END-- [ RunTime:0.001000s ]

[ 2017-10-26T15:03:41+08:00 ] ::1 /furnitureshop/index.php/Admin/Public/login
INFO: [ app_begin ] --START--
INFO: Run Behavior\ReadHtmlCache [ RunTime:0.000000s ]
INFO: [ app_begin ] --END-- [ RunTime:0.001000s ]
INFO: [ view_parse ] --START--
INFO: [ template_filter ] --START--
INFO: Run Behavior\ContentReplace [ RunTime:0.000000s ]
INFO: [ template_filter ] --END-- [ RunTime:0.000000s ]
INFO: Run Behavior\ParseTemplate [ RunTime:0.006000s ]
INFO: [ view_parse ] --END-- [ RunTime:0.006000s ]
INFO: [ view_filter ] --START--
INFO: Run Behavior\WriteHtmlCache [ RunTime:0.000000s ]
INFO: [ view_filter ] --END-- [ RunTime:0.000000s ]
INFO: [ app_end ] --START--
INFO: Run Behavior\ShowPageTrace [ RunTime:0.000000s ]
INFO: [ app_end ] --END-- [ RunTime:0.000000s ]

[ 2017-10-26T15:03:41+08:00 ] ::1 /furnitureshop/index.php/Admin/Public/verify
INFO: [ app_begin ] --START--
INFO: Run Behavior\ReadHtmlCache [ RunTime:0.001000s ]
INFO: [ app_begin ] --END-- [ RunTime:0.001000s ]
INFO: [ app_end ] --START--
INFO: Run Behavior\ShowPageTrace [ RunTime:0.001000s ]
INFO: [ app_end ] --END-- [ RunTime:0.001000s ]

[ 2017-10-26T15:03:50+08:00 ] ::1 /furnitureshop/index.php/Admin/Public/doLogin
INFO: [ app_begin ] --START--
INFO: Run Behavior\ReadHtmlCache [ RunTime:0.001000s ]
INFO: [ app_begin ] --END-- [ RunTime:0.001000s ]
SQL: SHOW COLUMNS FROM `ln_member` [ RunTime:0.012000s ]
SQL: SELECT `disabled` FROM `ln_member` WHERE ( `user_name` = 'admin' ) LIMIT 1   [ RunTime:0.000000s ]
SQL: SHOW COLUMNS FROM `ln_member` [ RunTime:0.006000s ]
SQL: SELECT `id`,`user_name`,`password`,`type` FROM `ln_member` WHERE ( `status` = 0 ) AND ( user_name="admin" ) LIMIT 1   [ RunTime:0.000000s ]
NOTIC: [2] Illegal string offset 'id' D:\phpStudy\WWW\furnitureshop\Application\Admin\Controller\PublicController.class.php 第 74 行.
NOTIC: [8] Uninitialized string offset: 0 D:\phpStudy\WWW\furnitureshop\Application\Admin\Controller\PublicController.class.php 第 74 行.
SQL: SHOW COLUMNS FROM `ln_admin_log` [ RunTime:0.010000s ]
NOTIC: [2] call_user_func_array() expects parameter 1 to be a valid callback, function 'number' not found or invalid function name D:\phpStudy\WWW\furnitureshop\ThinkPHP\Library\Think\Model.class.php 第 1102 行.
SQL: INSERT INTO `ln_admin_log` (`log_type`,`log_info`,`log_url`,`log_status`,`member_id`,`log_time`) VALUES (3,'用户登录后台失败，用户名或密码错误!',0,1,0,1509001430) [ RunTime:0.002000s ]

[ 2017-10-26T15:03:50+08:00 ] ::1 /furnitureshop/index.php/Admin/Public/verify?0.18920093151431994
INFO: [ app_begin ] --START--
INFO: Run Behavior\ReadHtmlCache [ RunTime:0.001000s ]
INFO: [ app_begin ] --END-- [ RunTime:0.001000s ]
INFO: [ app_end ] --START--
INFO: Run Behavior\ShowPageTrace [ RunTime:0.000000s ]
INFO: [ app_end ] --END-- [ RunTime:0.000000s ]

[ 2017-10-26T15:27:03+08:00 ] ::1 /furnitureshop/index.php/Admin/Public/verify?0.001009789644705661
INFO: [ app_begin ] --START--
INFO: Run Behavior\ReadHtmlCache [ RunTime:0.001000s ]
INFO: [ app_begin ] --END-- [ RunTime:0.001000s ]
INFO: [ app_end ] --START--
INFO: Run Behavior\ShowPageTrace [ RunTime:0.001000s ]
INFO: [ app_end ] --END-- [ RunTime:0.001000s ]

[ 2017-10-26T15:27:07+08:00 ] ::1 /furnitureshop/index.php/Admin/Public/doLogin
INFO: [ app_begin ] --START--
INFO: Run Behavior\ReadHtmlCache [ RunTime:0.001000s ]
INFO: [ app_begin ] --END-- [ RunTime:0.002000s ]

[ 2017-10-26T15:27:07+08:00 ] ::1 /furnitureshop/index.php/Admin/Public/verify?0.9567193864882351
INFO: [ app_begin ] --START--
INFO: Run Behavior\ReadHtmlCache [ RunTime:0.001000s ]
INFO: [ app_begin ] --END-- [ RunTime:0.001000s ]
INFO: [ app_end ] --START--
INFO: Run Behavior\ShowPageTrace [ RunTime:0.000000s ]
INFO: [ app_end ] --END-- [ RunTime:0.000000s ]

[ 2017-10-26T15:27:20+08:00 ] ::1 /furnitureshop/index.php/Admin/Public/doLogin
INFO: [ app_begin ] --START--
INFO: Run Behavior\ReadHtmlCache [ RunTime:0.000000s ]
INFO: [ app_begin ] --END-- [ RunTime:0.001000s ]
SQL: SHOW COLUMNS FROM `ln_member` [ RunTime:0.006000s ]
SQL: SELECT `disabled` FROM `ln_member` WHERE ( `user_name` = 'admin' ) LIMIT 1   [ RunTime:0.000000s ]
SQL: SHOW COLUMNS FROM `ln_member` [ RunTime:0.005000s ]
SQL: SELECT `id`,`user_name`,`password`,`type` FROM `ln_member` WHERE ( `status` = 0 ) AND ( user_name="admin" ) LIMIT 1   [ RunTime:0.000000s ]
NOTIC: [2] Illegal string offset 'id' D:\phpStudy\WWW\furnitureshop\Application\Admin\Controller\PublicController.class.php 第 74 行.
NOTIC: [8] Uninitialized string offset: 0 D:\phpStudy\WWW\furnitureshop\Application\Admin\Controller\PublicController.class.php 第 74 行.
SQL: SHOW COLUMNS FROM `ln_admin_log` [ RunTime:0.023000s ]
NOTIC: [2] call_user_func_array() expects parameter 1 to be a valid callback, function 'number' not found or invalid function name D:\phpStudy\WWW\furnitureshop\ThinkPHP\Library\Think\Model.class.php 第 1102 行.
SQL: INSERT INTO `ln_admin_log` (`log_type`,`log_info`,`log_url`,`log_status`,`member_id`,`log_time`) VALUES (3,'用户登录后台失败，用户名或密码错误!',0,1,0,1509002840) [ RunTime:0.002000s ]

[ 2017-10-26T15:27:20+08:00 ] ::1 /furnitureshop/index.php/Admin/Public/verify?0.12433521156866867
INFO: [ app_begin ] --START--
INFO: Run Behavior\ReadHtmlCache [ RunTime:0.000000s ]
INFO: [ app_begin ] --END-- [ RunTime:0.001000s ]
INFO: [ app_end ] --START--
INFO: Run Behavior\ShowPageTrace [ RunTime:0.000000s ]
INFO: [ app_end ] --END-- [ RunTime:0.000000s ]

[ 2017-10-26T15:27:30+08:00 ] ::1 /furnitureshop/index.php/Admin/Public/verify?0.7032112139178011
INFO: [ app_begin ] --START--
INFO: Run Behavior\ReadHtmlCache [ RunTime:0.000000s ]
INFO: [ app_begin ] --END-- [ RunTime:0.001000s ]
INFO: [ app_end ] --START--
INFO: Run Behavior\ShowPageTrace [ RunTime:0.001000s ]
INFO: [ app_end ] --END-- [ RunTime:0.001000s ]

[ 2017-10-26T15:27:32+08:00 ] ::1 /furnitureshop/index.php/Admin/Public/verify?0.24224768943493968
INFO: [ app_begin ] --START--
INFO: Run Behavior\ReadHtmlCache [ RunTime:0.001000s ]
INFO: [ app_begin ] --END-- [ RunTime:0.001000s ]
INFO: [ app_end ] --START--
INFO: Run Behavior\ShowPageTrace [ RunTime:0.001000s ]
INFO: [ app_end ] --END-- [ RunTime:0.001000s ]

[ 2017-10-26T15:27:37+08:00 ] ::1 /furnitureshop/index.php/Admin/Public/doLogin
INFO: [ app_begin ] --START--
INFO: Run Behavior\ReadHtmlCache [ RunTime:0.000000s ]
INFO: [ app_begin ] --END-- [ RunTime:0.001000s ]
SQL: SHOW COLUMNS FROM `ln_member` [ RunTime:0.005000s ]
SQL: SELECT `disabled` FROM `ln_member` WHERE ( `user_name` = 'admin' ) LIMIT 1   [ RunTime:0.000000s ]
SQL: SHOW COLUMNS FROM `ln_member` [ RunTime:0.005000s ]
SQL: SELECT `id`,`user_name`,`password`,`type` FROM `ln_member` WHERE ( `status` = 0 ) AND ( user_name="admin" ) LIMIT 1   [ RunTime:0.000000s ]
NOTIC: [8] Undefined index: disabled D:\phpStudy\WWW\furnitureshop\Application\Common\Model\MemberModel.class.php 第 52 行.
SQL: SHOW COLUMNS FROM `ln_member_attribute_value` [ RunTime:0.008000s ]
SQL: SELECT COUNT(*) AS tp_count FROM `ln_member_attribute_value` WHERE ( `member_id` = 1 ) AND ( `attribute_id` = 26 ) LIMIT 1   [ RunTime:0.000000s ]
SQL: UPDATE `ln_member_attribute_value` SET `attr_value`=1509002857,`attribute_id`=26 WHERE ( `member_id` = 1 ) AND ( `attribute_id` = 26 ) [ RunTime:0.002000s ]
SQL: SELECT COUNT(*) AS tp_count FROM `ln_member_attribute_value` WHERE ( `member_id` = 1 ) AND ( `attribute_id` = 25 ) LIMIT 1   [ RunTime:0.000000s ]
SQL: UPDATE `ln_member_attribute_value` SET `attr_value`='0.0.0.0',`attribute_id`=25 WHERE ( `member_id` = 1 ) AND ( `attribute_id` = 25 ) [ RunTime:0.002000s ]
SQL: SHOW COLUMNS FROM `ln_admin_log` [ RunTime:0.003000s ]
NOTIC: [2] call_user_func_array() expects parameter 1 to be a valid callback, function 'number' not found or invalid function name D:\phpStudy\WWW\furnitureshop\ThinkPHP\Library\Think\Model.class.php 第 1102 行.
SQL: INSERT INTO `ln_admin_log` (`log_type`,`log_info`,`log_url`,`log_status`,`member_id`,`log_time`) VALUES (3,'用户登录后台。',0,0,1,1509002857) [ RunTime:0.001000s ]

[ 2017-10-26T15:27:37+08:00 ] ::1 /furnitureshop/index.php/Admin/Index/index
INFO: [ app_begin ] --START--
INFO: Run Behavior\ReadHtmlCache [ RunTime:0.001000s ]
INFO: [ app_begin ] --END-- [ RunTime:0.001000s ]
SQL: SHOW COLUMNS FROM `ln_member` [ RunTime:0.004000s ]
SQL: SELECT `disabled` FROM `ln_member` WHERE ( `id` = '1' ) LIMIT 1   [ RunTime:0.000000s ]
SQL: SHOW COLUMNS FROM `ln_menu` [ RunTime:0.004000s ]
SQL: SELECT * FROM `ln_menu` WHERE ( `display` = 1 ) ORDER BY sort asc  [ RunTime:0.002000s ]
INFO: [ view_parse ] --START--
INFO: [ template_filter ] --START--
INFO: Run Behavior\ContentReplace [ RunTime:0.001000s ]
INFO: [ template_filter ] --END-- [ RunTime:0.001000s ]
INFO: Run Behavior\ParseTemplate [ RunTime:0.006000s ]
INFO: [ view_parse ] --END-- [ RunTime:0.006000s ]
INFO: [ view_filter ] --START--
INFO: Run Behavior\WriteHtmlCache [ RunTime:0.000000s ]
INFO: [ view_filter ] --END-- [ RunTime:0.000000s ]
INFO: [ app_end ] --START--
INFO: Run Behavior\ShowPageTrace [ RunTime:0.001000s ]
INFO: [ app_end ] --END-- [ RunTime:0.001000s ]

[ 2017-10-26T15:27:37+08:00 ] ::1 /furnitureshop/index.php/Admin/Index/welcome
INFO: [ app_begin ] --START--
INFO: Run Behavior\ReadHtmlCache [ RunTime:0.000000s ]
INFO: [ app_begin ] --END-- [ RunTime:0.001000s ]
SQL: SHOW COLUMNS FROM `ln_member` [ RunTime:0.005000s ]
SQL: SELECT `disabled` FROM `ln_member` WHERE ( `id` = '1' ) LIMIT 1   [ RunTime:0.000000s ]
INFO: [ app_end ] --START--
INFO: Run Behavior\ShowPageTrace [ RunTime:0.001000s ]
INFO: [ app_end ] --END-- [ RunTime:0.001000s ]

